=== EXPERIMENT TRACKER DEBUG SESSION STARTED ===
Session ID: 20251005_043110
Start Time: 2025-10-05T04:31:10.625964
============================================================

[2025-10-05T04:31:10.649309] [TRACKER] ExperimentTracker initialized

[2025-10-05T04:31:12.750987] [EXPERIMENT] EXPERIMENT START - Node: Base (ID: NODE_002)

[2025-10-05T04:31:12.855489] [CONFIG] Experiment config saved to: debug_logs\experiment_config_NODE_002_20251005_043110.json

[2025-10-05T04:31:12.914061] [CONFIG] Key Config Parameters: {'Test Type': 'Loops', 'Content': 'Dragon'}
    Data: {
  "Test Type": "Loops",
  "Content": "Dragon"
}

[2025-10-05T04:31:12.970820] [EXPERIMENT] Flow experiment started: Base

[2025-10-05T04:31:20.849706] [TRACKER] ITERATION 0 - Status: FAIL

[2025-10-05T04:31:39.073254] [TRACKER] ITERATION 0 - Status: FAIL

[2025-10-05T04:31:57.370547] [TRACKER] ITERATION 0 - Status: FAIL

[2025-10-05T04:31:58.920411] [SUCCESS] EXPERIMENT COMPLETE - Result: SOLID_REPRO, Port: 1

[2025-10-05T04:31:58.967101] [INFO] Test Folder: C:\SystemDebug\Logs\20251005_043113_T11_Baseline

[2025-10-05T04:31:59.165227] [INFO] Experiment data persisted to node section: Base

[2025-10-05T04:31:59.220501] [INFO] Execution status: COMPLETED_REPRO_FOUND

[2025-10-05T04:31:59.271364] [TRACKER] TRACKER STATE SNAPSHOT

[2025-10-05T04:31:59.321126] [TRACKER] Tracker State: {'experiments_count': 1, 'current_experiment': {'node_name': 'Base', 'node_type': 'AllFailFlowInstance', 'iterations_count': 3}, 'flow_summary': {'total_nodes': 1, 'recovery_conditions': 0, 'failure_conditions': 1}}
    Data: {
  "experiments_count": 1,
  "current_experiment": {
    "node_name": "Base",
    "node_type": "AllFailFlowInstance",
    "iterations_count": 3
  },
  "flow_summary": {
    "total_nodes": 1,
    "recovery_conditions": 0,
    "failure_conditions": 1
  }
}

[2025-10-05T04:31:59.637189] [ANALYSIS] Getting adaptive analysis data for: AllFailFlowInstance

[2025-10-05T04:31:59.717950] [ANALYSIS] ADAPTIVE ANALYSIS

[2025-10-05T04:31:59.773624] [ANALYSIS] Source: Base (Port: 1)

[2025-10-05T04:31:59.818900] [ANALYSIS] Recovery Potential: low

[2025-10-05T04:31:59.875870] [ANALYSIS] Recommended Config: {'Experiment': 'Enabled', 'Test Name': 'Baseline', 'Test Mode': 'Mesh', 'Test Type': 'Loops', 'Visual ID': 'TestUnitData', 'Bucket': 'IDIPAR', 'COM Port': 11, 'IP Address': '192.168.0.2', 'TTL Folder': 'R:\\Templates\\GNR\\version_2_0\\TTL_DragonMesh', 'Scripts File': None, 'Post Process': None, 'Pass String': 'Test Complete', 'Fail String': 'Test Failed', 'Content': <ContentType.DRAGON: 'Dragon'>, 'Test Number': 11, 'Test Time': 30, 'Reset': True, 'Reset on PASS': True, 'FastBoot': True, 'Core License': '1: SSE/128', '600W Unit': False, 'Pseudo Config': True, 'Configuration (Mask)': 'FirstPass', 'Boot Breakpoint': None, 'Disable 2 Cores': None, 'Check Core': 7, 'Voltage Type': 'vbump', 'Voltage IA': None, 'Voltage CFC': None, 'Frequency IA': None, 'Frequency CFC': None, 'Loops': 5, 'Type': 'Voltage', 'Domain': 'IA', 'Start': -0.03, 'End': 0.06, 'Steps': 0.03, 'ShmooFile': 'C:\\SystemDebug\\Shmoos\\RVPShmooConfig.json', 'ShmooLabel': 'COREFIX', 'Linux Pre Command': None, 'Linux Post Command': None, 'Linux Pass String': None, 'Linux Fail String': None, 'Startup Linux': None, 'Linux Path': None, 'Linux Content Wait Time': None, 'Linux Content Line 0': None, 'Linux Content Line 1': None, 'Dragon Pre Command': None, 'Dragon Post Command': None, 'Startup Dragon': 'startup_efi.nsh', 'ULX Path': 'FS1:\\EFI\\ulx', 'ULX CPU': 'GNR_B0', 'Product Chop': 'GNR', 'VVAR0': '0x4C4B40', 'VVAR1': 80064000, 'VVAR2': '0x1000000', 'VVAR3': '0x4000000', 'VVAR_EXTRA': None, 'Dragon Content Path': 'FS1:\\content\\Dragon\\7410_0x0E_PPV_MM\\GNR128C_H_1UP\\', 'Dragon Content Line': None, 'Stop on Fail': True, 'Merlin Name': 'MerlinX.efi', 'Merlin Drive': 'FS1:', 'Merlin Path': 'FS1:\\EFI\\Version8.15\\BinFiles\\Release', 'Linux Content Line 2': None, 'Linux Content Line 3': None, 'Linux Content Line 4': None, 'Linux Content Line 5': None}
    Data: {
  "Experiment": "Enabled",
  "Test Name": "Baseline",
  "Test Mode": "Mesh",
  "Test Type": "Loops",
  "Visual ID": "TestUnitData",
  "Bucket": "IDIPAR",
  "COM Port": 11,
  "IP Address": "192.168.0.2",
  "TTL Folder": "R:\\Templates\\GNR\\version_2_0\\TTL_DragonMesh",
  "Scripts File": null,
  "Post Process": null,
  "Pass String": "Test Complete",
  "Fail String": "Test Failed",
  "Content": "ContentType.DRAGON",
  "Test Number": 11,
  "Test Time": 30,
  "Reset": true,
  "Reset on PASS": true,
  "FastBoot": true,
  "Core License": "1: SSE/128",
  "600W Unit": false,
  "Pseudo Config": true,
  "Configuration (Mask)": "FirstPass",
  "Boot Breakpoint": null,
  "Disable 2 Cores": null,
  "Check Core": 7,
  "Voltage Type": "vbump",
  "Voltage IA": null,
  "Voltage CFC": null,
  "Frequency IA": null,
  "Frequency CFC": null,
  "Loops": 5,
  "Type": "Voltage",
  "Domain": "IA",
  "Start": -0.03,
  "End": 0.06,
  "Steps": 0.03,
  "ShmooFile": "C:\\SystemDebug\\Shmoos\\RVPShmooConfig.json",
  "ShmooLabel": "COREFIX",
  "Linux Pre Command": null,
  "Linux Post Command": null,
  "Linux Pass String": null,
  "Linux Fail String": null,
  "Startup Linux": null,
  "Linux Path": null,
  "Linux Content Wait Time": null,
  "Linux Content Line 0": null,
  "Linux Content Line 1": null,
  "Dragon Pre Command": null,
  "Dragon Post Command": null,
  "Startup Dragon": "startup_efi.nsh",
  "ULX Path": "FS1:\\EFI\\ulx",
  "ULX CPU": "GNR_B0",
  "Product Chop": "GNR",
  "VVAR0": "0x4C4B40",
  "VVAR1": 80064000,
  "VVAR2": "0x1000000",
  "VVAR3": "0x4000000",
  "VVAR_EXTRA": null,
  "Dragon Content Path": "FS1:\\content\\Dragon\\7410_0x0E_PPV_MM\\GNR128C_H_1UP\\",
  "Dragon Content Line": null,
  "Stop on Fail": true,
  "Merlin Name": "MerlinX.efi",
  "Merlin Drive": "FS1:",
  "Merlin Path": "FS1:\\EFI\\Version8.15\\BinFiles\\Release",
  "Linux Content Line 2": null,
  "Linux Content Line 3": null,
  "Linux Content Line 4": null,
  "Linux Content Line 5": null
}

[2025-10-05T04:32:00.082387] [SUCCESS] EXPERIMENT COMPLETE - Result: CONFIG_PASSED, Port: 0

[2025-10-05T04:32:00.228648] [INFO] Experiment data persisted to node section: Base

[2025-10-05T04:32:00.285296] [INFO] Execution status: COMPLETED_UNKNOWN

[2025-10-05T04:32:00.337877] [TRACKER] TRACKER STATE SNAPSHOT

[2025-10-05T04:32:00.393421] [TRACKER] Tracker State: {'experiments_count': 2, 'current_experiment': {'node_name': 'Base', 'node_type': 'AllFailFlowInstance', 'iterations_count': 3}, 'flow_summary': {'total_nodes': 2, 'recovery_conditions': 0, 'failure_conditions': 1}}
    Data: {
  "experiments_count": 2,
  "current_experiment": {
    "node_name": "Base",
    "node_type": "AllFailFlowInstance",
    "iterations_count": 3
  },
  "flow_summary": {
    "total_nodes": 2,
    "recovery_conditions": 0,
    "failure_conditions": 1
  }
}

[2025-10-05T04:32:01.201889] [EXPERIMENT] EXPERIMENT START - Node: VoltageCFC (ID: NODE_006)

[2025-10-05T04:32:01.301762] [CONFIG] Experiment config saved to: debug_logs\experiment_config_NODE_006_20251005_043110.json

[2025-10-05T04:32:01.358031] [CONFIG] Key Config Parameters: {'Test Type': 'Sweep', 'Content': <ContentType.DRAGON: 'Dragon'>}
    Data: {
  "Test Type": "Sweep",
  "Content": "ContentType.DRAGON"
}

[2025-10-05T04:32:01.413946] [EXPERIMENT] Flow experiment started: VoltageCFC

[2025-10-05T04:32:09.618607] [TRACKER] ITERATION 0 - Status: FAIL

[2025-10-05T04:32:09.679339] [TRACKER]   Config: {'voltage_cfc': -0.04}

[2025-10-05T04:32:20.313802] [TRACKER] ITERATION 0 - Status: FAIL

[2025-10-05T04:32:20.396814] [TRACKER]   Config: {'voltage_cfc': -0.02}

[2025-10-05T04:32:31.732645] [TRACKER] ITERATION 0 - Status: FAIL

[2025-10-05T04:32:31.818345] [TRACKER]   Config: {'voltage_cfc': 0.0}

[2025-10-05T04:32:42.392938] [TRACKER] ITERATION 0 - Status: FAIL

[2025-10-05T04:32:42.468368] [TRACKER]   Config: {'voltage_cfc': 0.02}

[2025-10-05T04:32:43.865846] [SUCCESS] EXPERIMENT COMPLETE - Result: SOLID_REPRO, Port: 0

[2025-10-05T04:32:43.918513] [INFO] Test Folder: C:\SystemDebug\Logs\20251005_043201_T11_VoltageCFC

[2025-10-05T04:32:43.984806] [ANALYSIS] SWEEP ANALYSIS COMPLETE

[2025-10-05T04:32:44.043848] [ANALYSIS] Sweep Summary: {'sweep_type': 'Voltage', 'sweep_domain': 'CFC', 'total_points': 4, 'failure_points': 4, 'pattern': 'complete_sensitivity'}
    Data: {
  "sweep_type": "Voltage",
  "sweep_domain": "CFC",
  "voltage_type": "vbump",
  "total_points": 4,
  "failure_points": 4,
  "pass_points": 0,
  "failure_values": [],
  "pass_values": [],
  "sensitivity_analysis": {
    "pattern": "complete_sensitivity",
    "description": "Unit completely sensitive to Voltage CFC (vbump)",
    "recommendation": "Unit fails across entire tested range",
    "voltage_type_context": "vbump"
  }
}

[2025-10-05T04:32:44.230505] [INFO] Experiment data persisted to node section: VoltageCFC

[2025-10-05T04:32:44.286185] [INFO] Execution status: COMPLETED_REPRO_FOUND

[2025-10-05T04:32:44.391460] [TRACKER] TRACKER STATE SNAPSHOT

[2025-10-05T04:32:44.446781] [TRACKER] Tracker State: {'experiments_count': 3, 'current_experiment': {'node_name': 'VoltageCFC', 'node_type': 'CharacterizationFlowInstance', 'iterations_count': 4}, 'flow_summary': {'total_nodes': 3, 'recovery_conditions': 0, 'failure_conditions': 1}}
    Data: {
  "experiments_count": 3,
  "current_experiment": {
    "node_name": "VoltageCFC",
    "node_type": "CharacterizationFlowInstance",
    "iterations_count": 4
  },
  "flow_summary": {
    "total_nodes": 3,
    "recovery_conditions": 0,
    "failure_conditions": 1
  }
}

[2025-10-05T04:32:47.244234] [EXPERIMENT] EXPERIMENT START - Node: FreqCFC (ID: NODE_007)

[2025-10-05T04:32:47.518361] [CONFIG] Experiment config saved to: debug_logs\experiment_config_NODE_007_20251005_043110.json

[2025-10-05T04:32:47.676779] [CONFIG] Key Config Parameters: {'Test Type': 'Sweep', 'Content': <ContentType.DRAGON: 'Dragon'>}
    Data: {
  "Test Type": "Sweep",
  "Content": "ContentType.DRAGON"
}

[2025-10-05T04:32:47.808277] [EXPERIMENT] Flow experiment started: FreqCFC

[2025-10-05T04:32:55.422250] [TRACKER] ITERATION 0 - Status: FAIL

[2025-10-05T04:32:55.479191] [TRACKER]   Config: {'voltage_cfc': 0.02, 'frequency_cfc': 8}

[2025-10-05T04:33:07.229605] [TRACKER] ITERATION 0 - Status: FAIL

[2025-10-05T04:33:07.297666] [TRACKER]   Config: {'voltage_cfc': 0.02, 'frequency_cfc': 12}

[2025-10-05T04:33:17.269199] [TRACKER] ITERATION 0 - Status: FAIL

[2025-10-05T04:33:17.329905] [TRACKER]   Config: {'voltage_cfc': 0.02, 'frequency_cfc': 16}

[2025-10-05T04:33:18.680938] [SUCCESS] EXPERIMENT COMPLETE - Result: SOLID_REPRO, Port: 0

[2025-10-05T04:33:18.737358] [INFO] Test Folder: C:\SystemDebug\Logs\20251005_043248_T11_FreqCFC

[2025-10-05T04:33:18.792137] [ANALYSIS] SWEEP ANALYSIS COMPLETE

[2025-10-05T04:33:18.856188] [ANALYSIS] Sweep Summary: {'sweep_type': 'Frequency', 'sweep_domain': 'CFC', 'total_points': 3, 'failure_points': 3, 'pattern': 'complete_sensitivity'}
    Data: {
  "sweep_type": "Frequency",
  "sweep_domain": "CFC",
  "voltage_type": "vbump",
  "total_points": 3,
  "failure_points": 3,
  "pass_points": 0,
  "failure_values": [],
  "pass_values": [],
  "sensitivity_analysis": {
    "pattern": "complete_sensitivity",
    "description": "Unit completely sensitive to Frequency CFC (vbump)",
    "recommendation": "Unit fails across entire tested range",
    "voltage_type_context": "vbump"
  }
}

[2025-10-05T04:33:19.078232] [INFO] Experiment data persisted to node section: FreqCFC

[2025-10-05T04:33:19.138732] [INFO] Execution status: COMPLETED_REPRO_FOUND

[2025-10-05T04:33:19.236028] [TRACKER] TRACKER STATE SNAPSHOT

[2025-10-05T04:33:19.292440] [TRACKER] Tracker State: {'experiments_count': 4, 'current_experiment': {'node_name': 'FreqCFC', 'node_type': 'CharacterizationFlowInstance', 'iterations_count': 3}, 'flow_summary': {'total_nodes': 4, 'recovery_conditions': 0, 'failure_conditions': 1}}
    Data: {
  "experiments_count": 4,
  "current_experiment": {
    "node_name": "FreqCFC",
    "node_type": "CharacterizationFlowInstance",
    "iterations_count": 3
  },
  "flow_summary": {
    "total_nodes": 4,
    "recovery_conditions": 0,
    "failure_conditions": 1
  }
}

[2025-10-05T04:33:21.159057] [EXPERIMENT] EXPERIMENT START - Node: VoltageIA (ID: NODE_008)

[2025-10-05T04:33:21.276032] [CONFIG] Experiment config saved to: debug_logs\experiment_config_NODE_008_20251005_043110.json

[2025-10-05T04:33:21.347098] [CONFIG] Key Config Parameters: {'Test Type': 'Sweep', 'Content': <ContentType.DRAGON: 'Dragon'>}
    Data: {
  "Test Type": "Sweep",
  "Content": "ContentType.DRAGON"
}

[2025-10-05T04:33:21.403758] [EXPERIMENT] Flow experiment started: VoltageIA

[2025-10-05T04:33:28.857010] [TRACKER] ITERATION 0 - Status: FAIL

[2025-10-05T04:33:28.923233] [TRACKER]   Config: {'voltage_ia': 0.0, 'voltage_cfc': 0.02, 'frequency_cfc': 16}

[2025-10-05T04:33:39.654196] [TRACKER] ITERATION 0 - Status: FAIL

[2025-10-05T04:33:39.720759] [TRACKER]   Config: {'voltage_ia': 0.02, 'voltage_cfc': 0.02, 'frequency_cfc': 16}

[2025-10-05T04:33:50.580189] [TRACKER] ITERATION 0 - Status: FAIL

[2025-10-05T04:33:50.656376] [TRACKER]   Config: {'voltage_ia': 0.04, 'voltage_cfc': 0.02, 'frequency_cfc': 16}

[2025-10-05T04:34:00.992955] [TRACKER] ITERATION 0 - Status: FAIL

[2025-10-05T04:34:01.063343] [TRACKER]   Config: {'voltage_ia': 0.06, 'voltage_cfc': 0.02, 'frequency_cfc': 16}

[2025-10-05T04:34:03.075472] [SUCCESS] EXPERIMENT COMPLETE - Result: SOLID_REPRO, Port: 0

[2025-10-05T04:34:03.127436] [INFO] Test Folder: C:\SystemDebug\Logs\20251005_043321_T11_VoltageIA

[2025-10-05T04:34:03.179102] [ANALYSIS] SWEEP ANALYSIS COMPLETE

[2025-10-05T04:34:03.233316] [ANALYSIS] Sweep Summary: {'sweep_type': 'Voltage', 'sweep_domain': 'IA', 'total_points': 4, 'failure_points': 4, 'pattern': 'complete_sensitivity'}
    Data: {
  "sweep_type": "Voltage",
  "sweep_domain": "IA",
  "voltage_type": "vbump",
  "total_points": 4,
  "failure_points": 4,
  "pass_points": 0,
  "failure_values": [],
  "pass_values": [],
  "sensitivity_analysis": {
    "pattern": "complete_sensitivity",
    "description": "Unit completely sensitive to Voltage IA (vbump)",
    "recommendation": "Unit fails across entire tested range",
    "voltage_type_context": "vbump"
  }
}

[2025-10-05T04:34:03.410341] [INFO] Experiment data persisted to node section: VoltageIA

[2025-10-05T04:34:03.467917] [INFO] Execution status: COMPLETED_REPRO_FOUND

[2025-10-05T04:34:03.524920] [TRACKER] TRACKER STATE SNAPSHOT

[2025-10-05T04:34:03.578672] [TRACKER] Tracker State: {'experiments_count': 5, 'current_experiment': {'node_name': 'VoltageIA', 'node_type': 'CharacterizationFlowInstance', 'iterations_count': 4}, 'flow_summary': {'total_nodes': 5, 'recovery_conditions': 0, 'failure_conditions': 1}}
    Data: {
  "experiments_count": 5,
  "current_experiment": {
    "node_name": "VoltageIA",
    "node_type": "CharacterizationFlowInstance",
    "iterations_count": 4
  },
  "flow_summary": {
    "total_nodes": 5,
    "recovery_conditions": 0,
    "failure_conditions": 1
  }
}

[2025-10-05T04:34:05.194082] [EXPERIMENT] EXPERIMENT START - Node: FreqIA (ID: NODE_009)

[2025-10-05T04:34:05.305549] [CONFIG] Experiment config saved to: debug_logs\experiment_config_NODE_009_20251005_043110.json

[2025-10-05T04:34:05.365803] [CONFIG] Key Config Parameters: {'Test Type': 'Sweep', 'Content': <ContentType.DRAGON: 'Dragon'>}
    Data: {
  "Test Type": "Sweep",
  "Content": "ContentType.DRAGON"
}

[2025-10-05T04:34:05.431230] [EXPERIMENT] Flow experiment started: FreqIA

[2025-10-05T04:34:13.555585] [TRACKER] ITERATION 0 - Status: PASS

[2025-10-05T04:34:13.701080] [TRACKER]   Config: {'voltage_ia': 0.06, 'voltage_cfc': 0.02, 'frequency_ia': 8, 'frequency_cfc': 16}

[2025-10-05T04:34:23.963727] [TRACKER] ITERATION 0 - Status: FAIL

[2025-10-05T04:34:24.059070] [TRACKER]   Config: {'voltage_ia': 0.06, 'voltage_cfc': 0.02, 'frequency_ia': 12, 'frequency_cfc': 16}

[2025-10-05T04:34:34.152676] [TRACKER] ITERATION 0 - Status: FAIL

[2025-10-05T04:34:34.214811] [TRACKER]   Config: {'voltage_ia': 0.06, 'voltage_cfc': 0.02, 'frequency_ia': 16, 'frequency_cfc': 16}

[2025-10-05T04:34:45.423986] [TRACKER] ITERATION 0 - Status: FAIL

[2025-10-05T04:34:45.486462] [TRACKER]   Config: {'voltage_ia': 0.06, 'voltage_cfc': 0.02, 'frequency_ia': 20, 'frequency_cfc': 16}

[2025-10-05T04:34:57.247332] [TRACKER] ITERATION 0 - Status: FAIL

[2025-10-05T04:34:57.318065] [TRACKER]   Config: {'voltage_ia': 0.06, 'voltage_cfc': 0.02, 'frequency_ia': 24, 'frequency_cfc': 16}

[2025-10-05T04:35:07.902066] [TRACKER] ITERATION 0 - Status: FAIL

[2025-10-05T04:35:07.963836] [TRACKER]   Config: {'voltage_ia': 0.06, 'voltage_cfc': 0.02, 'frequency_ia': 28, 'frequency_cfc': 16}

[2025-10-05T04:35:09.791793] [SUCCESS] EXPERIMENT COMPLETE - Result: MOSTLY_FAILING, Port: 0

[2025-10-05T04:35:09.849848] [INFO] Test Folder: C:\SystemDebug\Logs\20251005_043405_T11_FreqIA

[2025-10-05T04:35:09.904584] [ANALYSIS] SWEEP ANALYSIS COMPLETE

[2025-10-05T04:35:09.966351] [ANALYSIS] Sweep Summary: {'sweep_type': 'Frequency', 'sweep_domain': 'IA', 'total_points': 6, 'failure_points': 5, 'pattern': 'unknown'}
    Data: {
  "sweep_type": "Frequency",
  "sweep_domain": "IA",
  "voltage_type": "ppvc",
  "total_points": 6,
  "failure_points": 5,
  "pass_points": 1,
  "failure_values": [],
  "pass_values": [],
  "sensitivity_analysis": {
    "pattern": "unknown",
    "description": "Unable to determine sensitivity pattern",
    "recommendation": "More data needed for analysis",
    "voltage_type_context": "ppvc"
  }
}

[2025-10-05T04:35:10.146280] [INFO] Experiment data persisted to node section: FreqIA

[2025-10-05T04:35:10.199931] [INFO] Execution status: COMPLETED_UNKNOWN

[2025-10-05T04:35:10.254923] [TRACKER] TRACKER STATE SNAPSHOT

[2025-10-05T04:35:10.307434] [TRACKER] Tracker State: {'experiments_count': 6, 'current_experiment': {'node_name': 'FreqIA', 'node_type': 'CharacterizationFlowInstance', 'iterations_count': 6}, 'flow_summary': {'total_nodes': 6, 'recovery_conditions': 0, 'failure_conditions': 1}}
    Data: {
  "experiments_count": 6,
  "current_experiment": {
    "node_name": "FreqIA",
    "node_type": "CharacterizationFlowInstance",
    "iterations_count": 6
  },
  "flow_summary": {
    "total_nodes": 6,
    "recovery_conditions": 0,
    "failure_conditions": 1
  }
}

[2025-10-05T04:35:10.725021] [ANALYSIS] Starting comprehensive analysis

[2025-10-05T04:35:10.786504] [ANALYSIS] COMPREHENSIVE ANALYSIS COMPLETE

[2025-10-05T04:35:10.838763] [ANALYSIS] Analysis Summary: {'total_experiments': 6, 'valid_experiments': 6, 'voltage_experiments': 0, 'frequency_experiments': 0, 'recovery_conditions': 0, 'failure_conditions': 1}
    Data: {
  "total_experiments": 6,
  "valid_experiments": 6,
  "voltage_experiments": 0,
  "frequency_experiments": 0,
  "recovery_conditions": 0,
  "failure_conditions": 1
}

[2025-10-05T04:35:11.002566] [INFO] Comprehensive analysis saved to: debug_logs\comprehensive_analysis_20251005_043110.json

[2025-10-05T04:35:11.614597] [SUCCESS] EXPERIMENT COMPLETE - Result: ANALYSIS_COMPLETE, Port: 0

[2025-10-05T04:35:11.667821] [ANALYSIS] SWEEP ANALYSIS COMPLETE

[2025-10-05T04:35:11.723672] [ANALYSIS] Sweep Summary: {'sweep_type': 'Frequency', 'sweep_domain': 'IA', 'total_points': 6, 'failure_points': 5, 'pattern': 'unknown'}
    Data: {
  "sweep_type": "Frequency",
  "sweep_domain": "IA",
  "voltage_type": "ppvc",
  "total_points": 6,
  "failure_points": 5,
  "pass_points": 1,
  "failure_values": [],
  "pass_values": [],
  "sensitivity_analysis": {
    "pattern": "unknown",
    "description": "Unable to determine sensitivity pattern",
    "recommendation": "More data needed for analysis",
    "voltage_type_context": "ppvc"
  }
}

[2025-10-05T04:35:11.906841] [INFO] Experiment data persisted to node section: FreqIA

[2025-10-05T04:35:11.962861] [INFO] Execution status: COMPLETED_UNKNOWN

[2025-10-05T04:35:12.017483] [TRACKER] TRACKER STATE SNAPSHOT

[2025-10-05T04:35:12.075294] [TRACKER] Tracker State: {'experiments_count': 7, 'current_experiment': {'node_name': 'FreqIA', 'node_type': 'CharacterizationFlowInstance', 'iterations_count': 6}, 'flow_summary': {'total_nodes': 7, 'recovery_conditions': 0, 'failure_conditions': 1}}
    Data: {
  "experiments_count": 7,
  "current_experiment": {
    "node_name": "FreqIA",
    "node_type": "CharacterizationFlowInstance",
    "iterations_count": 6
  },
  "flow_summary": {
    "total_nodes": 7,
    "recovery_conditions": 0,
    "failure_conditions": 1
  }
}

