=== EXPERIMENT TRACKER DEBUG SESSION STARTED ===
Session ID: 20251006_175241
Start Time: 2025-10-06T17:52:41.232731
============================================================

[2025-10-06T17:52:41.251107] [TRACKER] ExperimentTracker initialized

[2025-10-06T17:52:42.865955] [EXPERIMENT] EXPERIMENT START - Node: BaseRepro (ID: NODE_002)

[2025-10-06T17:52:43.005577] [CONFIG] Experiment config saved to: debug_logs\experiment_config_NODE_002_20251006_175241.json

[2025-10-06T17:52:43.051115] [CONFIG] Key Config Parameters: {'Test Type': 'Loops', 'Content': 'Dragon'}
    Data: {
  "Test Type": "Loops",
  "Content": "Dragon"
}

[2025-10-06T17:52:43.125143] [EXPERIMENT] Flow experiment started: BaseRepro

[2025-10-06T17:52:51.499589] [TRACKER] ITERATION 0 - Status: FAIL

[2025-10-06T17:53:09.580279] [TRACKER] ITERATION 0 - Status: FAIL

[2025-10-06T17:53:28.507367] [TRACKER] ITERATION 0 - Status: FAIL

[2025-10-06T17:53:30.264501] [SUCCESS] EXPERIMENT COMPLETE - Result: SOLID_REPRO, Port: 1

[2025-10-06T17:53:30.397307] [INFO] Test Folder: C:\SystemDebug\Logs\20251006_175243_T1_DragonBaseline

[2025-10-06T17:53:30.591457] [INFO] Experiment data persisted to test section: DragonBaseline

[2025-10-06T17:53:30.645186] [INFO] Node name: BaseRepro

[2025-10-06T17:53:30.697909] [TRACKER] TRACKER STATE SNAPSHOT

[2025-10-06T17:53:30.748914] [TRACKER] Tracker State: {'experiments_count': 1, 'current_experiment': {'node_name': 'BaseRepro', 'node_type': 'AllFailFlowInstance', 'iterations_count': 3}, 'flow_summary': {'total_nodes': 1, 'recovery_conditions': 0, 'failure_conditions': 1}}
    Data: {
  "experiments_count": 1,
  "current_experiment": {
    "node_name": "BaseRepro",
    "node_type": "AllFailFlowInstance",
    "iterations_count": 3
  },
  "flow_summary": {
    "total_nodes": 1,
    "recovery_conditions": 0,
    "failure_conditions": 1
  }
}

[2025-10-06T17:53:31.011575] [ANALYSIS] Getting adaptive analysis data for: AllFailFlowInstance

[2025-10-06T17:53:31.100336] [ANALYSIS] ADAPTIVE ANALYSIS

[2025-10-06T17:53:31.152453] [ANALYSIS] Source: BaseRepro (Port: 1)

[2025-10-06T17:53:31.197289] [ANALYSIS] Recovery Potential: low

[2025-10-06T17:53:31.257515] [ANALYSIS] Recommended Config: {'Experiment': 'Enabled', 'Test Name': 'DragonBaseline', 'Test Mode': 'Mesh', 'Test Type': 'Loops', 'Visual ID': '75YB873100474', 'Bucket': 'IDIPAR', 'COM Port': 11, 'IP Address': '192.168.0.2', 'TTL Folder': 'Q:\\DPM_Debug\\GNR\\Logs\\LLC\\2509_75YB873100474\\TTL_DragonMesh', 'Scripts File': None, 'Pass String': 'Test Complete', 'Fail String': 'Test Failed', 'Content': <ContentType.DRAGON: 'Dragon'>, 'Test Number': 1, 'Test Time': 45, 'Reset': True, 'Reset on PASS': True, 'FastBoot': True, 'Core License': None, '600W Unit': True, 'Pseudo Config': False, 'Configuration (Mask)': '', 'Boot Breakpoint': None, 'Disable 2 Cores': None, 'Check Core': 141, 'Voltage Type': 'vbump', 'Voltage IA': None, 'Voltage CFC': None, 'Frequency IA': None, 'Frequency CFC': None, 'Loops': 5, 'Type': 'Voltage', 'Domain': 'IA', 'Start': -0.03, 'End': 0.06, 'Steps': 0.03, 'ShmooFile': 'C:\\SystemDebug\\Shmoos\\RVPShmooConfig.json', 'ShmooLabel': 'COREFIX', 'Linux Pre Command': None, 'Linux Post Command': None, 'Startup Linux': None, 'Linux Path': None, 'Linux Content Wait Time': None, 'Linux Content Line 0': None, 'Linux Content Line 1': None, 'Dragon Pre Command': None, 'Dragon Post Command': None, 'Startup Dragon': 'startup_efi.nsh', 'ULX Path': 'FS1:\\EFI\\ulx', 'ULX CPU': 'GNR_B0', 'Product Chop': 'GNR', 'VVAR0': '0x4C4B40', 'VVAR1': 80064000, 'VVAR2': '0x1000000', 'VVAR3': '0x4000000', 'VVAR_EXTRA': None, 'Dragon Content Path': 'FS1:\\content\\Dragon\\7410_0x0E_PPV_MegaMem\\GNR128C_H_1UP', 'Dragon Content Line': None, 'Stop on Fail': True, 'Merlin Name': 'MerlinX.efi', 'Merlin Drive': 'FS1:', 'Merlin Path': 'FS1:\\EFI\\Version8.15\\BinFiles\\Release'}
    Data: {
  "Experiment": "Enabled",
  "Test Name": "DragonBaseline",
  "Test Mode": "Mesh",
  "Test Type": "Loops",
  "Visual ID": "75YB873100474",
  "Bucket": "IDIPAR",
  "COM Port": 11,
  "IP Address": "192.168.0.2",
  "TTL Folder": "Q:\\DPM_Debug\\GNR\\Logs\\LLC\\2509_75YB873100474\\TTL_DragonMesh",
  "Scripts File": null,
  "Pass String": "Test Complete",
  "Fail String": "Test Failed",
  "Content": "ContentType.DRAGON",
  "Test Number": 1,
  "Test Time": 45,
  "Reset": true,
  "Reset on PASS": true,
  "FastBoot": true,
  "Core License": null,
  "600W Unit": true,
  "Pseudo Config": false,
  "Configuration (Mask)": "",
  "Boot Breakpoint": null,
  "Disable 2 Cores": null,
  "Check Core": 141,
  "Voltage Type": "vbump",
  "Voltage IA": null,
  "Voltage CFC": null,
  "Frequency IA": null,
  "Frequency CFC": null,
  "Loops": 5,
  "Type": "Voltage",
  "Domain": "IA",
  "Start": -0.03,
  "End": 0.06,
  "Steps": 0.03,
  "ShmooFile": "C:\\SystemDebug\\Shmoos\\RVPShmooConfig.json",
  "ShmooLabel": "COREFIX",
  "Linux Pre Command": null,
  "Linux Post Command": null,
  "Startup Linux": null,
  "Linux Path": null,
  "Linux Content Wait Time": null,
  "Linux Content Line 0": null,
  "Linux Content Line 1": null,
  "Dragon Pre Command": null,
  "Dragon Post Command": null,
  "Startup Dragon": "startup_efi.nsh",
  "ULX Path": "FS1:\\EFI\\ulx",
  "ULX CPU": "GNR_B0",
  "Product Chop": "GNR",
  "VVAR0": "0x4C4B40",
  "VVAR1": 80064000,
  "VVAR2": "0x1000000",
  "VVAR3": "0x4000000",
  "VVAR_EXTRA": null,
  "Dragon Content Path": "FS1:\\content\\Dragon\\7410_0x0E_PPV_MegaMem\\GNR128C_H_1UP",
  "Dragon Content Line": null,
  "Stop on Fail": true,
  "Merlin Name": "MerlinX.efi",
  "Merlin Drive": "FS1:",
  "Merlin Path": "FS1:\\EFI\\Version8.15\\BinFiles\\Release"
}

[2025-10-06T17:53:31.474970] [SUCCESS] EXPERIMENT COMPLETE - Result: CONFIG_PASSED, Port: 0

[2025-10-06T17:53:31.640205] [INFO] Experiment data persisted to test section: DragonBaseline

[2025-10-06T17:53:31.695887] [INFO] Node name: BaseRepro

[2025-10-06T17:53:31.751116] [TRACKER] TRACKER STATE SNAPSHOT

[2025-10-06T17:53:31.805241] [TRACKER] Tracker State: {'experiments_count': 2, 'current_experiment': {'node_name': 'BaseRepro', 'node_type': 'AllFailFlowInstance', 'iterations_count': 3}, 'flow_summary': {'total_nodes': 2, 'recovery_conditions': 0, 'failure_conditions': 1}}
    Data: {
  "experiments_count": 2,
  "current_experiment": {
    "node_name": "BaseRepro",
    "node_type": "AllFailFlowInstance",
    "iterations_count": 3
  },
  "flow_summary": {
    "total_nodes": 2,
    "recovery_conditions": 0,
    "failure_conditions": 1
  }
}

[2025-10-06T17:53:33.739866] [EXPERIMENT] EXPERIMENT START - Node: CFC_Voltage (ID: NODE_006)

[2025-10-06T17:53:33.859958] [CONFIG] Experiment config saved to: debug_logs\experiment_config_NODE_006_20251006_175241.json

[2025-10-06T17:53:33.916252] [CONFIG] Key Config Parameters: {'Test Type': 'Sweep', 'Content': 'Dragon'}
    Data: {
  "Test Type": "Sweep",
  "Content": "Dragon"
}

[2025-10-06T17:53:33.971234] [EXPERIMENT] Flow experiment started: CFC_Voltage

[2025-10-06T17:53:42.134917] [TRACKER] ITERATION 0 - Status: FAIL

[2025-10-06T17:53:42.210208] [TRACKER]   Sweep Value: 0.0

[2025-10-06T17:53:42.282988] [TRACKER]   Config: {'voltage_cfc': 0.0}

[2025-10-06T17:53:53.463314] [TRACKER] ITERATION 0 - Status: FAIL

[2025-10-06T17:53:53.533475] [TRACKER]   Sweep Value: 0.05

[2025-10-06T17:53:53.611110] [TRACKER]   Config: {'voltage_cfc': 0.05}

[2025-10-06T17:54:05.648834] [TRACKER] ITERATION 0 - Status: FAIL

[2025-10-06T17:54:05.720790] [TRACKER]   Sweep Value: 0.1

[2025-10-06T17:54:05.773090] [TRACKER]   Config: {'voltage_cfc': 0.1}

[2025-10-06T17:54:17.390295] [TRACKER] ITERATION 0 - Status: FAIL

[2025-10-06T17:54:17.476966] [TRACKER]   Sweep Value: 0.15

[2025-10-06T17:54:17.536604] [TRACKER]   Config: {'voltage_cfc': 0.15}

[2025-10-06T17:54:28.273785] [TRACKER] ITERATION 0 - Status: FAIL

[2025-10-06T17:54:28.356375] [TRACKER]   Sweep Value: 0.2

[2025-10-06T17:54:28.423205] [TRACKER]   Config: {'voltage_cfc': 0.2}

[2025-10-06T17:54:29.896951] [SUCCESS] EXPERIMENT COMPLETE - Result: SOLID_REPRO, Port: 0

[2025-10-06T17:54:29.969873] [INFO] Test Folder: C:\SystemDebug\Logs\20251006_175334_T1_CFCVoltage

[2025-10-06T17:54:30.033439] [ANALYSIS] SWEEP ANALYSIS COMPLETE

[2025-10-06T17:54:30.095473] [ANALYSIS] Sweep Summary: {'sweep_type': 'voltage', 'sweep_domain': 'cfc', 'total_points': 5, 'failure_points': 5, 'pattern': 'no_sensitivity'}
    Data: {
  "sweep_type": "voltage",
  "sweep_domain": "cfc",
  "voltage_type": "vbump",
  "total_points": 5,
  "failure_points": 5,
  "pass_points": 0,
  "failure_values": [
    0.0,
    0.05,
    0.1,
    0.15,
    0.2
  ],
  "pass_values": [],
  "sensitivity_analysis": {
    "pattern": "no_sensitivity",
    "description": "Unit not sensitive to voltage cfc (vbump) - fails across entire range (no recovery condition)",
    "recommendation": "Unit fails across entire tested voltage range - no sensitivity threshold found",
    "voltage_type_context": "vbump",
    "failure_mode": "complete_failure_no_recovery"
  }
}

[2025-10-06T17:54:30.416816] [INFO] Experiment data persisted to test section: CFCVoltage

[2025-10-06T17:54:30.499317] [INFO] Node name: CFC_Voltage

[2025-10-06T17:54:30.563470] [TRACKER] TRACKER STATE SNAPSHOT

[2025-10-06T17:54:30.642110] [TRACKER] Tracker State: {'experiments_count': 3, 'current_experiment': {'node_name': 'CFC_Voltage', 'node_type': 'CharacterizationFlowInstance', 'iterations_count': 5}, 'flow_summary': {'total_nodes': 3, 'recovery_conditions': 0, 'failure_conditions': 1}}
    Data: {
  "experiments_count": 3,
  "current_experiment": {
    "node_name": "CFC_Voltage",
    "node_type": "CharacterizationFlowInstance",
    "iterations_count": 5
  },
  "flow_summary": {
    "total_nodes": 3,
    "recovery_conditions": 0,
    "failure_conditions": 1
  }
}

[2025-10-06T17:54:32.902643] [EXPERIMENT] EXPERIMENT START - Node: CFC_Frequency (ID: NODE_007)

[2025-10-06T17:54:33.077121] [CONFIG] Experiment config saved to: debug_logs\experiment_config_NODE_007_20251006_175241.json

[2025-10-06T17:54:33.155288] [CONFIG] Key Config Parameters: {'Test Type': 'Sweep', 'Content': 'Dragon'}
    Data: {
  "Test Type": "Sweep",
  "Content": "Dragon"
}

[2025-10-06T17:54:33.224045] [EXPERIMENT] Flow experiment started: CFC_Frequency

[2025-10-06T17:54:41.963729] [TRACKER] ITERATION 0 - Status: FAIL

[2025-10-06T17:54:42.039460] [TRACKER]   Sweep Value: 8

[2025-10-06T17:54:42.092666] [TRACKER]   Config: {'frequency_cfc': 8}

[2025-10-06T17:54:53.066136] [TRACKER] ITERATION 0 - Status: FAIL

[2025-10-06T17:54:53.141201] [TRACKER]   Sweep Value: 12

[2025-10-06T17:54:53.198457] [TRACKER]   Config: {'frequency_cfc': 12}

[2025-10-06T17:55:04.311893] [TRACKER] ITERATION 0 - Status: FAIL

[2025-10-06T17:55:04.390192] [TRACKER]   Sweep Value: 16

[2025-10-06T17:55:04.465550] [TRACKER]   Config: {'frequency_cfc': 16}

[2025-10-06T17:55:16.237923] [TRACKER] ITERATION 0 - Status: FAIL

[2025-10-06T17:55:16.301899] [TRACKER]   Sweep Value: 20

[2025-10-06T17:55:16.404982] [TRACKER]   Config: {'frequency_cfc': 20}

[2025-10-06T17:55:27.423030] [TRACKER] ITERATION 0 - Status: FAIL

[2025-10-06T17:55:27.493614] [TRACKER]   Sweep Value: 24

[2025-10-06T17:55:27.558042] [TRACKER]   Config: {'frequency_cfc': 24}

[2025-10-06T17:55:29.030287] [SUCCESS] EXPERIMENT COMPLETE - Result: SOLID_REPRO, Port: 0

[2025-10-06T17:55:29.093867] [INFO] Test Folder: C:\SystemDebug\Logs\20251006_175433_T1_CFCFrequency

[2025-10-06T17:55:29.155446] [ANALYSIS] SWEEP ANALYSIS COMPLETE

[2025-10-06T17:55:29.213292] [ANALYSIS] Sweep Summary: {'sweep_type': 'frequency', 'sweep_domain': 'cfc', 'total_points': 5, 'failure_points': 5, 'pattern': 'no_sensitivity'}
    Data: {
  "sweep_type": "frequency",
  "sweep_domain": "cfc",
  "voltage_type": "vbump",
  "total_points": 5,
  "failure_points": 5,
  "pass_points": 0,
  "failure_values": [
    8,
    12,
    16,
    20,
    24
  ],
  "pass_values": [],
  "sensitivity_analysis": {
    "pattern": "no_sensitivity",
    "description": "Unit not sensitive to frequency cfc (vbump) - fails across entire range (no recovery condition)",
    "recommendation": "Unit fails across entire tested frequency range - no sensitivity threshold found",
    "voltage_type_context": "vbump",
    "failure_mode": "complete_failure_no_recovery"
  }
}

[2025-10-06T17:55:29.396478] [INFO] Experiment data persisted to test section: CFCFrequency

[2025-10-06T17:55:29.465319] [INFO] Node name: CFC_Frequency

[2025-10-06T17:55:29.550868] [TRACKER] TRACKER STATE SNAPSHOT

[2025-10-06T17:55:29.619065] [TRACKER] Tracker State: {'experiments_count': 4, 'current_experiment': {'node_name': 'CFC_Frequency', 'node_type': 'CharacterizationFlowInstance', 'iterations_count': 5}, 'flow_summary': {'total_nodes': 4, 'recovery_conditions': 0, 'failure_conditions': 1}}
    Data: {
  "experiments_count": 4,
  "current_experiment": {
    "node_name": "CFC_Frequency",
    "node_type": "CharacterizationFlowInstance",
    "iterations_count": 5
  },
  "flow_summary": {
    "total_nodes": 4,
    "recovery_conditions": 0,
    "failure_conditions": 1
  }
}

[2025-10-06T17:55:31.030662] [EXPERIMENT] EXPERIMENT START - Node: IA_Voltage (ID: NODE_008)

[2025-10-06T17:55:31.145267] [CONFIG] Experiment config saved to: debug_logs\experiment_config_NODE_008_20251006_175241.json

[2025-10-06T17:55:31.202087] [CONFIG] Key Config Parameters: {'Test Type': 'Sweep', 'Content': 'Dragon'}
    Data: {
  "Test Type": "Sweep",
  "Content": "Dragon"
}

[2025-10-06T17:55:31.262519] [EXPERIMENT] Flow experiment started: IA_Voltage

[2025-10-06T17:55:39.230457] [TRACKER] ITERATION 0 - Status: FAIL

[2025-10-06T17:55:39.315877] [TRACKER]   Sweep Value: 0.0

[2025-10-06T17:55:39.383212] [TRACKER]   Config: {'voltage_ia': 0.0}

[2025-10-06T17:55:51.319967] [TRACKER] ITERATION 0 - Status: PASS

[2025-10-06T17:55:51.396874] [TRACKER]   Sweep Value: 0.05

[2025-10-06T17:55:51.449265] [TRACKER]   Config: {'voltage_ia': 0.05}

[2025-10-06T17:56:02.426021] [TRACKER] ITERATION 0 - Status: FAIL

[2025-10-06T17:56:02.512329] [TRACKER]   Sweep Value: 0.1

[2025-10-06T17:56:02.617643] [TRACKER]   Config: {'voltage_ia': 0.1}

[2025-10-06T17:56:14.299079] [TRACKER] ITERATION 0 - Status: FAIL

[2025-10-06T17:56:14.397155] [TRACKER]   Sweep Value: 0.15

[2025-10-06T17:56:14.456914] [TRACKER]   Config: {'voltage_ia': 0.15}

[2025-10-06T17:56:25.973265] [TRACKER] ITERATION 0 - Status: PASS

[2025-10-06T17:56:26.086054] [TRACKER]   Sweep Value: 0.2

[2025-10-06T17:56:26.141652] [TRACKER]   Config: {'voltage_ia': 0.2}

[2025-10-06T17:56:27.564434] [SUCCESS] EXPERIMENT COMPLETE - Result: MOSTLY_FAILING, Port: 0

[2025-10-06T17:56:27.624622] [INFO] Test Folder: C:\SystemDebug\Logs\20251006_175531_T1_IAVoltage

[2025-10-06T17:56:27.702658] [ANALYSIS] SWEEP ANALYSIS COMPLETE

[2025-10-06T17:56:27.762187] [ANALYSIS] Sweep Summary: {'sweep_type': 'voltage', 'sweep_domain': 'ia', 'total_points': 5, 'failure_points': 3, 'pattern': 'mixed_sensitivity'}
    Data: {
  "sweep_type": "voltage",
  "sweep_domain": "ia",
  "voltage_type": "vbump",
  "total_points": 5,
  "failure_points": 3,
  "pass_points": 2,
  "failure_values": [
    0.0,
    0.1,
    0.15
  ],
  "pass_values": [
    0.05,
    0.2
  ],
  "sensitivity_analysis": {
    "pattern": "mixed_sensitivity",
    "description": "Unit has mixed sensitivity pattern for voltage ia (vbump)",
    "failure_range": [
      0.0,
      0.15
    ],
    "pass_range": [
      0.05,
      0.2
    ],
    "safe_values": [
      0.05,
      0.2
    ],
    "voltage_type_context": "vbump",
    "recommendation": "Avoid failure values, use passing values for recovery (vbump specific to tested domain)"
  }
}

[2025-10-06T17:56:28.070055] [INFO] Experiment data persisted to test section: IAVoltage

[2025-10-06T17:56:28.132734] [INFO] Node name: IA_Voltage

[2025-10-06T17:56:28.224707] [TRACKER] TRACKER STATE SNAPSHOT

[2025-10-06T17:56:28.277204] [TRACKER] Tracker State: {'experiments_count': 5, 'current_experiment': {'node_name': 'IA_Voltage', 'node_type': 'CharacterizationFlowInstance', 'iterations_count': 5}, 'flow_summary': {'total_nodes': 5, 'recovery_conditions': 0, 'failure_conditions': 1}}
    Data: {
  "experiments_count": 5,
  "current_experiment": {
    "node_name": "IA_Voltage",
    "node_type": "CharacterizationFlowInstance",
    "iterations_count": 5
  },
  "flow_summary": {
    "total_nodes": 5,
    "recovery_conditions": 0,
    "failure_conditions": 1
  }
}

[2025-10-06T17:56:29.811899] [EXPERIMENT] EXPERIMENT START - Node: IA_Frequency (ID: NODE_009)

[2025-10-06T17:56:29.923260] [CONFIG] Experiment config saved to: debug_logs\experiment_config_NODE_009_20251006_175241.json

[2025-10-06T17:56:29.989027] [CONFIG] Key Config Parameters: {'Test Type': 'Sweep', 'Content': 'Dragon'}
    Data: {
  "Test Type": "Sweep",
  "Content": "Dragon"
}

[2025-10-06T17:56:30.049732] [EXPERIMENT] Flow experiment started: IA_Frequency

[2025-10-06T17:56:38.402699] [TRACKER] ITERATION 0 - Status: FAIL

[2025-10-06T17:56:38.460080] [TRACKER]   Sweep Value: 8

[2025-10-06T17:56:38.513041] [TRACKER]   Config: {'frequency_ia': 8}

[2025-10-06T17:56:49.488470] [TRACKER] ITERATION 0 - Status: FAIL

[2025-10-06T17:56:49.556102] [TRACKER]   Sweep Value: 12

[2025-10-06T17:56:49.616070] [TRACKER]   Config: {'frequency_ia': 12}

[2025-10-06T17:57:00.948110] [TRACKER] ITERATION 0 - Status: FAIL

[2025-10-06T17:57:01.030187] [TRACKER]   Sweep Value: 16

[2025-10-06T17:57:01.091856] [TRACKER]   Config: {'frequency_ia': 16}

[2025-10-06T17:57:12.675825] [TRACKER] ITERATION 0 - Status: FAIL

[2025-10-06T17:57:12.790305] [TRACKER]   Sweep Value: 20

[2025-10-06T17:57:12.863375] [TRACKER]   Config: {'frequency_ia': 20}

[2025-10-06T17:57:23.856130] [TRACKER] ITERATION 0 - Status: FAIL

[2025-10-06T17:57:24.087072] [TRACKER]   Sweep Value: 24

[2025-10-06T17:57:24.203888] [TRACKER]   Config: {'frequency_ia': 24}

[2025-10-06T17:57:35.499505] [TRACKER] ITERATION 0 - Status: FAIL

[2025-10-06T17:57:35.567034] [TRACKER]   Sweep Value: 28

[2025-10-06T17:57:35.640230] [TRACKER]   Config: {'frequency_ia': 28}

[2025-10-06T17:57:47.241495] [TRACKER] ITERATION 0 - Status: FAIL

[2025-10-06T17:57:47.303837] [TRACKER]   Sweep Value: 32

[2025-10-06T17:57:47.356897] [TRACKER]   Config: {'frequency_ia': 32}

[2025-10-06T17:57:48.718382] [SUCCESS] EXPERIMENT COMPLETE - Result: SOLID_REPRO, Port: 0

[2025-10-06T17:57:48.774779] [INFO] Test Folder: C:\SystemDebug\Logs\20251006_175630_T1_IAFrequency

[2025-10-06T17:57:48.829169] [ANALYSIS] SWEEP ANALYSIS COMPLETE

[2025-10-06T17:57:48.893937] [ANALYSIS] Sweep Summary: {'sweep_type': 'frequency', 'sweep_domain': 'ia', 'total_points': 7, 'failure_points': 7, 'pattern': 'no_sensitivity'}
    Data: {
  "sweep_type": "frequency",
  "sweep_domain": "ia",
  "voltage_type": "vbump",
  "total_points": 7,
  "failure_points": 7,
  "pass_points": 0,
  "failure_values": [
    8,
    12,
    16,
    20,
    24,
    28,
    32
  ],
  "pass_values": [],
  "sensitivity_analysis": {
    "pattern": "no_sensitivity",
    "description": "Unit not sensitive to frequency ia (vbump) - fails across entire range (no recovery condition)",
    "recommendation": "Unit fails across entire tested frequency range - no sensitivity threshold found",
    "voltage_type_context": "vbump",
    "failure_mode": "complete_failure_no_recovery"
  }
}

[2025-10-06T17:57:49.079902] [INFO] Experiment data persisted to test section: IAFrequency

[2025-10-06T17:57:49.139157] [INFO] Node name: IA_Frequency

[2025-10-06T17:57:49.200520] [TRACKER] TRACKER STATE SNAPSHOT

[2025-10-06T17:57:49.258010] [TRACKER] Tracker State: {'experiments_count': 6, 'current_experiment': {'node_name': 'IA_Frequency', 'node_type': 'CharacterizationFlowInstance', 'iterations_count': 7}, 'flow_summary': {'total_nodes': 6, 'recovery_conditions': 0, 'failure_conditions': 1}}
    Data: {
  "experiments_count": 6,
  "current_experiment": {
    "node_name": "IA_Frequency",
    "node_type": "CharacterizationFlowInstance",
    "iterations_count": 7
  },
  "flow_summary": {
    "total_nodes": 6,
    "recovery_conditions": 0,
    "failure_conditions": 1
  }
}

[2025-10-06T17:57:49.548676] [ANALYSIS] Starting comprehensive analysis

[2025-10-06T17:57:49.624292] [ANALYSIS] COMPREHENSIVE ANALYSIS COMPLETE

[2025-10-06T17:57:49.695169] [ANALYSIS] Analysis Summary: {'total_experiments': 6, 'valid_experiments': 6, 'voltage_experiments': 2, 'frequency_experiments': 2, 'recovery_conditions': 0, 'failure_conditions': 1}
    Data: {
  "total_experiments": 6,
  "valid_experiments": 6,
  "voltage_experiments": 2,
  "frequency_experiments": 2,
  "recovery_conditions": 0,
  "failure_conditions": 1
}

[2025-10-06T17:57:50.021587] [INFO] Comprehensive analysis saved to: debug_logs\comprehensive_analysis_20251006_175241.json

[2025-10-06T17:57:50.559808] [SUCCESS] EXPERIMENT COMPLETE - Result: ANALYSIS_COMPLETE, Port: 0

[2025-10-06T17:57:50.614826] [ANALYSIS] SWEEP ANALYSIS COMPLETE

[2025-10-06T17:57:50.669908] [ANALYSIS] Sweep Summary: {'sweep_type': 'frequency', 'sweep_domain': 'ia', 'total_points': 7, 'failure_points': 7, 'pattern': 'no_sensitivity'}
    Data: {
  "sweep_type": "frequency",
  "sweep_domain": "ia",
  "voltage_type": "vbump",
  "total_points": 7,
  "failure_points": 7,
  "pass_points": 0,
  "failure_values": [
    8,
    12,
    16,
    20,
    24,
    28,
    32
  ],
  "pass_values": [],
  "sensitivity_analysis": {
    "pattern": "no_sensitivity",
    "description": "Unit not sensitive to frequency ia (vbump) - fails across entire range (no recovery condition)",
    "recommendation": "Unit fails across entire tested frequency range - no sensitivity threshold found",
    "voltage_type_context": "vbump",
    "failure_mode": "complete_failure_no_recovery"
  }
}

[2025-10-06T17:57:50.844080] [INFO] Experiment data persisted to test section: IAFrequency

[2025-10-06T17:57:50.904623] [INFO] Node name: IA_Frequency

[2025-10-06T17:57:50.963823] [TRACKER] TRACKER STATE SNAPSHOT

[2025-10-06T17:57:51.020574] [TRACKER] Tracker State: {'experiments_count': 7, 'current_experiment': {'node_name': 'IA_Frequency', 'node_type': 'CharacterizationFlowInstance', 'iterations_count': 7}, 'flow_summary': {'total_nodes': 7, 'recovery_conditions': 0, 'failure_conditions': 1}}
    Data: {
  "experiments_count": 7,
  "current_experiment": {
    "node_name": "IA_Frequency",
    "node_type": "CharacterizationFlowInstance",
    "iterations_count": 7
  },
  "flow_summary": {
    "total_nodes": 7,
    "recovery_conditions": 0,
    "failure_conditions": 1
  }
}

