=== EXPERIMENT TRACKER DEBUG SESSION STARTED ===
Session ID: 20251005_063027
Start Time: 2025-10-05T06:30:27.978285
============================================================

[2025-10-05T06:30:28.000890] [TRACKER] ExperimentTracker initialized

[2025-10-05T06:30:30.940692] [EXPERIMENT] EXPERIMENT START - Node: Base (ID: NODE_002)

[2025-10-05T06:30:31.036214] [CONFIG] Experiment config saved to: debug_logs\experiment_config_NODE_002_20251005_063027.json

[2025-10-05T06:30:31.084228] [CONFIG] Key Config Parameters: {'Test Type': 'Loops', 'Content': 'Dragon'}
    Data: {
  "Test Type": "Loops",
  "Content": "Dragon"
}

[2025-10-05T06:30:31.138067] [EXPERIMENT] Flow experiment started: Base

[2025-10-05T06:30:39.257029] [TRACKER] ITERATION 0 - Status: FAIL

[2025-10-05T06:30:57.488344] [TRACKER] ITERATION 0 - Status: FAIL

[2025-10-05T06:31:15.354910] [TRACKER] ITERATION 0 - Status: FAIL

[2025-10-05T06:31:16.849112] [SUCCESS] EXPERIMENT COMPLETE - Result: SOLID_REPRO, Port: 1

[2025-10-05T06:31:16.891829] [INFO] Test Folder: C:\SystemDebug\Logs\20251005_063031_T11_Baseline

[2025-10-05T06:31:17.089537] [INFO] Experiment data persisted to test section: Baseline

[2025-10-05T06:31:17.137923] [INFO] Node name: Base

[2025-10-05T06:31:17.189227] [TRACKER] TRACKER STATE SNAPSHOT

[2025-10-05T06:31:17.235696] [TRACKER] Tracker State: {'experiments_count': 1, 'current_experiment': {'node_name': 'Base', 'node_type': 'AllFailFlowInstance', 'iterations_count': 3}, 'flow_summary': {'total_nodes': 1, 'recovery_conditions': 0, 'failure_conditions': 1}}
    Data: {
  "experiments_count": 1,
  "current_experiment": {
    "node_name": "Base",
    "node_type": "AllFailFlowInstance",
    "iterations_count": 3
  },
  "flow_summary": {
    "total_nodes": 1,
    "recovery_conditions": 0,
    "failure_conditions": 1
  }
}

[2025-10-05T06:31:17.476716] [ANALYSIS] Getting adaptive analysis data for: AllFailFlowInstance

[2025-10-05T06:31:17.563696] [ANALYSIS] ADAPTIVE ANALYSIS

[2025-10-05T06:31:17.609032] [ANALYSIS] Source: Base (Port: 1)

[2025-10-05T06:31:17.663836] [ANALYSIS] Recovery Potential: low

[2025-10-05T06:31:17.711896] [ANALYSIS] Recommended Config: {'Experiment': 'Enabled', 'Test Name': 'Baseline', 'Test Mode': 'Mesh', 'Test Type': 'Loops', 'Visual ID': 'TestUnitData', 'Bucket': 'IDIPAR', 'COM Port': 11, 'IP Address': '192.168.0.2', 'TTL Folder': 'R:\\Templates\\GNR\\version_2_0\\TTL_DragonMesh', 'Scripts File': None, 'Post Process': None, 'Pass String': 'Test Complete', 'Fail String': 'Test Failed', 'Content': <ContentType.DRAGON: 'Dragon'>, 'Test Number': 11, 'Test Time': 30, 'Reset': True, 'Reset on PASS': True, 'FastBoot': True, 'Core License': '1: SSE/128', '600W Unit': False, 'Pseudo Config': True, 'Configuration (Mask)': 'FirstPass', 'Boot Breakpoint': None, 'Disable 2 Cores': None, 'Check Core': 7, 'Voltage Type': 'vbump', 'Voltage IA': None, 'Voltage CFC': None, 'Frequency IA': None, 'Frequency CFC': None, 'Loops': 5, 'Type': 'Voltage', 'Domain': 'IA', 'Start': -0.03, 'End': 0.06, 'Steps': 0.03, 'ShmooFile': 'C:\\SystemDebug\\Shmoos\\RVPShmooConfig.json', 'ShmooLabel': 'COREFIX', 'Linux Pre Command': None, 'Linux Post Command': None, 'Linux Pass String': None, 'Linux Fail String': None, 'Startup Linux': None, 'Linux Path': None, 'Linux Content Wait Time': None, 'Linux Content Line 0': None, 'Linux Content Line 1': None, 'Dragon Pre Command': None, 'Dragon Post Command': None, 'Startup Dragon': 'startup_efi.nsh', 'ULX Path': 'FS1:\\EFI\\ulx', 'ULX CPU': 'GNR_B0', 'Product Chop': 'GNR', 'VVAR0': '0x4C4B40', 'VVAR1': 80064000, 'VVAR2': '0x1000000', 'VVAR3': '0x4000000', 'VVAR_EXTRA': None, 'Dragon Content Path': 'FS1:\\content\\Dragon\\7410_0x0E_PPV_MM\\GNR128C_H_1UP\\', 'Dragon Content Line': None, 'Stop on Fail': True, 'Merlin Name': 'MerlinX.efi', 'Merlin Drive': 'FS1:', 'Merlin Path': 'FS1:\\EFI\\Version8.15\\BinFiles\\Release', 'Linux Content Line 2': None, 'Linux Content Line 3': None, 'Linux Content Line 4': None, 'Linux Content Line 5': None, 'executed': True, 'execution status': 'COMPLETED_UNKNOWN', 'node name': 'ExtendedDragon', 'node type': 'AllFailFlowInstance', 'node id': 'NODE_010', 'execution timestamp': '2025-10-05T06:16:06.776954', 'start time': '2025-10-05T06:15:19.098959', 'end time': '2025-10-05T06:16:06.716235', 'duration seconds': 47, 'final result': 'CONFIG_PASSED', 'output port': False, 'total iterations': 3, 'pass count': False, 'fail count': 3, 'other count': False, 'pass rate percent': 0.0, 'test folder': '', 'summary file': '', 'config test type': 'Loops', 'config content': 'Dragon', 'config voltage type': 'vbump', 'config configuration mask': 'FirstPass', 'config check core': 7, 'config type': 'Voltage', 'config domain': 'IA', 'config start': -0.03, 'config end': 0.06, 'config steps': 0.03, 'config loops': 5, 'result summary': 'Failing: 3 failures, no passes'}
    Data: {
  "Experiment": "Enabled",
  "Test Name": "Baseline",
  "Test Mode": "Mesh",
  "Test Type": "Loops",
  "Visual ID": "TestUnitData",
  "Bucket": "IDIPAR",
  "COM Port": 11,
  "IP Address": "192.168.0.2",
  "TTL Folder": "R:\\Templates\\GNR\\version_2_0\\TTL_DragonMesh",
  "Scripts File": null,
  "Post Process": null,
  "Pass String": "Test Complete",
  "Fail String": "Test Failed",
  "Content": "ContentType.DRAGON",
  "Test Number": 11,
  "Test Time": 30,
  "Reset": true,
  "Reset on PASS": true,
  "FastBoot": true,
  "Core License": "1: SSE/128",
  "600W Unit": false,
  "Pseudo Config": true,
  "Configuration (Mask)": "FirstPass",
  "Boot Breakpoint": null,
  "Disable 2 Cores": null,
  "Check Core": 7,
  "Voltage Type": "vbump",
  "Voltage IA": null,
  "Voltage CFC": null,
  "Frequency IA": null,
  "Frequency CFC": null,
  "Loops": 5,
  "Type": "Voltage",
  "Domain": "IA",
  "Start": -0.03,
  "End": 0.06,
  "Steps": 0.03,
  "ShmooFile": "C:\\SystemDebug\\Shmoos\\RVPShmooConfig.json",
  "ShmooLabel": "COREFIX",
  "Linux Pre Command": null,
  "Linux Post Command": null,
  "Linux Pass String": null,
  "Linux Fail String": null,
  "Startup Linux": null,
  "Linux Path": null,
  "Linux Content Wait Time": null,
  "Linux Content Line 0": null,
  "Linux Content Line 1": null,
  "Dragon Pre Command": null,
  "Dragon Post Command": null,
  "Startup Dragon": "startup_efi.nsh",
  "ULX Path": "FS1:\\EFI\\ulx",
  "ULX CPU": "GNR_B0",
  "Product Chop": "GNR",
  "VVAR0": "0x4C4B40",
  "VVAR1": 80064000,
  "VVAR2": "0x1000000",
  "VVAR3": "0x4000000",
  "VVAR_EXTRA": null,
  "Dragon Content Path": "FS1:\\content\\Dragon\\7410_0x0E_PPV_MM\\GNR128C_H_1UP\\",
  "Dragon Content Line": null,
  "Stop on Fail": true,
  "Merlin Name": "MerlinX.efi",
  "Merlin Drive": "FS1:",
  "Merlin Path": "FS1:\\EFI\\Version8.15\\BinFiles\\Release",
  "Linux Content Line 2": null,
  "Linux Content Line 3": null,
  "Linux Content Line 4": null,
  "Linux Content Line 5": null,
  "executed": true,
  "execution status": "COMPLETED_UNKNOWN",
  "node name": "ExtendedDragon",
  "node type": "AllFailFlowInstance",
  "node id": "NODE_010",
  "execution timestamp": "2025-10-05T06:16:06.776954",
  "start time": "2025-10-05T06:15:19.098959",
  "end time": "2025-10-05T06:16:06.716235",
  "duration seconds": 47,
  "final result": "CONFIG_PASSED",
  "output port": false,
  "total iterations": 3,
  "pass count": false,
  "fail count": 3,
  "other count": false,
  "pass rate percent": 0.0,
  "test folder": "",
  "summary file": "",
  "config test type": "Loops",
  "config content": "Dragon",
  "config voltage type": "vbump",
  "config configuration mask": "FirstPass",
  "config check core": 7,
  "config type": "Voltage",
  "config domain": "IA",
  "config start": -0.03,
  "config end": 0.06,
  "config steps": 0.03,
  "config loops": 5,
  "result summary": "Failing: 3 failures, no passes"
}

[2025-10-05T06:31:17.871177] [SUCCESS] EXPERIMENT COMPLETE - Result: CONFIG_PASSED, Port: 0

[2025-10-05T06:31:18.043548] [INFO] Experiment data persisted to test section: Baseline

[2025-10-05T06:31:18.102759] [INFO] Node name: Base

[2025-10-05T06:31:18.162783] [TRACKER] TRACKER STATE SNAPSHOT

[2025-10-05T06:31:18.222614] [TRACKER] Tracker State: {'experiments_count': 2, 'current_experiment': {'node_name': 'Base', 'node_type': 'AllFailFlowInstance', 'iterations_count': 3}, 'flow_summary': {'total_nodes': 2, 'recovery_conditions': 0, 'failure_conditions': 1}}
    Data: {
  "experiments_count": 2,
  "current_experiment": {
    "node_name": "Base",
    "node_type": "AllFailFlowInstance",
    "iterations_count": 3
  },
  "flow_summary": {
    "total_nodes": 2,
    "recovery_conditions": 0,
    "failure_conditions": 1
  }
}

[2025-10-05T06:31:19.127960] [EXPERIMENT] EXPERIMENT START - Node: VoltageCFC (ID: NODE_006)

[2025-10-05T06:31:19.224128] [CONFIG] Experiment config saved to: debug_logs\experiment_config_NODE_006_20251005_063027.json

[2025-10-05T06:31:19.294518] [CONFIG] Key Config Parameters: {'Test Type': 'Sweep', 'Content': <ContentType.DRAGON: 'Dragon'>}
    Data: {
  "Test Type": "Sweep",
  "Content": "ContentType.DRAGON"
}

[2025-10-05T06:31:19.356601] [EXPERIMENT] Flow experiment started: VoltageCFC

[2025-10-05T06:31:26.992996] [TRACKER] ITERATION 0 - Status: FAIL

[2025-10-05T06:31:27.058993] [TRACKER]   Sweep Value: -0.04

[2025-10-05T06:31:27.114319] [TRACKER]   Config: {'voltage_cfc': -0.04}

[2025-10-05T06:31:37.688773] [TRACKER] ITERATION 0 - Status: FAIL

[2025-10-05T06:31:37.750623] [TRACKER]   Sweep Value: -0.02

[2025-10-05T06:31:37.802754] [TRACKER]   Config: {'voltage_cfc': -0.02}

[2025-10-05T06:31:49.091672] [TRACKER] ITERATION 0 - Status: FAIL

[2025-10-05T06:31:49.215627] [TRACKER]   Sweep Value: 0.0

[2025-10-05T06:31:49.280425] [TRACKER]   Config: {'voltage_cfc': 0.0}

[2025-10-05T06:32:00.908384] [TRACKER] ITERATION 0 - Status: FAIL

[2025-10-05T06:32:00.971755] [TRACKER]   Sweep Value: 0.02

[2025-10-05T06:32:01.026426] [TRACKER]   Config: {'voltage_cfc': 0.02}

[2025-10-05T06:32:12.182823] [TRACKER] ITERATION 0 - Status: FAIL

[2025-10-05T06:32:12.251986] [TRACKER]   Sweep Value: 0.04

[2025-10-05T06:32:12.317764] [TRACKER]   Config: {'voltage_cfc': 0.04}

[2025-10-05T06:32:23.677979] [TRACKER] ITERATION 0 - Status: FAIL

[2025-10-05T06:32:23.742024] [TRACKER]   Sweep Value: 0.06

[2025-10-05T06:32:23.797138] [TRACKER]   Config: {'voltage_cfc': 0.06}

[2025-10-05T06:32:34.160418] [TRACKER] ITERATION 0 - Status: FAIL

[2025-10-05T06:32:34.221297] [TRACKER]   Sweep Value: 0.08

[2025-10-05T06:32:34.274875] [TRACKER]   Config: {'voltage_cfc': 0.08}

[2025-10-05T06:32:44.569187] [TRACKER] ITERATION 0 - Status: FAIL

[2025-10-05T06:32:44.629701] [TRACKER]   Sweep Value: 0.1

[2025-10-05T06:32:44.686110] [TRACKER]   Config: {'voltage_cfc': 0.1}

[2025-10-05T06:32:46.198214] [SUCCESS] EXPERIMENT COMPLETE - Result: SOLID_REPRO, Port: 0

[2025-10-05T06:32:46.347056] [INFO] Test Folder: C:\SystemDebug\Logs\20251005_063119_T11_CFCVoltage

[2025-10-05T06:32:46.461655] [ANALYSIS] SWEEP ANALYSIS COMPLETE

[2025-10-05T06:32:46.646743] [ANALYSIS] Sweep Summary: {'sweep_type': 'voltage', 'sweep_domain': 'cfc', 'total_points': 8, 'failure_points': 8, 'pattern': 'no_sensitivity'}
    Data: {
  "sweep_type": "voltage",
  "sweep_domain": "cfc",
  "voltage_type": "vbump",
  "total_points": 8,
  "failure_points": 8,
  "pass_points": 0,
  "failure_values": [
    -0.04,
    -0.02,
    0.0,
    0.02,
    0.04,
    0.06,
    0.08,
    0.1
  ],
  "pass_values": [],
  "sensitivity_analysis": {
    "pattern": "no_sensitivity",
    "description": "Unit not sensitive to voltage cfc (vbump) - fails across entire range (no recovery condition)",
    "recommendation": "Unit fails across entire tested voltage range - no sensitivity threshold found",
    "voltage_type_context": "vbump",
    "failure_mode": "complete_failure_no_recovery"
  }
}

[2025-10-05T06:32:47.186960] [INFO] Experiment data persisted to test section: CFCVoltage

[2025-10-05T06:32:47.280091] [INFO] Node name: VoltageCFC

[2025-10-05T06:32:47.396177] [TRACKER] TRACKER STATE SNAPSHOT

[2025-10-05T06:32:47.498720] [TRACKER] Tracker State: {'experiments_count': 3, 'current_experiment': {'node_name': 'VoltageCFC', 'node_type': 'CharacterizationFlowInstance', 'iterations_count': 8}, 'flow_summary': {'total_nodes': 3, 'recovery_conditions': 0, 'failure_conditions': 1}}
    Data: {
  "experiments_count": 3,
  "current_experiment": {
    "node_name": "VoltageCFC",
    "node_type": "CharacterizationFlowInstance",
    "iterations_count": 8
  },
  "flow_summary": {
    "total_nodes": 3,
    "recovery_conditions": 0,
    "failure_conditions": 1
  }
}

[2025-10-05T06:32:48.917987] [EXPERIMENT] EXPERIMENT START - Node: FreqCFC (ID: NODE_007)

[2025-10-05T06:32:49.013360] [CONFIG] Experiment config saved to: debug_logs\experiment_config_NODE_007_20251005_063027.json

[2025-10-05T06:32:49.068061] [CONFIG] Key Config Parameters: {'Test Type': 'Sweep', 'Content': <ContentType.DRAGON: 'Dragon'>}
    Data: {
  "Test Type": "Sweep",
  "Content": "ContentType.DRAGON"
}

[2025-10-05T06:32:49.129216] [EXPERIMENT] Flow experiment started: FreqCFC

[2025-10-05T06:32:56.898645] [TRACKER] ITERATION 0 - Status: FAIL

[2025-10-05T06:32:56.961098] [TRACKER]   Sweep Value: 8

[2025-10-05T06:32:57.016302] [TRACKER]   Config: {'voltage_cfc': 0.1, 'frequency_cfc': 8}

[2025-10-05T06:33:06.922196] [TRACKER] ITERATION 0 - Status: PASS

[2025-10-05T06:33:06.990658] [TRACKER]   Sweep Value: 12

[2025-10-05T06:33:07.047397] [TRACKER]   Config: {'voltage_cfc': 0.1, 'frequency_cfc': 12}

[2025-10-05T06:33:18.149050] [TRACKER] ITERATION 0 - Status: FAIL

[2025-10-05T06:33:18.212444] [TRACKER]   Sweep Value: 16

[2025-10-05T06:33:18.275462] [TRACKER]   Config: {'voltage_cfc': 0.1, 'frequency_cfc': 16}

[2025-10-05T06:33:29.092980] [TRACKER] ITERATION 0 - Status: FAIL

[2025-10-05T06:33:29.154352] [TRACKER]   Sweep Value: 20

[2025-10-05T06:33:29.208460] [TRACKER]   Config: {'voltage_cfc': 0.1, 'frequency_cfc': 20}

[2025-10-05T06:33:39.693921] [TRACKER] ITERATION 0 - Status: FAIL

[2025-10-05T06:33:39.755175] [TRACKER]   Sweep Value: 24

[2025-10-05T06:33:39.805559] [TRACKER]   Config: {'voltage_cfc': 0.1, 'frequency_cfc': 24}

[2025-10-05T06:33:41.205375] [SUCCESS] EXPERIMENT COMPLETE - Result: MOSTLY_FAILING, Port: 0

[2025-10-05T06:33:41.257978] [INFO] Test Folder: C:\SystemDebug\Logs\20251005_063249_T11_CFCFrequency

[2025-10-05T06:33:41.314576] [ANALYSIS] SWEEP ANALYSIS COMPLETE

[2025-10-05T06:33:41.380627] [ANALYSIS] Sweep Summary: {'sweep_type': 'frequency', 'sweep_domain': 'cfc', 'total_points': 5, 'failure_points': 4, 'pattern': 'mixed_sensitivity'}
    Data: {
  "sweep_type": "frequency",
  "sweep_domain": "cfc",
  "voltage_type": "vbump",
  "total_points": 5,
  "failure_points": 4,
  "pass_points": 1,
  "failure_values": [
    8,
    16,
    20,
    24
  ],
  "pass_values": [
    12
  ],
  "sensitivity_analysis": {
    "pattern": "mixed_sensitivity",
    "description": "Unit has mixed sensitivity pattern for frequency cfc (vbump)",
    "failure_range": [
      8,
      24
    ],
    "pass_range": [
      12,
      12
    ],
    "safe_values": [
      12
    ],
    "voltage_type_context": "vbump",
    "recommendation": "Avoid failure values, use passing values for recovery (vbump specific to tested domain)"
  }
}

[2025-10-05T06:33:41.570128] [INFO] Experiment data persisted to test section: CFCFrequency

[2025-10-05T06:33:41.626383] [INFO] Node name: FreqCFC

[2025-10-05T06:33:41.682625] [TRACKER] TRACKER STATE SNAPSHOT

[2025-10-05T06:33:41.739373] [TRACKER] Tracker State: {'experiments_count': 4, 'current_experiment': {'node_name': 'FreqCFC', 'node_type': 'CharacterizationFlowInstance', 'iterations_count': 5}, 'flow_summary': {'total_nodes': 4, 'recovery_conditions': 0, 'failure_conditions': 1}}
    Data: {
  "experiments_count": 4,
  "current_experiment": {
    "node_name": "FreqCFC",
    "node_type": "CharacterizationFlowInstance",
    "iterations_count": 5
  },
  "flow_summary": {
    "total_nodes": 4,
    "recovery_conditions": 0,
    "failure_conditions": 1
  }
}

[2025-10-05T06:33:43.020054] [EXPERIMENT] EXPERIMENT START - Node: VoltageIA (ID: NODE_008)

[2025-10-05T06:33:43.114032] [CONFIG] Experiment config saved to: debug_logs\experiment_config_NODE_008_20251005_063027.json

[2025-10-05T06:33:43.168212] [CONFIG] Key Config Parameters: {'Test Type': 'Sweep', 'Content': <ContentType.DRAGON: 'Dragon'>}
    Data: {
  "Test Type": "Sweep",
  "Content": "ContentType.DRAGON"
}

[2025-10-05T06:33:43.225220] [EXPERIMENT] Flow experiment started: VoltageIA

[2025-10-05T06:33:50.538674] [TRACKER] ITERATION 0 - Status: FAIL

[2025-10-05T06:33:50.601240] [TRACKER]   Sweep Value: 0.0

[2025-10-05T06:33:50.664877] [TRACKER]   Config: {'voltage_ia': 0.0, 'voltage_cfc': 0.1, 'frequency_cfc': 24}

[2025-10-05T06:34:01.239107] [TRACKER] ITERATION 0 - Status: PASS

[2025-10-05T06:34:01.380590] [TRACKER]   Sweep Value: 0.02

[2025-10-05T06:34:01.439970] [TRACKER]   Config: {'voltage_ia': 0.02, 'voltage_cfc': 0.1, 'frequency_cfc': 24}

[2025-10-05T06:34:11.325177] [TRACKER] ITERATION 0 - Status: FAIL

[2025-10-05T06:34:11.387672] [TRACKER]   Sweep Value: 0.04

[2025-10-05T06:34:11.442717] [TRACKER]   Config: {'voltage_ia': 0.04, 'voltage_cfc': 0.1, 'frequency_cfc': 24}

[2025-10-05T06:34:22.559568] [TRACKER] ITERATION 0 - Status: FAIL

[2025-10-05T06:34:22.618057] [TRACKER]   Sweep Value: 0.06

[2025-10-05T06:34:22.673556] [TRACKER]   Config: {'voltage_ia': 0.06, 'voltage_cfc': 0.1, 'frequency_cfc': 24}

[2025-10-05T06:34:33.452378] [TRACKER] ITERATION 0 - Status: FAIL

[2025-10-05T06:34:33.519102] [TRACKER]   Sweep Value: 0.08

[2025-10-05T06:34:33.577485] [TRACKER]   Config: {'voltage_ia': 0.08, 'voltage_cfc': 0.1, 'frequency_cfc': 24}

[2025-10-05T06:34:44.811395] [TRACKER] ITERATION 0 - Status: FAIL

[2025-10-05T06:34:44.869751] [TRACKER]   Sweep Value: 0.1

[2025-10-05T06:34:44.918808] [TRACKER]   Config: {'voltage_ia': 0.1, 'voltage_cfc': 0.1, 'frequency_cfc': 24}

[2025-10-05T06:34:46.333605] [SUCCESS] EXPERIMENT COMPLETE - Result: MOSTLY_FAILING, Port: 0

[2025-10-05T06:34:46.382507] [INFO] Test Folder: C:\SystemDebug\Logs\20251005_063343_T11_CoreVoltage

[2025-10-05T06:34:46.433295] [ANALYSIS] SWEEP ANALYSIS COMPLETE

[2025-10-05T06:34:46.483728] [ANALYSIS] Sweep Summary: {'sweep_type': 'voltage', 'sweep_domain': 'ia', 'total_points': 6, 'failure_points': 5, 'pattern': 'mixed_sensitivity'}
    Data: {
  "sweep_type": "voltage",
  "sweep_domain": "ia",
  "voltage_type": "vbump",
  "total_points": 6,
  "failure_points": 5,
  "pass_points": 1,
  "failure_values": [
    0.0,
    0.04,
    0.06,
    0.08,
    0.1
  ],
  "pass_values": [
    0.02
  ],
  "sensitivity_analysis": {
    "pattern": "mixed_sensitivity",
    "description": "Unit has mixed sensitivity pattern for voltage ia (vbump)",
    "failure_range": [
      0.0,
      0.1
    ],
    "pass_range": [
      0.02,
      0.02
    ],
    "safe_values": [
      0.02
    ],
    "voltage_type_context": "vbump",
    "recommendation": "Avoid failure values, use passing values for recovery (vbump specific to tested domain)"
  }
}

[2025-10-05T06:34:46.677309] [INFO] Experiment data persisted to test section: CoreVoltage

[2025-10-05T06:34:46.729140] [INFO] Node name: VoltageIA

[2025-10-05T06:34:46.788553] [TRACKER] TRACKER STATE SNAPSHOT

[2025-10-05T06:34:46.845498] [TRACKER] Tracker State: {'experiments_count': 5, 'current_experiment': {'node_name': 'VoltageIA', 'node_type': 'CharacterizationFlowInstance', 'iterations_count': 6}, 'flow_summary': {'total_nodes': 5, 'recovery_conditions': 0, 'failure_conditions': 1}}
    Data: {
  "experiments_count": 5,
  "current_experiment": {
    "node_name": "VoltageIA",
    "node_type": "CharacterizationFlowInstance",
    "iterations_count": 6
  },
  "flow_summary": {
    "total_nodes": 5,
    "recovery_conditions": 0,
    "failure_conditions": 1
  }
}

[2025-10-05T06:34:48.168386] [EXPERIMENT] EXPERIMENT START - Node: FreqIA (ID: NODE_009)

[2025-10-05T06:34:48.255588] [CONFIG] Experiment config saved to: debug_logs\experiment_config_NODE_009_20251005_063027.json

[2025-10-05T06:34:48.311425] [CONFIG] Key Config Parameters: {'Test Type': 'Sweep', 'Content': <ContentType.DRAGON: 'Dragon'>}
    Data: {
  "Test Type": "Sweep",
  "Content": "ContentType.DRAGON"
}

[2025-10-05T06:34:48.371397] [EXPERIMENT] Flow experiment started: FreqIA

[2025-10-05T06:34:55.221594] [TRACKER] ITERATION 0 - Status: FAIL

[2025-10-05T06:34:55.284500] [TRACKER]   Sweep Value: 8

[2025-10-05T06:34:55.359705] [TRACKER]   Config: {'voltage_ia': 0.1, 'voltage_cfc': 0.1, 'frequency_ia': 8, 'frequency_cfc': 24}

[2025-10-05T06:35:06.564357] [TRACKER] ITERATION 0 - Status: FAIL

[2025-10-05T06:35:06.627376] [TRACKER]   Sweep Value: 12

[2025-10-05T06:35:06.684061] [TRACKER]   Config: {'voltage_ia': 0.1, 'voltage_cfc': 0.1, 'frequency_ia': 12, 'frequency_cfc': 24}

[2025-10-05T06:35:17.430322] [TRACKER] ITERATION 0 - Status: FAIL

[2025-10-05T06:35:17.488411] [TRACKER]   Sweep Value: 16

[2025-10-05T06:35:17.541872] [TRACKER]   Config: {'voltage_ia': 0.1, 'voltage_cfc': 0.1, 'frequency_ia': 16, 'frequency_cfc': 24}

[2025-10-05T06:35:28.407479] [TRACKER] ITERATION 0 - Status: PASS

[2025-10-05T06:35:28.468924] [TRACKER]   Sweep Value: 20

[2025-10-05T06:35:28.545372] [TRACKER]   Config: {'voltage_ia': 0.1, 'voltage_cfc': 0.1, 'frequency_ia': 20, 'frequency_cfc': 24}

[2025-10-05T06:35:39.409526] [TRACKER] ITERATION 0 - Status: FAIL

[2025-10-05T06:35:39.472956] [TRACKER]   Sweep Value: 24

[2025-10-05T06:35:39.533207] [TRACKER]   Config: {'voltage_ia': 0.1, 'voltage_cfc': 0.1, 'frequency_ia': 24, 'frequency_cfc': 24}

[2025-10-05T06:35:50.684373] [TRACKER] ITERATION 0 - Status: FAIL

[2025-10-05T06:35:50.744479] [TRACKER]   Sweep Value: 28

[2025-10-05T06:35:50.798809] [TRACKER]   Config: {'voltage_ia': 0.1, 'voltage_cfc': 0.1, 'frequency_ia': 28, 'frequency_cfc': 24}

[2025-10-05T06:36:01.929287] [TRACKER] ITERATION 0 - Status: FAIL

[2025-10-05T06:36:01.990029] [TRACKER]   Sweep Value: 32

[2025-10-05T06:36:02.044980] [TRACKER]   Config: {'voltage_ia': 0.1, 'voltage_cfc': 0.1, 'frequency_ia': 32, 'frequency_cfc': 24}

[2025-10-05T06:36:03.909745] [SUCCESS] EXPERIMENT COMPLETE - Result: MOSTLY_FAILING, Port: 0

[2025-10-05T06:36:03.961002] [INFO] Test Folder: C:\SystemDebug\Logs\20251005_063448_T11_CoreFrequency

[2025-10-05T06:36:04.011291] [ANALYSIS] SWEEP ANALYSIS COMPLETE

[2025-10-05T06:36:04.062151] [ANALYSIS] Sweep Summary: {'sweep_type': 'frequency', 'sweep_domain': 'ia', 'total_points': 7, 'failure_points': 6, 'pattern': 'mixed_sensitivity'}
    Data: {
  "sweep_type": "frequency",
  "sweep_domain": "ia",
  "voltage_type": "ppvc",
  "total_points": 7,
  "failure_points": 6,
  "pass_points": 1,
  "failure_values": [
    8,
    12,
    16,
    24,
    28,
    32
  ],
  "pass_values": [
    20
  ],
  "sensitivity_analysis": {
    "pattern": "mixed_sensitivity",
    "description": "Unit has mixed sensitivity pattern for frequency ia (ppvc)",
    "failure_range": [
      8,
      32
    ],
    "pass_range": [
      20,
      20
    ],
    "safe_values": [
      20
    ],
    "voltage_type_context": "ppvc",
    "recommendation": "Avoid failure values, use passing values for recovery"
  }
}

[2025-10-05T06:36:04.264303] [INFO] Experiment data persisted to test section: CoreFrequency

[2025-10-05T06:36:04.318585] [INFO] Node name: FreqIA

[2025-10-05T06:36:04.374236] [TRACKER] TRACKER STATE SNAPSHOT

[2025-10-05T06:36:04.426794] [TRACKER] Tracker State: {'experiments_count': 6, 'current_experiment': {'node_name': 'FreqIA', 'node_type': 'CharacterizationFlowInstance', 'iterations_count': 7}, 'flow_summary': {'total_nodes': 6, 'recovery_conditions': 0, 'failure_conditions': 1}}
    Data: {
  "experiments_count": 6,
  "current_experiment": {
    "node_name": "FreqIA",
    "node_type": "CharacterizationFlowInstance",
    "iterations_count": 7
  },
  "flow_summary": {
    "total_nodes": 6,
    "recovery_conditions": 0,
    "failure_conditions": 1
  }
}

[2025-10-05T06:36:05.006505] [ANALYSIS] Starting comprehensive analysis

[2025-10-05T06:36:05.089188] [ANALYSIS] COMPREHENSIVE ANALYSIS COMPLETE

[2025-10-05T06:36:05.140166] [ANALYSIS] Analysis Summary: {'total_experiments': 6, 'valid_experiments': 6, 'voltage_experiments': 2, 'frequency_experiments': 2, 'recovery_conditions': 0, 'failure_conditions': 1}
    Data: {
  "total_experiments": 6,
  "valid_experiments": 6,
  "voltage_experiments": 2,
  "frequency_experiments": 2,
  "recovery_conditions": 0,
  "failure_conditions": 1
}

[2025-10-05T06:36:05.357892] [INFO] Comprehensive analysis saved to: debug_logs\comprehensive_analysis_20251005_063027.json

[2025-10-05T06:36:05.913523] [SUCCESS] EXPERIMENT COMPLETE - Result: ANALYSIS_COMPLETE, Port: 0

[2025-10-05T06:36:05.966056] [ANALYSIS] SWEEP ANALYSIS COMPLETE

[2025-10-05T06:36:06.017303] [ANALYSIS] Sweep Summary: {'sweep_type': 'frequency', 'sweep_domain': 'ia', 'total_points': 7, 'failure_points': 6, 'pattern': 'mixed_sensitivity'}
    Data: {
  "sweep_type": "frequency",
  "sweep_domain": "ia",
  "voltage_type": "ppvc",
  "total_points": 7,
  "failure_points": 6,
  "pass_points": 1,
  "failure_values": [
    8,
    12,
    16,
    24,
    28,
    32
  ],
  "pass_values": [
    20
  ],
  "sensitivity_analysis": {
    "pattern": "mixed_sensitivity",
    "description": "Unit has mixed sensitivity pattern for frequency ia (ppvc)",
    "failure_range": [
      8,
      32
    ],
    "pass_range": [
      20,
      20
    ],
    "safe_values": [
      20
    ],
    "voltage_type_context": "ppvc",
    "recommendation": "Avoid failure values, use passing values for recovery"
  }
}

[2025-10-05T06:36:06.185328] [INFO] Experiment data persisted to test section: CoreFrequency

[2025-10-05T06:36:06.237069] [INFO] Node name: FreqIA

[2025-10-05T06:36:06.285301] [TRACKER] TRACKER STATE SNAPSHOT

[2025-10-05T06:36:06.342150] [TRACKER] Tracker State: {'experiments_count': 7, 'current_experiment': {'node_name': 'FreqIA', 'node_type': 'CharacterizationFlowInstance', 'iterations_count': 7}, 'flow_summary': {'total_nodes': 7, 'recovery_conditions': 0, 'failure_conditions': 1}}
    Data: {
  "experiments_count": 7,
  "current_experiment": {
    "node_name": "FreqIA",
    "node_type": "CharacterizationFlowInstance",
    "iterations_count": 7
  },
  "flow_summary": {
    "total_nodes": 7,
    "recovery_conditions": 0,
    "failure_conditions": 1
  }
}

