=== EXPERIMENT TRACKER DEBUG SESSION STARTED ===
Session ID: 20251006_204723
Start Time: 2025-10-06T20:47:23.293673
============================================================

[2025-10-06T20:47:23.312268] [TRACKER] ExperimentTracker initialized

[2025-10-06T20:47:25.276800] [EXPERIMENT] EXPERIMENT START - Node: BaseRepro (ID: NODE_002)

[2025-10-06T20:47:25.363593] [CONFIG] Experiment config saved to: debug_logs\experiment_config_NODE_002_20251006_204723.json

[2025-10-06T20:47:25.410054] [CONFIG] Key Config Parameters: {'Test Type': 'Loops', 'Content': 'Dragon'}
    Data: {
  "Test Type": "Loops",
  "Content": "Dragon"
}

[2025-10-06T20:47:25.462212] [EXPERIMENT] Flow experiment started: BaseRepro

[2025-10-06T20:47:33.960230] [TRACKER] ITERATION 1 - Status: PASS

[2025-10-06T20:47:51.714754] [TRACKER] ITERATION 2 - Status: FAIL

[2025-10-06T20:48:09.448500] [TRACKER] ITERATION 3 - Status: FAIL

[2025-10-06T20:48:27.277563] [TRACKER] ITERATION 4 - Status: FAIL

[2025-10-06T20:48:45.154528] [TRACKER] ITERATION 5 - Status: FAIL

[2025-10-06T20:48:46.580067] [SUCCESS] EXPERIMENT COMPLETE - Result: MOSTLY_FAILING, Port: 2

[2025-10-06T20:48:46.625440] [INFO] Test Folder: C:\SystemDebug\Logs\20251006_204725_T1_DragonBaseline

[2025-10-06T20:48:46.784317] [INFO] Experiment data persisted to test section: DragonBaseline

[2025-10-06T20:48:46.827325] [INFO] Node name: BaseRepro

[2025-10-06T20:48:46.868002] [TRACKER] TRACKER STATE SNAPSHOT

[2025-10-06T20:48:46.912334] [TRACKER] Tracker State: {'experiments_count': 1, 'current_experiment': {'node_name': 'BaseRepro', 'node_type': 'AllFailFlowInstance', 'iterations_count': 5}, 'flow_summary': {'total_nodes': 1, 'recovery_conditions': 0, 'failure_conditions': 0}}
    Data: {
  "experiments_count": 1,
  "current_experiment": {
    "node_name": "BaseRepro",
    "node_type": "AllFailFlowInstance",
    "iterations_count": 5
  },
  "flow_summary": {
    "total_nodes": 1,
    "recovery_conditions": 0,
    "failure_conditions": 0
  }
}

[2025-10-06T20:48:47.073320] [EXPERIMENT] EXPERIMENT START - Node: PPVC (ID: NODE_003)

[2025-10-06T20:48:47.158422] [CONFIG] Experiment config saved to: debug_logs\experiment_config_NODE_003_20251006_204723.json

[2025-10-06T20:48:47.202585] [CONFIG] Key Config Parameters: {'Test Type': 'Loops', 'Content': 'Dragon'}
    Data: {
  "Test Type": "Loops",
  "Content": "Dragon"
}

[2025-10-06T20:48:47.249083] [EXPERIMENT] Flow experiment started: PPVC

[2025-10-06T20:48:55.320270] [TRACKER] ITERATION 1 - Status: FAIL

[2025-10-06T20:49:13.738718] [TRACKER] ITERATION 2 - Status: FAIL

[2025-10-06T20:49:31.547243] [TRACKER] ITERATION 3 - Status: FAIL

[2025-10-06T20:49:32.831047] [SUCCESS] EXPERIMENT COMPLETE - Result: SOLID_REPRO, Port: 2

[2025-10-06T20:49:32.874941] [INFO] Test Folder: C:\SystemDebug\Logs\20251006_204847_T2_DragonPPVC

[2025-10-06T20:49:33.060451] [INFO] Experiment data persisted to test section: DragonPPVC

[2025-10-06T20:49:33.105019] [INFO] Node name: PPVC

[2025-10-06T20:49:33.151166] [TRACKER] TRACKER STATE SNAPSHOT

[2025-10-06T20:49:33.194717] [TRACKER] Tracker State: {'experiments_count': 2, 'current_experiment': {'node_name': 'PPVC', 'node_type': 'AllFailFlowInstance', 'iterations_count': 3}, 'flow_summary': {'total_nodes': 2, 'recovery_conditions': 0, 'failure_conditions': 0}}
    Data: {
  "experiments_count": 2,
  "current_experiment": {
    "node_name": "PPVC",
    "node_type": "AllFailFlowInstance",
    "iterations_count": 3
  },
  "flow_summary": {
    "total_nodes": 2,
    "recovery_conditions": 0,
    "failure_conditions": 0
  }
}

[2025-10-06T20:49:33.389503] [EXPERIMENT] EXPERIMENT START - Node: ExtendedDragon (ID: NODE_004)

[2025-10-06T20:49:33.473516] [CONFIG] Experiment config saved to: debug_logs\experiment_config_NODE_004_20251006_204723.json

[2025-10-06T20:49:33.534635] [CONFIG] Key Config Parameters: {'Test Type': 'Loops', 'Content': 'Dragon'}
    Data: {
  "Test Type": "Loops",
  "Content": "Dragon"
}

[2025-10-06T20:49:33.647715] [EXPERIMENT] Flow experiment started: ExtendedDragon

[2025-10-06T20:49:40.926242] [TRACKER] ITERATION 1 - Status: FAIL

[2025-10-06T20:49:59.304221] [TRACKER] ITERATION 2 - Status: FAIL

[2025-10-06T20:50:17.331015] [TRACKER] ITERATION 3 - Status: FAIL

[2025-10-06T20:50:18.675519] [SUCCESS] EXPERIMENT COMPLETE - Result: SOLID_REPRO, Port: 1

[2025-10-06T20:50:18.731690] [INFO] Test Folder: C:\SystemDebug\Logs\20251006_204934_T2_DragonPPVC

[2025-10-06T20:50:18.917150] [INFO] Experiment data persisted to test section: DragonPPVC

[2025-10-06T20:50:18.974790] [INFO] Node name: ExtendedDragon

[2025-10-06T20:50:19.025368] [TRACKER] TRACKER STATE SNAPSHOT

[2025-10-06T20:50:19.075768] [TRACKER] Tracker State: {'experiments_count': 3, 'current_experiment': {'node_name': 'ExtendedDragon', 'node_type': 'AllFailFlowInstance', 'iterations_count': 3}, 'flow_summary': {'total_nodes': 3, 'recovery_conditions': 0, 'failure_conditions': 1}}
    Data: {
  "experiments_count": 3,
  "current_experiment": {
    "node_name": "ExtendedDragon",
    "node_type": "AllFailFlowInstance",
    "iterations_count": 3
  },
  "flow_summary": {
    "total_nodes": 3,
    "recovery_conditions": 0,
    "failure_conditions": 1
  }
}

[2025-10-06T20:50:19.232048] [ANALYSIS] Getting adaptive analysis data for: AllFailFlowInstance

[2025-10-06T20:50:19.300439] [ANALYSIS] ADAPTIVE ANALYSIS

[2025-10-06T20:50:19.364735] [ANALYSIS] Source: PPVC (Port: 2)

[2025-10-06T20:50:19.442309] [ANALYSIS] Recovery Potential: low

[2025-10-06T20:50:19.499024] [ANALYSIS] Recommended Config: {'Experiment': 'Enabled', 'Test Name': 'DragonPPVC', 'Test Mode': 'Mesh', 'Test Type': 'Loops', 'Visual ID': '75YB873100474', 'Bucket': 'IDIPAR', 'COM Port': 11, 'IP Address': '192.168.0.2', 'TTL Folder': 'Q:\\DPM_Debug\\GNR\\Logs\\LLC\\2509_75YB873100474\\TTL_DragonMesh', 'Scripts File': None, 'Pass String': 'Test Complete', 'Fail String': 'Test Failed', 'Content': <ContentType.DRAGON: 'Dragon'>, 'Test Number': 2, 'Test Time': 45, 'Reset': True, 'Reset on PASS': True, 'FastBoot': True, 'Core License': None, '600W Unit': True, 'Pseudo Config': False, 'Configuration (Mask)': None, 'Boot Breakpoint': '0xa2000000', 'Disable 2 Cores': None, 'Check Core': 141, 'Voltage Type': 'vbump', 'Voltage IA': None, 'Voltage CFC': None, 'Frequency IA': None, 'Frequency CFC': None, 'Loops': 3, 'Type': 'Voltage', 'Domain': 'IA', 'Start': 0.0, 'End': 0.1, 'Steps': 0.02, 'ShmooFile': 'C:\\SystemDebug\\Shmoos\\RVPShmooConfig.json', 'ShmooLabel': 'COREFIX', 'Linux Pre Command': None, 'Linux Post Command': None, 'Startup Linux': None, 'Linux Path': None, 'Linux Content Wait Time': None, 'Linux Content Line 0': None, 'Linux Content Line 1': None, 'Dragon Pre Command': None, 'Dragon Post Command': None, 'Startup Dragon': 'startup_efi.nsh', 'ULX Path': 'FS1:\\EFI\\ulx', 'ULX CPU': 'GNR_B0', 'Product Chop': 'GNR', 'VVAR0': '0x4C4B40', 'VVAR1': 80064000, 'VVAR2': '0x1000000', 'VVAR3': '0x4000000', 'VVAR_EXTRA': None, 'Dragon Content Path': 'FS1:\\content\\Dragon\\7410_0x0E_PPV_MegaMem\\GNR128C_H_1UP', 'Dragon Content Line': None, 'Stop on Fail': True, 'Merlin Name': 'MerlinX.efi', 'Merlin Drive': 'FS1:', 'Merlin Path': 'FS1:\\EFI\\Version8.15\\BinFiles\\Release', 'Post Process': None, 'Linux Pass String': None, 'Linux Fail String': None, 'Linux Content Line 2': None, 'Linux Content Line 3': None, 'Linux Content Line 4': None, 'Linux Content Line 5': None}
    Data: {
  "Experiment": "Enabled",
  "Test Name": "DragonPPVC",
  "Test Mode": "Mesh",
  "Test Type": "Loops",
  "Visual ID": "75YB873100474",
  "Bucket": "IDIPAR",
  "COM Port": 11,
  "IP Address": "192.168.0.2",
  "TTL Folder": "Q:\\DPM_Debug\\GNR\\Logs\\LLC\\2509_75YB873100474\\TTL_DragonMesh",
  "Scripts File": null,
  "Pass String": "Test Complete",
  "Fail String": "Test Failed",
  "Content": "ContentType.DRAGON",
  "Test Number": 2,
  "Test Time": 45,
  "Reset": true,
  "Reset on PASS": true,
  "FastBoot": true,
  "Core License": null,
  "600W Unit": true,
  "Pseudo Config": false,
  "Configuration (Mask)": null,
  "Boot Breakpoint": "0xa2000000",
  "Disable 2 Cores": null,
  "Check Core": 141,
  "Voltage Type": "vbump",
  "Voltage IA": null,
  "Voltage CFC": null,
  "Frequency IA": null,
  "Frequency CFC": null,
  "Loops": 3,
  "Type": "Voltage",
  "Domain": "IA",
  "Start": 0.0,
  "End": 0.1,
  "Steps": 0.02,
  "ShmooFile": "C:\\SystemDebug\\Shmoos\\RVPShmooConfig.json",
  "ShmooLabel": "COREFIX",
  "Linux Pre Command": null,
  "Linux Post Command": null,
  "Startup Linux": null,
  "Linux Path": null,
  "Linux Content Wait Time": null,
  "Linux Content Line 0": null,
  "Linux Content Line 1": null,
  "Dragon Pre Command": null,
  "Dragon Post Command": null,
  "Startup Dragon": "startup_efi.nsh",
  "ULX Path": "FS1:\\EFI\\ulx",
  "ULX CPU": "GNR_B0",
  "Product Chop": "GNR",
  "VVAR0": "0x4C4B40",
  "VVAR1": 80064000,
  "VVAR2": "0x1000000",
  "VVAR3": "0x4000000",
  "VVAR_EXTRA": null,
  "Dragon Content Path": "FS1:\\content\\Dragon\\7410_0x0E_PPV_MegaMem\\GNR128C_H_1UP",
  "Dragon Content Line": null,
  "Stop on Fail": true,
  "Merlin Name": "MerlinX.efi",
  "Merlin Drive": "FS1:",
  "Merlin Path": "FS1:\\EFI\\Version8.15\\BinFiles\\Release",
  "Post Process": null,
  "Linux Pass String": null,
  "Linux Fail String": null,
  "Linux Content Line 2": null,
  "Linux Content Line 3": null,
  "Linux Content Line 4": null,
  "Linux Content Line 5": null
}

[2025-10-06T20:50:19.723533] [SUCCESS] EXPERIMENT COMPLETE - Result: CONFIG_PASSED, Port: 0

[2025-10-06T20:50:19.926937] [INFO] Experiment data persisted to test section: DragonPPVC

[2025-10-06T20:50:20.141783] [INFO] Node name: ExtendedDragon

[2025-10-06T20:50:20.205032] [TRACKER] TRACKER STATE SNAPSHOT

[2025-10-06T20:50:20.254522] [TRACKER] Tracker State: {'experiments_count': 4, 'current_experiment': {'node_name': 'ExtendedDragon', 'node_type': 'AllFailFlowInstance', 'iterations_count': 3}, 'flow_summary': {'total_nodes': 4, 'recovery_conditions': 0, 'failure_conditions': 1}}
    Data: {
  "experiments_count": 4,
  "current_experiment": {
    "node_name": "ExtendedDragon",
    "node_type": "AllFailFlowInstance",
    "iterations_count": 3
  },
  "flow_summary": {
    "total_nodes": 4,
    "recovery_conditions": 0,
    "failure_conditions": 1
  }
}

[2025-10-06T20:50:22.290107] [EXPERIMENT] EXPERIMENT START - Node: CFC_Voltage (ID: NODE_006)

[2025-10-06T20:50:22.394692] [CONFIG] Experiment config saved to: debug_logs\experiment_config_NODE_006_20251006_204723.json

[2025-10-06T20:50:22.466346] [CONFIG] Key Config Parameters: {'Test Type': 'Sweep', 'Content': 'Dragon'}
    Data: {
  "Test Type": "Sweep",
  "Content": "Dragon"
}

[2025-10-06T20:50:22.540210] [EXPERIMENT] Flow experiment started: CFC_Voltage

[2025-10-06T20:50:30.279384] [TRACKER] ITERATION 1 - Status: FAIL

[2025-10-06T20:50:30.352660] [TRACKER]   Sweep Value: 0.0

[2025-10-06T20:50:30.430456] [TRACKER]   Config: {'voltage_cfc': 0.0}

[2025-10-06T20:50:41.393316] [TRACKER] ITERATION 2 - Status: FAIL

[2025-10-06T20:50:41.455524] [TRACKER]   Sweep Value: 0.05

[2025-10-06T20:50:41.504872] [TRACKER]   Config: {'voltage_cfc': 0.05}

[2025-10-06T20:50:53.007298] [TRACKER] ITERATION 3 - Status: FAIL

[2025-10-06T20:50:53.067838] [TRACKER]   Sweep Value: 0.1

[2025-10-06T20:50:53.119285] [TRACKER]   Config: {'voltage_cfc': 0.1}

[2025-10-06T20:51:04.059367] [TRACKER] ITERATION 4 - Status: FAIL

[2025-10-06T20:51:04.118393] [TRACKER]   Sweep Value: 0.15

[2025-10-06T20:51:04.169418] [TRACKER]   Config: {'voltage_cfc': 0.15}

[2025-10-06T20:51:15.351778] [TRACKER] ITERATION 5 - Status: FAIL

[2025-10-06T20:51:15.407530] [TRACKER]   Sweep Value: 0.2

[2025-10-06T20:51:15.457362] [TRACKER]   Config: {'voltage_cfc': 0.2}

[2025-10-06T20:51:16.683333] [SUCCESS] EXPERIMENT COMPLETE - Result: SOLID_REPRO, Port: 0

[2025-10-06T20:51:16.735469] [INFO] Test Folder: C:\SystemDebug\Logs\20251006_205022_T2_CFCVoltage

[2025-10-06T20:51:16.820499] [ANALYSIS] SWEEP ANALYSIS COMPLETE

[2025-10-06T20:51:16.903908] [ANALYSIS] Sweep Summary: {'sweep_type': 'voltage', 'sweep_domain': 'cfc', 'total_points': 5, 'failure_points': 5, 'pattern': 'no_sensitivity'}
    Data: {
  "sweep_type": "voltage",
  "sweep_domain": "cfc",
  "voltage_type": "vbump",
  "total_points": 5,
  "failure_points": 5,
  "pass_points": 0,
  "failure_values": [
    0.0,
    0.05,
    0.1,
    0.15,
    0.2
  ],
  "pass_values": [],
  "sensitivity_analysis": {
    "pattern": "no_sensitivity",
    "description": "Unit not sensitive to voltage cfc (vbump) - fails across entire range (no recovery condition)",
    "recommendation": "Unit fails across entire tested voltage range - no sensitivity threshold found",
    "voltage_type_context": "vbump",
    "failure_mode": "complete_failure_no_recovery"
  }
}

[2025-10-06T20:51:17.092050] [INFO] Experiment data persisted to test section: CFCVoltage

[2025-10-06T20:51:17.147099] [INFO] Node name: CFC_Voltage

[2025-10-06T20:51:17.201785] [TRACKER] TRACKER STATE SNAPSHOT

[2025-10-06T20:51:17.256082] [TRACKER] Tracker State: {'experiments_count': 5, 'current_experiment': {'node_name': 'CFC_Voltage', 'node_type': 'CharacterizationFlowInstance', 'iterations_count': 5}, 'flow_summary': {'total_nodes': 5, 'recovery_conditions': 0, 'failure_conditions': 1}}
    Data: {
  "experiments_count": 5,
  "current_experiment": {
    "node_name": "CFC_Voltage",
    "node_type": "CharacterizationFlowInstance",
    "iterations_count": 5
  },
  "flow_summary": {
    "total_nodes": 5,
    "recovery_conditions": 0,
    "failure_conditions": 1
  }
}

[2025-10-06T20:51:18.422698] [EXPERIMENT] EXPERIMENT START - Node: CFC_Frequency (ID: NODE_007)

[2025-10-06T20:51:18.520871] [CONFIG] Experiment config saved to: debug_logs\experiment_config_NODE_007_20251006_204723.json

[2025-10-06T20:51:18.575874] [CONFIG] Key Config Parameters: {'Test Type': 'Sweep', 'Content': 'Dragon'}
    Data: {
  "Test Type": "Sweep",
  "Content": "Dragon"
}

[2025-10-06T20:51:18.635969] [EXPERIMENT] Flow experiment started: CFC_Frequency

[2025-10-06T20:51:26.175278] [TRACKER] ITERATION 1 - Status: FAIL

[2025-10-06T20:51:26.233739] [TRACKER]   Sweep Value: 8

[2025-10-06T20:51:26.308060] [TRACKER]   Config: {'frequency_cfc': 8}

[2025-10-06T20:51:37.222221] [TRACKER] ITERATION 2 - Status: PASS

[2025-10-06T20:51:37.278417] [TRACKER]   Sweep Value: 12

[2025-10-06T20:51:37.328240] [TRACKER]   Config: {'frequency_cfc': 12}

[2025-10-06T20:51:48.407719] [TRACKER] ITERATION 3 - Status: FAIL

[2025-10-06T20:51:48.517681] [TRACKER]   Sweep Value: 16

[2025-10-06T20:51:48.570835] [TRACKER]   Config: {'frequency_cfc': 16}

[2025-10-06T20:51:59.228382] [TRACKER] ITERATION 4 - Status: FAIL

[2025-10-06T20:51:59.331257] [TRACKER]   Sweep Value: 20

[2025-10-06T20:51:59.394837] [TRACKER]   Config: {'frequency_cfc': 20}

[2025-10-06T20:52:10.227052] [TRACKER] ITERATION 5 - Status: FAIL

[2025-10-06T20:52:10.286514] [TRACKER]   Sweep Value: 24

[2025-10-06T20:52:10.339309] [TRACKER]   Config: {'frequency_cfc': 24}

[2025-10-06T20:52:11.660856] [SUCCESS] EXPERIMENT COMPLETE - Result: MOSTLY_FAILING, Port: 0

[2025-10-06T20:52:11.715174] [INFO] Test Folder: C:\SystemDebug\Logs\20251006_205118_T2_CFCFrequency

[2025-10-06T20:52:11.770893] [ANALYSIS] SWEEP ANALYSIS COMPLETE

[2025-10-06T20:52:11.822506] [ANALYSIS] Sweep Summary: {'sweep_type': 'frequency', 'sweep_domain': 'cfc', 'total_points': 5, 'failure_points': 4, 'pattern': 'mixed_sensitivity'}
    Data: {
  "sweep_type": "frequency",
  "sweep_domain": "cfc",
  "voltage_type": "vbump",
  "total_points": 5,
  "failure_points": 4,
  "pass_points": 1,
  "failure_values": [
    8,
    16,
    20,
    24
  ],
  "pass_values": [
    12
  ],
  "sensitivity_analysis": {
    "pattern": "mixed_sensitivity",
    "description": "Unit has mixed sensitivity pattern for frequency cfc (vbump)",
    "failure_range": [
      8,
      24
    ],
    "pass_range": [
      12,
      12
    ],
    "safe_values": [
      12
    ],
    "voltage_type_context": "vbump",
    "recommendation": "Avoid failure values, use passing values for recovery (vbump specific to tested domain)"
  }
}

[2025-10-06T20:52:11.986842] [INFO] Experiment data persisted to test section: CFCFrequency

[2025-10-06T20:52:12.047556] [INFO] Node name: CFC_Frequency

[2025-10-06T20:52:12.104316] [TRACKER] TRACKER STATE SNAPSHOT

[2025-10-06T20:52:12.160537] [TRACKER] Tracker State: {'experiments_count': 6, 'current_experiment': {'node_name': 'CFC_Frequency', 'node_type': 'CharacterizationFlowInstance', 'iterations_count': 5}, 'flow_summary': {'total_nodes': 6, 'recovery_conditions': 0, 'failure_conditions': 1}}
    Data: {
  "experiments_count": 6,
  "current_experiment": {
    "node_name": "CFC_Frequency",
    "node_type": "CharacterizationFlowInstance",
    "iterations_count": 5
  },
  "flow_summary": {
    "total_nodes": 6,
    "recovery_conditions": 0,
    "failure_conditions": 1
  }
}

[2025-10-06T20:52:13.312437] [EXPERIMENT] EXPERIMENT START - Node: IA_Voltage (ID: NODE_008)

[2025-10-06T20:52:13.407891] [CONFIG] Experiment config saved to: debug_logs\experiment_config_NODE_008_20251006_204723.json

[2025-10-06T20:52:13.466129] [CONFIG] Key Config Parameters: {'Test Type': 'Sweep', 'Content': 'Dragon'}
    Data: {
  "Test Type": "Sweep",
  "Content": "Dragon"
}

[2025-10-06T20:52:13.524740] [EXPERIMENT] Flow experiment started: IA_Voltage

[2025-10-06T20:52:20.972072] [TRACKER] ITERATION 1 - Status: FAIL

[2025-10-06T20:52:21.027303] [TRACKER]   Sweep Value: 0.0

[2025-10-06T20:52:21.078120] [TRACKER]   Config: {'voltage_ia': 0.0}

[2025-10-06T20:52:31.612300] [TRACKER] ITERATION 2 - Status: FAIL

[2025-10-06T20:52:31.696372] [TRACKER]   Sweep Value: 0.05

[2025-10-06T20:52:31.748333] [TRACKER]   Config: {'voltage_ia': 0.05}

[2025-10-06T20:52:42.425010] [TRACKER] ITERATION 3 - Status: FAIL

[2025-10-06T20:52:42.490505] [TRACKER]   Sweep Value: 0.1

[2025-10-06T20:52:42.544542] [TRACKER]   Config: {'voltage_ia': 0.1}

[2025-10-06T20:52:52.570941] [TRACKER] ITERATION 4 - Status: FAIL

[2025-10-06T20:52:52.641211] [TRACKER]   Sweep Value: 0.15

[2025-10-06T20:52:52.691533] [TRACKER]   Config: {'voltage_ia': 0.15}

[2025-10-06T20:53:04.029497] [TRACKER] ITERATION 5 - Status: FAIL

[2025-10-06T20:53:04.091965] [TRACKER]   Sweep Value: 0.2

[2025-10-06T20:53:04.144281] [TRACKER]   Config: {'voltage_ia': 0.2}

[2025-10-06T20:53:05.491240] [SUCCESS] EXPERIMENT COMPLETE - Result: SOLID_REPRO, Port: 0

[2025-10-06T20:53:05.542618] [INFO] Test Folder: C:\SystemDebug\Logs\20251006_205213_T2_IAVoltage

[2025-10-06T20:53:05.592123] [ANALYSIS] SWEEP ANALYSIS COMPLETE

[2025-10-06T20:53:05.644535] [ANALYSIS] Sweep Summary: {'sweep_type': 'voltage', 'sweep_domain': 'ia', 'total_points': 5, 'failure_points': 5, 'pattern': 'no_sensitivity'}
    Data: {
  "sweep_type": "voltage",
  "sweep_domain": "ia",
  "voltage_type": "vbump",
  "total_points": 5,
  "failure_points": 5,
  "pass_points": 0,
  "failure_values": [
    0.0,
    0.05,
    0.1,
    0.15,
    0.2
  ],
  "pass_values": [],
  "sensitivity_analysis": {
    "pattern": "no_sensitivity",
    "description": "Unit not sensitive to voltage ia (vbump) - fails across entire range (no recovery condition)",
    "recommendation": "Unit fails across entire tested voltage range - no sensitivity threshold found",
    "voltage_type_context": "vbump",
    "failure_mode": "complete_failure_no_recovery"
  }
}

[2025-10-06T20:53:05.804342] [INFO] Experiment data persisted to test section: IAVoltage

[2025-10-06T20:53:05.856145] [INFO] Node name: IA_Voltage

[2025-10-06T20:53:05.903654] [TRACKER] TRACKER STATE SNAPSHOT

[2025-10-06T20:53:05.954391] [TRACKER] Tracker State: {'experiments_count': 7, 'current_experiment': {'node_name': 'IA_Voltage', 'node_type': 'CharacterizationFlowInstance', 'iterations_count': 5}, 'flow_summary': {'total_nodes': 7, 'recovery_conditions': 0, 'failure_conditions': 1}}
    Data: {
  "experiments_count": 7,
  "current_experiment": {
    "node_name": "IA_Voltage",
    "node_type": "CharacterizationFlowInstance",
    "iterations_count": 5
  },
  "flow_summary": {
    "total_nodes": 7,
    "recovery_conditions": 0,
    "failure_conditions": 1
  }
}

[2025-10-06T20:53:07.279147] [EXPERIMENT] EXPERIMENT START - Node: IA_Frequency (ID: NODE_009)

[2025-10-06T20:53:07.384653] [CONFIG] Experiment config saved to: debug_logs\experiment_config_NODE_009_20251006_204723.json

[2025-10-06T20:53:07.437473] [CONFIG] Key Config Parameters: {'Test Type': 'Sweep', 'Content': 'Dragon'}
    Data: {
  "Test Type": "Sweep",
  "Content": "Dragon"
}

[2025-10-06T20:53:07.503018] [EXPERIMENT] Flow experiment started: IA_Frequency

[2025-10-06T20:53:14.956262] [TRACKER] ITERATION 1 - Status: FAIL

[2025-10-06T20:53:15.016381] [TRACKER]   Sweep Value: 8

[2025-10-06T20:53:15.092852] [TRACKER]   Config: {'frequency_ia': 8}

[2025-10-06T20:53:26.404288] [TRACKER] ITERATION 2 - Status: FAIL

[2025-10-06T20:53:26.682736] [TRACKER]   Sweep Value: 12

[2025-10-06T20:53:26.898400] [TRACKER]   Config: {'frequency_ia': 12}

[2025-10-06T20:53:37.877896] [TRACKER] ITERATION 3 - Status: PASS

[2025-10-06T20:53:37.938659] [TRACKER]   Sweep Value: 16

[2025-10-06T20:53:37.991821] [TRACKER]   Config: {'frequency_ia': 16}

[2025-10-06T20:53:49.323821] [TRACKER] ITERATION 4 - Status: FAIL

[2025-10-06T20:53:49.379111] [TRACKER]   Sweep Value: 20

[2025-10-06T20:53:49.429556] [TRACKER]   Config: {'frequency_ia': 20}

[2025-10-06T20:54:00.142325] [TRACKER] ITERATION 5 - Status: FAIL

[2025-10-06T20:54:00.196117] [TRACKER]   Sweep Value: 24

[2025-10-06T20:54:00.249117] [TRACKER]   Config: {'frequency_ia': 24}

[2025-10-06T20:54:11.200560] [TRACKER] ITERATION 6 - Status: FAIL

[2025-10-06T20:54:11.329004] [TRACKER]   Sweep Value: 28

[2025-10-06T20:54:11.411886] [TRACKER]   Config: {'frequency_ia': 28}

[2025-10-06T20:54:21.534662] [TRACKER] ITERATION 7 - Status: FAIL

[2025-10-06T20:54:21.612150] [TRACKER]   Sweep Value: 32

[2025-10-06T20:54:21.667753] [TRACKER]   Config: {'frequency_ia': 32}

[2025-10-06T20:54:23.082530] [SUCCESS] EXPERIMENT COMPLETE - Result: MOSTLY_FAILING, Port: 0

[2025-10-06T20:54:23.136056] [INFO] Test Folder: C:\SystemDebug\Logs\20251006_205307_T2_IAFrequency

[2025-10-06T20:54:23.193505] [ANALYSIS] SWEEP ANALYSIS COMPLETE

[2025-10-06T20:54:23.248884] [ANALYSIS] Sweep Summary: {'sweep_type': 'frequency', 'sweep_domain': 'ia', 'total_points': 7, 'failure_points': 6, 'pattern': 'mixed_sensitivity'}
    Data: {
  "sweep_type": "frequency",
  "sweep_domain": "ia",
  "voltage_type": "vbump",
  "total_points": 7,
  "failure_points": 6,
  "pass_points": 1,
  "failure_values": [
    8,
    12,
    20,
    24,
    28,
    32
  ],
  "pass_values": [
    16
  ],
  "sensitivity_analysis": {
    "pattern": "mixed_sensitivity",
    "description": "Unit has mixed sensitivity pattern for frequency ia (vbump)",
    "failure_range": [
      8,
      32
    ],
    "pass_range": [
      16,
      16
    ],
    "safe_values": [
      16
    ],
    "voltage_type_context": "vbump",
    "recommendation": "Avoid failure values, use passing values for recovery (vbump specific to tested domain)"
  }
}

[2025-10-06T20:54:23.415740] [INFO] Experiment data persisted to test section: IAFrequency

[2025-10-06T20:54:23.470812] [INFO] Node name: IA_Frequency

[2025-10-06T20:54:23.523857] [TRACKER] TRACKER STATE SNAPSHOT

[2025-10-06T20:54:23.573676] [TRACKER] Tracker State: {'experiments_count': 8, 'current_experiment': {'node_name': 'IA_Frequency', 'node_type': 'CharacterizationFlowInstance', 'iterations_count': 7}, 'flow_summary': {'total_nodes': 8, 'recovery_conditions': 0, 'failure_conditions': 1}}
    Data: {
  "experiments_count": 8,
  "current_experiment": {
    "node_name": "IA_Frequency",
    "node_type": "CharacterizationFlowInstance",
    "iterations_count": 7
  },
  "flow_summary": {
    "total_nodes": 8,
    "recovery_conditions": 0,
    "failure_conditions": 1
  }
}

[2025-10-06T20:54:24.006808] [ANALYSIS] Starting comprehensive analysis

[2025-10-06T20:54:24.076311] [ANALYSIS] COMPREHENSIVE ANALYSIS COMPLETE

[2025-10-06T20:54:24.125241] [ANALYSIS] Analysis Summary: {'total_experiments': 8, 'valid_experiments': 8, 'voltage_experiments': 2, 'frequency_experiments': 2, 'recovery_conditions': 0, 'failure_conditions': 1}
    Data: {
  "total_experiments": 8,
  "valid_experiments": 8,
  "voltage_experiments": 2,
  "frequency_experiments": 2,
  "recovery_conditions": 0,
  "failure_conditions": 1
}

[2025-10-06T20:54:24.465526] [INFO] Comprehensive analysis saved to: debug_logs\comprehensive_analysis_20251006_204723.json

[2025-10-06T20:54:24.947225] [SUCCESS] EXPERIMENT COMPLETE - Result: ANALYSIS_COMPLETE, Port: 0

[2025-10-06T20:54:25.013349] [ANALYSIS] SWEEP ANALYSIS COMPLETE

[2025-10-06T20:54:25.062735] [ANALYSIS] Sweep Summary: {'sweep_type': 'frequency', 'sweep_domain': 'ia', 'total_points': 7, 'failure_points': 6, 'pattern': 'mixed_sensitivity'}
    Data: {
  "sweep_type": "frequency",
  "sweep_domain": "ia",
  "voltage_type": "vbump",
  "total_points": 7,
  "failure_points": 6,
  "pass_points": 1,
  "failure_values": [
    8,
    12,
    20,
    24,
    28,
    32
  ],
  "pass_values": [
    16
  ],
  "sensitivity_analysis": {
    "pattern": "mixed_sensitivity",
    "description": "Unit has mixed sensitivity pattern for frequency ia (vbump)",
    "failure_range": [
      8,
      32
    ],
    "pass_range": [
      16,
      16
    ],
    "safe_values": [
      16
    ],
    "voltage_type_context": "vbump",
    "recommendation": "Avoid failure values, use passing values for recovery (vbump specific to tested domain)"
  }
}

[2025-10-06T20:54:25.217410] [INFO] Experiment data persisted to test section: IAFrequency

[2025-10-06T20:54:25.273158] [INFO] Node name: IA_Frequency

[2025-10-06T20:54:25.331467] [TRACKER] TRACKER STATE SNAPSHOT

[2025-10-06T20:54:25.384696] [TRACKER] Tracker State: {'experiments_count': 9, 'current_experiment': {'node_name': 'IA_Frequency', 'node_type': 'CharacterizationFlowInstance', 'iterations_count': 7}, 'flow_summary': {'total_nodes': 9, 'recovery_conditions': 0, 'failure_conditions': 1}}
    Data: {
  "experiments_count": 9,
  "current_experiment": {
    "node_name": "IA_Frequency",
    "node_type": "CharacterizationFlowInstance",
    "iterations_count": 7
  },
  "flow_summary": {
    "total_nodes": 9,
    "recovery_conditions": 0,
    "failure_conditions": 1
  }
}

[2025-10-06T20:56:51.838315] [EXPERIMENT] EXPERIMENT START - Node: BaseRepro (ID: NODE_002)

[2025-10-06T20:56:51.932884] [CONFIG] Experiment config saved to: debug_logs\experiment_config_NODE_002_20251006_204723.json

[2025-10-06T20:56:51.985048] [CONFIG] Key Config Parameters: {'Test Type': 'Loops', 'Content': 'Dragon'}
    Data: {
  "Test Type": "Loops",
  "Content": "Dragon"
}

[2025-10-06T20:56:52.035701] [EXPERIMENT] Flow experiment started: BaseRepro

[2025-10-06T20:57:00.195550] [TRACKER] ITERATION 1 - Status: FAIL

[2025-10-06T20:57:18.021876] [TRACKER] ITERATION 2 - Status: FAIL

[2025-10-06T20:57:35.763446] [TRACKER] ITERATION 3 - Status: FAIL

[2025-10-06T20:57:37.610383] [SUCCESS] EXPERIMENT COMPLETE - Result: SOLID_REPRO, Port: 1

[2025-10-06T20:57:37.665111] [INFO] Test Folder: C:\SystemDebug\Logs\20251006_205652_T1_DragonBaseline

[2025-10-06T20:57:37.818719] [INFO] Experiment data persisted to test section: DragonBaseline

[2025-10-06T20:57:37.869065] [INFO] Node name: BaseRepro

[2025-10-06T20:57:37.920598] [TRACKER] TRACKER STATE SNAPSHOT

[2025-10-06T20:57:37.968460] [TRACKER] Tracker State: {'experiments_count': 10, 'current_experiment': {'node_name': 'BaseRepro', 'node_type': 'AllFailFlowInstance', 'iterations_count': 3}, 'flow_summary': {'total_nodes': 10, 'recovery_conditions': 0, 'failure_conditions': 2}}
    Data: {
  "experiments_count": 10,
  "current_experiment": {
    "node_name": "BaseRepro",
    "node_type": "AllFailFlowInstance",
    "iterations_count": 3
  },
  "flow_summary": {
    "total_nodes": 10,
    "recovery_conditions": 0,
    "failure_conditions": 2
  }
}

[2025-10-06T20:57:38.560842] [ANALYSIS] Getting adaptive analysis data for: AllFailFlowInstance

[2025-10-06T20:57:38.629000] [ANALYSIS] ADAPTIVE ANALYSIS

[2025-10-06T20:57:38.680934] [ANALYSIS] Source: PPVC (Port: 2)

[2025-10-06T20:57:38.737173] [ANALYSIS] Recovery Potential: low

[2025-10-06T20:57:38.787781] [ANALYSIS] Recommended Config: {'Experiment': 'Enabled', 'Test Name': 'DragonPPVC', 'Test Mode': 'Mesh', 'Test Type': 'Loops', 'Visual ID': '75YB873100474', 'Bucket': 'IDIPAR', 'COM Port': 11, 'IP Address': '192.168.0.2', 'TTL Folder': 'Q:\\DPM_Debug\\GNR\\Logs\\LLC\\2509_75YB873100474\\TTL_DragonMesh', 'Scripts File': None, 'Pass String': 'Test Complete', 'Fail String': 'Test Failed', 'Content': <ContentType.DRAGON: 'Dragon'>, 'Test Number': 2, 'Test Time': 45, 'Reset': True, 'Reset on PASS': True, 'FastBoot': True, 'Core License': None, '600W Unit': True, 'Pseudo Config': False, 'Configuration (Mask)': None, 'Boot Breakpoint': '0xa2000000', 'Disable 2 Cores': None, 'Check Core': 141, 'Voltage Type': 'vbump', 'Voltage IA': None, 'Voltage CFC': None, 'Frequency IA': None, 'Frequency CFC': None, 'Loops': 3, 'Type': 'Voltage', 'Domain': 'IA', 'Start': 0.0, 'End': 0.1, 'Steps': 0.02, 'ShmooFile': 'C:\\SystemDebug\\Shmoos\\RVPShmooConfig.json', 'ShmooLabel': 'COREFIX', 'Linux Pre Command': None, 'Linux Post Command': None, 'Startup Linux': None, 'Linux Path': None, 'Linux Content Wait Time': None, 'Linux Content Line 0': None, 'Linux Content Line 1': None, 'Dragon Pre Command': None, 'Dragon Post Command': None, 'Startup Dragon': 'startup_efi.nsh', 'ULX Path': 'FS1:\\EFI\\ulx', 'ULX CPU': 'GNR_B0', 'Product Chop': 'GNR', 'VVAR0': '0x4C4B40', 'VVAR1': 80064000, 'VVAR2': '0x1000000', 'VVAR3': '0x4000000', 'VVAR_EXTRA': None, 'Dragon Content Path': 'FS1:\\content\\Dragon\\7410_0x0E_PPV_MegaMem\\GNR128C_H_1UP', 'Dragon Content Line': None, 'Stop on Fail': True, 'Merlin Name': 'MerlinX.efi', 'Merlin Drive': 'FS1:', 'Merlin Path': 'FS1:\\EFI\\Version8.15\\BinFiles\\Release', 'Post Process': None, 'Linux Pass String': None, 'Linux Fail String': None, 'Linux Content Line 2': None, 'Linux Content Line 3': None, 'Linux Content Line 4': None, 'Linux Content Line 5': None}
    Data: {
  "Experiment": "Enabled",
  "Test Name": "DragonPPVC",
  "Test Mode": "Mesh",
  "Test Type": "Loops",
  "Visual ID": "75YB873100474",
  "Bucket": "IDIPAR",
  "COM Port": 11,
  "IP Address": "192.168.0.2",
  "TTL Folder": "Q:\\DPM_Debug\\GNR\\Logs\\LLC\\2509_75YB873100474\\TTL_DragonMesh",
  "Scripts File": null,
  "Pass String": "Test Complete",
  "Fail String": "Test Failed",
  "Content": "ContentType.DRAGON",
  "Test Number": 2,
  "Test Time": 45,
  "Reset": true,
  "Reset on PASS": true,
  "FastBoot": true,
  "Core License": null,
  "600W Unit": true,
  "Pseudo Config": false,
  "Configuration (Mask)": null,
  "Boot Breakpoint": "0xa2000000",
  "Disable 2 Cores": null,
  "Check Core": 141,
  "Voltage Type": "vbump",
  "Voltage IA": null,
  "Voltage CFC": null,
  "Frequency IA": null,
  "Frequency CFC": null,
  "Loops": 3,
  "Type": "Voltage",
  "Domain": "IA",
  "Start": 0.0,
  "End": 0.1,
  "Steps": 0.02,
  "ShmooFile": "C:\\SystemDebug\\Shmoos\\RVPShmooConfig.json",
  "ShmooLabel": "COREFIX",
  "Linux Pre Command": null,
  "Linux Post Command": null,
  "Startup Linux": null,
  "Linux Path": null,
  "Linux Content Wait Time": null,
  "Linux Content Line 0": null,
  "Linux Content Line 1": null,
  "Dragon Pre Command": null,
  "Dragon Post Command": null,
  "Startup Dragon": "startup_efi.nsh",
  "ULX Path": "FS1:\\EFI\\ulx",
  "ULX CPU": "GNR_B0",
  "Product Chop": "GNR",
  "VVAR0": "0x4C4B40",
  "VVAR1": 80064000,
  "VVAR2": "0x1000000",
  "VVAR3": "0x4000000",
  "VVAR_EXTRA": null,
  "Dragon Content Path": "FS1:\\content\\Dragon\\7410_0x0E_PPV_MegaMem\\GNR128C_H_1UP",
  "Dragon Content Line": null,
  "Stop on Fail": true,
  "Merlin Name": "MerlinX.efi",
  "Merlin Drive": "FS1:",
  "Merlin Path": "FS1:\\EFI\\Version8.15\\BinFiles\\Release",
  "Post Process": null,
  "Linux Pass String": null,
  "Linux Fail String": null,
  "Linux Content Line 2": null,
  "Linux Content Line 3": null,
  "Linux Content Line 4": null,
  "Linux Content Line 5": null
}

[2025-10-06T20:57:39.098976] [SUCCESS] EXPERIMENT COMPLETE - Result: CONFIG_PASSED, Port: 0

[2025-10-06T20:57:39.244101] [INFO] Experiment data persisted to test section: DragonBaseline

[2025-10-06T20:57:39.297691] [INFO] Node name: BaseRepro

[2025-10-06T20:57:39.348215] [TRACKER] TRACKER STATE SNAPSHOT

[2025-10-06T20:57:39.400954] [TRACKER] Tracker State: {'experiments_count': 11, 'current_experiment': {'node_name': 'BaseRepro', 'node_type': 'AllFailFlowInstance', 'iterations_count': 3}, 'flow_summary': {'total_nodes': 11, 'recovery_conditions': 0, 'failure_conditions': 2}}
    Data: {
  "experiments_count": 11,
  "current_experiment": {
    "node_name": "BaseRepro",
    "node_type": "AllFailFlowInstance",
    "iterations_count": 3
  },
  "flow_summary": {
    "total_nodes": 11,
    "recovery_conditions": 0,
    "failure_conditions": 2
  }
}

[2025-10-06T20:57:41.251086] [EXPERIMENT] EXPERIMENT START - Node: CFC_Voltage (ID: NODE_006)

[2025-10-06T20:57:41.365713] [CONFIG] Experiment config saved to: debug_logs\experiment_config_NODE_006_20251006_204723.json

[2025-10-06T20:57:41.479185] [CONFIG] Key Config Parameters: {'Test Type': 'Sweep', 'Content': 'Dragon'}
    Data: {
  "Test Type": "Sweep",
  "Content": "Dragon"
}

[2025-10-06T20:57:41.528190] [EXPERIMENT] Flow experiment started: CFC_Voltage

[2025-10-06T20:57:49.604320] [TRACKER] ITERATION 1 - Status: FAIL

[2025-10-06T20:57:49.653181] [TRACKER]   Sweep Value: 0.0

[2025-10-06T20:57:49.704502] [TRACKER]   Config: {'voltage_cfc': 0.0}

[2025-10-06T20:57:53.645795] [SUCCESS] EXPERIMENT COMPLETE - Result: SOLID_REPRO, Port: 0

[2025-10-06T20:57:53.708412] [INFO] Test Folder: C:\SystemDebug\Logs\20251006_205741_T1_CFCVoltage

[2025-10-06T20:57:53.768894] [ANALYSIS] SWEEP ANALYSIS COMPLETE

[2025-10-06T20:57:53.820026] [ANALYSIS] Sweep Summary: {'sweep_type': 'voltage', 'sweep_domain': 'cfc', 'total_points': 1, 'failure_points': 1, 'pattern': 'no_sensitivity'}
    Data: {
  "sweep_type": "voltage",
  "sweep_domain": "cfc",
  "voltage_type": "vbump",
  "total_points": 1,
  "failure_points": 1,
  "pass_points": 0,
  "failure_values": [
    0.0
  ],
  "pass_values": [],
  "sensitivity_analysis": {
    "pattern": "no_sensitivity",
    "description": "Unit not sensitive to voltage cfc (vbump) - fails across entire range (no recovery condition)",
    "recommendation": "Unit fails across entire tested voltage range - no sensitivity threshold found",
    "voltage_type_context": "vbump",
    "failure_mode": "complete_failure_no_recovery"
  }
}

[2025-10-06T20:57:53.974460] [INFO] Experiment data persisted to test section: CFCVoltage

[2025-10-06T20:57:54.022681] [INFO] Node name: CFC_Voltage

[2025-10-06T20:57:54.074003] [TRACKER] TRACKER STATE SNAPSHOT

[2025-10-06T20:57:54.120705] [TRACKER] Tracker State: {'experiments_count': 12, 'current_experiment': {'node_name': 'CFC_Voltage', 'node_type': 'CharacterizationFlowInstance', 'iterations_count': 1}, 'flow_summary': {'total_nodes': 12, 'recovery_conditions': 0, 'failure_conditions': 2}}
    Data: {
  "experiments_count": 12,
  "current_experiment": {
    "node_name": "CFC_Voltage",
    "node_type": "CharacterizationFlowInstance",
    "iterations_count": 1
  },
  "flow_summary": {
    "total_nodes": 12,
    "recovery_conditions": 0,
    "failure_conditions": 2
  }
}

[2025-10-06T20:57:56.057563] [EXPERIMENT] EXPERIMENT START - Node: CFC_Frequency (ID: NODE_007)

[2025-10-06T20:57:56.152396] [CONFIG] Experiment config saved to: debug_logs\experiment_config_NODE_007_20251006_204723.json

[2025-10-06T20:57:56.207571] [CONFIG] Key Config Parameters: {'Test Type': 'Sweep', 'Content': 'Dragon'}
    Data: {
  "Test Type": "Sweep",
  "Content": "Dragon"
}

[2025-10-06T20:57:56.258283] [EXPERIMENT] Flow experiment started: CFC_Frequency

[2025-10-06T20:58:04.320244] [TRACKER] ITERATION 1 - Status: FAIL

[2025-10-06T20:58:04.370387] [TRACKER]   Sweep Value: 8

[2025-10-06T20:58:04.422387] [TRACKER]   Config: {'frequency_cfc': 8}

[2025-10-06T20:58:05.250699] [SUCCESS] EXPERIMENT COMPLETE - Result: SOLID_REPRO, Port: 0

[2025-10-06T20:58:05.311711] [INFO] Test Folder: C:\SystemDebug\Logs\20251006_205756_T1_CFCFrequency

[2025-10-06T20:58:05.383290] [ANALYSIS] SWEEP ANALYSIS COMPLETE

[2025-10-06T20:58:05.436318] [ANALYSIS] Sweep Summary: {'sweep_type': 'frequency', 'sweep_domain': 'cfc', 'total_points': 1, 'failure_points': 1, 'pattern': 'no_sensitivity'}
    Data: {
  "sweep_type": "frequency",
  "sweep_domain": "cfc",
  "voltage_type": "vbump",
  "total_points": 1,
  "failure_points": 1,
  "pass_points": 0,
  "failure_values": [
    8
  ],
  "pass_values": [],
  "sensitivity_analysis": {
    "pattern": "no_sensitivity",
    "description": "Unit not sensitive to frequency cfc (vbump) - fails across entire range (no recovery condition)",
    "recommendation": "Unit fails across entire tested frequency range - no sensitivity threshold found",
    "voltage_type_context": "vbump",
    "failure_mode": "complete_failure_no_recovery"
  }
}

[2025-10-06T20:58:05.611211] [INFO] Experiment data persisted to test section: CFCFrequency

[2025-10-06T20:58:05.664282] [INFO] Node name: CFC_Frequency

[2025-10-06T20:58:05.716384] [TRACKER] TRACKER STATE SNAPSHOT

[2025-10-06T20:58:05.778621] [TRACKER] Tracker State: {'experiments_count': 13, 'current_experiment': {'node_name': 'CFC_Frequency', 'node_type': 'CharacterizationFlowInstance', 'iterations_count': 1}, 'flow_summary': {'total_nodes': 13, 'recovery_conditions': 0, 'failure_conditions': 2}}
    Data: {
  "experiments_count": 13,
  "current_experiment": {
    "node_name": "CFC_Frequency",
    "node_type": "CharacterizationFlowInstance",
    "iterations_count": 1
  },
  "flow_summary": {
    "total_nodes": 13,
    "recovery_conditions": 0,
    "failure_conditions": 2
  }
}

[2025-10-06T20:58:07.043177] [EXPERIMENT] EXPERIMENT START - Node: IA_Voltage (ID: NODE_008)

[2025-10-06T20:58:07.128528] [CONFIG] Experiment config saved to: debug_logs\experiment_config_NODE_008_20251006_204723.json

[2025-10-06T20:58:07.180752] [CONFIG] Key Config Parameters: {'Test Type': 'Sweep', 'Content': 'Dragon'}
    Data: {
  "Test Type": "Sweep",
  "Content": "Dragon"
}

[2025-10-06T20:58:07.233866] [EXPERIMENT] Flow experiment started: IA_Voltage

[2025-10-06T20:58:15.361303] [TRACKER] ITERATION 1 - Status: FAIL

[2025-10-06T20:58:15.414813] [TRACKER]   Sweep Value: 0.0

[2025-10-06T20:58:15.489281] [TRACKER]   Config: {'voltage_ia': 0.0}

[2025-10-06T20:58:26.410555] [TRACKER] ITERATION 2 - Status: FAIL

[2025-10-06T20:58:26.480446] [TRACKER]   Sweep Value: 0.05

[2025-10-06T20:58:26.547366] [TRACKER]   Config: {'voltage_ia': 0.05}

[2025-10-06T20:58:38.354645] [TRACKER] ITERATION 3 - Status: FAIL

[2025-10-06T20:58:38.412797] [TRACKER]   Sweep Value: 0.1

[2025-10-06T20:58:38.466835] [TRACKER]   Config: {'voltage_ia': 0.1}

[2025-10-06T20:58:49.482967] [TRACKER] ITERATION 4 - Status: FAIL

[2025-10-06T20:58:49.544877] [TRACKER]   Sweep Value: 0.15

[2025-10-06T20:58:49.596485] [TRACKER]   Config: {'voltage_ia': 0.15}

[2025-10-06T20:59:00.553452] [TRACKER] ITERATION 5 - Status: FAIL

[2025-10-06T20:59:00.611212] [TRACKER]   Sweep Value: 0.2

[2025-10-06T20:59:00.663873] [TRACKER]   Config: {'voltage_ia': 0.2}

[2025-10-06T20:59:01.863091] [SUCCESS] EXPERIMENT COMPLETE - Result: SOLID_REPRO, Port: 0

[2025-10-06T20:59:01.955194] [INFO] Test Folder: C:\SystemDebug\Logs\20251006_205807_T1_IAVoltage

[2025-10-06T20:59:02.023473] [ANALYSIS] SWEEP ANALYSIS COMPLETE

[2025-10-06T20:59:02.107923] [ANALYSIS] Sweep Summary: {'sweep_type': 'voltage', 'sweep_domain': 'ia', 'total_points': 5, 'failure_points': 5, 'pattern': 'no_sensitivity'}
    Data: {
  "sweep_type": "voltage",
  "sweep_domain": "ia",
  "voltage_type": "vbump",
  "total_points": 5,
  "failure_points": 5,
  "pass_points": 0,
  "failure_values": [
    0.0,
    0.05,
    0.1,
    0.15,
    0.2
  ],
  "pass_values": [],
  "sensitivity_analysis": {
    "pattern": "no_sensitivity",
    "description": "Unit not sensitive to voltage ia (vbump) - fails across entire range (no recovery condition)",
    "recommendation": "Unit fails across entire tested voltage range - no sensitivity threshold found",
    "voltage_type_context": "vbump",
    "failure_mode": "complete_failure_no_recovery"
  }
}

[2025-10-06T20:59:02.306865] [INFO] Experiment data persisted to test section: IAVoltage

[2025-10-06T20:59:02.354909] [INFO] Node name: IA_Voltage

[2025-10-06T20:59:02.406655] [TRACKER] TRACKER STATE SNAPSHOT

[2025-10-06T20:59:02.458304] [TRACKER] Tracker State: {'experiments_count': 14, 'current_experiment': {'node_name': 'IA_Voltage', 'node_type': 'CharacterizationFlowInstance', 'iterations_count': 5}, 'flow_summary': {'total_nodes': 14, 'recovery_conditions': 0, 'failure_conditions': 2}}
    Data: {
  "experiments_count": 14,
  "current_experiment": {
    "node_name": "IA_Voltage",
    "node_type": "CharacterizationFlowInstance",
    "iterations_count": 5
  },
  "flow_summary": {
    "total_nodes": 14,
    "recovery_conditions": 0,
    "failure_conditions": 2
  }
}

[2025-10-06T20:59:03.604523] [EXPERIMENT] EXPERIMENT START - Node: IA_Frequency (ID: NODE_009)

[2025-10-06T20:59:03.691116] [CONFIG] Experiment config saved to: debug_logs\experiment_config_NODE_009_20251006_204723.json

[2025-10-06T20:59:03.742252] [CONFIG] Key Config Parameters: {'Test Type': 'Sweep', 'Content': 'Dragon'}
    Data: {
  "Test Type": "Sweep",
  "Content": "Dragon"
}

[2025-10-06T20:59:03.791935] [EXPERIMENT] Flow experiment started: IA_Frequency

[2025-10-06T20:59:12.110324] [TRACKER] ITERATION 1 - Status: FAIL

[2025-10-06T20:59:12.167324] [TRACKER]   Sweep Value: 8

[2025-10-06T20:59:12.217889] [TRACKER]   Config: {'frequency_ia': 8}

[2025-10-06T20:59:23.122058] [TRACKER] ITERATION 2 - Status: PASS

[2025-10-06T20:59:23.181656] [TRACKER]   Sweep Value: 12

[2025-10-06T20:59:23.240654] [TRACKER]   Config: {'frequency_ia': 12}

[2025-10-06T20:59:34.295170] [TRACKER] ITERATION 3 - Status: FAIL

[2025-10-06T20:59:34.353319] [TRACKER]   Sweep Value: 16

[2025-10-06T20:59:34.403002] [TRACKER]   Config: {'frequency_ia': 16}

[2025-10-06T20:59:46.170818] [TRACKER] ITERATION 4 - Status: FAIL

[2025-10-06T20:59:46.251162] [TRACKER]   Sweep Value: 20

[2025-10-06T20:59:46.308390] [TRACKER]   Config: {'frequency_ia': 20}

[2025-10-06T20:59:50.942294] [SUCCESS] EXPERIMENT COMPLETE - Result: MOSTLY_FAILING, Port: 0

[2025-10-06T20:59:50.995393] [INFO] Test Folder: C:\SystemDebug\Logs\20251006_205904_T1_IAFrequency

[2025-10-06T20:59:51.067657] [ANALYSIS] SWEEP ANALYSIS COMPLETE

[2025-10-06T20:59:51.123395] [ANALYSIS] Sweep Summary: {'sweep_type': 'frequency', 'sweep_domain': 'ia', 'total_points': 4, 'failure_points': 3, 'pattern': 'mixed_sensitivity'}
    Data: {
  "sweep_type": "frequency",
  "sweep_domain": "ia",
  "voltage_type": "vbump",
  "total_points": 4,
  "failure_points": 3,
  "pass_points": 1,
  "failure_values": [
    8,
    16,
    20
  ],
  "pass_values": [
    12
  ],
  "sensitivity_analysis": {
    "pattern": "mixed_sensitivity",
    "description": "Unit has mixed sensitivity pattern for frequency ia (vbump)",
    "failure_range": [
      8,
      20
    ],
    "pass_range": [
      12,
      12
    ],
    "safe_values": [
      12
    ],
    "voltage_type_context": "vbump",
    "recommendation": "Avoid failure values, use passing values for recovery (vbump specific to tested domain)"
  }
}

[2025-10-06T20:59:51.285638] [INFO] Experiment data persisted to test section: IAFrequency

[2025-10-06T20:59:51.336229] [INFO] Node name: IA_Frequency

[2025-10-06T20:59:51.393146] [TRACKER] TRACKER STATE SNAPSHOT

[2025-10-06T20:59:51.442435] [TRACKER] Tracker State: {'experiments_count': 15, 'current_experiment': {'node_name': 'IA_Frequency', 'node_type': 'CharacterizationFlowInstance', 'iterations_count': 4}, 'flow_summary': {'total_nodes': 15, 'recovery_conditions': 0, 'failure_conditions': 2}}
    Data: {
  "experiments_count": 15,
  "current_experiment": {
    "node_name": "IA_Frequency",
    "node_type": "CharacterizationFlowInstance",
    "iterations_count": 4
  },
  "flow_summary": {
    "total_nodes": 15,
    "recovery_conditions": 0,
    "failure_conditions": 2
  }
}

[2025-10-06T20:59:52.186310] [ANALYSIS] Starting comprehensive analysis

[2025-10-06T20:59:52.279572] [ANALYSIS] COMPREHENSIVE ANALYSIS COMPLETE

[2025-10-06T20:59:52.337153] [ANALYSIS] Analysis Summary: {'total_experiments': 15, 'valid_experiments': 15, 'voltage_experiments': 4, 'frequency_experiments': 5, 'recovery_conditions': 0, 'failure_conditions': 2}
    Data: {
  "total_experiments": 15,
  "valid_experiments": 15,
  "voltage_experiments": 4,
  "frequency_experiments": 5,
  "recovery_conditions": 0,
  "failure_conditions": 2
}

[2025-10-06T20:59:53.178772] [INFO] Comprehensive analysis saved to: debug_logs\comprehensive_analysis_20251006_204723.json

[2025-10-06T20:59:53.459293] [SUCCESS] EXPERIMENT COMPLETE - Result: ANALYSIS_COMPLETE, Port: 0

[2025-10-06T20:59:53.509063] [ANALYSIS] SWEEP ANALYSIS COMPLETE

[2025-10-06T20:59:53.562837] [ANALYSIS] Sweep Summary: {'sweep_type': 'frequency', 'sweep_domain': 'ia', 'total_points': 4, 'failure_points': 3, 'pattern': 'mixed_sensitivity'}
    Data: {
  "sweep_type": "frequency",
  "sweep_domain": "ia",
  "voltage_type": "vbump",
  "total_points": 4,
  "failure_points": 3,
  "pass_points": 1,
  "failure_values": [
    8,
    16,
    20
  ],
  "pass_values": [
    12
  ],
  "sensitivity_analysis": {
    "pattern": "mixed_sensitivity",
    "description": "Unit has mixed sensitivity pattern for frequency ia (vbump)",
    "failure_range": [
      8,
      20
    ],
    "pass_range": [
      12,
      12
    ],
    "safe_values": [
      12
    ],
    "voltage_type_context": "vbump",
    "recommendation": "Avoid failure values, use passing values for recovery (vbump specific to tested domain)"
  }
}

[2025-10-06T20:59:53.709562] [INFO] Experiment data persisted to test section: IAFrequency

[2025-10-06T20:59:53.771142] [INFO] Node name: IA_Frequency

[2025-10-06T20:59:53.827958] [TRACKER] TRACKER STATE SNAPSHOT

[2025-10-06T20:59:53.882323] [TRACKER] Tracker State: {'experiments_count': 16, 'current_experiment': {'node_name': 'IA_Frequency', 'node_type': 'CharacterizationFlowInstance', 'iterations_count': 4}, 'flow_summary': {'total_nodes': 16, 'recovery_conditions': 0, 'failure_conditions': 2}}
    Data: {
  "experiments_count": 16,
  "current_experiment": {
    "node_name": "IA_Frequency",
    "node_type": "CharacterizationFlowInstance",
    "iterations_count": 4
  },
  "flow_summary": {
    "total_nodes": 16,
    "recovery_conditions": 0,
    "failure_conditions": 2
  }
}

[2025-10-06T21:02:28.330206] [EXPERIMENT] EXPERIMENT START - Node: BaseRepro (ID: NODE_002)

[2025-10-06T21:02:28.435846] [CONFIG] Experiment config saved to: debug_logs\experiment_config_NODE_002_20251006_204723.json

[2025-10-06T21:02:28.491412] [CONFIG] Key Config Parameters: {'Test Type': 'Loops', 'Content': 'Dragon'}
    Data: {
  "Test Type": "Loops",
  "Content": "Dragon"
}

[2025-10-06T21:02:28.544188] [EXPERIMENT] Flow experiment started: BaseRepro

[2025-10-06T21:02:36.955186] [TRACKER] ITERATION 1 - Status: FAIL

[2025-10-06T21:02:54.205349] [TRACKER] ITERATION 2 - Status: FAIL

[2025-10-06T21:03:12.152794] [TRACKER] ITERATION 3 - Status: FAIL

[2025-10-06T21:03:13.748890] [SUCCESS] EXPERIMENT COMPLETE - Result: SOLID_REPRO, Port: 1

[2025-10-06T21:03:13.802036] [INFO] Test Folder: C:\SystemDebug\Logs\20251006_210228_T1_DragonBaseline

[2025-10-06T21:03:14.018611] [INFO] Experiment data persisted to test section: DragonBaseline

[2025-10-06T21:03:14.067900] [INFO] Node name: BaseRepro

[2025-10-06T21:03:14.120331] [TRACKER] TRACKER STATE SNAPSHOT

[2025-10-06T21:03:14.204402] [TRACKER] Tracker State: {'experiments_count': 17, 'current_experiment': {'node_name': 'BaseRepro', 'node_type': 'AllFailFlowInstance', 'iterations_count': 3}, 'flow_summary': {'total_nodes': 17, 'recovery_conditions': 0, 'failure_conditions': 3}}
    Data: {
  "experiments_count": 17,
  "current_experiment": {
    "node_name": "BaseRepro",
    "node_type": "AllFailFlowInstance",
    "iterations_count": 3
  },
  "flow_summary": {
    "total_nodes": 17,
    "recovery_conditions": 0,
    "failure_conditions": 3
  }
}

[2025-10-06T21:03:15.205376] [ANALYSIS] Getting adaptive analysis data for: AllFailFlowInstance

[2025-10-06T21:03:15.270144] [ANALYSIS] ADAPTIVE ANALYSIS

[2025-10-06T21:03:15.316520] [ANALYSIS] Source: PPVC (Port: 2)

[2025-10-06T21:03:15.366485] [ANALYSIS] Recovery Potential: low

[2025-10-06T21:03:15.419644] [ANALYSIS] Recommended Config: {'Experiment': 'Enabled', 'Test Name': 'DragonPPVC', 'Test Mode': 'Mesh', 'Test Type': 'Loops', 'Visual ID': '75YB873100474', 'Bucket': 'IDIPAR', 'COM Port': 11, 'IP Address': '192.168.0.2', 'TTL Folder': 'Q:\\DPM_Debug\\GNR\\Logs\\LLC\\2509_75YB873100474\\TTL_DragonMesh', 'Scripts File': None, 'Pass String': 'Test Complete', 'Fail String': 'Test Failed', 'Content': <ContentType.DRAGON: 'Dragon'>, 'Test Number': 2, 'Test Time': 45, 'Reset': True, 'Reset on PASS': True, 'FastBoot': True, 'Core License': None, '600W Unit': True, 'Pseudo Config': False, 'Configuration (Mask)': None, 'Boot Breakpoint': '0xa2000000', 'Disable 2 Cores': None, 'Check Core': 141, 'Voltage Type': 'vbump', 'Voltage IA': None, 'Voltage CFC': None, 'Frequency IA': None, 'Frequency CFC': None, 'Loops': 3, 'Type': 'Voltage', 'Domain': 'IA', 'Start': 0.0, 'End': 0.1, 'Steps': 0.02, 'ShmooFile': 'C:\\SystemDebug\\Shmoos\\RVPShmooConfig.json', 'ShmooLabel': 'COREFIX', 'Linux Pre Command': None, 'Linux Post Command': None, 'Startup Linux': None, 'Linux Path': None, 'Linux Content Wait Time': None, 'Linux Content Line 0': None, 'Linux Content Line 1': None, 'Dragon Pre Command': None, 'Dragon Post Command': None, 'Startup Dragon': 'startup_efi.nsh', 'ULX Path': 'FS1:\\EFI\\ulx', 'ULX CPU': 'GNR_B0', 'Product Chop': 'GNR', 'VVAR0': '0x4C4B40', 'VVAR1': 80064000, 'VVAR2': '0x1000000', 'VVAR3': '0x4000000', 'VVAR_EXTRA': None, 'Dragon Content Path': 'FS1:\\content\\Dragon\\7410_0x0E_PPV_MegaMem\\GNR128C_H_1UP', 'Dragon Content Line': None, 'Stop on Fail': True, 'Merlin Name': 'MerlinX.efi', 'Merlin Drive': 'FS1:', 'Merlin Path': 'FS1:\\EFI\\Version8.15\\BinFiles\\Release', 'Post Process': None, 'Linux Pass String': None, 'Linux Fail String': None, 'Linux Content Line 2': None, 'Linux Content Line 3': None, 'Linux Content Line 4': None, 'Linux Content Line 5': None}
    Data: {
  "Experiment": "Enabled",
  "Test Name": "DragonPPVC",
  "Test Mode": "Mesh",
  "Test Type": "Loops",
  "Visual ID": "75YB873100474",
  "Bucket": "IDIPAR",
  "COM Port": 11,
  "IP Address": "192.168.0.2",
  "TTL Folder": "Q:\\DPM_Debug\\GNR\\Logs\\LLC\\2509_75YB873100474\\TTL_DragonMesh",
  "Scripts File": null,
  "Pass String": "Test Complete",
  "Fail String": "Test Failed",
  "Content": "ContentType.DRAGON",
  "Test Number": 2,
  "Test Time": 45,
  "Reset": true,
  "Reset on PASS": true,
  "FastBoot": true,
  "Core License": null,
  "600W Unit": true,
  "Pseudo Config": false,
  "Configuration (Mask)": null,
  "Boot Breakpoint": "0xa2000000",
  "Disable 2 Cores": null,
  "Check Core": 141,
  "Voltage Type": "vbump",
  "Voltage IA": null,
  "Voltage CFC": null,
  "Frequency IA": null,
  "Frequency CFC": null,
  "Loops": 3,
  "Type": "Voltage",
  "Domain": "IA",
  "Start": 0.0,
  "End": 0.1,
  "Steps": 0.02,
  "ShmooFile": "C:\\SystemDebug\\Shmoos\\RVPShmooConfig.json",
  "ShmooLabel": "COREFIX",
  "Linux Pre Command": null,
  "Linux Post Command": null,
  "Startup Linux": null,
  "Linux Path": null,
  "Linux Content Wait Time": null,
  "Linux Content Line 0": null,
  "Linux Content Line 1": null,
  "Dragon Pre Command": null,
  "Dragon Post Command": null,
  "Startup Dragon": "startup_efi.nsh",
  "ULX Path": "FS1:\\EFI\\ulx",
  "ULX CPU": "GNR_B0",
  "Product Chop": "GNR",
  "VVAR0": "0x4C4B40",
  "VVAR1": 80064000,
  "VVAR2": "0x1000000",
  "VVAR3": "0x4000000",
  "VVAR_EXTRA": null,
  "Dragon Content Path": "FS1:\\content\\Dragon\\7410_0x0E_PPV_MegaMem\\GNR128C_H_1UP",
  "Dragon Content Line": null,
  "Stop on Fail": true,
  "Merlin Name": "MerlinX.efi",
  "Merlin Drive": "FS1:",
  "Merlin Path": "FS1:\\EFI\\Version8.15\\BinFiles\\Release",
  "Post Process": null,
  "Linux Pass String": null,
  "Linux Fail String": null,
  "Linux Content Line 2": null,
  "Linux Content Line 3": null,
  "Linux Content Line 4": null,
  "Linux Content Line 5": null
}

[2025-10-06T21:03:15.628166] [SUCCESS] EXPERIMENT COMPLETE - Result: CONFIG_PASSED, Port: 0

[2025-10-06T21:03:15.777572] [INFO] Experiment data persisted to test section: DragonBaseline

[2025-10-06T21:03:15.832489] [INFO] Node name: BaseRepro

[2025-10-06T21:03:15.881678] [TRACKER] TRACKER STATE SNAPSHOT

[2025-10-06T21:03:15.935720] [TRACKER] Tracker State: {'experiments_count': 18, 'current_experiment': {'node_name': 'BaseRepro', 'node_type': 'AllFailFlowInstance', 'iterations_count': 3}, 'flow_summary': {'total_nodes': 18, 'recovery_conditions': 0, 'failure_conditions': 3}}
    Data: {
  "experiments_count": 18,
  "current_experiment": {
    "node_name": "BaseRepro",
    "node_type": "AllFailFlowInstance",
    "iterations_count": 3
  },
  "flow_summary": {
    "total_nodes": 18,
    "recovery_conditions": 0,
    "failure_conditions": 3
  }
}

[2025-10-06T21:03:17.941105] [EXPERIMENT] EXPERIMENT START - Node: CFC_Voltage (ID: NODE_006)

[2025-10-06T21:03:18.030986] [CONFIG] Experiment config saved to: debug_logs\experiment_config_NODE_006_20251006_204723.json

[2025-10-06T21:03:18.102547] [CONFIG] Key Config Parameters: {'Test Type': 'Sweep', 'Content': 'Dragon'}
    Data: {
  "Test Type": "Sweep",
  "Content": "Dragon"
}

[2025-10-06T21:03:18.155784] [EXPERIMENT] Flow experiment started: CFC_Voltage

[2025-10-06T21:03:26.526792] [TRACKER] ITERATION 1 - Status: FAIL

[2025-10-06T21:03:26.578836] [TRACKER]   Sweep Value: 0.0

[2025-10-06T21:03:26.644145] [TRACKER]   Config: {'voltage_cfc': 0.0}

[2025-10-06T21:03:36.907947] [TRACKER] ITERATION 2 - Status: FAIL

[2025-10-06T21:03:37.077210] [TRACKER]   Sweep Value: 0.05

[2025-10-06T21:03:37.405598] [TRACKER]   Config: {'voltage_cfc': 0.05}

[2025-10-06T21:03:49.247724] [TRACKER] ITERATION 3 - Status: FAIL

[2025-10-06T21:03:49.305356] [TRACKER]   Sweep Value: 0.1

[2025-10-06T21:03:49.360664] [TRACKER]   Config: {'voltage_cfc': 0.1}

[2025-10-06T21:04:00.548232] [TRACKER] ITERATION 4 - Status: FAIL

[2025-10-06T21:04:00.610450] [TRACKER]   Sweep Value: 0.15

[2025-10-06T21:04:00.672186] [TRACKER]   Config: {'voltage_cfc': 0.15}

[2025-10-06T21:04:11.536097] [TRACKER] ITERATION 5 - Status: FAIL

[2025-10-06T21:04:11.603492] [TRACKER]   Sweep Value: 0.2

[2025-10-06T21:04:11.656750] [TRACKER]   Config: {'voltage_cfc': 0.2}

[2025-10-06T21:04:13.015861] [SUCCESS] EXPERIMENT COMPLETE - Result: SOLID_REPRO, Port: 0

[2025-10-06T21:04:13.067925] [INFO] Test Folder: C:\SystemDebug\Logs\20251006_210318_T1_CFCVoltage

[2025-10-06T21:04:13.122000] [ANALYSIS] SWEEP ANALYSIS COMPLETE

[2025-10-06T21:04:13.183746] [ANALYSIS] Sweep Summary: {'sweep_type': 'voltage', 'sweep_domain': 'cfc', 'total_points': 5, 'failure_points': 5, 'pattern': 'no_sensitivity'}
    Data: {
  "sweep_type": "voltage",
  "sweep_domain": "cfc",
  "voltage_type": "vbump",
  "total_points": 5,
  "failure_points": 5,
  "pass_points": 0,
  "failure_values": [
    0.0,
    0.05,
    0.1,
    0.15,
    0.2
  ],
  "pass_values": [],
  "sensitivity_analysis": {
    "pattern": "no_sensitivity",
    "description": "Unit not sensitive to voltage cfc (vbump) - fails across entire range (no recovery condition)",
    "recommendation": "Unit fails across entire tested voltage range - no sensitivity threshold found",
    "voltage_type_context": "vbump",
    "failure_mode": "complete_failure_no_recovery"
  }
}

[2025-10-06T21:04:13.347748] [INFO] Experiment data persisted to test section: CFCVoltage

[2025-10-06T21:04:13.403810] [INFO] Node name: CFC_Voltage

[2025-10-06T21:04:13.454576] [TRACKER] TRACKER STATE SNAPSHOT

[2025-10-06T21:04:13.508531] [TRACKER] Tracker State: {'experiments_count': 19, 'current_experiment': {'node_name': 'CFC_Voltage', 'node_type': 'CharacterizationFlowInstance', 'iterations_count': 5}, 'flow_summary': {'total_nodes': 19, 'recovery_conditions': 0, 'failure_conditions': 3}}
    Data: {
  "experiments_count": 19,
  "current_experiment": {
    "node_name": "CFC_Voltage",
    "node_type": "CharacterizationFlowInstance",
    "iterations_count": 5
  },
  "flow_summary": {
    "total_nodes": 19,
    "recovery_conditions": 0,
    "failure_conditions": 3
  }
}

[2025-10-06T21:04:15.733579] [EXPERIMENT] EXPERIMENT START - Node: CFC_Frequency (ID: NODE_007)

[2025-10-06T21:04:15.828866] [CONFIG] Experiment config saved to: debug_logs\experiment_config_NODE_007_20251006_204723.json

[2025-10-06T21:04:15.883261] [CONFIG] Key Config Parameters: {'Test Type': 'Sweep', 'Content': 'Dragon'}
    Data: {
  "Test Type": "Sweep",
  "Content": "Dragon"
}

[2025-10-06T21:04:15.935508] [EXPERIMENT] Flow experiment started: CFC_Frequency

[2025-10-06T21:04:25.072574] [TRACKER] ITERATION 1 - Status: FAIL

[2025-10-06T21:04:25.136561] [TRACKER]   Sweep Value: 8

[2025-10-06T21:04:25.190529] [TRACKER]   Config: {'frequency_cfc': 8}

[2025-10-06T21:04:36.492979] [TRACKER] ITERATION 2 - Status: FAIL

[2025-10-06T21:04:36.568828] [TRACKER]   Sweep Value: 12

[2025-10-06T21:04:36.619272] [TRACKER]   Config: {'frequency_cfc': 12}

[2025-10-06T21:04:47.716850] [TRACKER] ITERATION 3 - Status: FAIL

[2025-10-06T21:04:47.781244] [TRACKER]   Sweep Value: 16

[2025-10-06T21:04:47.831421] [TRACKER]   Config: {'frequency_cfc': 16}

[2025-10-06T21:04:58.880555] [TRACKER] ITERATION 4 - Status: PASS

[2025-10-06T21:04:58.942165] [TRACKER]   Sweep Value: 20

[2025-10-06T21:04:58.996003] [TRACKER]   Config: {'frequency_cfc': 20}

[2025-10-06T21:05:09.990394] [TRACKER] ITERATION 5 - Status: FAIL

[2025-10-06T21:05:10.048971] [TRACKER]   Sweep Value: 24

[2025-10-06T21:05:10.098589] [TRACKER]   Config: {'frequency_cfc': 24}

[2025-10-06T21:05:11.382877] [SUCCESS] EXPERIMENT COMPLETE - Result: MOSTLY_FAILING, Port: 0

[2025-10-06T21:05:11.429089] [INFO] Test Folder: C:\SystemDebug\Logs\20251006_210416_T1_CFCFrequency

[2025-10-06T21:05:11.477435] [ANALYSIS] SWEEP ANALYSIS COMPLETE

[2025-10-06T21:05:11.527328] [ANALYSIS] Sweep Summary: {'sweep_type': 'frequency', 'sweep_domain': 'cfc', 'total_points': 5, 'failure_points': 4, 'pattern': 'mixed_sensitivity'}
    Data: {
  "sweep_type": "frequency",
  "sweep_domain": "cfc",
  "voltage_type": "vbump",
  "total_points": 5,
  "failure_points": 4,
  "pass_points": 1,
  "failure_values": [
    8,
    12,
    16,
    24
  ],
  "pass_values": [
    20
  ],
  "sensitivity_analysis": {
    "pattern": "mixed_sensitivity",
    "description": "Unit has mixed sensitivity pattern for frequency cfc (vbump)",
    "failure_range": [
      8,
      24
    ],
    "pass_range": [
      20,
      20
    ],
    "safe_values": [
      20
    ],
    "voltage_type_context": "vbump",
    "recommendation": "Avoid failure values, use passing values for recovery (vbump specific to tested domain)"
  }
}

[2025-10-06T21:05:11.677192] [INFO] Experiment data persisted to test section: CFCFrequency

[2025-10-06T21:05:11.727231] [INFO] Node name: CFC_Frequency

[2025-10-06T21:05:11.776427] [TRACKER] TRACKER STATE SNAPSHOT

[2025-10-06T21:05:11.823125] [TRACKER] Tracker State: {'experiments_count': 20, 'current_experiment': {'node_name': 'CFC_Frequency', 'node_type': 'CharacterizationFlowInstance', 'iterations_count': 5}, 'flow_summary': {'total_nodes': 20, 'recovery_conditions': 0, 'failure_conditions': 3}}
    Data: {
  "experiments_count": 20,
  "current_experiment": {
    "node_name": "CFC_Frequency",
    "node_type": "CharacterizationFlowInstance",
    "iterations_count": 5
  },
  "flow_summary": {
    "total_nodes": 20,
    "recovery_conditions": 0,
    "failure_conditions": 3
  }
}

[2025-10-06T21:05:14.092715] [EXPERIMENT] EXPERIMENT START - Node: IA_Voltage (ID: NODE_008)

[2025-10-06T21:05:14.185238] [CONFIG] Experiment config saved to: debug_logs\experiment_config_NODE_008_20251006_204723.json

[2025-10-06T21:05:14.239387] [CONFIG] Key Config Parameters: {'Test Type': 'Sweep', 'Content': 'Dragon'}
    Data: {
  "Test Type": "Sweep",
  "Content": "Dragon"
}

[2025-10-06T21:05:14.292506] [EXPERIMENT] Flow experiment started: IA_Voltage

[2025-10-06T21:05:22.600854] [TRACKER] ITERATION 1 - Status: FAIL

[2025-10-06T21:05:22.659166] [TRACKER]   Sweep Value: 0.0

[2025-10-06T21:05:22.713862] [TRACKER]   Config: {'voltage_ia': 0.0}

[2025-10-06T21:05:33.453106] [TRACKER] ITERATION 2 - Status: FAIL

[2025-10-06T21:05:33.507040] [TRACKER]   Sweep Value: 0.05

[2025-10-06T21:05:33.555753] [TRACKER]   Config: {'voltage_ia': 0.05}

[2025-10-06T21:05:45.120450] [TRACKER] ITERATION 3 - Status: FAIL

[2025-10-06T21:05:45.177010] [TRACKER]   Sweep Value: 0.1

[2025-10-06T21:05:45.232985] [TRACKER]   Config: {'voltage_ia': 0.1}

[2025-10-06T21:05:55.773395] [TRACKER] ITERATION 4 - Status: FAIL

[2025-10-06T21:05:55.825851] [TRACKER]   Sweep Value: 0.15

[2025-10-06T21:05:55.881404] [TRACKER]   Config: {'voltage_ia': 0.15}

[2025-10-06T21:06:07.397348] [TRACKER] ITERATION 5 - Status: PASS

[2025-10-06T21:06:07.451410] [TRACKER]   Sweep Value: 0.2

[2025-10-06T21:06:07.498115] [TRACKER]   Config: {'voltage_ia': 0.2}

[2025-10-06T21:06:08.900512] [SUCCESS] EXPERIMENT COMPLETE - Result: MOSTLY_FAILING, Port: 0

[2025-10-06T21:06:08.952120] [INFO] Test Folder: C:\SystemDebug\Logs\20251006_210514_T1_IAVoltage

[2025-10-06T21:06:09.002828] [ANALYSIS] SWEEP ANALYSIS COMPLETE

[2025-10-06T21:06:09.051563] [ANALYSIS] Sweep Summary: {'sweep_type': 'voltage', 'sweep_domain': 'ia', 'total_points': 5, 'failure_points': 4, 'pattern': 'threshold_sensitivity'}
    Data: {
  "sweep_type": "voltage",
  "sweep_domain": "ia",
  "voltage_type": "vbump",
  "total_points": 5,
  "failure_points": 4,
  "pass_points": 1,
  "failure_values": [
    0.0,
    0.05,
    0.1,
    0.15
  ],
  "pass_values": [
    0.2
  ],
  "sensitivity_analysis": {
    "pattern": "threshold_sensitivity",
    "description": "Unit sensitive below 0.2 voltage (vbump) - recovers at higher values",
    "failure_range": [
      0.0,
      0.15
    ],
    "pass_range": [
      0.2,
      0.2
    ],
    "safe_values": [
      0.2
    ],
    "voltage_type_context": "vbump",
    "recommendation": "Use values >= 0.2 for recovery (vbump specific to tested domain)"
  }
}

[2025-10-06T21:06:09.215879] [INFO] Experiment data persisted to test section: IAVoltage

[2025-10-06T21:06:09.272990] [INFO] Node name: IA_Voltage

[2025-10-06T21:06:09.321161] [TRACKER] TRACKER STATE SNAPSHOT

[2025-10-06T21:06:09.369580] [TRACKER] Tracker State: {'experiments_count': 21, 'current_experiment': {'node_name': 'IA_Voltage', 'node_type': 'CharacterizationFlowInstance', 'iterations_count': 5}, 'flow_summary': {'total_nodes': 21, 'recovery_conditions': 0, 'failure_conditions': 3}}
    Data: {
  "experiments_count": 21,
  "current_experiment": {
    "node_name": "IA_Voltage",
    "node_type": "CharacterizationFlowInstance",
    "iterations_count": 5
  },
  "flow_summary": {
    "total_nodes": 21,
    "recovery_conditions": 0,
    "failure_conditions": 3
  }
}

[2025-10-06T21:06:11.632060] [EXPERIMENT] EXPERIMENT START - Node: IA_Frequency (ID: NODE_009)

[2025-10-06T21:06:11.729375] [CONFIG] Experiment config saved to: debug_logs\experiment_config_NODE_009_20251006_204723.json

[2025-10-06T21:06:11.776882] [CONFIG] Key Config Parameters: {'Test Type': 'Sweep', 'Content': 'Dragon'}
    Data: {
  "Test Type": "Sweep",
  "Content": "Dragon"
}

[2025-10-06T21:06:11.825998] [EXPERIMENT] Flow experiment started: IA_Frequency

[2025-10-06T21:06:20.455634] [TRACKER] ITERATION 1 - Status: FAIL

[2025-10-06T21:06:20.512686] [TRACKER]   Sweep Value: 8

[2025-10-06T21:06:20.567902] [TRACKER]   Config: {'frequency_ia': 8}

[2025-10-06T21:06:31.020684] [TRACKER] ITERATION 2 - Status: PASS

[2025-10-06T21:06:31.079118] [TRACKER]   Sweep Value: 12

[2025-10-06T21:06:31.131076] [TRACKER]   Config: {'frequency_ia': 12}

[2025-10-06T21:06:41.590771] [TRACKER] ITERATION 3 - Status: FAIL

[2025-10-06T21:06:41.649720] [TRACKER]   Sweep Value: 16

[2025-10-06T21:06:41.706052] [TRACKER]   Config: {'frequency_ia': 16}

[2025-10-06T21:06:52.217215] [TRACKER] ITERATION 4 - Status: FAIL

[2025-10-06T21:06:52.278366] [TRACKER]   Sweep Value: 20

[2025-10-06T21:06:52.331165] [TRACKER]   Config: {'frequency_ia': 20}

[2025-10-06T21:07:03.201477] [TRACKER] ITERATION 5 - Status: FAIL

[2025-10-06T21:07:03.258051] [TRACKER]   Sweep Value: 24

[2025-10-06T21:07:03.312200] [TRACKER]   Config: {'frequency_ia': 24}

[2025-10-06T21:07:14.294428] [TRACKER] ITERATION 6 - Status: FAIL

[2025-10-06T21:07:14.354100] [TRACKER]   Sweep Value: 28

[2025-10-06T21:07:14.404754] [TRACKER]   Config: {'frequency_ia': 28}

[2025-10-06T21:07:25.608857] [TRACKER] ITERATION 7 - Status: FAIL

[2025-10-06T21:07:25.665625] [TRACKER]   Sweep Value: 32

[2025-10-06T21:07:25.719161] [TRACKER]   Config: {'frequency_ia': 32}

[2025-10-06T21:07:27.259853] [SUCCESS] EXPERIMENT COMPLETE - Result: MOSTLY_FAILING, Port: 0

[2025-10-06T21:07:27.314904] [INFO] Test Folder: C:\SystemDebug\Logs\20251006_210612_T1_IAFrequency

[2025-10-06T21:07:27.371513] [ANALYSIS] SWEEP ANALYSIS COMPLETE

[2025-10-06T21:07:27.426860] [ANALYSIS] Sweep Summary: {'sweep_type': 'frequency', 'sweep_domain': 'ia', 'total_points': 7, 'failure_points': 6, 'pattern': 'mixed_sensitivity'}
    Data: {
  "sweep_type": "frequency",
  "sweep_domain": "ia",
  "voltage_type": "vbump",
  "total_points": 7,
  "failure_points": 6,
  "pass_points": 1,
  "failure_values": [
    8,
    16,
    20,
    24,
    28,
    32
  ],
  "pass_values": [
    12
  ],
  "sensitivity_analysis": {
    "pattern": "mixed_sensitivity",
    "description": "Unit has mixed sensitivity pattern for frequency ia (vbump)",
    "failure_range": [
      8,
      32
    ],
    "pass_range": [
      12,
      12
    ],
    "safe_values": [
      12
    ],
    "voltage_type_context": "vbump",
    "recommendation": "Avoid failure values, use passing values for recovery (vbump specific to tested domain)"
  }
}

[2025-10-06T21:07:27.626899] [INFO] Experiment data persisted to test section: IAFrequency

[2025-10-06T21:07:27.686910] [INFO] Node name: IA_Frequency

[2025-10-06T21:07:27.741686] [TRACKER] TRACKER STATE SNAPSHOT

[2025-10-06T21:07:27.793403] [TRACKER] Tracker State: {'experiments_count': 22, 'current_experiment': {'node_name': 'IA_Frequency', 'node_type': 'CharacterizationFlowInstance', 'iterations_count': 7}, 'flow_summary': {'total_nodes': 22, 'recovery_conditions': 0, 'failure_conditions': 3}}
    Data: {
  "experiments_count": 22,
  "current_experiment": {
    "node_name": "IA_Frequency",
    "node_type": "CharacterizationFlowInstance",
    "iterations_count": 7
  },
  "flow_summary": {
    "total_nodes": 22,
    "recovery_conditions": 0,
    "failure_conditions": 3
  }
}

[2025-10-06T21:07:29.425510] [ANALYSIS] Starting comprehensive analysis

[2025-10-06T21:07:29.545398] [ANALYSIS] COMPREHENSIVE ANALYSIS COMPLETE

[2025-10-06T21:07:29.596178] [ANALYSIS] Analysis Summary: {'total_experiments': 22, 'valid_experiments': 22, 'voltage_experiments': 6, 'frequency_experiments': 8, 'recovery_conditions': 0, 'failure_conditions': 3}
    Data: {
  "total_experiments": 22,
  "valid_experiments": 22,
  "voltage_experiments": 6,
  "frequency_experiments": 8,
  "recovery_conditions": 0,
  "failure_conditions": 3
}

[2025-10-06T21:07:31.203237] [INFO] Comprehensive analysis saved to: debug_logs\comprehensive_analysis_20251006_204723.json

[2025-10-06T21:07:32.032054] [SUCCESS] EXPERIMENT COMPLETE - Result: ANALYSIS_COMPLETE, Port: 0

[2025-10-06T21:07:32.082131] [ANALYSIS] SWEEP ANALYSIS COMPLETE

[2025-10-06T21:07:32.132906] [ANALYSIS] Sweep Summary: {'sweep_type': 'frequency', 'sweep_domain': 'ia', 'total_points': 7, 'failure_points': 6, 'pattern': 'mixed_sensitivity'}
    Data: {
  "sweep_type": "frequency",
  "sweep_domain": "ia",
  "voltage_type": "vbump",
  "total_points": 7,
  "failure_points": 6,
  "pass_points": 1,
  "failure_values": [
    8,
    16,
    20,
    24,
    28,
    32
  ],
  "pass_values": [
    12
  ],
  "sensitivity_analysis": {
    "pattern": "mixed_sensitivity",
    "description": "Unit has mixed sensitivity pattern for frequency ia (vbump)",
    "failure_range": [
      8,
      32
    ],
    "pass_range": [
      12,
      12
    ],
    "safe_values": [
      12
    ],
    "voltage_type_context": "vbump",
    "recommendation": "Avoid failure values, use passing values for recovery (vbump specific to tested domain)"
  }
}

[2025-10-06T21:07:32.286352] [INFO] Experiment data persisted to test section: IAFrequency

[2025-10-06T21:07:32.340899] [INFO] Node name: IA_Frequency

[2025-10-06T21:07:32.393281] [TRACKER] TRACKER STATE SNAPSHOT

[2025-10-06T21:07:32.443987] [TRACKER] Tracker State: {'experiments_count': 23, 'current_experiment': {'node_name': 'IA_Frequency', 'node_type': 'CharacterizationFlowInstance', 'iterations_count': 7}, 'flow_summary': {'total_nodes': 23, 'recovery_conditions': 0, 'failure_conditions': 3}}
    Data: {
  "experiments_count": 23,
  "current_experiment": {
    "node_name": "IA_Frequency",
    "node_type": "CharacterizationFlowInstance",
    "iterations_count": 7
  },
  "flow_summary": {
    "total_nodes": 23,
    "recovery_conditions": 0,
    "failure_conditions": 3
  }
}

