=== EXPERIMENT TRACKER DEBUG SESSION STARTED ===
Session ID: 20251006_212143
Start Time: 2025-10-06T21:21:43.106631
============================================================

[2025-10-06T21:21:43.125683] [TRACKER] ExperimentTracker initialized

[2025-10-06T21:21:46.157964] [EXPERIMENT] EXPERIMENT START - Node: BaseRepro (ID: NODE_002)

[2025-10-06T21:21:46.245172] [CONFIG] Experiment config saved to: debug_logs\experiment_config_NODE_002_20251006_212143.json

[2025-10-06T21:21:46.291105] [CONFIG] Key Config Parameters: {'Test Type': 'Loops', 'Content': 'Dragon'}
    Data: {
  "Test Type": "Loops",
  "Content": "Dragon"
}

[2025-10-06T21:21:46.336514] [EXPERIMENT] Flow experiment started: BaseRepro

[2025-10-06T21:21:54.433332] [TRACKER] ITERATION 1 - Status: PASS

[2025-10-06T21:22:12.196313] [TRACKER] ITERATION 2 - Status: FAIL

[2025-10-06T21:22:30.395764] [TRACKER] ITERATION 3 - Status: FAIL

[2025-10-06T21:22:48.261516] [TRACKER] ITERATION 4 - Status: FAIL

[2025-10-06T21:23:06.395648] [TRACKER] ITERATION 5 - Status: FAIL

[2025-10-06T21:23:07.851214] [SUCCESS] EXPERIMENT COMPLETE - Result: MOSTLY_FAILING, Port: 2

[2025-10-06T21:23:07.897302] [INFO] Test Folder: C:\SystemDebug\Logs\20251006_212146_T1_DragonBaseline

[2025-10-06T21:23:08.050359] [INFO] Experiment data persisted to test section: DragonBaseline

[2025-10-06T21:23:08.099181] [INFO] Node name: BaseRepro

[2025-10-06T21:23:08.149552] [TRACKER] TRACKER STATE SNAPSHOT

[2025-10-06T21:23:08.194405] [TRACKER] Tracker State: {'experiments_count': 1, 'current_experiment': {'node_name': 'BaseRepro', 'node_type': 'AllFailFlowInstance', 'iterations_count': 5}, 'flow_summary': {'total_nodes': 1, 'recovery_conditions': 0, 'failure_conditions': 0}}
    Data: {
  "experiments_count": 1,
  "current_experiment": {
    "node_name": "BaseRepro",
    "node_type": "AllFailFlowInstance",
    "iterations_count": 5
  },
  "flow_summary": {
    "total_nodes": 1,
    "recovery_conditions": 0,
    "failure_conditions": 0
  }
}

[2025-10-06T21:23:08.384690] [EXPERIMENT] EXPERIMENT START - Node: PPVC (ID: NODE_003)

[2025-10-06T21:23:08.477675] [CONFIG] Experiment config saved to: debug_logs\experiment_config_NODE_003_20251006_212143.json

[2025-10-06T21:23:08.523574] [CONFIG] Key Config Parameters: {'Test Type': 'Loops', 'Content': 'Dragon'}
    Data: {
  "Test Type": "Loops",
  "Content": "Dragon"
}

[2025-10-06T21:23:08.589670] [EXPERIMENT] Flow experiment started: PPVC

[2025-10-06T21:23:17.137144] [TRACKER] ITERATION 1 - Status: FAIL

[2025-10-06T21:23:34.828161] [TRACKER] ITERATION 2 - Status: FAIL

[2025-10-06T21:23:52.682088] [TRACKER] ITERATION 3 - Status: FAIL

[2025-10-06T21:23:54.010799] [SUCCESS] EXPERIMENT COMPLETE - Result: SOLID_REPRO, Port: 2

[2025-10-06T21:23:54.058968] [INFO] Test Folder: C:\SystemDebug\Logs\20251006_212308_T2_DragonPPVC

[2025-10-06T21:23:54.212925] [INFO] Experiment data persisted to test section: DragonPPVC

[2025-10-06T21:23:54.256461] [INFO] Node name: PPVC

[2025-10-06T21:23:54.304689] [TRACKER] TRACKER STATE SNAPSHOT

[2025-10-06T21:23:54.353577] [TRACKER] Tracker State: {'experiments_count': 2, 'current_experiment': {'node_name': 'PPVC', 'node_type': 'AllFailFlowInstance', 'iterations_count': 3}, 'flow_summary': {'total_nodes': 2, 'recovery_conditions': 0, 'failure_conditions': 0}}
    Data: {
  "experiments_count": 2,
  "current_experiment": {
    "node_name": "PPVC",
    "node_type": "AllFailFlowInstance",
    "iterations_count": 3
  },
  "flow_summary": {
    "total_nodes": 2,
    "recovery_conditions": 0,
    "failure_conditions": 0
  }
}

[2025-10-06T21:23:54.580443] [EXPERIMENT] EXPERIMENT START - Node: ExtendedDragon (ID: NODE_004)

[2025-10-06T21:23:54.728310] [CONFIG] Experiment config saved to: debug_logs\experiment_config_NODE_004_20251006_212143.json

[2025-10-06T21:23:54.772235] [CONFIG] Key Config Parameters: {'Test Type': 'Loops', 'Content': 'Dragon'}
    Data: {
  "Test Type": "Loops",
  "Content": "Dragon"
}

[2025-10-06T21:23:54.820113] [EXPERIMENT] Flow experiment started: ExtendedDragon

[2025-10-06T21:24:02.639765] [TRACKER] ITERATION 1 - Status: FAIL

[2025-10-06T21:24:20.431109] [TRACKER] ITERATION 2 - Status: FAIL

[2025-10-06T21:24:38.593702] [TRACKER] ITERATION 3 - Status: FAIL

[2025-10-06T21:24:39.929444] [SUCCESS] EXPERIMENT COMPLETE - Result: SOLID_REPRO, Port: 1

[2025-10-06T21:24:39.988361] [INFO] Test Folder: C:\SystemDebug\Logs\20251006_212355_T2_DragonPPVC

[2025-10-06T21:24:40.200203] [INFO] Experiment data persisted to test section: DragonPPVC

[2025-10-06T21:24:40.253070] [INFO] Node name: ExtendedDragon

[2025-10-06T21:24:40.307322] [TRACKER] TRACKER STATE SNAPSHOT

[2025-10-06T21:24:40.360798] [TRACKER] Tracker State: {'experiments_count': 3, 'current_experiment': {'node_name': 'ExtendedDragon', 'node_type': 'AllFailFlowInstance', 'iterations_count': 3}, 'flow_summary': {'total_nodes': 3, 'recovery_conditions': 0, 'failure_conditions': 1}}
    Data: {
  "experiments_count": 3,
  "current_experiment": {
    "node_name": "ExtendedDragon",
    "node_type": "AllFailFlowInstance",
    "iterations_count": 3
  },
  "flow_summary": {
    "total_nodes": 3,
    "recovery_conditions": 0,
    "failure_conditions": 1
  }
}

[2025-10-06T21:24:40.538722] [ANALYSIS] Getting adaptive analysis data for: AllFailFlowInstance

[2025-10-06T21:24:40.613008] [ANALYSIS] ADAPTIVE ANALYSIS

[2025-10-06T21:24:40.665738] [ANALYSIS] Source: PPVC (Port: 2)

[2025-10-06T21:24:40.719984] [ANALYSIS] Recovery Potential: low

[2025-10-06T21:24:40.856930] [ANALYSIS] Recommended Config: {'Experiment': 'Enabled', 'Test Name': 'DragonPPVC', 'Test Mode': 'Mesh', 'Test Type': 'Loops', 'Visual ID': '75YB873100474', 'Bucket': 'IDIPAR', 'COM Port': 11, 'IP Address': '192.168.0.2', 'TTL Folder': 'Q:\\DPM_Debug\\GNR\\Logs\\LLC\\2509_75YB873100474\\TTL_DragonMesh', 'Scripts File': None, 'Pass String': 'Test Complete', 'Fail String': 'Test Failed', 'Content': <ContentType.DRAGON: 'Dragon'>, 'Test Number': 2, 'Test Time': 45, 'Reset': True, 'Reset on PASS': True, 'FastBoot': True, 'Core License': None, '600W Unit': True, 'Pseudo Config': False, 'Configuration (Mask)': None, 'Boot Breakpoint': '0xa2000000', 'Disable 2 Cores': None, 'Check Core': 141, 'Voltage Type': 'vbump', 'Voltage IA': None, 'Voltage CFC': None, 'Frequency IA': None, 'Frequency CFC': None, 'Loops': 3, 'Type': 'Voltage', 'Domain': 'IA', 'Start': 0.0, 'End': 0.1, 'Steps': 0.02, 'ShmooFile': 'C:\\SystemDebug\\Shmoos\\RVPShmooConfig.json', 'ShmooLabel': 'COREFIX', 'Linux Pre Command': None, 'Linux Post Command': None, 'Startup Linux': None, 'Linux Path': None, 'Linux Content Wait Time': None, 'Linux Content Line 0': None, 'Linux Content Line 1': None, 'Dragon Pre Command': None, 'Dragon Post Command': None, 'Startup Dragon': 'startup_efi.nsh', 'ULX Path': 'FS1:\\EFI\\ulx', 'ULX CPU': 'GNR_B0', 'Product Chop': 'GNR', 'VVAR0': '0x4C4B40', 'VVAR1': 80064000, 'VVAR2': '0x1000000', 'VVAR3': '0x4000000', 'VVAR_EXTRA': None, 'Dragon Content Path': 'FS1:\\content\\Dragon\\7410_0x0E_PPV_MegaMem\\GNR128C_H_1UP', 'Dragon Content Line': None, 'Stop on Fail': True, 'Merlin Name': 'MerlinX.efi', 'Merlin Drive': 'FS1:', 'Merlin Path': 'FS1:\\EFI\\Version8.15\\BinFiles\\Release', 'Post Process': None, 'Linux Pass String': None, 'Linux Fail String': None, 'Linux Content Line 2': None, 'Linux Content Line 3': None, 'Linux Content Line 4': None, 'Linux Content Line 5': None}
    Data: {
  "Experiment": "Enabled",
  "Test Name": "DragonPPVC",
  "Test Mode": "Mesh",
  "Test Type": "Loops",
  "Visual ID": "75YB873100474",
  "Bucket": "IDIPAR",
  "COM Port": 11,
  "IP Address": "192.168.0.2",
  "TTL Folder": "Q:\\DPM_Debug\\GNR\\Logs\\LLC\\2509_75YB873100474\\TTL_DragonMesh",
  "Scripts File": null,
  "Pass String": "Test Complete",
  "Fail String": "Test Failed",
  "Content": "ContentType.DRAGON",
  "Test Number": 2,
  "Test Time": 45,
  "Reset": true,
  "Reset on PASS": true,
  "FastBoot": true,
  "Core License": null,
  "600W Unit": true,
  "Pseudo Config": false,
  "Configuration (Mask)": null,
  "Boot Breakpoint": "0xa2000000",
  "Disable 2 Cores": null,
  "Check Core": 141,
  "Voltage Type": "vbump",
  "Voltage IA": null,
  "Voltage CFC": null,
  "Frequency IA": null,
  "Frequency CFC": null,
  "Loops": 3,
  "Type": "Voltage",
  "Domain": "IA",
  "Start": 0.0,
  "End": 0.1,
  "Steps": 0.02,
  "ShmooFile": "C:\\SystemDebug\\Shmoos\\RVPShmooConfig.json",
  "ShmooLabel": "COREFIX",
  "Linux Pre Command": null,
  "Linux Post Command": null,
  "Startup Linux": null,
  "Linux Path": null,
  "Linux Content Wait Time": null,
  "Linux Content Line 0": null,
  "Linux Content Line 1": null,
  "Dragon Pre Command": null,
  "Dragon Post Command": null,
  "Startup Dragon": "startup_efi.nsh",
  "ULX Path": "FS1:\\EFI\\ulx",
  "ULX CPU": "GNR_B0",
  "Product Chop": "GNR",
  "VVAR0": "0x4C4B40",
  "VVAR1": 80064000,
  "VVAR2": "0x1000000",
  "VVAR3": "0x4000000",
  "VVAR_EXTRA": null,
  "Dragon Content Path": "FS1:\\content\\Dragon\\7410_0x0E_PPV_MegaMem\\GNR128C_H_1UP",
  "Dragon Content Line": null,
  "Stop on Fail": true,
  "Merlin Name": "MerlinX.efi",
  "Merlin Drive": "FS1:",
  "Merlin Path": "FS1:\\EFI\\Version8.15\\BinFiles\\Release",
  "Post Process": null,
  "Linux Pass String": null,
  "Linux Fail String": null,
  "Linux Content Line 2": null,
  "Linux Content Line 3": null,
  "Linux Content Line 4": null,
  "Linux Content Line 5": null
}

[2025-10-06T21:24:41.170948] [SUCCESS] EXPERIMENT COMPLETE - Result: CONFIG_PASSED, Port: 0

[2025-10-06T21:24:41.409733] [INFO] Experiment data persisted to test section: DragonPPVC

[2025-10-06T21:24:41.461014] [INFO] Node name: ExtendedDragon

[2025-10-06T21:24:41.561632] [TRACKER] TRACKER STATE SNAPSHOT

[2025-10-06T21:24:41.977017] [TRACKER] Tracker State: {'experiments_count': 4, 'current_experiment': {'node_name': 'ExtendedDragon', 'node_type': 'AllFailFlowInstance', 'iterations_count': 3}, 'flow_summary': {'total_nodes': 4, 'recovery_conditions': 0, 'failure_conditions': 1}}
    Data: {
  "experiments_count": 4,
  "current_experiment": {
    "node_name": "ExtendedDragon",
    "node_type": "AllFailFlowInstance",
    "iterations_count": 3
  },
  "flow_summary": {
    "total_nodes": 4,
    "recovery_conditions": 0,
    "failure_conditions": 1
  }
}

[2025-10-06T21:24:43.417929] [EXPERIMENT] EXPERIMENT START - Node: CFC_Voltage (ID: NODE_006)

[2025-10-06T21:24:43.591961] [CONFIG] Experiment config saved to: debug_logs\experiment_config_NODE_006_20251006_212143.json

[2025-10-06T21:24:43.705084] [CONFIG] Key Config Parameters: {'Test Type': 'Sweep', 'Content': 'Dragon'}
    Data: {
  "Test Type": "Sweep",
  "Content": "Dragon"
}

[2025-10-06T21:24:43.834769] [EXPERIMENT] Flow experiment started: CFC_Voltage

[2025-10-06T21:24:51.910989] [TRACKER] ITERATION 1 - Status: FAIL

[2025-10-06T21:24:51.977248] [TRACKER]   Sweep Value: 0.0

[2025-10-06T21:24:52.029723] [TRACKER]   Config: {'voltage_cfc': 0.0}

[2025-10-06T21:25:03.237315] [TRACKER] ITERATION 2 - Status: FAIL

[2025-10-06T21:25:03.300841] [TRACKER]   Sweep Value: 0.05

[2025-10-06T21:25:03.356041] [TRACKER]   Config: {'voltage_cfc': 0.05}

[2025-10-06T21:25:14.184974] [TRACKER] ITERATION 3 - Status: FAIL

[2025-10-06T21:25:14.247039] [TRACKER]   Sweep Value: 0.1

[2025-10-06T21:25:14.300665] [TRACKER]   Config: {'voltage_cfc': 0.1}

[2025-10-06T21:25:25.838051] [TRACKER] ITERATION 4 - Status: FAIL

[2025-10-06T21:25:25.895750] [TRACKER]   Sweep Value: 0.15

[2025-10-06T21:25:25.944609] [TRACKER]   Config: {'voltage_cfc': 0.15}

[2025-10-06T21:25:37.043345] [TRACKER] ITERATION 5 - Status: FAIL

[2025-10-06T21:25:37.105227] [TRACKER]   Sweep Value: 0.2

[2025-10-06T21:25:37.158762] [TRACKER]   Config: {'voltage_cfc': 0.2}

[2025-10-06T21:25:38.439423] [SUCCESS] EXPERIMENT COMPLETE - Result: SOLID_REPRO, Port: 0

[2025-10-06T21:25:38.490915] [INFO] Test Folder: C:\SystemDebug\Logs\20251006_212444_T2_CFCVoltage

[2025-10-06T21:25:38.568266] [ANALYSIS] SWEEP ANALYSIS COMPLETE

[2025-10-06T21:25:38.667527] [ANALYSIS] Sweep Summary: {'sweep_type': 'voltage', 'sweep_domain': 'cfc', 'total_points': 5, 'failure_points': 5, 'pattern': 'no_sensitivity'}
    Data: {
  "sweep_type": "voltage",
  "sweep_domain": "cfc",
  "voltage_type": "vbump",
  "total_points": 5,
  "failure_points": 5,
  "pass_points": 0,
  "failure_values": [
    0.0,
    0.05,
    0.1,
    0.15,
    0.2
  ],
  "pass_values": [],
  "sensitivity_analysis": {
    "pattern": "no_sensitivity",
    "description": "Unit not sensitive to voltage cfc (vbump) - fails across entire range (no recovery condition)",
    "recommendation": "Unit fails across entire tested voltage range - no sensitivity threshold found",
    "voltage_type_context": "vbump",
    "failure_mode": "complete_failure_no_recovery"
  }
}

[2025-10-06T21:25:38.868566] [INFO] Experiment data persisted to test section: CFCVoltage

[2025-10-06T21:25:38.919220] [INFO] Node name: CFC_Voltage

[2025-10-06T21:25:38.972469] [TRACKER] TRACKER STATE SNAPSHOT

[2025-10-06T21:25:39.025598] [TRACKER] Tracker State: {'experiments_count': 5, 'current_experiment': {'node_name': 'CFC_Voltage', 'node_type': 'CharacterizationFlowInstance', 'iterations_count': 5}, 'flow_summary': {'total_nodes': 5, 'recovery_conditions': 0, 'failure_conditions': 1}}
    Data: {
  "experiments_count": 5,
  "current_experiment": {
    "node_name": "CFC_Voltage",
    "node_type": "CharacterizationFlowInstance",
    "iterations_count": 5
  },
  "flow_summary": {
    "total_nodes": 5,
    "recovery_conditions": 0,
    "failure_conditions": 1
  }
}

[2025-10-06T21:25:40.409603] [EXPERIMENT] EXPERIMENT START - Node: CFC_Frequency (ID: NODE_007)

[2025-10-06T21:25:40.495975] [CONFIG] Experiment config saved to: debug_logs\experiment_config_NODE_007_20251006_212143.json

[2025-10-06T21:25:40.545078] [CONFIG] Key Config Parameters: {'Test Type': 'Sweep', 'Content': 'Dragon'}
    Data: {
  "Test Type": "Sweep",
  "Content": "Dragon"
}

[2025-10-06T21:25:40.594893] [EXPERIMENT] Flow experiment started: CFC_Frequency

[2025-10-06T21:25:48.397983] [TRACKER] ITERATION 1 - Status: FAIL

[2025-10-06T21:25:48.455907] [TRACKER]   Sweep Value: 8

[2025-10-06T21:25:48.508731] [TRACKER]   Config: {'frequency_cfc': 8}

[2025-10-06T21:25:59.517402] [TRACKER] ITERATION 2 - Status: FAIL

[2025-10-06T21:25:59.658122] [TRACKER]   Sweep Value: 12

[2025-10-06T21:25:59.747579] [TRACKER]   Config: {'frequency_cfc': 12}

[2025-10-06T21:26:10.360671] [TRACKER] ITERATION 3 - Status: FAIL

[2025-10-06T21:26:10.424050] [TRACKER]   Sweep Value: 16

[2025-10-06T21:26:10.479003] [TRACKER]   Config: {'frequency_cfc': 16}

[2025-10-06T21:26:20.087845] [TRACKER] ITERATION 4 - Status: FAIL

[2025-10-06T21:26:20.149119] [TRACKER]   Sweep Value: 20

[2025-10-06T21:26:20.199667] [TRACKER]   Config: {'frequency_cfc': 20}

[2025-10-06T21:26:31.102743] [TRACKER] ITERATION 5 - Status: FAIL

[2025-10-06T21:26:31.158198] [TRACKER]   Sweep Value: 24

[2025-10-06T21:26:31.213090] [TRACKER]   Config: {'frequency_cfc': 24}

[2025-10-06T21:26:32.486587] [SUCCESS] EXPERIMENT COMPLETE - Result: SOLID_REPRO, Port: 0

[2025-10-06T21:26:32.546742] [INFO] Test Folder: C:\SystemDebug\Logs\20251006_212540_T2_CFCFrequency

[2025-10-06T21:26:32.609650] [ANALYSIS] SWEEP ANALYSIS COMPLETE

[2025-10-06T21:26:32.658465] [ANALYSIS] Sweep Summary: {'sweep_type': 'frequency', 'sweep_domain': 'cfc', 'total_points': 5, 'failure_points': 5, 'pattern': 'no_sensitivity'}
    Data: {
  "sweep_type": "frequency",
  "sweep_domain": "cfc",
  "voltage_type": "vbump",
  "total_points": 5,
  "failure_points": 5,
  "pass_points": 0,
  "failure_values": [
    8,
    12,
    16,
    20,
    24
  ],
  "pass_values": [],
  "sensitivity_analysis": {
    "pattern": "no_sensitivity",
    "description": "Unit not sensitive to frequency cfc (vbump) - fails across entire range (no recovery condition)",
    "recommendation": "Unit fails across entire tested frequency range - no sensitivity threshold found",
    "voltage_type_context": "vbump",
    "failure_mode": "complete_failure_no_recovery"
  }
}

[2025-10-06T21:26:32.821352] [INFO] Experiment data persisted to test section: CFCFrequency

[2025-10-06T21:26:32.872704] [INFO] Node name: CFC_Frequency

[2025-10-06T21:26:32.924790] [TRACKER] TRACKER STATE SNAPSHOT

[2025-10-06T21:26:32.981530] [TRACKER] Tracker State: {'experiments_count': 6, 'current_experiment': {'node_name': 'CFC_Frequency', 'node_type': 'CharacterizationFlowInstance', 'iterations_count': 5}, 'flow_summary': {'total_nodes': 6, 'recovery_conditions': 0, 'failure_conditions': 1}}
    Data: {
  "experiments_count": 6,
  "current_experiment": {
    "node_name": "CFC_Frequency",
    "node_type": "CharacterizationFlowInstance",
    "iterations_count": 5
  },
  "flow_summary": {
    "total_nodes": 6,
    "recovery_conditions": 0,
    "failure_conditions": 1
  }
}

[2025-10-06T21:26:34.364928] [EXPERIMENT] EXPERIMENT START - Node: IA_Voltage (ID: NODE_008)

[2025-10-06T21:26:34.451096] [CONFIG] Experiment config saved to: debug_logs\experiment_config_NODE_008_20251006_212143.json

[2025-10-06T21:26:34.499651] [CONFIG] Key Config Parameters: {'Test Type': 'Sweep', 'Content': 'Dragon'}
    Data: {
  "Test Type": "Sweep",
  "Content": "Dragon"
}

[2025-10-06T21:26:34.554762] [EXPERIMENT] Flow experiment started: IA_Voltage

[2025-10-06T21:26:42.984629] [TRACKER] ITERATION 1 - Status: FAIL

[2025-10-06T21:26:43.044726] [TRACKER]   Sweep Value: 0.0

[2025-10-06T21:26:43.097933] [TRACKER]   Config: {'voltage_ia': 0.0}

[2025-10-06T21:26:54.090284] [TRACKER] ITERATION 2 - Status: FAIL

[2025-10-06T21:26:54.151073] [TRACKER]   Sweep Value: 0.05

[2025-10-06T21:26:54.204780] [TRACKER]   Config: {'voltage_ia': 0.05}

[2025-10-06T21:27:05.628350] [TRACKER] ITERATION 3 - Status: FAIL

[2025-10-06T21:27:05.684916] [TRACKER]   Sweep Value: 0.1

[2025-10-06T21:27:05.734024] [TRACKER]   Config: {'voltage_ia': 0.1}

[2025-10-06T21:27:16.364013] [TRACKER] ITERATION 4 - Status: FAIL

[2025-10-06T21:27:16.448003] [TRACKER]   Sweep Value: 0.15

[2025-10-06T21:27:16.498191] [TRACKER]   Config: {'voltage_ia': 0.15}

[2025-10-06T21:27:27.601487] [TRACKER] ITERATION 5 - Status: FAIL

[2025-10-06T21:27:27.674569] [TRACKER]   Sweep Value: 0.2

[2025-10-06T21:27:27.734256] [TRACKER]   Config: {'voltage_ia': 0.2}

[2025-10-06T21:27:29.085136] [SUCCESS] EXPERIMENT COMPLETE - Result: SOLID_REPRO, Port: 0

[2025-10-06T21:27:29.134175] [INFO] Test Folder: C:\SystemDebug\Logs\20251006_212634_T2_IAVoltage

[2025-10-06T21:27:29.182437] [ANALYSIS] SWEEP ANALYSIS COMPLETE

[2025-10-06T21:27:29.234260] [ANALYSIS] Sweep Summary: {'sweep_type': 'voltage', 'sweep_domain': 'ia', 'total_points': 5, 'failure_points': 5, 'pattern': 'no_sensitivity'}
    Data: {
  "sweep_type": "voltage",
  "sweep_domain": "ia",
  "voltage_type": "vbump",
  "total_points": 5,
  "failure_points": 5,
  "pass_points": 0,
  "failure_values": [
    0.0,
    0.05,
    0.1,
    0.15,
    0.2
  ],
  "pass_values": [],
  "sensitivity_analysis": {
    "pattern": "no_sensitivity",
    "description": "Unit not sensitive to voltage ia (vbump) - fails across entire range (no recovery condition)",
    "recommendation": "Unit fails across entire tested voltage range - no sensitivity threshold found",
    "voltage_type_context": "vbump",
    "failure_mode": "complete_failure_no_recovery"
  }
}

[2025-10-06T21:27:29.396264] [INFO] Experiment data persisted to test section: IAVoltage

[2025-10-06T21:27:29.459426] [INFO] Node name: IA_Voltage

[2025-10-06T21:27:29.511059] [TRACKER] TRACKER STATE SNAPSHOT

[2025-10-06T21:27:29.560201] [TRACKER] Tracker State: {'experiments_count': 7, 'current_experiment': {'node_name': 'IA_Voltage', 'node_type': 'CharacterizationFlowInstance', 'iterations_count': 5}, 'flow_summary': {'total_nodes': 7, 'recovery_conditions': 0, 'failure_conditions': 1}}
    Data: {
  "experiments_count": 7,
  "current_experiment": {
    "node_name": "IA_Voltage",
    "node_type": "CharacterizationFlowInstance",
    "iterations_count": 5
  },
  "flow_summary": {
    "total_nodes": 7,
    "recovery_conditions": 0,
    "failure_conditions": 1
  }
}

[2025-10-06T21:27:30.701116] [EXPERIMENT] EXPERIMENT START - Node: IA_Frequency (ID: NODE_009)

[2025-10-06T21:27:30.799149] [CONFIG] Experiment config saved to: debug_logs\experiment_config_NODE_009_20251006_212143.json

[2025-10-06T21:27:30.852480] [CONFIG] Key Config Parameters: {'Test Type': 'Sweep', 'Content': 'Dragon'}
    Data: {
  "Test Type": "Sweep",
  "Content": "Dragon"
}

[2025-10-06T21:27:30.929402] [EXPERIMENT] Flow experiment started: IA_Frequency

[2025-10-06T21:27:38.588310] [TRACKER] ITERATION 1 - Status: FAIL

[2025-10-06T21:27:38.661120] [TRACKER]   Sweep Value: 8

[2025-10-06T21:27:38.720184] [TRACKER]   Config: {'frequency_ia': 8}

[2025-10-06T21:27:49.004117] [TRACKER] ITERATION 2 - Status: PASS

[2025-10-06T21:27:49.062195] [TRACKER]   Sweep Value: 12

[2025-10-06T21:27:49.113069] [TRACKER]   Config: {'frequency_ia': 12}

[2025-10-06T21:27:59.947102] [TRACKER] ITERATION 3 - Status: FAIL

[2025-10-06T21:28:00.026561] [TRACKER]   Sweep Value: 16

[2025-10-06T21:28:00.096845] [TRACKER]   Config: {'frequency_ia': 16}

[2025-10-06T21:28:10.458777] [TRACKER] ITERATION 4 - Status: FAIL

[2025-10-06T21:28:10.517918] [TRACKER]   Sweep Value: 20

[2025-10-06T21:28:10.571838] [TRACKER]   Config: {'frequency_ia': 20}

[2025-10-06T21:28:21.821319] [TRACKER] ITERATION 5 - Status: FAIL

[2025-10-06T21:28:21.886818] [TRACKER]   Sweep Value: 24

[2025-10-06T21:28:21.938257] [TRACKER]   Config: {'frequency_ia': 24}

[2025-10-06T21:28:32.204594] [TRACKER] ITERATION 6 - Status: FAIL

[2025-10-06T21:28:32.302486] [TRACKER]   Sweep Value: 28

[2025-10-06T21:28:32.354010] [TRACKER]   Config: {'frequency_ia': 28}

[2025-10-06T21:28:43.029332] [TRACKER] ITERATION 7 - Status: FAIL

[2025-10-06T21:28:43.087031] [TRACKER]   Sweep Value: 32

[2025-10-06T21:28:43.138536] [TRACKER]   Config: {'frequency_ia': 32}

[2025-10-06T21:28:44.465654] [SUCCESS] EXPERIMENT COMPLETE - Result: MOSTLY_FAILING, Port: 0

[2025-10-06T21:28:44.518101] [INFO] Test Folder: C:\SystemDebug\Logs\20251006_212731_T2_IAFrequency

[2025-10-06T21:28:44.601206] [ANALYSIS] SWEEP ANALYSIS COMPLETE

[2025-10-06T21:28:44.699120] [ANALYSIS] Sweep Summary: {'sweep_type': 'frequency', 'sweep_domain': 'ia', 'total_points': 7, 'failure_points': 6, 'pattern': 'mixed_sensitivity'}
    Data: {
  "sweep_type": "frequency",
  "sweep_domain": "ia",
  "voltage_type": "vbump",
  "total_points": 7,
  "failure_points": 6,
  "pass_points": 1,
  "failure_values": [
    8,
    16,
    20,
    24,
    28,
    32
  ],
  "pass_values": [
    12
  ],
  "sensitivity_analysis": {
    "pattern": "mixed_sensitivity",
    "description": "Unit has mixed sensitivity pattern for frequency ia (vbump)",
    "failure_range": [
      8,
      32
    ],
    "pass_range": [
      12,
      12
    ],
    "safe_values": [
      12
    ],
    "voltage_type_context": "vbump",
    "recommendation": "Avoid failure values, use passing values for recovery (vbump specific to tested domain)"
  }
}

[2025-10-06T21:28:44.860644] [INFO] Experiment data persisted to test section: IAFrequency

[2025-10-06T21:28:44.913740] [INFO] Node name: IA_Frequency

[2025-10-06T21:28:44.984149] [TRACKER] TRACKER STATE SNAPSHOT

[2025-10-06T21:28:45.075435] [TRACKER] Tracker State: {'experiments_count': 8, 'current_experiment': {'node_name': 'IA_Frequency', 'node_type': 'CharacterizationFlowInstance', 'iterations_count': 7}, 'flow_summary': {'total_nodes': 8, 'recovery_conditions': 0, 'failure_conditions': 1}}
    Data: {
  "experiments_count": 8,
  "current_experiment": {
    "node_name": "IA_Frequency",
    "node_type": "CharacterizationFlowInstance",
    "iterations_count": 7
  },
  "flow_summary": {
    "total_nodes": 8,
    "recovery_conditions": 0,
    "failure_conditions": 1
  }
}

[2025-10-06T21:28:45.625936] [ANALYSIS] Starting comprehensive analysis

[2025-10-06T21:28:45.699166] [ANALYSIS] COMPREHENSIVE ANALYSIS COMPLETE

[2025-10-06T21:28:45.750027] [ANALYSIS] Analysis Summary: {'total_experiments': 8, 'valid_experiments': 8, 'voltage_experiments': 2, 'frequency_experiments': 2, 'recovery_conditions': 0, 'failure_conditions': 1}
    Data: {
  "total_experiments": 8,
  "valid_experiments": 8,
  "voltage_experiments": 2,
  "frequency_experiments": 2,
  "recovery_conditions": 0,
  "failure_conditions": 1
}

[2025-10-06T21:28:46.101886] [INFO] Comprehensive analysis saved to: debug_logs\comprehensive_analysis_20251006_212143.json

[2025-10-06T21:28:46.600130] [SUCCESS] EXPERIMENT COMPLETE - Result: ANALYSIS_COMPLETE, Port: 0

[2025-10-06T21:28:46.651457] [ANALYSIS] SWEEP ANALYSIS COMPLETE

[2025-10-06T21:28:46.700253] [ANALYSIS] Sweep Summary: {'sweep_type': 'frequency', 'sweep_domain': 'ia', 'total_points': 7, 'failure_points': 6, 'pattern': 'mixed_sensitivity'}
    Data: {
  "sweep_type": "frequency",
  "sweep_domain": "ia",
  "voltage_type": "vbump",
  "total_points": 7,
  "failure_points": 6,
  "pass_points": 1,
  "failure_values": [
    8,
    16,
    20,
    24,
    28,
    32
  ],
  "pass_values": [
    12
  ],
  "sensitivity_analysis": {
    "pattern": "mixed_sensitivity",
    "description": "Unit has mixed sensitivity pattern for frequency ia (vbump)",
    "failure_range": [
      8,
      32
    ],
    "pass_range": [
      12,
      12
    ],
    "safe_values": [
      12
    ],
    "voltage_type_context": "vbump",
    "recommendation": "Avoid failure values, use passing values for recovery (vbump specific to tested domain)"
  }
}

[2025-10-06T21:28:46.860233] [INFO] Experiment data persisted to test section: IAFrequency

[2025-10-06T21:28:46.915827] [INFO] Node name: IA_Frequency

[2025-10-06T21:28:46.971145] [TRACKER] TRACKER STATE SNAPSHOT

[2025-10-06T21:28:47.071867] [TRACKER] Tracker State: {'experiments_count': 9, 'current_experiment': {'node_name': 'IA_Frequency', 'node_type': 'CharacterizationFlowInstance', 'iterations_count': 7}, 'flow_summary': {'total_nodes': 9, 'recovery_conditions': 0, 'failure_conditions': 1}}
    Data: {
  "experiments_count": 9,
  "current_experiment": {
    "node_name": "IA_Frequency",
    "node_type": "CharacterizationFlowInstance",
    "iterations_count": 7
  },
  "flow_summary": {
    "total_nodes": 9,
    "recovery_conditions": 0,
    "failure_conditions": 1
  }
}

