=== EXPERIMENT TRACKER DEBUG SESSION STARTED ===
Session ID: 20251005_050649
Start Time: 2025-10-05T05:06:49.799753
============================================================

[2025-10-05T05:06:49.818629] [TRACKER] ExperimentTracker initialized

[2025-10-05T05:06:52.215968] [EXPERIMENT] EXPERIMENT START - Node: Base (ID: NODE_002)

[2025-10-05T05:06:52.311060] [CONFIG] Experiment config saved to: debug_logs\experiment_config_NODE_002_20251005_050649.json

[2025-10-05T05:06:52.364548] [CONFIG] Key Config Parameters: {'Test Type': 'Loops', 'Content': 'Dragon'}
    Data: {
  "Test Type": "Loops",
  "Content": "Dragon"
}

[2025-10-05T05:06:52.427436] [EXPERIMENT] Flow experiment started: Base

[2025-10-05T05:06:59.674325] [TRACKER] ITERATION 0 - Status: FAIL

[2025-10-05T05:07:18.255248] [TRACKER] ITERATION 0 - Status: FAIL

[2025-10-05T05:07:36.535903] [TRACKER] ITERATION 0 - Status: FAIL

[2025-10-05T05:07:54.875630] [TRACKER] ITERATION 0 - Status: FAIL

[2025-10-05T05:07:56.417591] [SUCCESS] EXPERIMENT COMPLETE - Result: SOLID_REPRO, Port: 1

[2025-10-05T05:07:56.463302] [INFO] Test Folder: C:\SystemDebug\Logs\20251005_050652_T11_Baseline

[2025-10-05T05:07:56.658812] [INFO] Experiment data persisted to test section: Baseline

[2025-10-05T05:07:56.710523] [INFO] Node name: Base

[2025-10-05T05:07:56.765634] [TRACKER] TRACKER STATE SNAPSHOT

[2025-10-05T05:07:56.829947] [TRACKER] Tracker State: {'experiments_count': 1, 'current_experiment': {'node_name': 'Base', 'node_type': 'AllFailFlowInstance', 'iterations_count': 4}, 'flow_summary': {'total_nodes': 1, 'recovery_conditions': 0, 'failure_conditions': 1}}
    Data: {
  "experiments_count": 1,
  "current_experiment": {
    "node_name": "Base",
    "node_type": "AllFailFlowInstance",
    "iterations_count": 4
  },
  "flow_summary": {
    "total_nodes": 1,
    "recovery_conditions": 0,
    "failure_conditions": 1
  }
}

[2025-10-05T05:07:57.113378] [ANALYSIS] Getting adaptive analysis data for: AllFailFlowInstance

[2025-10-05T05:07:57.212570] [ANALYSIS] ADAPTIVE ANALYSIS

[2025-10-05T05:07:57.277895] [ANALYSIS] Source: Base (Port: 1)

[2025-10-05T05:07:57.326396] [ANALYSIS] Recovery Potential: low

[2025-10-05T05:07:57.373670] [ANALYSIS] Recommended Config: {'Experiment': 'Enabled', 'Test Name': 'Baseline', 'Test Mode': 'Mesh', 'Test Type': 'Loops', 'Visual ID': 'TestUnitData', 'Bucket': 'IDIPAR', 'COM Port': 11, 'IP Address': '192.168.0.2', 'TTL Folder': 'R:\\Templates\\GNR\\version_2_0\\TTL_DragonMesh', 'Scripts File': None, 'Post Process': None, 'Pass String': 'Test Complete', 'Fail String': 'Test Failed', 'Content': <ContentType.DRAGON: 'Dragon'>, 'Test Number': 11, 'Test Time': 30, 'Reset': True, 'Reset on PASS': True, 'FastBoot': True, 'Core License': '1: SSE/128', '600W Unit': False, 'Pseudo Config': True, 'Configuration (Mask)': 'FirstPass', 'Boot Breakpoint': None, 'Disable 2 Cores': None, 'Check Core': 7, 'Voltage Type': 'vbump', 'Voltage IA': None, 'Voltage CFC': None, 'Frequency IA': None, 'Frequency CFC': None, 'Loops': 5, 'Type': 'Voltage', 'Domain': 'IA', 'Start': -0.03, 'End': 0.06, 'Steps': 0.03, 'ShmooFile': 'C:\\SystemDebug\\Shmoos\\RVPShmooConfig.json', 'ShmooLabel': 'COREFIX', 'Linux Pre Command': None, 'Linux Post Command': None, 'Linux Pass String': None, 'Linux Fail String': None, 'Startup Linux': None, 'Linux Path': None, 'Linux Content Wait Time': None, 'Linux Content Line 0': None, 'Linux Content Line 1': None, 'Dragon Pre Command': None, 'Dragon Post Command': None, 'Startup Dragon': 'startup_efi.nsh', 'ULX Path': 'FS1:\\EFI\\ulx', 'ULX CPU': 'GNR_B0', 'Product Chop': 'GNR', 'VVAR0': '0x4C4B40', 'VVAR1': 80064000, 'VVAR2': '0x1000000', 'VVAR3': '0x4000000', 'VVAR_EXTRA': None, 'Dragon Content Path': 'FS1:\\content\\Dragon\\7410_0x0E_PPV_MM\\GNR128C_H_1UP\\', 'Dragon Content Line': None, 'Stop on Fail': True, 'Merlin Name': 'MerlinX.efi', 'Merlin Drive': 'FS1:', 'Merlin Path': 'FS1:\\EFI\\Version8.15\\BinFiles\\Release', 'Linux Content Line 2': None, 'Linux Content Line 3': None, 'Linux Content Line 4': None, 'Linux Content Line 5': None}
    Data: {
  "Experiment": "Enabled",
  "Test Name": "Baseline",
  "Test Mode": "Mesh",
  "Test Type": "Loops",
  "Visual ID": "TestUnitData",
  "Bucket": "IDIPAR",
  "COM Port": 11,
  "IP Address": "192.168.0.2",
  "TTL Folder": "R:\\Templates\\GNR\\version_2_0\\TTL_DragonMesh",
  "Scripts File": null,
  "Post Process": null,
  "Pass String": "Test Complete",
  "Fail String": "Test Failed",
  "Content": "ContentType.DRAGON",
  "Test Number": 11,
  "Test Time": 30,
  "Reset": true,
  "Reset on PASS": true,
  "FastBoot": true,
  "Core License": "1: SSE/128",
  "600W Unit": false,
  "Pseudo Config": true,
  "Configuration (Mask)": "FirstPass",
  "Boot Breakpoint": null,
  "Disable 2 Cores": null,
  "Check Core": 7,
  "Voltage Type": "vbump",
  "Voltage IA": null,
  "Voltage CFC": null,
  "Frequency IA": null,
  "Frequency CFC": null,
  "Loops": 5,
  "Type": "Voltage",
  "Domain": "IA",
  "Start": -0.03,
  "End": 0.06,
  "Steps": 0.03,
  "ShmooFile": "C:\\SystemDebug\\Shmoos\\RVPShmooConfig.json",
  "ShmooLabel": "COREFIX",
  "Linux Pre Command": null,
  "Linux Post Command": null,
  "Linux Pass String": null,
  "Linux Fail String": null,
  "Startup Linux": null,
  "Linux Path": null,
  "Linux Content Wait Time": null,
  "Linux Content Line 0": null,
  "Linux Content Line 1": null,
  "Dragon Pre Command": null,
  "Dragon Post Command": null,
  "Startup Dragon": "startup_efi.nsh",
  "ULX Path": "FS1:\\EFI\\ulx",
  "ULX CPU": "GNR_B0",
  "Product Chop": "GNR",
  "VVAR0": "0x4C4B40",
  "VVAR1": 80064000,
  "VVAR2": "0x1000000",
  "VVAR3": "0x4000000",
  "VVAR_EXTRA": null,
  "Dragon Content Path": "FS1:\\content\\Dragon\\7410_0x0E_PPV_MM\\GNR128C_H_1UP\\",
  "Dragon Content Line": null,
  "Stop on Fail": true,
  "Merlin Name": "MerlinX.efi",
  "Merlin Drive": "FS1:",
  "Merlin Path": "FS1:\\EFI\\Version8.15\\BinFiles\\Release",
  "Linux Content Line 2": null,
  "Linux Content Line 3": null,
  "Linux Content Line 4": null,
  "Linux Content Line 5": null
}

[2025-10-05T05:07:57.612092] [SUCCESS] EXPERIMENT COMPLETE - Result: CONFIG_PASSED, Port: 0

[2025-10-05T05:07:57.790701] [INFO] Experiment data persisted to test section: Baseline

[2025-10-05T05:07:57.861570] [INFO] Node name: Base

[2025-10-05T05:07:57.936822] [TRACKER] TRACKER STATE SNAPSHOT

[2025-10-05T05:07:58.005110] [TRACKER] Tracker State: {'experiments_count': 2, 'current_experiment': {'node_name': 'Base', 'node_type': 'AllFailFlowInstance', 'iterations_count': 4}, 'flow_summary': {'total_nodes': 2, 'recovery_conditions': 0, 'failure_conditions': 1}}
    Data: {
  "experiments_count": 2,
  "current_experiment": {
    "node_name": "Base",
    "node_type": "AllFailFlowInstance",
    "iterations_count": 4
  },
  "flow_summary": {
    "total_nodes": 2,
    "recovery_conditions": 0,
    "failure_conditions": 1
  }
}

[2025-10-05T05:07:59.033820] [EXPERIMENT] EXPERIMENT START - Node: VoltageCFC (ID: NODE_006)

[2025-10-05T05:07:59.145443] [CONFIG] Experiment config saved to: debug_logs\experiment_config_NODE_006_20251005_050649.json

[2025-10-05T05:07:59.201144] [CONFIG] Key Config Parameters: {'Test Type': 'Sweep', 'Content': <ContentType.DRAGON: 'Dragon'>}
    Data: {
  "Test Type": "Sweep",
  "Content": "ContentType.DRAGON"
}

[2025-10-05T05:07:59.260384] [EXPERIMENT] Flow experiment started: VoltageCFC

[2025-10-05T05:08:07.349533] [TRACKER] ITERATION 0 - Status: FAIL

[2025-10-05T05:08:07.425961] [TRACKER]   Sweep Value: -0.04

[2025-10-05T05:08:07.489367] [TRACKER]   Config: {'voltage_cfc': -0.04}

[2025-10-05T05:08:18.064199] [TRACKER] ITERATION 0 - Status: FAIL

[2025-10-05T05:08:18.120671] [TRACKER]   Sweep Value: -0.02

[2025-10-05T05:08:18.183341] [TRACKER]   Config: {'voltage_cfc': -0.02}

[2025-10-05T05:08:29.425221] [TRACKER] ITERATION 0 - Status: FAIL

[2025-10-05T05:08:29.499408] [TRACKER]   Sweep Value: 0.0

[2025-10-05T05:08:29.556566] [TRACKER]   Config: {'voltage_cfc': 0.0}

[2025-10-05T05:08:40.445007] [TRACKER] ITERATION 0 - Status: FAIL

[2025-10-05T05:08:40.516730] [TRACKER]   Sweep Value: 0.02

[2025-10-05T05:08:40.590879] [TRACKER]   Config: {'voltage_cfc': 0.02}

[2025-10-05T05:08:42.478468] [SUCCESS] EXPERIMENT COMPLETE - Result: SOLID_REPRO, Port: 0

[2025-10-05T05:08:42.538702] [INFO] Test Folder: C:\SystemDebug\Logs\20251005_050759_T11_CFCVoltage

[2025-10-05T05:08:42.601249] [ANALYSIS] SWEEP ANALYSIS COMPLETE

[2025-10-05T05:08:42.671015] [ANALYSIS] Sweep Summary: {'sweep_type': 'voltage', 'sweep_domain': 'cfc', 'total_points': 4, 'failure_points': 4, 'pattern': 'complete_sensitivity'}
    Data: {
  "sweep_type": "voltage",
  "sweep_domain": "cfc",
  "voltage_type": "vbump",
  "total_points": 4,
  "failure_points": 4,
  "pass_points": 0,
  "failure_values": [
    -0.04,
    -0.02,
    0.0,
    0.02
  ],
  "pass_values": [],
  "sensitivity_analysis": {
    "pattern": "complete_sensitivity",
    "description": "Unit completely sensitive to voltage cfc (vbump)",
    "recommendation": "Unit fails across entire tested range",
    "voltage_type_context": "vbump"
  }
}

[2025-10-05T05:08:42.795866] [INFO] Created new section for test: CFCVoltage

[2025-10-05T05:08:42.926379] [INFO] Experiment data persisted to test section: CFCVoltage

[2025-10-05T05:08:43.009903] [INFO] Node name: VoltageCFC

[2025-10-05T05:08:43.079446] [TRACKER] TRACKER STATE SNAPSHOT

[2025-10-05T05:08:43.151592] [TRACKER] Tracker State: {'experiments_count': 3, 'current_experiment': {'node_name': 'VoltageCFC', 'node_type': 'CharacterizationFlowInstance', 'iterations_count': 4}, 'flow_summary': {'total_nodes': 3, 'recovery_conditions': 0, 'failure_conditions': 1}}
    Data: {
  "experiments_count": 3,
  "current_experiment": {
    "node_name": "VoltageCFC",
    "node_type": "CharacterizationFlowInstance",
    "iterations_count": 4
  },
  "flow_summary": {
    "total_nodes": 3,
    "recovery_conditions": 0,
    "failure_conditions": 1
  }
}

[2025-10-05T05:08:44.676285] [EXPERIMENT] EXPERIMENT START - Node: FreqCFC (ID: NODE_007)

[2025-10-05T05:08:44.789974] [CONFIG] Experiment config saved to: debug_logs\experiment_config_NODE_007_20251005_050649.json

[2025-10-05T05:08:44.866117] [CONFIG] Key Config Parameters: {'Test Type': 'Sweep', 'Content': <ContentType.DRAGON: 'Dragon'>}
    Data: {
  "Test Type": "Sweep",
  "Content": "ContentType.DRAGON"
}

[2025-10-05T05:08:44.921134] [EXPERIMENT] Flow experiment started: FreqCFC

[2025-10-05T05:08:52.951352] [TRACKER] ITERATION 0 - Status: PASS

[2025-10-05T05:08:53.026635] [TRACKER]   Sweep Value: 8

[2025-10-05T05:08:53.083223] [TRACKER]   Config: {'voltage_cfc': 0.02, 'frequency_cfc': 8}

[2025-10-05T05:09:03.860406] [TRACKER] ITERATION 0 - Status: FAIL

[2025-10-05T05:09:03.926388] [TRACKER]   Sweep Value: 12

[2025-10-05T05:09:03.991466] [TRACKER]   Config: {'voltage_cfc': 0.02, 'frequency_cfc': 12}

[2025-10-05T05:09:16.259030] [TRACKER] ITERATION 0 - Status: FAIL

[2025-10-05T05:09:16.326539] [TRACKER]   Sweep Value: 16

[2025-10-05T05:09:16.403060] [TRACKER]   Config: {'voltage_cfc': 0.02, 'frequency_cfc': 16}

[2025-10-05T05:09:27.016034] [TRACKER] ITERATION 0 - Status: FAIL

[2025-10-05T05:09:27.082853] [TRACKER]   Sweep Value: 20

[2025-10-05T05:09:27.152988] [TRACKER]   Config: {'voltage_cfc': 0.02, 'frequency_cfc': 20}

[2025-10-05T05:09:29.032508] [SUCCESS] EXPERIMENT COMPLETE - Result: MOSTLY_FAILING, Port: 0

[2025-10-05T05:09:29.096109] [INFO] Test Folder: C:\SystemDebug\Logs\20251005_050845_T11_CFCFrequency

[2025-10-05T05:09:29.178072] [ANALYSIS] SWEEP ANALYSIS COMPLETE

[2025-10-05T05:09:29.239199] [ANALYSIS] Sweep Summary: {'sweep_type': 'frequency', 'sweep_domain': 'cfc', 'total_points': 4, 'failure_points': 3, 'pattern': 'upper_threshold_sensitivity'}
    Data: {
  "sweep_type": "frequency",
  "sweep_domain": "cfc",
  "voltage_type": "vbump",
  "total_points": 4,
  "failure_points": 3,
  "pass_points": 1,
  "failure_values": [
    12,
    16,
    20
  ],
  "pass_values": [
    8
  ],
  "sensitivity_analysis": {
    "pattern": "upper_threshold_sensitivity",
    "description": "Unit sensitive above 8 frequency (vbump)",
    "failure_range": [
      12,
      20
    ],
    "pass_range": [
      8,
      8
    ],
    "voltage_type_context": "vbump",
    "recommendation": "Use values <= 8 for recovery (vbump specific to tested domain)"
  }
}

[2025-10-05T05:09:29.371493] [INFO] Created new section for test: CFCFrequency

[2025-10-05T05:09:29.505723] [INFO] Experiment data persisted to test section: CFCFrequency

[2025-10-05T05:09:29.564425] [INFO] Node name: FreqCFC

[2025-10-05T05:09:29.625756] [TRACKER] TRACKER STATE SNAPSHOT

[2025-10-05T05:09:29.685914] [TRACKER] Tracker State: {'experiments_count': 4, 'current_experiment': {'node_name': 'FreqCFC', 'node_type': 'CharacterizationFlowInstance', 'iterations_count': 4}, 'flow_summary': {'total_nodes': 4, 'recovery_conditions': 0, 'failure_conditions': 1}}
    Data: {
  "experiments_count": 4,
  "current_experiment": {
    "node_name": "FreqCFC",
    "node_type": "CharacterizationFlowInstance",
    "iterations_count": 4
  },
  "flow_summary": {
    "total_nodes": 4,
    "recovery_conditions": 0,
    "failure_conditions": 1
  }
}

[2025-10-05T05:09:31.446130] [EXPERIMENT] EXPERIMENT START - Node: VoltageIA (ID: NODE_008)

[2025-10-05T05:09:31.538098] [CONFIG] Experiment config saved to: debug_logs\experiment_config_NODE_008_20251005_050649.json

[2025-10-05T05:09:31.601197] [CONFIG] Key Config Parameters: {'Test Type': 'Sweep', 'Content': <ContentType.DRAGON: 'Dragon'>}
    Data: {
  "Test Type": "Sweep",
  "Content": "ContentType.DRAGON"
}

[2025-10-05T05:09:31.657583] [EXPERIMENT] Flow experiment started: VoltageIA

[2025-10-05T05:09:40.556455] [TRACKER] ITERATION 0 - Status: FAIL

[2025-10-05T05:09:40.626789] [TRACKER]   Sweep Value: 0.0

[2025-10-05T05:09:40.721471] [TRACKER]   Config: {'voltage_ia': 0.0, 'voltage_cfc': 0.02, 'frequency_cfc': 20}

[2025-10-05T05:09:51.434258] [TRACKER] ITERATION 0 - Status: FAIL

[2025-10-05T05:09:51.515318] [TRACKER]   Sweep Value: 0.02

[2025-10-05T05:09:51.574084] [TRACKER]   Config: {'voltage_ia': 0.02, 'voltage_cfc': 0.02, 'frequency_cfc': 20}

[2025-10-05T05:10:03.038879] [TRACKER] ITERATION 0 - Status: FAIL

[2025-10-05T05:10:03.118175] [TRACKER]   Sweep Value: 0.04

[2025-10-05T05:10:03.205976] [TRACKER]   Config: {'voltage_ia': 0.04, 'voltage_cfc': 0.02, 'frequency_cfc': 20}

[2025-10-05T05:10:05.073112] [SUCCESS] EXPERIMENT COMPLETE - Result: SOLID_REPRO, Port: 0

[2025-10-05T05:10:05.127657] [INFO] Test Folder: C:\SystemDebug\Logs\20251005_050932_T11_CoreVoltage

[2025-10-05T05:10:05.208031] [ANALYSIS] SWEEP ANALYSIS COMPLETE

[2025-10-05T05:10:05.276107] [ANALYSIS] Sweep Summary: {'sweep_type': 'voltage', 'sweep_domain': 'ia', 'total_points': 3, 'failure_points': 3, 'pattern': 'complete_sensitivity'}
    Data: {
  "sweep_type": "voltage",
  "sweep_domain": "ia",
  "voltage_type": "vbump",
  "total_points": 3,
  "failure_points": 3,
  "pass_points": 0,
  "failure_values": [
    0.0,
    0.02,
    0.04
  ],
  "pass_values": [],
  "sensitivity_analysis": {
    "pattern": "complete_sensitivity",
    "description": "Unit completely sensitive to voltage ia (vbump)",
    "recommendation": "Unit fails across entire tested range",
    "voltage_type_context": "vbump"
  }
}

[2025-10-05T05:10:05.441667] [INFO] Created new section for test: CoreVoltage

[2025-10-05T05:10:05.579724] [INFO] Experiment data persisted to test section: CoreVoltage

[2025-10-05T05:10:05.649423] [INFO] Node name: VoltageIA

[2025-10-05T05:10:05.712928] [TRACKER] TRACKER STATE SNAPSHOT

[2025-10-05T05:10:05.773657] [TRACKER] Tracker State: {'experiments_count': 5, 'current_experiment': {'node_name': 'VoltageIA', 'node_type': 'CharacterizationFlowInstance', 'iterations_count': 3}, 'flow_summary': {'total_nodes': 5, 'recovery_conditions': 0, 'failure_conditions': 1}}
    Data: {
  "experiments_count": 5,
  "current_experiment": {
    "node_name": "VoltageIA",
    "node_type": "CharacterizationFlowInstance",
    "iterations_count": 3
  },
  "flow_summary": {
    "total_nodes": 5,
    "recovery_conditions": 0,
    "failure_conditions": 1
  }
}

[2025-10-05T05:10:07.752963] [EXPERIMENT] EXPERIMENT START - Node: FreqIA (ID: NODE_009)

[2025-10-05T05:10:07.863325] [CONFIG] Experiment config saved to: debug_logs\experiment_config_NODE_009_20251005_050649.json

[2025-10-05T05:10:07.912433] [CONFIG] Key Config Parameters: {'Test Type': 'Sweep', 'Content': <ContentType.DRAGON: 'Dragon'>}
    Data: {
  "Test Type": "Sweep",
  "Content": "ContentType.DRAGON"
}

[2025-10-05T05:10:07.969320] [EXPERIMENT] Flow experiment started: FreqIA

[2025-10-05T05:10:16.218909] [TRACKER] ITERATION 0 - Status: FAIL

[2025-10-05T05:10:16.275787] [TRACKER]   Sweep Value: 8

[2025-10-05T05:10:16.344351] [TRACKER]   Config: {'voltage_ia': 0.04, 'voltage_cfc': 0.02, 'frequency_ia': 8, 'frequency_cfc': 20}

[2025-10-05T05:10:26.883275] [TRACKER] ITERATION 0 - Status: FAIL

[2025-10-05T05:10:26.944030] [TRACKER]   Sweep Value: 12

[2025-10-05T05:10:27.010042] [TRACKER]   Config: {'voltage_ia': 0.04, 'voltage_cfc': 0.02, 'frequency_ia': 12, 'frequency_cfc': 20}

[2025-10-05T05:10:38.242543] [TRACKER] ITERATION 0 - Status: FAIL

[2025-10-05T05:10:38.310468] [TRACKER]   Sweep Value: 16

[2025-10-05T05:10:38.371559] [TRACKER]   Config: {'voltage_ia': 0.04, 'voltage_cfc': 0.02, 'frequency_ia': 16, 'frequency_cfc': 20}

[2025-10-05T05:10:48.277327] [TRACKER] ITERATION 0 - Status: FAIL

[2025-10-05T05:10:48.337955] [TRACKER]   Sweep Value: 20

[2025-10-05T05:10:48.395684] [TRACKER]   Config: {'voltage_ia': 0.04, 'voltage_cfc': 0.02, 'frequency_ia': 20, 'frequency_cfc': 20}

[2025-10-05T05:10:50.309888] [SUCCESS] EXPERIMENT COMPLETE - Result: SOLID_REPRO, Port: 0

[2025-10-05T05:10:50.375650] [INFO] Test Folder: C:\SystemDebug\Logs\20251005_051008_T11_CoreFrequency

[2025-10-05T05:10:50.440019] [ANALYSIS] SWEEP ANALYSIS COMPLETE

[2025-10-05T05:10:50.506891] [ANALYSIS] Sweep Summary: {'sweep_type': 'frequency', 'sweep_domain': 'ia', 'total_points': 4, 'failure_points': 4, 'pattern': 'complete_sensitivity'}
    Data: {
  "sweep_type": "frequency",
  "sweep_domain": "ia",
  "voltage_type": "ppvc",
  "total_points": 4,
  "failure_points": 4,
  "pass_points": 0,
  "failure_values": [
    8,
    12,
    16,
    20
  ],
  "pass_values": [],
  "sensitivity_analysis": {
    "pattern": "complete_sensitivity",
    "description": "Unit completely sensitive to frequency ia (ppvc)",
    "recommendation": "Unit fails across entire tested range",
    "voltage_type_context": "ppvc"
  }
}

[2025-10-05T05:10:50.667960] [INFO] Created new section for test: CoreFrequency

[2025-10-05T05:10:50.805911] [INFO] Experiment data persisted to test section: CoreFrequency

[2025-10-05T05:10:50.859882] [INFO] Node name: FreqIA

[2025-10-05T05:10:50.917432] [TRACKER] TRACKER STATE SNAPSHOT

[2025-10-05T05:10:50.977195] [TRACKER] Tracker State: {'experiments_count': 6, 'current_experiment': {'node_name': 'FreqIA', 'node_type': 'CharacterizationFlowInstance', 'iterations_count': 4}, 'flow_summary': {'total_nodes': 6, 'recovery_conditions': 0, 'failure_conditions': 1}}
    Data: {
  "experiments_count": 6,
  "current_experiment": {
    "node_name": "FreqIA",
    "node_type": "CharacterizationFlowInstance",
    "iterations_count": 4
  },
  "flow_summary": {
    "total_nodes": 6,
    "recovery_conditions": 0,
    "failure_conditions": 1
  }
}

[2025-10-05T05:10:51.625448] [ANALYSIS] Starting comprehensive analysis

[2025-10-05T05:10:51.711911] [ANALYSIS] COMPREHENSIVE ANALYSIS COMPLETE

[2025-10-05T05:10:51.770229] [ANALYSIS] Analysis Summary: {'total_experiments': 6, 'valid_experiments': 6, 'voltage_experiments': 2, 'frequency_experiments': 2, 'recovery_conditions': 0, 'failure_conditions': 1}
    Data: {
  "total_experiments": 6,
  "valid_experiments": 6,
  "voltage_experiments": 2,
  "frequency_experiments": 2,
  "recovery_conditions": 0,
  "failure_conditions": 1
}

[2025-10-05T05:10:51.969618] [INFO] Comprehensive analysis saved to: debug_logs\comprehensive_analysis_20251005_050649.json

[2025-10-05T05:10:52.951454] [SUCCESS] EXPERIMENT COMPLETE - Result: ANALYSIS_COMPLETE, Port: 0

[2025-10-05T05:10:53.001501] [ANALYSIS] SWEEP ANALYSIS COMPLETE

[2025-10-05T05:10:53.054507] [ANALYSIS] Sweep Summary: {'sweep_type': 'frequency', 'sweep_domain': 'ia', 'total_points': 4, 'failure_points': 4, 'pattern': 'complete_sensitivity'}
    Data: {
  "sweep_type": "frequency",
  "sweep_domain": "ia",
  "voltage_type": "ppvc",
  "total_points": 4,
  "failure_points": 4,
  "pass_points": 0,
  "failure_values": [
    8,
    12,
    16,
    20
  ],
  "pass_values": [],
  "sensitivity_analysis": {
    "pattern": "complete_sensitivity",
    "description": "Unit completely sensitive to frequency ia (ppvc)",
    "recommendation": "Unit fails across entire tested range",
    "voltage_type_context": "ppvc"
  }
}

[2025-10-05T05:10:53.236053] [INFO] Experiment data persisted to test section: CoreFrequency

[2025-10-05T05:10:53.295652] [INFO] Node name: FreqIA

[2025-10-05T05:10:53.349345] [TRACKER] TRACKER STATE SNAPSHOT

[2025-10-05T05:10:53.401172] [TRACKER] Tracker State: {'experiments_count': 7, 'current_experiment': {'node_name': 'FreqIA', 'node_type': 'CharacterizationFlowInstance', 'iterations_count': 4}, 'flow_summary': {'total_nodes': 7, 'recovery_conditions': 0, 'failure_conditions': 1}}
    Data: {
  "experiments_count": 7,
  "current_experiment": {
    "node_name": "FreqIA",
    "node_type": "CharacterizationFlowInstance",
    "iterations_count": 4
  },
  "flow_summary": {
    "total_nodes": 7,
    "recovery_conditions": 0,
    "failure_conditions": 1
  }
}

