=== EXPERIMENT TRACKER DEBUG SESSION STARTED ===
Session ID: 20251005_084841
Start Time: 2025-10-05T08:48:41.657535
============================================================

[2025-10-05T08:48:41.678638] [TRACKER] ExperimentTracker initialized

[2025-10-05T08:48:43.101146] [EXPERIMENT] EXPERIMENT START - Node: Base (ID: NODE_002)

[2025-10-05T08:48:43.185537] [CONFIG] Experiment config saved to: debug_logs\experiment_config_NODE_002_20251005_084841.json

[2025-10-05T08:48:43.235274] [CONFIG] Key Config Parameters: {'Test Type': 'Loops', 'Content': 'Dragon'}
    Data: {
  "Test Type": "Loops",
  "Content": "Dragon"
}

[2025-10-05T08:48:43.277541] [EXPERIMENT] Flow experiment started: Base

[2025-10-05T08:48:51.607432] [TRACKER] ITERATION 0 - Status: FAIL

[2025-10-05T08:49:10.582320] [TRACKER] ITERATION 0 - Status: FAIL

[2025-10-05T08:49:28.880404] [TRACKER] ITERATION 0 - Status: FAIL

[2025-10-05T08:49:30.406660] [SUCCESS] EXPERIMENT COMPLETE - Result: SOLID_REPRO, Port: 1

[2025-10-05T08:49:30.451101] [INFO] Test Folder: C:\SystemDebug\Logs\20251005_084843_T11_Baseline

[2025-10-05T08:49:30.624775] [INFO] Experiment data persisted to test section: Baseline

[2025-10-05T08:49:30.674065] [INFO] Node name: Base

[2025-10-05T08:49:30.719692] [TRACKER] TRACKER STATE SNAPSHOT

[2025-10-05T08:49:30.765079] [TRACKER] Tracker State: {'experiments_count': 1, 'current_experiment': {'node_name': 'Base', 'node_type': 'AllFailFlowInstance', 'iterations_count': 3}, 'flow_summary': {'total_nodes': 1, 'recovery_conditions': 0, 'failure_conditions': 1}}
    Data: {
  "experiments_count": 1,
  "current_experiment": {
    "node_name": "Base",
    "node_type": "AllFailFlowInstance",
    "iterations_count": 3
  },
  "flow_summary": {
    "total_nodes": 1,
    "recovery_conditions": 0,
    "failure_conditions": 1
  }
}

[2025-10-05T08:49:30.999681] [ANALYSIS] Getting adaptive analysis data for: AllFailFlowInstance

[2025-10-05T08:49:31.099844] [ANALYSIS] ADAPTIVE ANALYSIS

[2025-10-05T08:49:31.147949] [ANALYSIS] Source: Base (Port: 1)

[2025-10-05T08:49:31.195502] [ANALYSIS] Recovery Potential: low

[2025-10-05T08:49:31.244495] [ANALYSIS] Recommended Config: {'Experiment': 'Enabled', 'Test Name': 'Baseline', 'Test Mode': 'Mesh', 'Test Type': 'Loops', 'Visual ID': 'TestUnitData', 'Bucket': 'IDIPAR', 'COM Port': 11, 'IP Address': '192.168.0.2', 'TTL Folder': 'R:\\Templates\\GNR\\version_2_0\\TTL_DragonMesh', 'Scripts File': None, 'Post Process': None, 'Pass String': 'Test Complete', 'Fail String': 'Test Failed', 'Content': <ContentType.DRAGON: 'Dragon'>, 'Test Number': 11, 'Test Time': 30, 'Reset': True, 'Reset on PASS': True, 'FastBoot': True, 'Core License': '1: SSE/128', '600W Unit': False, 'Pseudo Config': True, 'Configuration (Mask)': 'FirstPass', 'Boot Breakpoint': None, 'Disable 2 Cores': None, 'Check Core': 7, 'Voltage Type': 'vbump', 'Voltage IA': None, 'Voltage CFC': None, 'Frequency IA': None, 'Frequency CFC': None, 'Loops': 5, 'Type': 'Voltage', 'Domain': 'IA', 'Start': -0.03, 'End': 0.06, 'Steps': 0.03, 'ShmooFile': 'C:\\SystemDebug\\Shmoos\\RVPShmooConfig.json', 'ShmooLabel': 'COREFIX', 'Linux Pre Command': None, 'Linux Post Command': None, 'Linux Pass String': None, 'Linux Fail String': None, 'Startup Linux': None, 'Linux Path': None, 'Linux Content Wait Time': None, 'Linux Content Line 0': None, 'Linux Content Line 1': None, 'Dragon Pre Command': None, 'Dragon Post Command': None, 'Startup Dragon': 'startup_efi.nsh', 'ULX Path': 'FS1:\\EFI\\ulx', 'ULX CPU': 'GNR_B0', 'Product Chop': 'GNR', 'VVAR0': '0x4C4B40', 'VVAR1': 80064000, 'VVAR2': '0x1000000', 'VVAR3': '0x4000000', 'VVAR_EXTRA': None, 'Dragon Content Path': 'FS1:\\content\\Dragon\\7410_0x0E_PPV_MM\\GNR128C_H_1UP\\', 'Dragon Content Line': None, 'Stop on Fail': True, 'Merlin Name': 'MerlinX.efi', 'Merlin Drive': 'FS1:', 'Merlin Path': 'FS1:\\EFI\\Version8.15\\BinFiles\\Release', 'Linux Content Line 2': None, 'Linux Content Line 3': None, 'Linux Content Line 4': None, 'Linux Content Line 5': None, 'executed': True, 'execution status': 'COMPLETED_UNKNOWN', 'node name': 'Base', 'node type': 'AllFailFlowInstance', 'node id': 'NODE_002', 'execution timestamp': '2025-10-05T08:08:04.541940', 'start time': '2025-10-05T08:07:01.318367', 'end time': '2025-10-05T08:08:04.480575', 'duration seconds': 63, 'final result': 'CONFIG_PASSED', 'output port': False, 'total iterations': 4, 'pass count': False, 'fail count': 4, 'other count': False, 'pass rate percent': 0.0, 'test folder': '', 'summary file': '', 'config test type': 'Loops', 'config content': 'Dragon', 'config voltage type': 'ppvc', 'config configuration mask': 'FirstPass', 'config check core': 7, 'config type': 'Voltage', 'config domain': 'IA', 'config start': -0.03, 'config end': 0.06, 'config steps': 0.03, 'config loops': 5, 'result summary': 'Failing: 4 failures, no passes'}
    Data: {
  "Experiment": "Enabled",
  "Test Name": "Baseline",
  "Test Mode": "Mesh",
  "Test Type": "Loops",
  "Visual ID": "TestUnitData",
  "Bucket": "IDIPAR",
  "COM Port": 11,
  "IP Address": "192.168.0.2",
  "TTL Folder": "R:\\Templates\\GNR\\version_2_0\\TTL_DragonMesh",
  "Scripts File": null,
  "Post Process": null,
  "Pass String": "Test Complete",
  "Fail String": "Test Failed",
  "Content": "ContentType.DRAGON",
  "Test Number": 11,
  "Test Time": 30,
  "Reset": true,
  "Reset on PASS": true,
  "FastBoot": true,
  "Core License": "1: SSE/128",
  "600W Unit": false,
  "Pseudo Config": true,
  "Configuration (Mask)": "FirstPass",
  "Boot Breakpoint": null,
  "Disable 2 Cores": null,
  "Check Core": 7,
  "Voltage Type": "vbump",
  "Voltage IA": null,
  "Voltage CFC": null,
  "Frequency IA": null,
  "Frequency CFC": null,
  "Loops": 5,
  "Type": "Voltage",
  "Domain": "IA",
  "Start": -0.03,
  "End": 0.06,
  "Steps": 0.03,
  "ShmooFile": "C:\\SystemDebug\\Shmoos\\RVPShmooConfig.json",
  "ShmooLabel": "COREFIX",
  "Linux Pre Command": null,
  "Linux Post Command": null,
  "Linux Pass String": null,
  "Linux Fail String": null,
  "Startup Linux": null,
  "Linux Path": null,
  "Linux Content Wait Time": null,
  "Linux Content Line 0": null,
  "Linux Content Line 1": null,
  "Dragon Pre Command": null,
  "Dragon Post Command": null,
  "Startup Dragon": "startup_efi.nsh",
  "ULX Path": "FS1:\\EFI\\ulx",
  "ULX CPU": "GNR_B0",
  "Product Chop": "GNR",
  "VVAR0": "0x4C4B40",
  "VVAR1": 80064000,
  "VVAR2": "0x1000000",
  "VVAR3": "0x4000000",
  "VVAR_EXTRA": null,
  "Dragon Content Path": "FS1:\\content\\Dragon\\7410_0x0E_PPV_MM\\GNR128C_H_1UP\\",
  "Dragon Content Line": null,
  "Stop on Fail": true,
  "Merlin Name": "MerlinX.efi",
  "Merlin Drive": "FS1:",
  "Merlin Path": "FS1:\\EFI\\Version8.15\\BinFiles\\Release",
  "Linux Content Line 2": null,
  "Linux Content Line 3": null,
  "Linux Content Line 4": null,
  "Linux Content Line 5": null,
  "executed": true,
  "execution status": "COMPLETED_UNKNOWN",
  "node name": "Base",
  "node type": "AllFailFlowInstance",
  "node id": "NODE_002",
  "execution timestamp": "2025-10-05T08:08:04.541940",
  "start time": "2025-10-05T08:07:01.318367",
  "end time": "2025-10-05T08:08:04.480575",
  "duration seconds": 63,
  "final result": "CONFIG_PASSED",
  "output port": false,
  "total iterations": 4,
  "pass count": false,
  "fail count": 4,
  "other count": false,
  "pass rate percent": 0.0,
  "test folder": "",
  "summary file": "",
  "config test type": "Loops",
  "config content": "Dragon",
  "config voltage type": "ppvc",
  "config configuration mask": "FirstPass",
  "config check core": 7,
  "config type": "Voltage",
  "config domain": "IA",
  "config start": -0.03,
  "config end": 0.06,
  "config steps": 0.03,
  "config loops": 5,
  "result summary": "Failing: 4 failures, no passes"
}

[2025-10-05T08:49:31.442075] [SUCCESS] EXPERIMENT COMPLETE - Result: CONFIG_PASSED, Port: 0

[2025-10-05T08:49:31.636311] [INFO] Experiment data persisted to test section: Baseline

[2025-10-05T08:49:31.688826] [INFO] Node name: Base

[2025-10-05T08:49:31.745563] [TRACKER] TRACKER STATE SNAPSHOT

[2025-10-05T08:49:31.804815] [TRACKER] Tracker State: {'experiments_count': 2, 'current_experiment': {'node_name': 'Base', 'node_type': 'AllFailFlowInstance', 'iterations_count': 3}, 'flow_summary': {'total_nodes': 2, 'recovery_conditions': 0, 'failure_conditions': 1}}
    Data: {
  "experiments_count": 2,
  "current_experiment": {
    "node_name": "Base",
    "node_type": "AllFailFlowInstance",
    "iterations_count": 3
  },
  "flow_summary": {
    "total_nodes": 2,
    "recovery_conditions": 0,
    "failure_conditions": 1
  }
}

[2025-10-05T08:49:32.668768] [EXPERIMENT] EXPERIMENT START - Node: VoltageCFC (ID: NODE_006)

[2025-10-05T08:49:32.766891] [CONFIG] Experiment config saved to: debug_logs\experiment_config_NODE_006_20251005_084841.json

[2025-10-05T08:49:32.823075] [CONFIG] Key Config Parameters: {'Test Type': 'Sweep', 'Content': 'Dragon'}
    Data: {
  "Test Type": "Sweep",
  "Content": "Dragon"
}

[2025-10-05T08:49:32.877156] [EXPERIMENT] Flow experiment started: VoltageCFC

[2025-10-05T08:49:40.792283] [TRACKER] ITERATION 0 - Status: FAIL

[2025-10-05T08:49:40.850014] [TRACKER]   Sweep Value: -0.04

[2025-10-05T08:49:40.904507] [TRACKER]   Config: {'voltage_cfc': -0.04}

[2025-10-05T08:49:51.451784] [TRACKER] ITERATION 0 - Status: FAIL

[2025-10-05T08:49:51.514247] [TRACKER]   Sweep Value: -0.02

[2025-10-05T08:49:51.567385] [TRACKER]   Config: {'voltage_cfc': -0.02}

[2025-10-05T08:50:02.482819] [TRACKER] ITERATION 0 - Status: FAIL

[2025-10-05T08:50:02.541724] [TRACKER]   Sweep Value: 0.0

[2025-10-05T08:50:02.595927] [TRACKER]   Config: {'voltage_cfc': 0.0}

[2025-10-05T08:50:13.919327] [TRACKER] ITERATION 0 - Status: PASS

[2025-10-05T08:50:13.981299] [TRACKER]   Sweep Value: 0.02

[2025-10-05T08:50:14.035542] [TRACKER]   Config: {'voltage_cfc': 0.02}

[2025-10-05T08:50:25.639913] [TRACKER] ITERATION 0 - Status: FAIL

[2025-10-05T08:50:25.699893] [TRACKER]   Sweep Value: 0.04

[2025-10-05T08:50:25.762671] [TRACKER]   Config: {'voltage_cfc': 0.04}

[2025-10-05T08:50:36.451488] [TRACKER] ITERATION 0 - Status: PASS

[2025-10-05T08:50:36.513889] [TRACKER]   Sweep Value: 0.06

[2025-10-05T08:50:36.573520] [TRACKER]   Config: {'voltage_cfc': 0.06}

[2025-10-05T08:50:47.521146] [TRACKER] ITERATION 0 - Status: FAIL

[2025-10-05T08:50:47.582414] [TRACKER]   Sweep Value: 0.08

[2025-10-05T08:50:47.640458] [TRACKER]   Config: {'voltage_cfc': 0.08}

[2025-10-05T08:50:57.440480] [TRACKER] ITERATION 0 - Status: PASS

[2025-10-05T08:50:57.495480] [TRACKER]   Sweep Value: 0.1

[2025-10-05T08:50:57.553577] [TRACKER]   Config: {'voltage_cfc': 0.1}

[2025-10-05T08:50:58.937167] [SUCCESS] EXPERIMENT COMPLETE - Result: MOSTLY_FAILING, Port: 0

[2025-10-05T08:50:58.995205] [INFO] Test Folder: C:\SystemDebug\Logs\20251005_084933_T11_CFCVoltage

[2025-10-05T08:50:59.049108] [ANALYSIS] SWEEP ANALYSIS COMPLETE

[2025-10-05T08:50:59.105188] [ANALYSIS] Sweep Summary: {'sweep_type': 'voltage', 'sweep_domain': 'cfc', 'total_points': 8, 'failure_points': 5, 'pattern': 'mixed_sensitivity'}
    Data: {
  "sweep_type": "voltage",
  "sweep_domain": "cfc",
  "voltage_type": "vbump",
  "total_points": 8,
  "failure_points": 5,
  "pass_points": 3,
  "failure_values": [
    -0.04,
    -0.02,
    0.0,
    0.04,
    0.08
  ],
  "pass_values": [
    0.02,
    0.06,
    0.1
  ],
  "sensitivity_analysis": {
    "pattern": "mixed_sensitivity",
    "description": "Unit has mixed sensitivity pattern for voltage cfc (vbump)",
    "failure_range": [
      -0.04,
      0.08
    ],
    "pass_range": [
      0.02,
      0.1
    ],
    "safe_values": [
      0.02,
      0.06,
      0.1
    ],
    "voltage_type_context": "vbump",
    "recommendation": "Avoid failure values, use passing values for recovery (vbump specific to tested domain)"
  }
}

[2025-10-05T08:50:59.303040] [INFO] Experiment data persisted to test section: CFCVoltage

[2025-10-05T08:50:59.357565] [INFO] Node name: VoltageCFC

[2025-10-05T08:50:59.416526] [TRACKER] TRACKER STATE SNAPSHOT

[2025-10-05T08:50:59.468777] [TRACKER] Tracker State: {'experiments_count': 3, 'current_experiment': {'node_name': 'VoltageCFC', 'node_type': 'CharacterizationFlowInstance', 'iterations_count': 8}, 'flow_summary': {'total_nodes': 3, 'recovery_conditions': 0, 'failure_conditions': 1}}
    Data: {
  "experiments_count": 3,
  "current_experiment": {
    "node_name": "VoltageCFC",
    "node_type": "CharacterizationFlowInstance",
    "iterations_count": 8
  },
  "flow_summary": {
    "total_nodes": 3,
    "recovery_conditions": 0,
    "failure_conditions": 1
  }
}

[2025-10-05T08:51:00.874869] [EXPERIMENT] EXPERIMENT START - Node: FreqCFC (ID: NODE_007)

[2025-10-05T08:51:00.980812] [CONFIG] Experiment config saved to: debug_logs\experiment_config_NODE_007_20251005_084841.json

[2025-10-05T08:51:01.034031] [CONFIG] Key Config Parameters: {'Test Type': 'Sweep', 'Content': 'Dragon'}
    Data: {
  "Test Type": "Sweep",
  "Content": "Dragon"
}

[2025-10-05T08:51:01.084419] [EXPERIMENT] Flow experiment started: FreqCFC

[2025-10-05T08:51:08.758953] [TRACKER] ITERATION 0 - Status: FAIL

[2025-10-05T08:51:08.815323] [TRACKER]   Sweep Value: 8

[2025-10-05T08:51:08.870663] [TRACKER]   Config: {'frequency_cfc': 8}

[2025-10-05T08:51:20.969900] [TRACKER] ITERATION 0 - Status: PASS

[2025-10-05T08:51:21.054622] [TRACKER]   Sweep Value: 12

[2025-10-05T08:51:21.109363] [TRACKER]   Config: {'frequency_cfc': 12}

[2025-10-05T08:51:31.202909] [TRACKER] ITERATION 0 - Status: FAIL

[2025-10-05T08:51:31.258095] [TRACKER]   Sweep Value: 16

[2025-10-05T08:51:31.321640] [TRACKER]   Config: {'frequency_cfc': 16}

[2025-10-05T08:51:43.041874] [TRACKER] ITERATION 0 - Status: FAIL

[2025-10-05T08:51:43.113721] [TRACKER]   Sweep Value: 20

[2025-10-05T08:51:43.173736] [TRACKER]   Config: {'frequency_cfc': 20}

[2025-10-05T08:51:54.378819] [TRACKER] ITERATION 0 - Status: FAIL

[2025-10-05T08:51:54.439865] [TRACKER]   Sweep Value: 24

[2025-10-05T08:51:54.493470] [TRACKER]   Config: {'frequency_cfc': 24}

[2025-10-05T08:51:55.855228] [SUCCESS] EXPERIMENT COMPLETE - Result: MOSTLY_FAILING, Port: 0

[2025-10-05T08:51:55.909857] [INFO] Test Folder: C:\SystemDebug\Logs\20251005_085101_T11_CFCFrequency

[2025-10-05T08:51:55.963172] [ANALYSIS] SWEEP ANALYSIS COMPLETE

[2025-10-05T08:51:56.027886] [ANALYSIS] Sweep Summary: {'sweep_type': 'frequency', 'sweep_domain': 'cfc', 'total_points': 5, 'failure_points': 4, 'pattern': 'mixed_sensitivity'}
    Data: {
  "sweep_type": "frequency",
  "sweep_domain": "cfc",
  "voltage_type": "vbump",
  "total_points": 5,
  "failure_points": 4,
  "pass_points": 1,
  "failure_values": [
    8,
    16,
    20,
    24
  ],
  "pass_values": [
    12
  ],
  "sensitivity_analysis": {
    "pattern": "mixed_sensitivity",
    "description": "Unit has mixed sensitivity pattern for frequency cfc (vbump)",
    "failure_range": [
      8,
      24
    ],
    "pass_range": [
      12,
      12
    ],
    "safe_values": [
      12
    ],
    "voltage_type_context": "vbump",
    "recommendation": "Avoid failure values, use passing values for recovery (vbump specific to tested domain)"
  }
}

[2025-10-05T08:51:56.215760] [INFO] Experiment data persisted to test section: CFCFrequency

[2025-10-05T08:51:56.273984] [INFO] Node name: FreqCFC

[2025-10-05T08:51:56.327949] [TRACKER] TRACKER STATE SNAPSHOT

[2025-10-05T08:51:56.384110] [TRACKER] Tracker State: {'experiments_count': 4, 'current_experiment': {'node_name': 'FreqCFC', 'node_type': 'CharacterizationFlowInstance', 'iterations_count': 5}, 'flow_summary': {'total_nodes': 4, 'recovery_conditions': 0, 'failure_conditions': 1}}
    Data: {
  "experiments_count": 4,
  "current_experiment": {
    "node_name": "FreqCFC",
    "node_type": "CharacterizationFlowInstance",
    "iterations_count": 5
  },
  "flow_summary": {
    "total_nodes": 4,
    "recovery_conditions": 0,
    "failure_conditions": 1
  }
}

[2025-10-05T08:51:57.858670] [EXPERIMENT] EXPERIMENT START - Node: VoltageIA (ID: NODE_008)

[2025-10-05T08:51:57.954831] [CONFIG] Experiment config saved to: debug_logs\experiment_config_NODE_008_20251005_084841.json

[2025-10-05T08:51:58.012157] [CONFIG] Key Config Parameters: {'Test Type': 'Sweep', 'Content': 'Dragon'}
    Data: {
  "Test Type": "Sweep",
  "Content": "Dragon"
}

[2025-10-05T08:51:58.073293] [EXPERIMENT] Flow experiment started: VoltageIA

[2025-10-05T08:52:06.279587] [TRACKER] ITERATION 0 - Status: PASS

[2025-10-05T08:52:06.351989] [TRACKER]   Sweep Value: 0.0

[2025-10-05T08:52:06.406851] [TRACKER]   Config: {'voltage_ia': 0.0}

[2025-10-05T08:52:17.588463] [TRACKER] ITERATION 0 - Status: FAIL

[2025-10-05T08:52:17.652732] [TRACKER]   Sweep Value: 0.02

[2025-10-05T08:52:17.708078] [TRACKER]   Config: {'voltage_ia': 0.02}

[2025-10-05T08:52:28.453328] [TRACKER] ITERATION 0 - Status: FAIL

[2025-10-05T08:52:28.519835] [TRACKER]   Sweep Value: 0.04

[2025-10-05T08:52:28.579869] [TRACKER]   Config: {'voltage_ia': 0.04}

[2025-10-05T08:52:39.532557] [TRACKER] ITERATION 0 - Status: FAIL

[2025-10-05T08:52:39.593213] [TRACKER]   Sweep Value: 0.06

[2025-10-05T08:52:39.648630] [TRACKER]   Config: {'voltage_ia': 0.06}

[2025-10-05T08:52:50.334733] [TRACKER] ITERATION 0 - Status: PASS

[2025-10-05T08:52:50.409252] [TRACKER]   Sweep Value: 0.08

[2025-10-05T08:52:50.464349] [TRACKER]   Config: {'voltage_ia': 0.08}

[2025-10-05T08:53:01.711099] [TRACKER] ITERATION 0 - Status: FAIL

[2025-10-05T08:53:01.778751] [TRACKER]   Sweep Value: 0.1

[2025-10-05T08:53:01.840551] [TRACKER]   Config: {'voltage_ia': 0.1}

[2025-10-05T08:53:03.766153] [SUCCESS] EXPERIMENT COMPLETE - Result: MOSTLY_FAILING, Port: 0

[2025-10-05T08:53:03.817990] [INFO] Test Folder: C:\SystemDebug\Logs\20251005_085158_T11_CoreVoltage

[2025-10-05T08:53:03.877169] [ANALYSIS] SWEEP ANALYSIS COMPLETE

[2025-10-05T08:53:03.940797] [ANALYSIS] Sweep Summary: {'sweep_type': 'voltage', 'sweep_domain': 'ia', 'total_points': 6, 'failure_points': 4, 'pattern': 'mixed_sensitivity'}
    Data: {
  "sweep_type": "voltage",
  "sweep_domain": "ia",
  "voltage_type": "vbump",
  "total_points": 6,
  "failure_points": 4,
  "pass_points": 2,
  "failure_values": [
    0.02,
    0.04,
    0.06,
    0.1
  ],
  "pass_values": [
    0.0,
    0.08
  ],
  "sensitivity_analysis": {
    "pattern": "mixed_sensitivity",
    "description": "Unit has mixed sensitivity pattern for voltage ia (vbump)",
    "failure_range": [
      0.02,
      0.1
    ],
    "pass_range": [
      0.0,
      0.08
    ],
    "safe_values": [
      0.0,
      0.08
    ],
    "voltage_type_context": "vbump",
    "recommendation": "Avoid failure values, use passing values for recovery (vbump specific to tested domain)"
  }
}

[2025-10-05T08:53:04.129227] [INFO] Experiment data persisted to test section: CoreVoltage

[2025-10-05T08:53:04.184082] [INFO] Node name: VoltageIA

[2025-10-05T08:53:04.237330] [TRACKER] TRACKER STATE SNAPSHOT

[2025-10-05T08:53:04.295882] [TRACKER] Tracker State: {'experiments_count': 5, 'current_experiment': {'node_name': 'VoltageIA', 'node_type': 'CharacterizationFlowInstance', 'iterations_count': 6}, 'flow_summary': {'total_nodes': 5, 'recovery_conditions': 0, 'failure_conditions': 1}}
    Data: {
  "experiments_count": 5,
  "current_experiment": {
    "node_name": "VoltageIA",
    "node_type": "CharacterizationFlowInstance",
    "iterations_count": 6
  },
  "flow_summary": {
    "total_nodes": 5,
    "recovery_conditions": 0,
    "failure_conditions": 1
  }
}

[2025-10-05T08:53:05.852272] [EXPERIMENT] EXPERIMENT START - Node: FreqIA (ID: NODE_009)

[2025-10-05T08:53:05.944163] [CONFIG] Experiment config saved to: debug_logs\experiment_config_NODE_009_20251005_084841.json

[2025-10-05T08:53:06.005235] [CONFIG] Key Config Parameters: {'Test Type': 'Sweep', 'Content': 'Dragon'}
    Data: {
  "Test Type": "Sweep",
  "Content": "Dragon"
}

[2025-10-05T08:53:06.061914] [EXPERIMENT] Flow experiment started: FreqIA

[2025-10-05T08:53:14.319544] [TRACKER] ITERATION 0 - Status: FAIL

[2025-10-05T08:53:14.394880] [TRACKER]   Sweep Value: 8

[2025-10-05T08:53:14.453976] [TRACKER]   Config: {'frequency_ia': 8}

[2025-10-05T08:53:25.194838] [TRACKER] ITERATION 0 - Status: FAIL

[2025-10-05T08:53:25.377101] [TRACKER]   Sweep Value: 12

[2025-10-05T08:53:25.598387] [TRACKER]   Config: {'frequency_ia': 12}

[2025-10-05T08:53:36.640577] [TRACKER] ITERATION 0 - Status: FAIL

[2025-10-05T08:53:36.709146] [TRACKER]   Sweep Value: 16

[2025-10-05T08:53:36.769765] [TRACKER]   Config: {'frequency_ia': 16}

[2025-10-05T08:53:48.133030] [TRACKER] ITERATION 0 - Status: FAIL

[2025-10-05T08:53:48.198983] [TRACKER]   Sweep Value: 20

[2025-10-05T08:53:48.257573] [TRACKER]   Config: {'frequency_ia': 20}

[2025-10-05T08:53:59.092707] [TRACKER] ITERATION 0 - Status: FAIL

[2025-10-05T08:53:59.169097] [TRACKER]   Sweep Value: 24

[2025-10-05T08:53:59.239956] [TRACKER]   Config: {'frequency_ia': 24}

[2025-10-05T08:54:09.552031] [TRACKER] ITERATION 0 - Status: FAIL

[2025-10-05T08:54:09.610176] [TRACKER]   Sweep Value: 28

[2025-10-05T08:54:09.678285] [TRACKER]   Config: {'frequency_ia': 28}

[2025-10-05T08:54:20.007535] [TRACKER] ITERATION 0 - Status: FAIL

[2025-10-05T08:54:20.074578] [TRACKER]   Sweep Value: 32

[2025-10-05T08:54:20.140520] [TRACKER]   Config: {'frequency_ia': 32}

[2025-10-05T08:54:21.980874] [SUCCESS] EXPERIMENT COMPLETE - Result: SOLID_REPRO, Port: 0

[2025-10-05T08:54:22.040864] [INFO] Test Folder: C:\SystemDebug\Logs\20251005_085306_T11_CoreFrequency

[2025-10-05T08:54:22.114390] [ANALYSIS] SWEEP ANALYSIS COMPLETE

[2025-10-05T08:54:22.182344] [ANALYSIS] Sweep Summary: {'sweep_type': 'frequency', 'sweep_domain': 'ia', 'total_points': 7, 'failure_points': 7, 'pattern': 'no_sensitivity'}
    Data: {
  "sweep_type": "frequency",
  "sweep_domain": "ia",
  "voltage_type": "ppvc",
  "total_points": 7,
  "failure_points": 7,
  "pass_points": 0,
  "failure_values": [
    8,
    12,
    16,
    20,
    24,
    28,
    32
  ],
  "pass_values": [],
  "sensitivity_analysis": {
    "pattern": "no_sensitivity",
    "description": "Unit not sensitive to frequency ia (ppvc) - fails across entire range (no recovery condition)",
    "recommendation": "Unit fails across entire tested frequency range - no sensitivity threshold found",
    "voltage_type_context": "ppvc",
    "failure_mode": "complete_failure_no_recovery"
  }
}

[2025-10-05T08:54:22.414156] [INFO] Experiment data persisted to test section: CoreFrequency

[2025-10-05T08:54:22.466114] [INFO] Node name: FreqIA

[2025-10-05T08:54:22.525536] [TRACKER] TRACKER STATE SNAPSHOT

[2025-10-05T08:54:22.587401] [TRACKER] Tracker State: {'experiments_count': 6, 'current_experiment': {'node_name': 'FreqIA', 'node_type': 'CharacterizationFlowInstance', 'iterations_count': 7}, 'flow_summary': {'total_nodes': 6, 'recovery_conditions': 0, 'failure_conditions': 1}}
    Data: {
  "experiments_count": 6,
  "current_experiment": {
    "node_name": "FreqIA",
    "node_type": "CharacterizationFlowInstance",
    "iterations_count": 7
  },
  "flow_summary": {
    "total_nodes": 6,
    "recovery_conditions": 0,
    "failure_conditions": 1
  }
}

[2025-10-05T08:54:23.356475] [ANALYSIS] Starting comprehensive analysis

[2025-10-05T08:54:23.440050] [ANALYSIS] COMPREHENSIVE ANALYSIS COMPLETE

[2025-10-05T08:54:23.497474] [ANALYSIS] Analysis Summary: {'total_experiments': 6, 'valid_experiments': 6, 'voltage_experiments': 2, 'frequency_experiments': 2, 'recovery_conditions': 0, 'failure_conditions': 1}
    Data: {
  "total_experiments": 6,
  "valid_experiments": 6,
  "voltage_experiments": 2,
  "frequency_experiments": 2,
  "recovery_conditions": 0,
  "failure_conditions": 1
}

[2025-10-05T08:54:23.692956] [INFO] Comprehensive analysis saved to: debug_logs\comprehensive_analysis_20251005_084841.json

[2025-10-05T08:54:24.346921] [SUCCESS] EXPERIMENT COMPLETE - Result: ANALYSIS_COMPLETE, Port: 0

[2025-10-05T08:54:24.402362] [ANALYSIS] SWEEP ANALYSIS COMPLETE

[2025-10-05T08:54:24.470555] [ANALYSIS] Sweep Summary: {'sweep_type': 'frequency', 'sweep_domain': 'ia', 'total_points': 7, 'failure_points': 7, 'pattern': 'no_sensitivity'}
    Data: {
  "sweep_type": "frequency",
  "sweep_domain": "ia",
  "voltage_type": "ppvc",
  "total_points": 7,
  "failure_points": 7,
  "pass_points": 0,
  "failure_values": [
    8,
    12,
    16,
    20,
    24,
    28,
    32
  ],
  "pass_values": [],
  "sensitivity_analysis": {
    "pattern": "no_sensitivity",
    "description": "Unit not sensitive to frequency ia (ppvc) - fails across entire range (no recovery condition)",
    "recommendation": "Unit fails across entire tested frequency range - no sensitivity threshold found",
    "voltage_type_context": "ppvc",
    "failure_mode": "complete_failure_no_recovery"
  }
}

[2025-10-05T08:54:24.668038] [INFO] Experiment data persisted to test section: CoreFrequency

[2025-10-05T08:54:24.744873] [INFO] Node name: FreqIA

[2025-10-05T08:54:24.799099] [TRACKER] TRACKER STATE SNAPSHOT

[2025-10-05T08:54:24.865619] [TRACKER] Tracker State: {'experiments_count': 7, 'current_experiment': {'node_name': 'FreqIA', 'node_type': 'CharacterizationFlowInstance', 'iterations_count': 7}, 'flow_summary': {'total_nodes': 7, 'recovery_conditions': 0, 'failure_conditions': 1}}
    Data: {
  "experiments_count": 7,
  "current_experiment": {
    "node_name": "FreqIA",
    "node_type": "CharacterizationFlowInstance",
    "iterations_count": 7
  },
  "flow_summary": {
    "total_nodes": 7,
    "recovery_conditions": 0,
    "failure_conditions": 1
  }
}

