=== EXPERIMENT TRACKER DEBUG SESSION STARTED ===
Session ID: 20251005_230907
Start Time: 2025-10-05T23:09:07.718956
============================================================

[2025-10-05T23:09:07.735560] [TRACKER] ExperimentTracker initialized

[2025-10-05T23:09:09.816288] [EXPERIMENT] EXPERIMENT START - Node: BaseRepro (ID: NODE_002)

[2025-10-05T23:09:09.885503] [CONFIG] Experiment config saved to: debug_logs\experiment_config_NODE_002_20251005_230907.json

[2025-10-05T23:09:09.931370] [CONFIG] Key Config Parameters: {'Test Type': 'Loops', 'Content': 'Dragon'}
    Data: {
  "Test Type": "Loops",
  "Content": "Dragon"
}

[2025-10-05T23:09:09.991374] [EXPERIMENT] Flow experiment started: BaseRepro

[2025-10-05T23:09:17.684645] [TRACKER] ITERATION 0 - Status: FAIL

[2025-10-05T23:09:35.169244] [TRACKER] ITERATION 0 - Status: FAIL

[2025-10-05T23:09:53.375025] [TRACKER] ITERATION 0 - Status: FAIL

[2025-10-05T23:09:54.854427] [SUCCESS] EXPERIMENT COMPLETE - Result: SOLID_REPRO, Port: 1

[2025-10-05T23:09:54.896443] [INFO] Test Folder: C:\SystemDebug\Logs\20251005_230910_T1_DragonBaseline

[2025-10-05T23:09:55.027224] [INFO] Experiment data persisted to test section: DragonBaseline

[2025-10-05T23:09:55.068640] [INFO] Node name: BaseRepro

[2025-10-05T23:09:55.109133] [TRACKER] TRACKER STATE SNAPSHOT

[2025-10-05T23:09:55.163531] [TRACKER] Tracker State: {'experiments_count': 1, 'current_experiment': {'node_name': 'BaseRepro', 'node_type': 'AllFailFlowInstance', 'iterations_count': 3}, 'flow_summary': {'total_nodes': 1, 'recovery_conditions': 0, 'failure_conditions': 1}}
    Data: {
  "experiments_count": 1,
  "current_experiment": {
    "node_name": "BaseRepro",
    "node_type": "AllFailFlowInstance",
    "iterations_count": 3
  },
  "flow_summary": {
    "total_nodes": 1,
    "recovery_conditions": 0,
    "failure_conditions": 1
  }
}

[2025-10-05T23:09:55.296657] [ANALYSIS] Getting adaptive analysis data for: AllFailFlowInstance

[2025-10-05T23:09:55.366469] [ANALYSIS] ADAPTIVE ANALYSIS

[2025-10-05T23:09:55.404109] [ANALYSIS] Source: BaseRepro (Port: 1)

[2025-10-05T23:09:55.442614] [ANALYSIS] Recovery Potential: low

[2025-10-05T23:09:55.480037] [ANALYSIS] Recommended Config: {'Experiment': 'Enabled', 'Test Name': 'DragonBaseline', 'Test Mode': 'Mesh', 'Test Type': 'Loops', 'Visual ID': '75YB873100474', 'Bucket': 'IDIPAR', 'COM Port': 11, 'IP Address': '192.168.0.2', 'TTL Folder': 'Q:\\DPM_Debug\\GNR\\Logs\\LLC\\2509_75YB873100474\\TTL_DragonMesh', 'Scripts File': None, 'Pass String': 'Test Complete', 'Fail String': 'Test Failed', 'Content': <ContentType.DRAGON: 'Dragon'>, 'Test Number': 1, 'Test Time': 45, 'Reset': True, 'Reset on PASS': True, 'FastBoot': True, 'Core License': None, '600W Unit': True, 'Pseudo Config': False, 'Configuration (Mask)': '', 'Boot Breakpoint': None, 'Disable 2 Cores': None, 'Check Core': 141, 'Voltage Type': 'vbump', 'Voltage IA': None, 'Voltage CFC': None, 'Frequency IA': None, 'Frequency CFC': None, 'Loops': 5, 'Type': 'Voltage', 'Domain': 'IA', 'Start': -0.03, 'End': 0.06, 'Steps': 0.03, 'ShmooFile': 'C:\\SystemDebug\\Shmoos\\RVPShmooConfig.json', 'ShmooLabel': 'COREFIX', 'Linux Pre Command': None, 'Linux Post Command': None, 'Startup Linux': None, 'Linux Path': None, 'Linux Content Wait Time': None, 'Linux Content Line 0': None, 'Linux Content Line 1': None, 'Dragon Pre Command': None, 'Dragon Post Command': None, 'Startup Dragon': 'startup_efi.nsh', 'ULX Path': 'FS1:\\EFI\\ulx', 'ULX CPU': 'GNR_B0', 'Product Chop': 'GNR', 'VVAR0': '0x4C4B40', 'VVAR1': 80064000, 'VVAR2': '0x1000000', 'VVAR3': '0x4000000', 'VVAR_EXTRA': None, 'Dragon Content Path': 'FS1:\\content\\Dragon\\7410_0x0E_PPV_MegaMem\\GNR128C_H_1UP', 'Dragon Content Line': None, 'Stop on Fail': True, 'Merlin Name': 'MerlinX.efi', 'Merlin Drive': 'FS1:', 'Merlin Path': 'FS1:\\EFI\\Version8.15\\BinFiles\\Release'}
    Data: {
  "Experiment": "Enabled",
  "Test Name": "DragonBaseline",
  "Test Mode": "Mesh",
  "Test Type": "Loops",
  "Visual ID": "75YB873100474",
  "Bucket": "IDIPAR",
  "COM Port": 11,
  "IP Address": "192.168.0.2",
  "TTL Folder": "Q:\\DPM_Debug\\GNR\\Logs\\LLC\\2509_75YB873100474\\TTL_DragonMesh",
  "Scripts File": null,
  "Pass String": "Test Complete",
  "Fail String": "Test Failed",
  "Content": "ContentType.DRAGON",
  "Test Number": 1,
  "Test Time": 45,
  "Reset": true,
  "Reset on PASS": true,
  "FastBoot": true,
  "Core License": null,
  "600W Unit": true,
  "Pseudo Config": false,
  "Configuration (Mask)": "",
  "Boot Breakpoint": null,
  "Disable 2 Cores": null,
  "Check Core": 141,
  "Voltage Type": "vbump",
  "Voltage IA": null,
  "Voltage CFC": null,
  "Frequency IA": null,
  "Frequency CFC": null,
  "Loops": 5,
  "Type": "Voltage",
  "Domain": "IA",
  "Start": -0.03,
  "End": 0.06,
  "Steps": 0.03,
  "ShmooFile": "C:\\SystemDebug\\Shmoos\\RVPShmooConfig.json",
  "ShmooLabel": "COREFIX",
  "Linux Pre Command": null,
  "Linux Post Command": null,
  "Startup Linux": null,
  "Linux Path": null,
  "Linux Content Wait Time": null,
  "Linux Content Line 0": null,
  "Linux Content Line 1": null,
  "Dragon Pre Command": null,
  "Dragon Post Command": null,
  "Startup Dragon": "startup_efi.nsh",
  "ULX Path": "FS1:\\EFI\\ulx",
  "ULX CPU": "GNR_B0",
  "Product Chop": "GNR",
  "VVAR0": "0x4C4B40",
  "VVAR1": 80064000,
  "VVAR2": "0x1000000",
  "VVAR3": "0x4000000",
  "VVAR_EXTRA": null,
  "Dragon Content Path": "FS1:\\content\\Dragon\\7410_0x0E_PPV_MegaMem\\GNR128C_H_1UP",
  "Dragon Content Line": null,
  "Stop on Fail": true,
  "Merlin Name": "MerlinX.efi",
  "Merlin Drive": "FS1:",
  "Merlin Path": "FS1:\\EFI\\Version8.15\\BinFiles\\Release"
}

[2025-10-05T23:09:55.652286] [SUCCESS] EXPERIMENT COMPLETE - Result: CONFIG_PASSED, Port: 0

[2025-10-05T23:09:55.771760] [INFO] Experiment data persisted to test section: DragonBaseline

[2025-10-05T23:09:55.830271] [INFO] Node name: BaseRepro

[2025-10-05T23:09:55.876671] [TRACKER] TRACKER STATE SNAPSHOT

[2025-10-05T23:09:55.926565] [TRACKER] Tracker State: {'experiments_count': 2, 'current_experiment': {'node_name': 'BaseRepro', 'node_type': 'AllFailFlowInstance', 'iterations_count': 3}, 'flow_summary': {'total_nodes': 2, 'recovery_conditions': 0, 'failure_conditions': 1}}
    Data: {
  "experiments_count": 2,
  "current_experiment": {
    "node_name": "BaseRepro",
    "node_type": "AllFailFlowInstance",
    "iterations_count": 3
  },
  "flow_summary": {
    "total_nodes": 2,
    "recovery_conditions": 0,
    "failure_conditions": 1
  }
}

[2025-10-05T23:09:56.506676] [EXPERIMENT] EXPERIMENT START - Node: CFC_Voltage (ID: NODE_006)

[2025-10-05T23:09:56.591686] [CONFIG] Experiment config saved to: debug_logs\experiment_config_NODE_006_20251005_230907.json

[2025-10-05T23:09:56.641162] [CONFIG] Key Config Parameters: {'Test Type': 'Sweep', 'Content': 'Dragon'}
    Data: {
  "Test Type": "Sweep",
  "Content": "Dragon"
}

[2025-10-05T23:09:56.682098] [EXPERIMENT] Flow experiment started: CFC_Voltage

[2025-10-05T23:10:04.764565] [TRACKER] ITERATION 0 - Status: PASS

[2025-10-05T23:10:04.815096] [TRACKER]   Sweep Value: 0.0

[2025-10-05T23:10:04.862055] [TRACKER]   Config: {'voltage_cfc': 0.0}

[2025-10-05T23:10:16.120253] [TRACKER] ITERATION 0 - Status: FAIL

[2025-10-05T23:10:16.173576] [TRACKER]   Sweep Value: 0.05

[2025-10-05T23:10:16.215283] [TRACKER]   Config: {'voltage_cfc': 0.05}

[2025-10-05T23:10:27.133447] [TRACKER] ITERATION 0 - Status: FAIL

[2025-10-05T23:10:27.184959] [TRACKER]   Sweep Value: 0.1

[2025-10-05T23:10:27.234591] [TRACKER]   Config: {'voltage_cfc': 0.1}

[2025-10-05T23:10:38.598825] [TRACKER] ITERATION 0 - Status: FAIL

[2025-10-05T23:10:38.646081] [TRACKER]   Sweep Value: 0.15

[2025-10-05T23:10:38.688376] [TRACKER]   Config: {'voltage_cfc': 0.15}

[2025-10-05T23:10:49.316357] [TRACKER] ITERATION 0 - Status: FAIL

[2025-10-05T23:10:49.403685] [TRACKER]   Sweep Value: 0.2

[2025-10-05T23:10:49.452350] [TRACKER]   Config: {'voltage_cfc': 0.2}

[2025-10-05T23:10:50.758399] [SUCCESS] EXPERIMENT COMPLETE - Result: MOSTLY_FAILING, Port: 0

[2025-10-05T23:10:50.804109] [INFO] Test Folder: C:\SystemDebug\Logs\20251005_230956_T1_CFCVoltage

[2025-10-05T23:10:50.853823] [ANALYSIS] SWEEP ANALYSIS COMPLETE

[2025-10-05T23:10:50.904287] [ANALYSIS] Sweep Summary: {'sweep_type': 'voltage', 'sweep_domain': 'cfc', 'total_points': 5, 'failure_points': 4, 'pattern': 'upper_threshold_sensitivity'}
    Data: {
  "sweep_type": "voltage",
  "sweep_domain": "cfc",
  "voltage_type": "vbump",
  "total_points": 5,
  "failure_points": 4,
  "pass_points": 1,
  "failure_values": [
    0.05,
    0.1,
    0.15,
    0.2
  ],
  "pass_values": [
    0.0
  ],
  "sensitivity_analysis": {
    "pattern": "upper_threshold_sensitivity",
    "description": "Unit sensitive above 0.0 voltage (vbump) - recovers at lower values",
    "failure_range": [
      0.05,
      0.2
    ],
    "pass_range": [
      0.0,
      0.0
    ],
    "safe_values": [
      0.0
    ],
    "voltage_type_context": "vbump",
    "recommendation": "Use lower values for recovery (vbump specific to tested domain)"
  }
}

[2025-10-05T23:10:51.001760] [INFO] Created new section for test: CFCVoltage

[2025-10-05T23:10:51.082867] [INFO] Experiment data persisted to test section: CFCVoltage

[2025-10-05T23:10:51.127334] [INFO] Node name: CFC_Voltage

[2025-10-05T23:10:51.177533] [TRACKER] TRACKER STATE SNAPSHOT

[2025-10-05T23:10:51.224196] [TRACKER] Tracker State: {'experiments_count': 3, 'current_experiment': {'node_name': 'CFC_Voltage', 'node_type': 'CharacterizationFlowInstance', 'iterations_count': 5}, 'flow_summary': {'total_nodes': 3, 'recovery_conditions': 0, 'failure_conditions': 1}}
    Data: {
  "experiments_count": 3,
  "current_experiment": {
    "node_name": "CFC_Voltage",
    "node_type": "CharacterizationFlowInstance",
    "iterations_count": 5
  },
  "flow_summary": {
    "total_nodes": 3,
    "recovery_conditions": 0,
    "failure_conditions": 1
  }
}

[2025-10-05T23:10:52.243817] [EXPERIMENT] EXPERIMENT START - Node: CFC_Frequency (ID: NODE_007)

[2025-10-05T23:10:52.326519] [CONFIG] Experiment config saved to: debug_logs\experiment_config_NODE_007_20251005_230907.json

[2025-10-05T23:10:52.376278] [CONFIG] Key Config Parameters: {'Test Type': 'Sweep', 'Content': 'Dragon'}
    Data: {
  "Test Type": "Sweep",
  "Content": "Dragon"
}

[2025-10-05T23:10:52.423362] [EXPERIMENT] Flow experiment started: CFC_Frequency

[2025-10-05T23:11:00.632406] [TRACKER] ITERATION 0 - Status: PASS

[2025-10-05T23:11:00.686074] [TRACKER]   Sweep Value: 8

[2025-10-05T23:11:00.727689] [TRACKER]   Config: {'frequency_cfc': 8}

[2025-10-05T23:11:11.888983] [TRACKER] ITERATION 0 - Status: FAIL

[2025-10-05T23:11:11.939094] [TRACKER]   Sweep Value: 12

[2025-10-05T23:11:11.980048] [TRACKER]   Config: {'frequency_cfc': 12}

[2025-10-05T23:11:22.750939] [TRACKER] ITERATION 0 - Status: FAIL

[2025-10-05T23:11:22.799962] [TRACKER]   Sweep Value: 16

[2025-10-05T23:11:22.845755] [TRACKER]   Config: {'frequency_cfc': 16}

[2025-10-05T23:11:34.736901] [TRACKER] ITERATION 0 - Status: FAIL

[2025-10-05T23:11:34.796722] [TRACKER]   Sweep Value: 20

[2025-10-05T23:11:34.844543] [TRACKER]   Config: {'frequency_cfc': 20}

[2025-10-05T23:11:46.316287] [TRACKER] ITERATION 0 - Status: FAIL

[2025-10-05T23:11:46.367916] [TRACKER]   Sweep Value: 24

[2025-10-05T23:11:46.414747] [TRACKER]   Config: {'frequency_cfc': 24}

[2025-10-05T23:11:47.747937] [SUCCESS] EXPERIMENT COMPLETE - Result: MOSTLY_FAILING, Port: 0

[2025-10-05T23:11:47.790479] [INFO] Test Folder: C:\SystemDebug\Logs\20251005_231052_T1_CFCFrequency

[2025-10-05T23:11:47.831030] [ANALYSIS] SWEEP ANALYSIS COMPLETE

[2025-10-05T23:11:47.872812] [ANALYSIS] Sweep Summary: {'sweep_type': 'frequency', 'sweep_domain': 'cfc', 'total_points': 5, 'failure_points': 4, 'pattern': 'upper_threshold_sensitivity'}
    Data: {
  "sweep_type": "frequency",
  "sweep_domain": "cfc",
  "voltage_type": "vbump",
  "total_points": 5,
  "failure_points": 4,
  "pass_points": 1,
  "failure_values": [
    12,
    16,
    20,
    24
  ],
  "pass_values": [
    8
  ],
  "sensitivity_analysis": {
    "pattern": "upper_threshold_sensitivity",
    "description": "Unit sensitive above 8 frequency (vbump) - recovers at lower values",
    "failure_range": [
      12,
      24
    ],
    "pass_range": [
      8,
      8
    ],
    "safe_values": [
      8
    ],
    "voltage_type_context": "vbump",
    "recommendation": "Use values <= 8 for recovery (vbump specific to tested domain)"
  }
}

[2025-10-05T23:11:47.957731] [INFO] Created new section for test: CFCFrequency

[2025-10-05T23:11:48.043258] [INFO] Experiment data persisted to test section: CFCFrequency

[2025-10-05T23:11:48.084022] [INFO] Node name: CFC_Frequency

[2025-10-05T23:11:48.128038] [TRACKER] TRACKER STATE SNAPSHOT

[2025-10-05T23:11:48.171082] [TRACKER] Tracker State: {'experiments_count': 4, 'current_experiment': {'node_name': 'CFC_Frequency', 'node_type': 'CharacterizationFlowInstance', 'iterations_count': 5}, 'flow_summary': {'total_nodes': 4, 'recovery_conditions': 0, 'failure_conditions': 1}}
    Data: {
  "experiments_count": 4,
  "current_experiment": {
    "node_name": "CFC_Frequency",
    "node_type": "CharacterizationFlowInstance",
    "iterations_count": 5
  },
  "flow_summary": {
    "total_nodes": 4,
    "recovery_conditions": 0,
    "failure_conditions": 1
  }
}

[2025-10-05T23:11:48.603158] [EXPERIMENT] EXPERIMENT START - Node: IA_Voltage (ID: NODE_008)

[2025-10-05T23:11:48.679716] [CONFIG] Experiment config saved to: debug_logs\experiment_config_NODE_008_20251005_230907.json

[2025-10-05T23:11:48.719709] [CONFIG] Key Config Parameters: {'Test Type': 'Sweep', 'Content': 'Dragon'}
    Data: {
  "Test Type": "Sweep",
  "Content": "Dragon"
}

[2025-10-05T23:11:48.762490] [EXPERIMENT] Flow experiment started: IA_Voltage

[2025-10-05T23:11:56.814434] [TRACKER] ITERATION 0 - Status: FAIL

[2025-10-05T23:11:56.873731] [TRACKER]   Sweep Value: 0.0

[2025-10-05T23:11:56.920327] [TRACKER]   Config: {'voltage_ia': 0.0}

[2025-10-05T23:12:08.640849] [TRACKER] ITERATION 0 - Status: FAIL

[2025-10-05T23:12:08.693869] [TRACKER]   Sweep Value: 0.05

[2025-10-05T23:12:08.749697] [TRACKER]   Config: {'voltage_ia': 0.05}

[2025-10-05T23:12:20.011078] [TRACKER] ITERATION 0 - Status: FAIL

[2025-10-05T23:12:20.059098] [TRACKER]   Sweep Value: 0.1

[2025-10-05T23:12:20.102872] [TRACKER]   Config: {'voltage_ia': 0.1}

[2025-10-05T23:12:32.088759] [TRACKER] ITERATION 0 - Status: FAIL

[2025-10-05T23:12:32.143413] [TRACKER]   Sweep Value: 0.15

[2025-10-05T23:12:32.189815] [TRACKER]   Config: {'voltage_ia': 0.15}

[2025-10-05T23:12:43.053452] [TRACKER] ITERATION 0 - Status: FAIL

[2025-10-05T23:12:43.102939] [TRACKER]   Sweep Value: 0.2

[2025-10-05T23:12:43.145947] [TRACKER]   Config: {'voltage_ia': 0.2}

[2025-10-05T23:12:44.481498] [SUCCESS] EXPERIMENT COMPLETE - Result: SOLID_REPRO, Port: 0

[2025-10-05T23:12:44.526525] [INFO] Test Folder: C:\SystemDebug\Logs\20251005_231149_T1_IAVoltage

[2025-10-05T23:12:44.576200] [ANALYSIS] SWEEP ANALYSIS COMPLETE

[2025-10-05T23:12:44.626970] [ANALYSIS] Sweep Summary: {'sweep_type': 'voltage', 'sweep_domain': 'ia', 'total_points': 5, 'failure_points': 5, 'pattern': 'no_sensitivity'}
    Data: {
  "sweep_type": "voltage",
  "sweep_domain": "ia",
  "voltage_type": "vbump",
  "total_points": 5,
  "failure_points": 5,
  "pass_points": 0,
  "failure_values": [
    0.0,
    0.05,
    0.1,
    0.15,
    0.2
  ],
  "pass_values": [],
  "sensitivity_analysis": {
    "pattern": "no_sensitivity",
    "description": "Unit not sensitive to voltage ia (vbump) - fails across entire range (no recovery condition)",
    "recommendation": "Unit fails across entire tested voltage range - no sensitivity threshold found",
    "voltage_type_context": "vbump",
    "failure_mode": "complete_failure_no_recovery"
  }
}

[2025-10-05T23:12:44.716580] [INFO] Created new section for test: IAVoltage

[2025-10-05T23:12:44.806929] [INFO] Experiment data persisted to test section: IAVoltage

[2025-10-05T23:12:44.850767] [INFO] Node name: IA_Voltage

[2025-10-05T23:12:44.900750] [TRACKER] TRACKER STATE SNAPSHOT

[2025-10-05T23:12:44.947243] [TRACKER] Tracker State: {'experiments_count': 5, 'current_experiment': {'node_name': 'IA_Voltage', 'node_type': 'CharacterizationFlowInstance', 'iterations_count': 5}, 'flow_summary': {'total_nodes': 5, 'recovery_conditions': 0, 'failure_conditions': 1}}
    Data: {
  "experiments_count": 5,
  "current_experiment": {
    "node_name": "IA_Voltage",
    "node_type": "CharacterizationFlowInstance",
    "iterations_count": 5
  },
  "flow_summary": {
    "total_nodes": 5,
    "recovery_conditions": 0,
    "failure_conditions": 1
  }
}

[2025-10-05T23:12:46.312681] [EXPERIMENT] EXPERIMENT START - Node: IA_Frequency (ID: NODE_009)

[2025-10-05T23:12:46.393821] [CONFIG] Experiment config saved to: debug_logs\experiment_config_NODE_009_20251005_230907.json

[2025-10-05T23:12:46.436667] [CONFIG] Key Config Parameters: {'Test Type': 'Sweep', 'Content': 'Dragon'}
    Data: {
  "Test Type": "Sweep",
  "Content": "Dragon"
}

[2025-10-05T23:12:46.482289] [EXPERIMENT] Flow experiment started: IA_Frequency

[2025-10-05T23:12:54.717422] [TRACKER] ITERATION 0 - Status: FAIL

[2025-10-05T23:12:54.770825] [TRACKER]   Sweep Value: 8

[2025-10-05T23:12:54.821710] [TRACKER]   Config: {'frequency_ia': 8}

[2025-10-05T23:13:06.043999] [TRACKER] ITERATION 0 - Status: PASS

[2025-10-05T23:13:06.134585] [TRACKER]   Sweep Value: 12

[2025-10-05T23:13:06.218799] [TRACKER]   Config: {'frequency_ia': 12}

[2025-10-05T23:13:16.963048] [TRACKER] ITERATION 0 - Status: FAIL

[2025-10-05T23:13:17.026063] [TRACKER]   Sweep Value: 16

[2025-10-05T23:13:17.077930] [TRACKER]   Config: {'frequency_ia': 16}

[2025-10-05T23:13:27.989257] [TRACKER] ITERATION 0 - Status: FAIL

[2025-10-05T23:13:28.063842] [TRACKER]   Sweep Value: 20

[2025-10-05T23:13:28.111191] [TRACKER]   Config: {'frequency_ia': 20}

[2025-10-05T23:13:39.351379] [TRACKER] ITERATION 0 - Status: FAIL

[2025-10-05T23:13:39.407920] [TRACKER]   Sweep Value: 24

[2025-10-05T23:13:39.452461] [TRACKER]   Config: {'frequency_ia': 24}

[2025-10-05T23:13:50.963833] [TRACKER] ITERATION 0 - Status: FAIL

[2025-10-05T23:13:51.010851] [TRACKER]   Sweep Value: 28

[2025-10-05T23:13:51.058651] [TRACKER]   Config: {'frequency_ia': 28}

[2025-10-05T23:14:00.806939] [TRACKER] ITERATION 0 - Status: FAIL

[2025-10-05T23:14:00.858168] [TRACKER]   Sweep Value: 32

[2025-10-05T23:14:00.908230] [TRACKER]   Config: {'frequency_ia': 32}

[2025-10-05T23:14:02.296270] [SUCCESS] EXPERIMENT COMPLETE - Result: MOSTLY_FAILING, Port: 0

[2025-10-05T23:14:02.340240] [INFO] Test Folder: C:\SystemDebug\Logs\20251005_231246_T1_IAFrequency

[2025-10-05T23:14:02.426889] [ANALYSIS] SWEEP ANALYSIS COMPLETE

[2025-10-05T23:14:02.473478] [ANALYSIS] Sweep Summary: {'sweep_type': 'frequency', 'sweep_domain': 'ia', 'total_points': 7, 'failure_points': 6, 'pattern': 'mixed_sensitivity'}
    Data: {
  "sweep_type": "frequency",
  "sweep_domain": "ia",
  "voltage_type": "vbump",
  "total_points": 7,
  "failure_points": 6,
  "pass_points": 1,
  "failure_values": [
    8,
    16,
    20,
    24,
    28,
    32
  ],
  "pass_values": [
    12
  ],
  "sensitivity_analysis": {
    "pattern": "mixed_sensitivity",
    "description": "Unit has mixed sensitivity pattern for frequency ia (vbump)",
    "failure_range": [
      8,
      32
    ],
    "pass_range": [
      12,
      12
    ],
    "safe_values": [
      12
    ],
    "voltage_type_context": "vbump",
    "recommendation": "Avoid failure values, use passing values for recovery (vbump specific to tested domain)"
  }
}

[2025-10-05T23:14:02.570175] [INFO] Created new section for test: IAFrequency

[2025-10-05T23:14:02.667569] [INFO] Experiment data persisted to test section: IAFrequency

[2025-10-05T23:14:02.713344] [INFO] Node name: IA_Frequency

[2025-10-05T23:14:02.759150] [TRACKER] TRACKER STATE SNAPSHOT

[2025-10-05T23:14:02.800304] [TRACKER] Tracker State: {'experiments_count': 6, 'current_experiment': {'node_name': 'IA_Frequency', 'node_type': 'CharacterizationFlowInstance', 'iterations_count': 7}, 'flow_summary': {'total_nodes': 6, 'recovery_conditions': 0, 'failure_conditions': 1}}
    Data: {
  "experiments_count": 6,
  "current_experiment": {
    "node_name": "IA_Frequency",
    "node_type": "CharacterizationFlowInstance",
    "iterations_count": 7
  },
  "flow_summary": {
    "total_nodes": 6,
    "recovery_conditions": 0,
    "failure_conditions": 1
  }
}

[2025-10-05T23:14:03.201318] [ANALYSIS] Starting comprehensive analysis

[2025-10-05T23:14:03.262347] [ANALYSIS] COMPREHENSIVE ANALYSIS COMPLETE

[2025-10-05T23:14:03.308417] [ANALYSIS] Analysis Summary: {'total_experiments': 6, 'valid_experiments': 6, 'voltage_experiments': 2, 'frequency_experiments': 2, 'recovery_conditions': 0, 'failure_conditions': 1}
    Data: {
  "total_experiments": 6,
  "valid_experiments": 6,
  "voltage_experiments": 2,
  "frequency_experiments": 2,
  "recovery_conditions": 0,
  "failure_conditions": 1
}

[2025-10-05T23:14:03.587669] [INFO] Comprehensive analysis saved to: debug_logs\comprehensive_analysis_20251005_230907.json

[2025-10-05T23:14:04.396701] [SUCCESS] EXPERIMENT COMPLETE - Result: ANALYSIS_COMPLETE, Port: 0

[2025-10-05T23:14:04.444626] [ANALYSIS] SWEEP ANALYSIS COMPLETE

[2025-10-05T23:14:04.490717] [ANALYSIS] Sweep Summary: {'sweep_type': 'frequency', 'sweep_domain': 'ia', 'total_points': 7, 'failure_points': 6, 'pattern': 'mixed_sensitivity'}
    Data: {
  "sweep_type": "frequency",
  "sweep_domain": "ia",
  "voltage_type": "vbump",
  "total_points": 7,
  "failure_points": 6,
  "pass_points": 1,
  "failure_values": [
    8,
    16,
    20,
    24,
    28,
    32
  ],
  "pass_values": [
    12
  ],
  "sensitivity_analysis": {
    "pattern": "mixed_sensitivity",
    "description": "Unit has mixed sensitivity pattern for frequency ia (vbump)",
    "failure_range": [
      8,
      32
    ],
    "pass_range": [
      12,
      12
    ],
    "safe_values": [
      12
    ],
    "voltage_type_context": "vbump",
    "recommendation": "Avoid failure values, use passing values for recovery (vbump specific to tested domain)"
  }
}

[2025-10-05T23:14:04.618008] [INFO] Experiment data persisted to test section: IAFrequency

[2025-10-05T23:14:04.670263] [INFO] Node name: IA_Frequency

[2025-10-05T23:14:04.718880] [TRACKER] TRACKER STATE SNAPSHOT

[2025-10-05T23:14:04.766888] [TRACKER] Tracker State: {'experiments_count': 7, 'current_experiment': {'node_name': 'IA_Frequency', 'node_type': 'CharacterizationFlowInstance', 'iterations_count': 7}, 'flow_summary': {'total_nodes': 7, 'recovery_conditions': 0, 'failure_conditions': 1}}
    Data: {
  "experiments_count": 7,
  "current_experiment": {
    "node_name": "IA_Frequency",
    "node_type": "CharacterizationFlowInstance",
    "iterations_count": 7
  },
  "flow_summary": {
    "total_nodes": 7,
    "recovery_conditions": 0,
    "failure_conditions": 1
  }
}

