=== EXPERIMENT TRACKER DEBUG SESSION STARTED ===
Session ID: 20251005_052631
Start Time: 2025-10-05T05:26:31.351486
============================================================

[2025-10-05T05:26:31.371704] [TRACKER] ExperimentTracker initialized

[2025-10-05T05:26:40.759195] [EXPERIMENT] EXPERIMENT START - Node: Base (ID: NODE_002)

[2025-10-05T05:26:40.846552] [CONFIG] Experiment config saved to: debug_logs\experiment_config_NODE_002_20251005_052631.json

[2025-10-05T05:26:40.909753] [CONFIG] Key Config Parameters: {'Test Type': 'Loops', 'Content': 'Dragon'}
    Data: {
  "Test Type": "Loops",
  "Content": "Dragon"
}

[2025-10-05T05:26:40.959696] [EXPERIMENT] Flow experiment started: Base

[2025-10-05T05:26:48.117153] [TRACKER] ITERATION 0 - Status: FAIL

[2025-10-05T05:27:06.495063] [TRACKER] ITERATION 0 - Status: FAIL

[2025-10-05T05:27:24.292049] [TRACKER] ITERATION 0 - Status: FAIL

[2025-10-05T05:27:41.971353] [TRACKER] ITERATION 0 - Status: FAIL

[2025-10-05T05:27:43.525405] [SUCCESS] EXPERIMENT COMPLETE - Result: SOLID_REPRO, Port: 1

[2025-10-05T05:27:43.584239] [INFO] Test Folder: C:\SystemDebug\Logs\20251005_052641_T11_Baseline

[2025-10-05T05:27:43.772197] [INFO] Experiment data persisted to test section: Baseline

[2025-10-05T05:27:43.824509] [INFO] Node name: Base

[2025-10-05T05:27:43.872502] [TRACKER] TRACKER STATE SNAPSHOT

[2025-10-05T05:27:43.923139] [TRACKER] Tracker State: {'experiments_count': 1, 'current_experiment': {'node_name': 'Base', 'node_type': 'AllFailFlowInstance', 'iterations_count': 4}, 'flow_summary': {'total_nodes': 1, 'recovery_conditions': 0, 'failure_conditions': 1}}
    Data: {
  "experiments_count": 1,
  "current_experiment": {
    "node_name": "Base",
    "node_type": "AllFailFlowInstance",
    "iterations_count": 4
  },
  "flow_summary": {
    "total_nodes": 1,
    "recovery_conditions": 0,
    "failure_conditions": 1
  }
}

[2025-10-05T05:27:44.087040] [ANALYSIS] Getting adaptive analysis data for: AllFailFlowInstance

[2025-10-05T05:27:44.185272] [ANALYSIS] ADAPTIVE ANALYSIS

[2025-10-05T05:27:44.231389] [ANALYSIS] Source: Base (Port: 1)

[2025-10-05T05:27:44.280376] [ANALYSIS] Recovery Potential: low

[2025-10-05T05:27:44.327374] [ANALYSIS] Recommended Config: {'Experiment': 'Enabled', 'Test Name': 'Baseline', 'Test Mode': 'Mesh', 'Test Type': 'Loops', 'Visual ID': 'TestUnitData', 'Bucket': 'IDIPAR', 'COM Port': 11, 'IP Address': '192.168.0.2', 'TTL Folder': 'R:\\Templates\\GNR\\version_2_0\\TTL_DragonMesh', 'Scripts File': None, 'Post Process': None, 'Pass String': 'Test Complete', 'Fail String': 'Test Failed', 'Content': <ContentType.DRAGON: 'Dragon'>, 'Test Number': 11, 'Test Time': 30, 'Reset': True, 'Reset on PASS': True, 'FastBoot': True, 'Core License': '1: SSE/128', '600W Unit': False, 'Pseudo Config': True, 'Configuration (Mask)': 'FirstPass', 'Boot Breakpoint': None, 'Disable 2 Cores': None, 'Check Core': 7, 'Voltage Type': 'vbump', 'Voltage IA': None, 'Voltage CFC': None, 'Frequency IA': None, 'Frequency CFC': None, 'Loops': 5, 'Type': 'Voltage', 'Domain': 'IA', 'Start': -0.03, 'End': 0.06, 'Steps': 0.03, 'ShmooFile': 'C:\\SystemDebug\\Shmoos\\RVPShmooConfig.json', 'ShmooLabel': 'COREFIX', 'Linux Pre Command': None, 'Linux Post Command': None, 'Linux Pass String': None, 'Linux Fail String': None, 'Startup Linux': None, 'Linux Path': None, 'Linux Content Wait Time': None, 'Linux Content Line 0': None, 'Linux Content Line 1': None, 'Dragon Pre Command': None, 'Dragon Post Command': None, 'Startup Dragon': 'startup_efi.nsh', 'ULX Path': 'FS1:\\EFI\\ulx', 'ULX CPU': 'GNR_B0', 'Product Chop': 'GNR', 'VVAR0': '0x4C4B40', 'VVAR1': 80064000, 'VVAR2': '0x1000000', 'VVAR3': '0x4000000', 'VVAR_EXTRA': None, 'Dragon Content Path': 'FS1:\\content\\Dragon\\7410_0x0E_PPV_MM\\GNR128C_H_1UP\\', 'Dragon Content Line': None, 'Stop on Fail': True, 'Merlin Name': 'MerlinX.efi', 'Merlin Drive': 'FS1:', 'Merlin Path': 'FS1:\\EFI\\Version8.15\\BinFiles\\Release', 'Linux Content Line 2': None, 'Linux Content Line 3': None, 'Linux Content Line 4': None, 'Linux Content Line 5': None, 'executed': True, 'execution status': 'COMPLETED_UNKNOWN', 'node name': 'Base', 'node type': 'AllFailFlowInstance', 'node id': 'NODE_002', 'execution timestamp': '2025-10-05T05:07:57.725910', 'start time': '2025-10-05T05:06:52.426618', 'end time': '2025-10-05T05:07:57.672051', 'duration seconds': 65, 'final result': 'CONFIG_PASSED', 'output port': False, 'total iterations': 4, 'pass count': False, 'fail count': 4, 'other count': False, 'pass rate percent': 0.0, 'test folder': '', 'summary file': '', 'config test type': 'Loops', 'config content': 'Dragon', 'config voltage type': 'ppvc', 'config configuration mask': 'FirstPass', 'config check core': 7, 'config type': 'Voltage', 'config domain': 'IA', 'config start': -0.03, 'config end': 0.06, 'config steps': 0.03, 'config loops': 5, 'result summary': 'Failing: 4 failures, no passes'}
    Data: {
  "Experiment": "Enabled",
  "Test Name": "Baseline",
  "Test Mode": "Mesh",
  "Test Type": "Loops",
  "Visual ID": "TestUnitData",
  "Bucket": "IDIPAR",
  "COM Port": 11,
  "IP Address": "192.168.0.2",
  "TTL Folder": "R:\\Templates\\GNR\\version_2_0\\TTL_DragonMesh",
  "Scripts File": null,
  "Post Process": null,
  "Pass String": "Test Complete",
  "Fail String": "Test Failed",
  "Content": "ContentType.DRAGON",
  "Test Number": 11,
  "Test Time": 30,
  "Reset": true,
  "Reset on PASS": true,
  "FastBoot": true,
  "Core License": "1: SSE/128",
  "600W Unit": false,
  "Pseudo Config": true,
  "Configuration (Mask)": "FirstPass",
  "Boot Breakpoint": null,
  "Disable 2 Cores": null,
  "Check Core": 7,
  "Voltage Type": "vbump",
  "Voltage IA": null,
  "Voltage CFC": null,
  "Frequency IA": null,
  "Frequency CFC": null,
  "Loops": 5,
  "Type": "Voltage",
  "Domain": "IA",
  "Start": -0.03,
  "End": 0.06,
  "Steps": 0.03,
  "ShmooFile": "C:\\SystemDebug\\Shmoos\\RVPShmooConfig.json",
  "ShmooLabel": "COREFIX",
  "Linux Pre Command": null,
  "Linux Post Command": null,
  "Linux Pass String": null,
  "Linux Fail String": null,
  "Startup Linux": null,
  "Linux Path": null,
  "Linux Content Wait Time": null,
  "Linux Content Line 0": null,
  "Linux Content Line 1": null,
  "Dragon Pre Command": null,
  "Dragon Post Command": null,
  "Startup Dragon": "startup_efi.nsh",
  "ULX Path": "FS1:\\EFI\\ulx",
  "ULX CPU": "GNR_B0",
  "Product Chop": "GNR",
  "VVAR0": "0x4C4B40",
  "VVAR1": 80064000,
  "VVAR2": "0x1000000",
  "VVAR3": "0x4000000",
  "VVAR_EXTRA": null,
  "Dragon Content Path": "FS1:\\content\\Dragon\\7410_0x0E_PPV_MM\\GNR128C_H_1UP\\",
  "Dragon Content Line": null,
  "Stop on Fail": true,
  "Merlin Name": "MerlinX.efi",
  "Merlin Drive": "FS1:",
  "Merlin Path": "FS1:\\EFI\\Version8.15\\BinFiles\\Release",
  "Linux Content Line 2": null,
  "Linux Content Line 3": null,
  "Linux Content Line 4": null,
  "Linux Content Line 5": null,
  "executed": true,
  "execution status": "COMPLETED_UNKNOWN",
  "node name": "Base",
  "node type": "AllFailFlowInstance",
  "node id": "NODE_002",
  "execution timestamp": "2025-10-05T05:07:57.725910",
  "start time": "2025-10-05T05:06:52.426618",
  "end time": "2025-10-05T05:07:57.672051",
  "duration seconds": 65,
  "final result": "CONFIG_PASSED",
  "output port": false,
  "total iterations": 4,
  "pass count": false,
  "fail count": 4,
  "other count": false,
  "pass rate percent": 0.0,
  "test folder": "",
  "summary file": "",
  "config test type": "Loops",
  "config content": "Dragon",
  "config voltage type": "ppvc",
  "config configuration mask": "FirstPass",
  "config check core": 7,
  "config type": "Voltage",
  "config domain": "IA",
  "config start": -0.03,
  "config end": 0.06,
  "config steps": 0.03,
  "config loops": 5,
  "result summary": "Failing: 4 failures, no passes"
}

[2025-10-05T05:27:44.522082] [SUCCESS] EXPERIMENT COMPLETE - Result: CONFIG_PASSED, Port: 0

[2025-10-05T05:27:44.711121] [INFO] Experiment data persisted to test section: Baseline

[2025-10-05T05:27:44.769691] [INFO] Node name: Base

[2025-10-05T05:27:44.823830] [TRACKER] TRACKER STATE SNAPSHOT

[2025-10-05T05:27:44.881285] [TRACKER] Tracker State: {'experiments_count': 2, 'current_experiment': {'node_name': 'Base', 'node_type': 'AllFailFlowInstance', 'iterations_count': 4}, 'flow_summary': {'total_nodes': 2, 'recovery_conditions': 0, 'failure_conditions': 1}}
    Data: {
  "experiments_count": 2,
  "current_experiment": {
    "node_name": "Base",
    "node_type": "AllFailFlowInstance",
    "iterations_count": 4
  },
  "flow_summary": {
    "total_nodes": 2,
    "recovery_conditions": 0,
    "failure_conditions": 1
  }
}

[2025-10-05T05:27:45.711819] [EXPERIMENT] EXPERIMENT START - Node: VoltageCFC (ID: NODE_006)

[2025-10-05T05:27:45.805962] [CONFIG] Experiment config saved to: debug_logs\experiment_config_NODE_006_20251005_052631.json

[2025-10-05T05:27:45.861287] [CONFIG] Key Config Parameters: {'Test Type': 'Sweep', 'Content': <ContentType.DRAGON: 'Dragon'>}
    Data: {
  "Test Type": "Sweep",
  "Content": "ContentType.DRAGON"
}

[2025-10-05T05:27:45.930495] [EXPERIMENT] Flow experiment started: VoltageCFC

[2025-10-05T05:27:53.821650] [TRACKER] ITERATION 0 - Status: FAIL

[2025-10-05T05:27:53.908417] [TRACKER]   Sweep Value: -0.04

[2025-10-05T05:27:53.964550] [TRACKER]   Config: {'voltage_cfc': -0.04}

[2025-10-05T05:28:04.095367] [TRACKER] ITERATION 0 - Status: FAIL

[2025-10-05T05:28:04.173319] [TRACKER]   Sweep Value: -0.02

[2025-10-05T05:28:04.232691] [TRACKER]   Config: {'voltage_cfc': -0.02}

[2025-10-05T05:28:14.913881] [TRACKER] ITERATION 0 - Status: FAIL

[2025-10-05T05:28:14.973766] [TRACKER]   Sweep Value: 0.0

[2025-10-05T05:28:15.025410] [TRACKER]   Config: {'voltage_cfc': 0.0}

[2025-10-05T05:28:25.858112] [TRACKER] ITERATION 0 - Status: FAIL

[2025-10-05T05:28:25.915622] [TRACKER]   Sweep Value: 0.02

[2025-10-05T05:28:26.008314] [TRACKER]   Config: {'voltage_cfc': 0.02}

[2025-10-05T05:28:36.072718] [TRACKER] ITERATION 0 - Status: FAIL

[2025-10-05T05:28:36.135172] [TRACKER]   Sweep Value: 0.04

[2025-10-05T05:28:36.194975] [TRACKER]   Config: {'voltage_cfc': 0.04}

[2025-10-05T05:28:47.223437] [TRACKER] ITERATION 0 - Status: FAIL

[2025-10-05T05:28:47.298231] [TRACKER]   Sweep Value: 0.06

[2025-10-05T05:28:47.367644] [TRACKER]   Config: {'voltage_cfc': 0.06}

[2025-10-05T05:28:58.566280] [TRACKER] ITERATION 0 - Status: FAIL

[2025-10-05T05:28:58.636516] [TRACKER]   Sweep Value: 0.08

[2025-10-05T05:28:58.685408] [TRACKER]   Config: {'voltage_cfc': 0.08}

[2025-10-05T05:29:09.120195] [TRACKER] ITERATION 0 - Status: FAIL

[2025-10-05T05:29:09.195263] [TRACKER]   Sweep Value: 0.1

[2025-10-05T05:29:09.251242] [TRACKER]   Config: {'voltage_cfc': 0.1}

[2025-10-05T05:29:10.672141] [SUCCESS] EXPERIMENT COMPLETE - Result: SOLID_REPRO, Port: 0

[2025-10-05T05:29:10.743282] [INFO] Test Folder: C:\SystemDebug\Logs\20251005_052746_T11_CFCVoltage

[2025-10-05T05:29:10.799049] [ANALYSIS] SWEEP ANALYSIS COMPLETE

[2025-10-05T05:29:10.856838] [ANALYSIS] Sweep Summary: {'sweep_type': 'voltage', 'sweep_domain': 'cfc', 'total_points': 8, 'failure_points': 8, 'pattern': 'no_sensitivity'}
    Data: {
  "sweep_type": "voltage",
  "sweep_domain": "cfc",
  "voltage_type": "vbump",
  "total_points": 8,
  "failure_points": 8,
  "pass_points": 0,
  "failure_values": [
    -0.04,
    -0.02,
    0.0,
    0.02,
    0.04,
    0.06,
    0.08,
    0.1
  ],
  "pass_values": [],
  "sensitivity_analysis": {
    "pattern": "no_sensitivity",
    "description": "Unit not sensitive to voltage cfc (vbump) - fails across entire range (no recovery condition)",
    "recommendation": "Unit fails across entire tested voltage range - no sensitivity threshold found",
    "voltage_type_context": "vbump",
    "failure_mode": "complete_failure_no_recovery"
  }
}

[2025-10-05T05:29:11.031185] [INFO] Experiment data persisted to test section: CFCVoltage

[2025-10-05T05:29:11.083564] [INFO] Node name: VoltageCFC

[2025-10-05T05:29:11.138006] [TRACKER] TRACKER STATE SNAPSHOT

[2025-10-05T05:29:11.192669] [TRACKER] Tracker State: {'experiments_count': 3, 'current_experiment': {'node_name': 'VoltageCFC', 'node_type': 'CharacterizationFlowInstance', 'iterations_count': 8}, 'flow_summary': {'total_nodes': 3, 'recovery_conditions': 0, 'failure_conditions': 1}}
    Data: {
  "experiments_count": 3,
  "current_experiment": {
    "node_name": "VoltageCFC",
    "node_type": "CharacterizationFlowInstance",
    "iterations_count": 8
  },
  "flow_summary": {
    "total_nodes": 3,
    "recovery_conditions": 0,
    "failure_conditions": 1
  }
}

[2025-10-05T05:29:12.551701] [EXPERIMENT] EXPERIMENT START - Node: FreqCFC (ID: NODE_007)

[2025-10-05T05:29:12.647486] [CONFIG] Experiment config saved to: debug_logs\experiment_config_NODE_007_20251005_052631.json

[2025-10-05T05:29:12.703933] [CONFIG] Key Config Parameters: {'Test Type': 'Sweep', 'Content': <ContentType.DRAGON: 'Dragon'>}
    Data: {
  "Test Type": "Sweep",
  "Content": "ContentType.DRAGON"
}

[2025-10-05T05:29:12.762133] [EXPERIMENT] Flow experiment started: FreqCFC

[2025-10-05T05:29:20.720292] [TRACKER] ITERATION 0 - Status: FAIL

[2025-10-05T05:29:20.784981] [TRACKER]   Sweep Value: 8

[2025-10-05T05:29:20.882247] [TRACKER]   Config: {'voltage_cfc': 0.1, 'frequency_cfc': 8}

[2025-10-05T05:29:31.998736] [TRACKER] ITERATION 0 - Status: FAIL

[2025-10-05T05:29:32.058379] [TRACKER]   Sweep Value: 12

[2025-10-05T05:29:32.116981] [TRACKER]   Config: {'voltage_cfc': 0.1, 'frequency_cfc': 12}

[2025-10-05T05:29:42.485900] [TRACKER] ITERATION 0 - Status: FAIL

[2025-10-05T05:29:42.549275] [TRACKER]   Sweep Value: 16

[2025-10-05T05:29:42.612669] [TRACKER]   Config: {'voltage_cfc': 0.1, 'frequency_cfc': 16}

[2025-10-05T05:29:53.110888] [TRACKER] ITERATION 0 - Status: FAIL

[2025-10-05T05:29:53.168090] [TRACKER]   Sweep Value: 20

[2025-10-05T05:29:53.217899] [TRACKER]   Config: {'voltage_cfc': 0.1, 'frequency_cfc': 20}

[2025-10-05T05:29:54.706146] [SUCCESS] EXPERIMENT COMPLETE - Result: SOLID_REPRO, Port: 0

[2025-10-05T05:29:54.762164] [INFO] Test Folder: C:\SystemDebug\Logs\20251005_052913_T11_CFCFrequency

[2025-10-05T05:29:54.818026] [ANALYSIS] SWEEP ANALYSIS COMPLETE

[2025-10-05T05:29:54.871707] [ANALYSIS] Sweep Summary: {'sweep_type': 'frequency', 'sweep_domain': 'cfc', 'total_points': 4, 'failure_points': 4, 'pattern': 'no_sensitivity'}
    Data: {
  "sweep_type": "frequency",
  "sweep_domain": "cfc",
  "voltage_type": "vbump",
  "total_points": 4,
  "failure_points": 4,
  "pass_points": 0,
  "failure_values": [
    8,
    12,
    16,
    20
  ],
  "pass_values": [],
  "sensitivity_analysis": {
    "pattern": "no_sensitivity",
    "description": "Unit not sensitive to frequency cfc (vbump) - fails across entire range (no recovery condition)",
    "recommendation": "Unit fails across entire tested frequency range - no sensitivity threshold found",
    "voltage_type_context": "vbump",
    "failure_mode": "complete_failure_no_recovery"
  }
}

[2025-10-05T05:29:55.059135] [INFO] Experiment data persisted to test section: CFCFrequency

[2025-10-05T05:29:55.110054] [INFO] Node name: FreqCFC

[2025-10-05T05:29:55.167118] [TRACKER] TRACKER STATE SNAPSHOT

[2025-10-05T05:29:55.215900] [TRACKER] Tracker State: {'experiments_count': 4, 'current_experiment': {'node_name': 'FreqCFC', 'node_type': 'CharacterizationFlowInstance', 'iterations_count': 4}, 'flow_summary': {'total_nodes': 4, 'recovery_conditions': 0, 'failure_conditions': 1}}
    Data: {
  "experiments_count": 4,
  "current_experiment": {
    "node_name": "FreqCFC",
    "node_type": "CharacterizationFlowInstance",
    "iterations_count": 4
  },
  "flow_summary": {
    "total_nodes": 4,
    "recovery_conditions": 0,
    "failure_conditions": 1
  }
}

[2025-10-05T05:29:56.631511] [EXPERIMENT] EXPERIMENT START - Node: VoltageIA (ID: NODE_008)

[2025-10-05T05:29:56.738441] [CONFIG] Experiment config saved to: debug_logs\experiment_config_NODE_008_20251005_052631.json

[2025-10-05T05:29:56.795156] [CONFIG] Key Config Parameters: {'Test Type': 'Sweep', 'Content': <ContentType.DRAGON: 'Dragon'>}
    Data: {
  "Test Type": "Sweep",
  "Content": "ContentType.DRAGON"
}

[2025-10-05T05:29:56.856806] [EXPERIMENT] Flow experiment started: VoltageIA

[2025-10-05T05:30:04.633252] [TRACKER] ITERATION 0 - Status: FAIL

[2025-10-05T05:30:04.693033] [TRACKER]   Sweep Value: 0.0

[2025-10-05T05:30:04.750273] [TRACKER]   Config: {'voltage_ia': 0.0, 'voltage_cfc': 0.1, 'frequency_cfc': 20}

[2025-10-05T05:30:16.276236] [TRACKER] ITERATION 0 - Status: FAIL

[2025-10-05T05:30:16.335412] [TRACKER]   Sweep Value: 0.02

[2025-10-05T05:30:16.389912] [TRACKER]   Config: {'voltage_ia': 0.02, 'voltage_cfc': 0.1, 'frequency_cfc': 20}

[2025-10-05T05:30:27.328121] [TRACKER] ITERATION 0 - Status: FAIL

[2025-10-05T05:30:27.386250] [TRACKER]   Sweep Value: 0.04

[2025-10-05T05:30:27.439762] [TRACKER]   Config: {'voltage_ia': 0.04, 'voltage_cfc': 0.1, 'frequency_cfc': 20}

[2025-10-05T05:30:37.829581] [TRACKER] ITERATION 0 - Status: PASS

[2025-10-05T05:30:37.892180] [TRACKER]   Sweep Value: 0.06

[2025-10-05T05:30:37.943349] [TRACKER]   Config: {'voltage_ia': 0.06, 'voltage_cfc': 0.1, 'frequency_cfc': 20}

[2025-10-05T05:30:49.496100] [TRACKER] ITERATION 0 - Status: FAIL

[2025-10-05T05:30:49.563543] [TRACKER]   Sweep Value: 0.08

[2025-10-05T05:30:49.617846] [TRACKER]   Config: {'voltage_ia': 0.08, 'voltage_cfc': 0.1, 'frequency_cfc': 20}

[2025-10-05T05:31:00.287709] [TRACKER] ITERATION 0 - Status: FAIL

[2025-10-05T05:31:00.347989] [TRACKER]   Sweep Value: 0.1

[2025-10-05T05:31:00.414481] [TRACKER]   Config: {'voltage_ia': 0.1, 'voltage_cfc': 0.1, 'frequency_cfc': 20}

[2025-10-05T05:31:01.789401] [SUCCESS] EXPERIMENT COMPLETE - Result: MOSTLY_FAILING, Port: 0

[2025-10-05T05:31:01.848133] [INFO] Test Folder: C:\SystemDebug\Logs\20251005_052957_T11_CoreVoltage

[2025-10-05T05:31:01.918002] [ANALYSIS] SWEEP ANALYSIS COMPLETE

[2025-10-05T05:31:01.968647] [ANALYSIS] Sweep Summary: {'sweep_type': 'voltage', 'sweep_domain': 'ia', 'total_points': 6, 'failure_points': 5, 'pattern': 'mixed_sensitivity'}
    Data: {
  "sweep_type": "voltage",
  "sweep_domain": "ia",
  "voltage_type": "vbump",
  "total_points": 6,
  "failure_points": 5,
  "pass_points": 1,
  "failure_values": [
    0.0,
    0.02,
    0.04,
    0.08,
    0.1
  ],
  "pass_values": [
    0.06
  ],
  "sensitivity_analysis": {
    "pattern": "mixed_sensitivity",
    "description": "Unit has mixed sensitivity pattern for voltage ia (vbump)",
    "failure_range": [
      0.0,
      0.1
    ],
    "pass_range": [
      0.06,
      0.06
    ],
    "safe_values": [
      0.06
    ],
    "voltage_type_context": "vbump",
    "recommendation": "Avoid failure values, use passing values for recovery (vbump specific to tested domain)"
  }
}

[2025-10-05T05:31:02.179253] [INFO] Experiment data persisted to test section: CoreVoltage

[2025-10-05T05:31:02.251269] [INFO] Node name: VoltageIA

[2025-10-05T05:31:02.308888] [TRACKER] TRACKER STATE SNAPSHOT

[2025-10-05T05:31:02.374368] [TRACKER] Tracker State: {'experiments_count': 5, 'current_experiment': {'node_name': 'VoltageIA', 'node_type': 'CharacterizationFlowInstance', 'iterations_count': 6}, 'flow_summary': {'total_nodes': 5, 'recovery_conditions': 0, 'failure_conditions': 1}}
    Data: {
  "experiments_count": 5,
  "current_experiment": {
    "node_name": "VoltageIA",
    "node_type": "CharacterizationFlowInstance",
    "iterations_count": 6
  },
  "flow_summary": {
    "total_nodes": 5,
    "recovery_conditions": 0,
    "failure_conditions": 1
  }
}

[2025-10-05T05:31:04.086625] [EXPERIMENT] EXPERIMENT START - Node: FreqIA (ID: NODE_009)

[2025-10-05T05:31:04.189406] [CONFIG] Experiment config saved to: debug_logs\experiment_config_NODE_009_20251005_052631.json

[2025-10-05T05:31:04.245119] [CONFIG] Key Config Parameters: {'Test Type': 'Sweep', 'Content': <ContentType.DRAGON: 'Dragon'>}
    Data: {
  "Test Type": "Sweep",
  "Content": "ContentType.DRAGON"
}

[2025-10-05T05:31:04.302331] [EXPERIMENT] Flow experiment started: FreqIA

[2025-10-05T05:31:12.953580] [TRACKER] ITERATION 0 - Status: FAIL

[2025-10-05T05:31:13.015171] [TRACKER]   Sweep Value: 8

[2025-10-05T05:31:13.079649] [TRACKER]   Config: {'voltage_ia': 0.1, 'voltage_cfc': 0.1, 'frequency_ia': 8, 'frequency_cfc': 20}

[2025-10-05T05:31:25.574895] [TRACKER] ITERATION 0 - Status: FAIL

[2025-10-05T05:31:25.641997] [TRACKER]   Sweep Value: 12

[2025-10-05T05:31:25.696004] [TRACKER]   Config: {'voltage_ia': 0.1, 'voltage_cfc': 0.1, 'frequency_ia': 12, 'frequency_cfc': 20}

[2025-10-05T05:31:36.753193] [TRACKER] ITERATION 0 - Status: FAIL

[2025-10-05T05:31:36.815710] [TRACKER]   Sweep Value: 16

[2025-10-05T05:31:36.871897] [TRACKER]   Config: {'voltage_ia': 0.1, 'voltage_cfc': 0.1, 'frequency_ia': 16, 'frequency_cfc': 20}

[2025-10-05T05:31:47.841546] [TRACKER] ITERATION 0 - Status: FAIL

[2025-10-05T05:31:47.898730] [TRACKER]   Sweep Value: 20

[2025-10-05T05:31:47.950283] [TRACKER]   Config: {'voltage_ia': 0.1, 'voltage_cfc': 0.1, 'frequency_ia': 20, 'frequency_cfc': 20}

[2025-10-05T05:31:59.098438] [TRACKER] ITERATION 0 - Status: FAIL

[2025-10-05T05:31:59.163675] [TRACKER]   Sweep Value: 24

[2025-10-05T05:31:59.222030] [TRACKER]   Config: {'voltage_ia': 0.1, 'voltage_cfc': 0.1, 'frequency_ia': 24, 'frequency_cfc': 20}

[2025-10-05T05:32:09.900295] [TRACKER] ITERATION 0 - Status: FAIL

[2025-10-05T05:32:09.972286] [TRACKER]   Sweep Value: 28

[2025-10-05T05:32:10.033933] [TRACKER]   Config: {'voltage_ia': 0.1, 'voltage_cfc': 0.1, 'frequency_ia': 28, 'frequency_cfc': 20}

[2025-10-05T05:32:11.386516] [SUCCESS] EXPERIMENT COMPLETE - Result: SOLID_REPRO, Port: 0

[2025-10-05T05:32:11.451466] [INFO] Test Folder: C:\SystemDebug\Logs\20251005_053104_T11_CoreFrequency

[2025-10-05T05:32:11.504938] [ANALYSIS] SWEEP ANALYSIS COMPLETE

[2025-10-05T05:32:11.574501] [ANALYSIS] Sweep Summary: {'sweep_type': 'frequency', 'sweep_domain': 'ia', 'total_points': 6, 'failure_points': 6, 'pattern': 'no_sensitivity'}
    Data: {
  "sweep_type": "frequency",
  "sweep_domain": "ia",
  "voltage_type": "ppvc",
  "total_points": 6,
  "failure_points": 6,
  "pass_points": 0,
  "failure_values": [
    8,
    12,
    16,
    20,
    24,
    28
  ],
  "pass_values": [],
  "sensitivity_analysis": {
    "pattern": "no_sensitivity",
    "description": "Unit not sensitive to frequency ia (ppvc) - fails across entire range (no recovery condition)",
    "recommendation": "Unit fails across entire tested frequency range - no sensitivity threshold found",
    "voltage_type_context": "ppvc",
    "failure_mode": "complete_failure_no_recovery"
  }
}

[2025-10-05T05:32:11.794258] [INFO] Experiment data persisted to test section: CoreFrequency

[2025-10-05T05:32:11.854250] [INFO] Node name: FreqIA

[2025-10-05T05:32:11.923872] [TRACKER] TRACKER STATE SNAPSHOT

[2025-10-05T05:32:11.991405] [TRACKER] Tracker State: {'experiments_count': 6, 'current_experiment': {'node_name': 'FreqIA', 'node_type': 'CharacterizationFlowInstance', 'iterations_count': 6}, 'flow_summary': {'total_nodes': 6, 'recovery_conditions': 0, 'failure_conditions': 1}}
    Data: {
  "experiments_count": 6,
  "current_experiment": {
    "node_name": "FreqIA",
    "node_type": "CharacterizationFlowInstance",
    "iterations_count": 6
  },
  "flow_summary": {
    "total_nodes": 6,
    "recovery_conditions": 0,
    "failure_conditions": 1
  }
}

[2025-10-05T05:32:12.625481] [ANALYSIS] Starting comprehensive analysis

[2025-10-05T05:32:12.705959] [ANALYSIS] COMPREHENSIVE ANALYSIS COMPLETE

[2025-10-05T05:32:12.757951] [ANALYSIS] Analysis Summary: {'total_experiments': 6, 'valid_experiments': 6, 'voltage_experiments': 2, 'frequency_experiments': 2, 'recovery_conditions': 0, 'failure_conditions': 1}
    Data: {
  "total_experiments": 6,
  "valid_experiments": 6,
  "voltage_experiments": 2,
  "frequency_experiments": 2,
  "recovery_conditions": 0,
  "failure_conditions": 1
}

[2025-10-05T05:32:12.975364] [INFO] Comprehensive analysis saved to: debug_logs\comprehensive_analysis_20251005_052631.json

[2025-10-05T05:32:13.683572] [SUCCESS] EXPERIMENT COMPLETE - Result: ANALYSIS_COMPLETE, Port: 0

[2025-10-05T05:32:13.740210] [ANALYSIS] SWEEP ANALYSIS COMPLETE

[2025-10-05T05:32:13.810857] [ANALYSIS] Sweep Summary: {'sweep_type': 'frequency', 'sweep_domain': 'ia', 'total_points': 6, 'failure_points': 6, 'pattern': 'no_sensitivity'}
    Data: {
  "sweep_type": "frequency",
  "sweep_domain": "ia",
  "voltage_type": "ppvc",
  "total_points": 6,
  "failure_points": 6,
  "pass_points": 0,
  "failure_values": [
    8,
    12,
    16,
    20,
    24,
    28
  ],
  "pass_values": [],
  "sensitivity_analysis": {
    "pattern": "no_sensitivity",
    "description": "Unit not sensitive to frequency ia (ppvc) - fails across entire range (no recovery condition)",
    "recommendation": "Unit fails across entire tested frequency range - no sensitivity threshold found",
    "voltage_type_context": "ppvc",
    "failure_mode": "complete_failure_no_recovery"
  }
}

[2025-10-05T05:32:13.974566] [INFO] Experiment data persisted to test section: CoreFrequency

[2025-10-05T05:32:14.032902] [INFO] Node name: FreqIA

[2025-10-05T05:32:14.085798] [TRACKER] TRACKER STATE SNAPSHOT

[2025-10-05T05:32:14.148808] [TRACKER] Tracker State: {'experiments_count': 7, 'current_experiment': {'node_name': 'FreqIA', 'node_type': 'CharacterizationFlowInstance', 'iterations_count': 6}, 'flow_summary': {'total_nodes': 7, 'recovery_conditions': 0, 'failure_conditions': 1}}
    Data: {
  "experiments_count": 7,
  "current_experiment": {
    "node_name": "FreqIA",
    "node_type": "CharacterizationFlowInstance",
    "iterations_count": 6
  },
  "flow_summary": {
    "total_nodes": 7,
    "recovery_conditions": 0,
    "failure_conditions": 1
  }
}

