=== EXPERIMENT TRACKER DEBUG SESSION STARTED ===
Session ID: 20251005_080657
Start Time: 2025-10-05T08:06:57.515707
============================================================

[2025-10-05T08:06:57.537801] [TRACKER] ExperimentTracker initialized

[2025-10-05T08:07:01.125838] [EXPERIMENT] EXPERIMENT START - Node: Base (ID: NODE_002)

[2025-10-05T08:07:01.220664] [CONFIG] Experiment config saved to: debug_logs\experiment_config_NODE_002_20251005_080657.json

[2025-10-05T08:07:01.270068] [CONFIG] Key Config Parameters: {'Test Type': 'Loops', 'Content': 'Dragon'}
    Data: {
  "Test Type": "Loops",
  "Content": "Dragon"
}

[2025-10-05T08:07:01.319002] [EXPERIMENT] Flow experiment started: Base

[2025-10-05T08:07:09.192495] [TRACKER] ITERATION 0 - Status: FAIL

[2025-10-05T08:07:26.373030] [TRACKER] ITERATION 0 - Status: FAIL

[2025-10-05T08:07:44.057404] [TRACKER] ITERATION 0 - Status: FAIL

[2025-10-05T08:08:01.822660] [TRACKER] ITERATION 0 - Status: FAIL

[2025-10-05T08:08:03.393909] [SUCCESS] EXPERIMENT COMPLETE - Result: SOLID_REPRO, Port: 1

[2025-10-05T08:08:03.442319] [INFO] Test Folder: C:\SystemDebug\Logs\20251005_080701_T11_Baseline

[2025-10-05T08:08:03.631776] [INFO] Experiment data persisted to test section: Baseline

[2025-10-05T08:08:03.679343] [INFO] Node name: Base

[2025-10-05T08:08:03.778658] [TRACKER] TRACKER STATE SNAPSHOT

[2025-10-05T08:08:03.834836] [TRACKER] Tracker State: {'experiments_count': 1, 'current_experiment': {'node_name': 'Base', 'node_type': 'AllFailFlowInstance', 'iterations_count': 4}, 'flow_summary': {'total_nodes': 1, 'recovery_conditions': 0, 'failure_conditions': 1}}
    Data: {
  "experiments_count": 1,
  "current_experiment": {
    "node_name": "Base",
    "node_type": "AllFailFlowInstance",
    "iterations_count": 4
  },
  "flow_summary": {
    "total_nodes": 1,
    "recovery_conditions": 0,
    "failure_conditions": 1
  }
}

[2025-10-05T08:08:03.979461] [ANALYSIS] Getting adaptive analysis data for: AllFailFlowInstance

[2025-10-05T08:08:04.063487] [ANALYSIS] ADAPTIVE ANALYSIS

[2025-10-05T08:08:04.117472] [ANALYSIS] Source: Base (Port: 1)

[2025-10-05T08:08:04.169371] [ANALYSIS] Recovery Potential: low

[2025-10-05T08:08:04.223145] [ANALYSIS] Recommended Config: {'Experiment': 'Enabled', 'Test Name': 'Baseline', 'Test Mode': 'Mesh', 'Test Type': 'Loops', 'Visual ID': 'TestUnitData', 'Bucket': 'IDIPAR', 'COM Port': 11, 'IP Address': '192.168.0.2', 'TTL Folder': 'R:\\Templates\\GNR\\version_2_0\\TTL_DragonMesh', 'Scripts File': None, 'Post Process': None, 'Pass String': 'Test Complete', 'Fail String': 'Test Failed', 'Content': <ContentType.DRAGON: 'Dragon'>, 'Test Number': 11, 'Test Time': 30, 'Reset': True, 'Reset on PASS': True, 'FastBoot': True, 'Core License': '1: SSE/128', '600W Unit': False, 'Pseudo Config': True, 'Configuration (Mask)': 'FirstPass', 'Boot Breakpoint': None, 'Disable 2 Cores': None, 'Check Core': 7, 'Voltage Type': 'vbump', 'Voltage IA': None, 'Voltage CFC': None, 'Frequency IA': None, 'Frequency CFC': None, 'Loops': 5, 'Type': 'Voltage', 'Domain': 'IA', 'Start': -0.03, 'End': 0.06, 'Steps': 0.03, 'ShmooFile': 'C:\\SystemDebug\\Shmoos\\RVPShmooConfig.json', 'ShmooLabel': 'COREFIX', 'Linux Pre Command': None, 'Linux Post Command': None, 'Linux Pass String': None, 'Linux Fail String': None, 'Startup Linux': None, 'Linux Path': None, 'Linux Content Wait Time': None, 'Linux Content Line 0': None, 'Linux Content Line 1': None, 'Dragon Pre Command': None, 'Dragon Post Command': None, 'Startup Dragon': 'startup_efi.nsh', 'ULX Path': 'FS1:\\EFI\\ulx', 'ULX CPU': 'GNR_B0', 'Product Chop': 'GNR', 'VVAR0': '0x4C4B40', 'VVAR1': 80064000, 'VVAR2': '0x1000000', 'VVAR3': '0x4000000', 'VVAR_EXTRA': None, 'Dragon Content Path': 'FS1:\\content\\Dragon\\7410_0x0E_PPV_MM\\GNR128C_H_1UP\\', 'Dragon Content Line': None, 'Stop on Fail': True, 'Merlin Name': 'MerlinX.efi', 'Merlin Drive': 'FS1:', 'Merlin Path': 'FS1:\\EFI\\Version8.15\\BinFiles\\Release', 'Linux Content Line 2': None, 'Linux Content Line 3': None, 'Linux Content Line 4': None, 'Linux Content Line 5': None, 'executed': True, 'execution status': 'COMPLETED_UNKNOWN', 'node name': 'ExtendedDragon', 'node type': 'AllFailFlowInstance', 'node id': 'NODE_010', 'execution timestamp': '2025-10-05T07:40:50.760298', 'start time': '2025-10-05T07:40:04.483417', 'end time': '2025-10-05T07:40:50.697401', 'duration seconds': 46, 'final result': 'CONFIG_PASSED', 'output port': False, 'total iterations': 3, 'pass count': False, 'fail count': 3, 'other count': False, 'pass rate percent': 0.0, 'test folder': '', 'summary file': '', 'config test type': 'Loops', 'config content': 'Dragon', 'config voltage type': 'vbump', 'config configuration mask': 'FirstPass', 'config check core': 7, 'config type': 'Voltage', 'config domain': 'IA', 'config start': -0.03, 'config end': 0.06, 'config steps': 0.03, 'config loops': 5, 'result summary': 'Failing: 3 failures, no passes'}
    Data: {
  "Experiment": "Enabled",
  "Test Name": "Baseline",
  "Test Mode": "Mesh",
  "Test Type": "Loops",
  "Visual ID": "TestUnitData",
  "Bucket": "IDIPAR",
  "COM Port": 11,
  "IP Address": "192.168.0.2",
  "TTL Folder": "R:\\Templates\\GNR\\version_2_0\\TTL_DragonMesh",
  "Scripts File": null,
  "Post Process": null,
  "Pass String": "Test Complete",
  "Fail String": "Test Failed",
  "Content": "ContentType.DRAGON",
  "Test Number": 11,
  "Test Time": 30,
  "Reset": true,
  "Reset on PASS": true,
  "FastBoot": true,
  "Core License": "1: SSE/128",
  "600W Unit": false,
  "Pseudo Config": true,
  "Configuration (Mask)": "FirstPass",
  "Boot Breakpoint": null,
  "Disable 2 Cores": null,
  "Check Core": 7,
  "Voltage Type": "vbump",
  "Voltage IA": null,
  "Voltage CFC": null,
  "Frequency IA": null,
  "Frequency CFC": null,
  "Loops": 5,
  "Type": "Voltage",
  "Domain": "IA",
  "Start": -0.03,
  "End": 0.06,
  "Steps": 0.03,
  "ShmooFile": "C:\\SystemDebug\\Shmoos\\RVPShmooConfig.json",
  "ShmooLabel": "COREFIX",
  "Linux Pre Command": null,
  "Linux Post Command": null,
  "Linux Pass String": null,
  "Linux Fail String": null,
  "Startup Linux": null,
  "Linux Path": null,
  "Linux Content Wait Time": null,
  "Linux Content Line 0": null,
  "Linux Content Line 1": null,
  "Dragon Pre Command": null,
  "Dragon Post Command": null,
  "Startup Dragon": "startup_efi.nsh",
  "ULX Path": "FS1:\\EFI\\ulx",
  "ULX CPU": "GNR_B0",
  "Product Chop": "GNR",
  "VVAR0": "0x4C4B40",
  "VVAR1": 80064000,
  "VVAR2": "0x1000000",
  "VVAR3": "0x4000000",
  "VVAR_EXTRA": null,
  "Dragon Content Path": "FS1:\\content\\Dragon\\7410_0x0E_PPV_MM\\GNR128C_H_1UP\\",
  "Dragon Content Line": null,
  "Stop on Fail": true,
  "Merlin Name": "MerlinX.efi",
  "Merlin Drive": "FS1:",
  "Merlin Path": "FS1:\\EFI\\Version8.15\\BinFiles\\Release",
  "Linux Content Line 2": null,
  "Linux Content Line 3": null,
  "Linux Content Line 4": null,
  "Linux Content Line 5": null,
  "executed": true,
  "execution status": "COMPLETED_UNKNOWN",
  "node name": "ExtendedDragon",
  "node type": "AllFailFlowInstance",
  "node id": "NODE_010",
  "execution timestamp": "2025-10-05T07:40:50.760298",
  "start time": "2025-10-05T07:40:04.483417",
  "end time": "2025-10-05T07:40:50.697401",
  "duration seconds": 46,
  "final result": "CONFIG_PASSED",
  "output port": false,
  "total iterations": 3,
  "pass count": false,
  "fail count": 3,
  "other count": false,
  "pass rate percent": 0.0,
  "test folder": "",
  "summary file": "",
  "config test type": "Loops",
  "config content": "Dragon",
  "config voltage type": "vbump",
  "config configuration mask": "FirstPass",
  "config check core": 7,
  "config type": "Voltage",
  "config domain": "IA",
  "config start": -0.03,
  "config end": 0.06,
  "config steps": 0.03,
  "config loops": 5,
  "result summary": "Failing: 3 failures, no passes"
}

[2025-10-05T08:08:04.430346] [SUCCESS] EXPERIMENT COMPLETE - Result: CONFIG_PASSED, Port: 0

[2025-10-05T08:08:04.614556] [INFO] Experiment data persisted to test section: Baseline

[2025-10-05T08:08:04.673245] [INFO] Node name: Base

[2025-10-05T08:08:04.729714] [TRACKER] TRACKER STATE SNAPSHOT

[2025-10-05T08:08:04.786902] [TRACKER] Tracker State: {'experiments_count': 2, 'current_experiment': {'node_name': 'Base', 'node_type': 'AllFailFlowInstance', 'iterations_count': 4}, 'flow_summary': {'total_nodes': 2, 'recovery_conditions': 0, 'failure_conditions': 1}}
    Data: {
  "experiments_count": 2,
  "current_experiment": {
    "node_name": "Base",
    "node_type": "AllFailFlowInstance",
    "iterations_count": 4
  },
  "flow_summary": {
    "total_nodes": 2,
    "recovery_conditions": 0,
    "failure_conditions": 1
  }
}

[2025-10-05T08:08:05.749266] [EXPERIMENT] EXPERIMENT START - Node: VoltageCFC (ID: NODE_006)

[2025-10-05T08:08:05.850679] [CONFIG] Experiment config saved to: debug_logs\experiment_config_NODE_006_20251005_080657.json

[2025-10-05T08:08:05.904847] [CONFIG] Key Config Parameters: {'Test Type': 'Sweep', 'Content': 'Dragon'}
    Data: {
  "Test Type": "Sweep",
  "Content": "Dragon"
}

[2025-10-05T08:08:05.962064] [EXPERIMENT] Flow experiment started: VoltageCFC

[2025-10-05T08:08:13.922986] [TRACKER] ITERATION 0 - Status: FAIL

[2025-10-05T08:08:13.978355] [TRACKER]   Sweep Value: -0.04

[2025-10-05T08:08:14.030628] [TRACKER]   Config: {'voltage_cfc': -0.04}

[2025-10-05T08:08:24.668315] [TRACKER] ITERATION 0 - Status: FAIL

[2025-10-05T08:08:24.726654] [TRACKER]   Sweep Value: -0.02

[2025-10-05T08:08:24.782870] [TRACKER]   Config: {'voltage_cfc': -0.02}

[2025-10-05T08:08:35.647444] [TRACKER] ITERATION 0 - Status: FAIL

[2025-10-05T08:08:35.744971] [TRACKER]   Sweep Value: 0.0

[2025-10-05T08:08:35.796481] [TRACKER]   Config: {'voltage_cfc': 0.0}

[2025-10-05T08:08:46.442899] [TRACKER] ITERATION 0 - Status: FAIL

[2025-10-05T08:08:46.506178] [TRACKER]   Sweep Value: 0.02

[2025-10-05T08:08:46.561100] [TRACKER]   Config: {'voltage_cfc': 0.02}

[2025-10-05T08:08:57.672593] [TRACKER] ITERATION 0 - Status: FAIL

[2025-10-05T08:08:57.736077] [TRACKER]   Sweep Value: 0.04

[2025-10-05T08:08:57.797423] [TRACKER]   Config: {'voltage_cfc': 0.04}

[2025-10-05T08:09:08.631770] [TRACKER] ITERATION 0 - Status: FAIL

[2025-10-05T08:09:08.692529] [TRACKER]   Sweep Value: 0.06

[2025-10-05T08:09:08.752889] [TRACKER]   Config: {'voltage_cfc': 0.06}

[2025-10-05T08:09:19.475940] [TRACKER] ITERATION 0 - Status: FAIL

[2025-10-05T08:09:19.533215] [TRACKER]   Sweep Value: 0.08

[2025-10-05T08:09:19.584215] [TRACKER]   Config: {'voltage_cfc': 0.08}

[2025-10-05T08:09:30.497222] [TRACKER] ITERATION 0 - Status: FAIL

[2025-10-05T08:09:30.550814] [TRACKER]   Sweep Value: 0.1

[2025-10-05T08:09:30.599044] [TRACKER]   Config: {'voltage_cfc': 0.1}

[2025-10-05T08:09:32.013224] [SUCCESS] EXPERIMENT COMPLETE - Result: SOLID_REPRO, Port: 0

[2025-10-05T08:09:32.077230] [INFO] Test Folder: C:\SystemDebug\Logs\20251005_080806_T11_CFCVoltage

[2025-10-05T08:09:32.146105] [ANALYSIS] SWEEP ANALYSIS COMPLETE

[2025-10-05T08:09:32.206490] [ANALYSIS] Sweep Summary: {'sweep_type': 'voltage', 'sweep_domain': 'cfc', 'total_points': 8, 'failure_points': 8, 'pattern': 'no_sensitivity'}
    Data: {
  "sweep_type": "voltage",
  "sweep_domain": "cfc",
  "voltage_type": "vbump",
  "total_points": 8,
  "failure_points": 8,
  "pass_points": 0,
  "failure_values": [
    -0.04,
    -0.02,
    0.0,
    0.02,
    0.04,
    0.06,
    0.08,
    0.1
  ],
  "pass_values": [],
  "sensitivity_analysis": {
    "pattern": "no_sensitivity",
    "description": "Unit not sensitive to voltage cfc (vbump) - fails across entire range (no recovery condition)",
    "recommendation": "Unit fails across entire tested voltage range - no sensitivity threshold found",
    "voltage_type_context": "vbump",
    "failure_mode": "complete_failure_no_recovery"
  }
}

[2025-10-05T08:09:32.423180] [INFO] Experiment data persisted to test section: CFCVoltage

[2025-10-05T08:09:32.481219] [INFO] Node name: VoltageCFC

[2025-10-05T08:09:32.533328] [TRACKER] TRACKER STATE SNAPSHOT

[2025-10-05T08:09:32.592766] [TRACKER] Tracker State: {'experiments_count': 3, 'current_experiment': {'node_name': 'VoltageCFC', 'node_type': 'CharacterizationFlowInstance', 'iterations_count': 8}, 'flow_summary': {'total_nodes': 3, 'recovery_conditions': 0, 'failure_conditions': 1}}
    Data: {
  "experiments_count": 3,
  "current_experiment": {
    "node_name": "VoltageCFC",
    "node_type": "CharacterizationFlowInstance",
    "iterations_count": 8
  },
  "flow_summary": {
    "total_nodes": 3,
    "recovery_conditions": 0,
    "failure_conditions": 1
  }
}

[2025-10-05T08:09:34.424497] [EXPERIMENT] EXPERIMENT START - Node: FreqCFC (ID: NODE_007)

[2025-10-05T08:09:34.533452] [CONFIG] Experiment config saved to: debug_logs\experiment_config_NODE_007_20251005_080657.json

[2025-10-05T08:09:34.586988] [CONFIG] Key Config Parameters: {'Test Type': 'Sweep', 'Content': 'Dragon'}
    Data: {
  "Test Type": "Sweep",
  "Content": "Dragon"
}

[2025-10-05T08:09:34.640480] [EXPERIMENT] Flow experiment started: FreqCFC

