=== EXPERIMENT TRACKER DEBUG SESSION STARTED ===
Session ID: 20251005_055004
Start Time: 2025-10-05T05:50:04.575100
============================================================

[2025-10-05T05:50:04.598574] [TRACKER] ExperimentTracker initialized

[2025-10-05T05:50:06.951647] [EXPERIMENT] EXPERIMENT START - Node: Base (ID: NODE_002)

[2025-10-05T05:50:07.045149] [CONFIG] Experiment config saved to: debug_logs\experiment_config_NODE_002_20251005_055004.json

[2025-10-05T05:50:07.089242] [CONFIG] Key Config Parameters: {'Test Type': 'Loops', 'Content': 'Dragon'}
    Data: {
  "Test Type": "Loops",
  "Content": "Dragon"
}

[2025-10-05T05:50:07.136444] [EXPERIMENT] Flow experiment started: Base

[2025-10-05T05:50:15.600140] [TRACKER] ITERATION 0 - Status: FAIL

[2025-10-05T05:50:33.798822] [TRACKER] ITERATION 0 - Status: FAIL

[2025-10-05T05:50:51.666364] [TRACKER] ITERATION 0 - Status: FAIL

[2025-10-05T05:50:53.204292] [SUCCESS] EXPERIMENT COMPLETE - Result: SOLID_REPRO, Port: 1

[2025-10-05T05:50:53.251927] [INFO] Test Folder: C:\SystemDebug\Logs\20251005_055007_T11_Baseline

[2025-10-05T05:50:53.427253] [INFO] Experiment data persisted to test section: Baseline

[2025-10-05T05:50:53.476263] [INFO] Node name: Base

[2025-10-05T05:50:53.522333] [TRACKER] TRACKER STATE SNAPSHOT

[2025-10-05T05:50:53.577986] [TRACKER] Tracker State: {'experiments_count': 1, 'current_experiment': {'node_name': 'Base', 'node_type': 'AllFailFlowInstance', 'iterations_count': 3}, 'flow_summary': {'total_nodes': 1, 'recovery_conditions': 0, 'failure_conditions': 1}}
    Data: {
  "experiments_count": 1,
  "current_experiment": {
    "node_name": "Base",
    "node_type": "AllFailFlowInstance",
    "iterations_count": 3
  },
  "flow_summary": {
    "total_nodes": 1,
    "recovery_conditions": 0,
    "failure_conditions": 1
  }
}

[2025-10-05T05:50:53.884997] [ANALYSIS] Getting adaptive analysis data for: AllFailFlowInstance

[2025-10-05T05:50:53.995818] [ANALYSIS] ADAPTIVE ANALYSIS

[2025-10-05T05:50:54.043554] [ANALYSIS] Source: Base (Port: 1)

[2025-10-05T05:50:54.094143] [ANALYSIS] Recovery Potential: low

[2025-10-05T05:50:54.145618] [ANALYSIS] Recommended Config: {'Experiment': 'Enabled', 'Test Name': 'Baseline', 'Test Mode': 'Mesh', 'Test Type': 'Loops', 'Visual ID': 'TestUnitData', 'Bucket': 'IDIPAR', 'COM Port': 11, 'IP Address': '192.168.0.2', 'TTL Folder': 'R:\\Templates\\GNR\\version_2_0\\TTL_DragonMesh', 'Scripts File': None, 'Post Process': None, 'Pass String': 'Test Complete', 'Fail String': 'Test Failed', 'Content': <ContentType.DRAGON: 'Dragon'>, 'Test Number': 11, 'Test Time': 30, 'Reset': True, 'Reset on PASS': True, 'FastBoot': True, 'Core License': '1: SSE/128', '600W Unit': False, 'Pseudo Config': True, 'Configuration (Mask)': 'FirstPass', 'Boot Breakpoint': None, 'Disable 2 Cores': None, 'Check Core': 7, 'Voltage Type': 'vbump', 'Voltage IA': None, 'Voltage CFC': None, 'Frequency IA': None, 'Frequency CFC': None, 'Loops': 5, 'Type': 'Voltage', 'Domain': 'IA', 'Start': -0.03, 'End': 0.06, 'Steps': 0.03, 'ShmooFile': 'C:\\SystemDebug\\Shmoos\\RVPShmooConfig.json', 'ShmooLabel': 'COREFIX', 'Linux Pre Command': None, 'Linux Post Command': None, 'Linux Pass String': None, 'Linux Fail String': None, 'Startup Linux': None, 'Linux Path': None, 'Linux Content Wait Time': None, 'Linux Content Line 0': None, 'Linux Content Line 1': None, 'Dragon Pre Command': None, 'Dragon Post Command': None, 'Startup Dragon': 'startup_efi.nsh', 'ULX Path': 'FS1:\\EFI\\ulx', 'ULX CPU': 'GNR_B0', 'Product Chop': 'GNR', 'VVAR0': '0x4C4B40', 'VVAR1': 80064000, 'VVAR2': '0x1000000', 'VVAR3': '0x4000000', 'VVAR_EXTRA': None, 'Dragon Content Path': 'FS1:\\content\\Dragon\\7410_0x0E_PPV_MM\\GNR128C_H_1UP\\', 'Dragon Content Line': None, 'Stop on Fail': True, 'Merlin Name': 'MerlinX.efi', 'Merlin Drive': 'FS1:', 'Merlin Path': 'FS1:\\EFI\\Version8.15\\BinFiles\\Release', 'Linux Content Line 2': None, 'Linux Content Line 3': None, 'Linux Content Line 4': None, 'Linux Content Line 5': None, 'executed': True, 'execution status': 'COMPLETED_UNKNOWN', 'node name': 'Base', 'node type': 'AllFailFlowInstance', 'node id': 'NODE_002', 'execution timestamp': '2025-10-05T05:27:44.643567', 'start time': '2025-10-05T05:26:40.959272', 'end time': '2025-10-05T05:27:44.569661', 'duration seconds': 63, 'final result': 'CONFIG_PASSED', 'output port': False, 'total iterations': 4, 'pass count': False, 'fail count': 4, 'other count': False, 'pass rate percent': 0.0, 'test folder': '', 'summary file': '', 'config test type': 'Loops', 'config content': 'Dragon', 'config voltage type': 'ppvc', 'config configuration mask': 'FirstPass', 'config check core': 7, 'config type': 'Voltage', 'config domain': 'IA', 'config start': -0.03, 'config end': 0.06, 'config steps': 0.03, 'config loops': 5, 'result summary': 'Failing: 4 failures, no passes'}
    Data: {
  "Experiment": "Enabled",
  "Test Name": "Baseline",
  "Test Mode": "Mesh",
  "Test Type": "Loops",
  "Visual ID": "TestUnitData",
  "Bucket": "IDIPAR",
  "COM Port": 11,
  "IP Address": "192.168.0.2",
  "TTL Folder": "R:\\Templates\\GNR\\version_2_0\\TTL_DragonMesh",
  "Scripts File": null,
  "Post Process": null,
  "Pass String": "Test Complete",
  "Fail String": "Test Failed",
  "Content": "ContentType.DRAGON",
  "Test Number": 11,
  "Test Time": 30,
  "Reset": true,
  "Reset on PASS": true,
  "FastBoot": true,
  "Core License": "1: SSE/128",
  "600W Unit": false,
  "Pseudo Config": true,
  "Configuration (Mask)": "FirstPass",
  "Boot Breakpoint": null,
  "Disable 2 Cores": null,
  "Check Core": 7,
  "Voltage Type": "vbump",
  "Voltage IA": null,
  "Voltage CFC": null,
  "Frequency IA": null,
  "Frequency CFC": null,
  "Loops": 5,
  "Type": "Voltage",
  "Domain": "IA",
  "Start": -0.03,
  "End": 0.06,
  "Steps": 0.03,
  "ShmooFile": "C:\\SystemDebug\\Shmoos\\RVPShmooConfig.json",
  "ShmooLabel": "COREFIX",
  "Linux Pre Command": null,
  "Linux Post Command": null,
  "Linux Pass String": null,
  "Linux Fail String": null,
  "Startup Linux": null,
  "Linux Path": null,
  "Linux Content Wait Time": null,
  "Linux Content Line 0": null,
  "Linux Content Line 1": null,
  "Dragon Pre Command": null,
  "Dragon Post Command": null,
  "Startup Dragon": "startup_efi.nsh",
  "ULX Path": "FS1:\\EFI\\ulx",
  "ULX CPU": "GNR_B0",
  "Product Chop": "GNR",
  "VVAR0": "0x4C4B40",
  "VVAR1": 80064000,
  "VVAR2": "0x1000000",
  "VVAR3": "0x4000000",
  "VVAR_EXTRA": null,
  "Dragon Content Path": "FS1:\\content\\Dragon\\7410_0x0E_PPV_MM\\GNR128C_H_1UP\\",
  "Dragon Content Line": null,
  "Stop on Fail": true,
  "Merlin Name": "MerlinX.efi",
  "Merlin Drive": "FS1:",
  "Merlin Path": "FS1:\\EFI\\Version8.15\\BinFiles\\Release",
  "Linux Content Line 2": null,
  "Linux Content Line 3": null,
  "Linux Content Line 4": null,
  "Linux Content Line 5": null,
  "executed": true,
  "execution status": "COMPLETED_UNKNOWN",
  "node name": "Base",
  "node type": "AllFailFlowInstance",
  "node id": "NODE_002",
  "execution timestamp": "2025-10-05T05:27:44.643567",
  "start time": "2025-10-05T05:26:40.959272",
  "end time": "2025-10-05T05:27:44.569661",
  "duration seconds": 63,
  "final result": "CONFIG_PASSED",
  "output port": false,
  "total iterations": 4,
  "pass count": false,
  "fail count": 4,
  "other count": false,
  "pass rate percent": 0.0,
  "test folder": "",
  "summary file": "",
  "config test type": "Loops",
  "config content": "Dragon",
  "config voltage type": "ppvc",
  "config configuration mask": "FirstPass",
  "config check core": 7,
  "config type": "Voltage",
  "config domain": "IA",
  "config start": -0.03,
  "config end": 0.06,
  "config steps": 0.03,
  "config loops": 5,
  "result summary": "Failing: 4 failures, no passes"
}

[2025-10-05T05:50:54.383841] [SUCCESS] EXPERIMENT COMPLETE - Result: CONFIG_PASSED, Port: 0

[2025-10-05T05:50:54.566354] [INFO] Experiment data persisted to test section: Baseline

[2025-10-05T05:50:54.621889] [INFO] Node name: Base

[2025-10-05T05:50:54.679985] [TRACKER] TRACKER STATE SNAPSHOT

[2025-10-05T05:50:54.741198] [TRACKER] Tracker State: {'experiments_count': 2, 'current_experiment': {'node_name': 'Base', 'node_type': 'AllFailFlowInstance', 'iterations_count': 3}, 'flow_summary': {'total_nodes': 2, 'recovery_conditions': 0, 'failure_conditions': 1}}
    Data: {
  "experiments_count": 2,
  "current_experiment": {
    "node_name": "Base",
    "node_type": "AllFailFlowInstance",
    "iterations_count": 3
  },
  "flow_summary": {
    "total_nodes": 2,
    "recovery_conditions": 0,
    "failure_conditions": 1
  }
}

[2025-10-05T05:50:55.647295] [EXPERIMENT] EXPERIMENT START - Node: VoltageCFC (ID: NODE_006)

[2025-10-05T05:50:55.751966] [CONFIG] Experiment config saved to: debug_logs\experiment_config_NODE_006_20251005_055004.json

[2025-10-05T05:50:55.803346] [CONFIG] Key Config Parameters: {'Test Type': 'Sweep', 'Content': <ContentType.DRAGON: 'Dragon'>}
    Data: {
  "Test Type": "Sweep",
  "Content": "ContentType.DRAGON"
}

[2025-10-05T05:50:55.858961] [EXPERIMENT] Flow experiment started: VoltageCFC

[2025-10-05T05:51:04.025751] [TRACKER] ITERATION 0 - Status: FAIL

[2025-10-05T05:51:04.085672] [TRACKER]   Sweep Value: -0.04

[2025-10-05T05:51:04.147226] [TRACKER]   Config: {'voltage_cfc': -0.04}

[2025-10-05T05:51:14.853334] [TRACKER] ITERATION 0 - Status: FAIL

[2025-10-05T05:51:14.912212] [TRACKER]   Sweep Value: -0.02

[2025-10-05T05:51:14.964851] [TRACKER]   Config: {'voltage_cfc': -0.02}

[2025-10-05T05:51:25.386659] [TRACKER] ITERATION 0 - Status: FAIL

[2025-10-05T05:51:25.450225] [TRACKER]   Sweep Value: 0.0

[2025-10-05T05:51:25.517390] [TRACKER]   Config: {'voltage_cfc': 0.0}

[2025-10-05T05:51:36.084574] [TRACKER] ITERATION 0 - Status: FAIL

[2025-10-05T05:51:36.147646] [TRACKER]   Sweep Value: 0.02

[2025-10-05T05:51:36.203626] [TRACKER]   Config: {'voltage_cfc': 0.02}

[2025-10-05T05:51:47.639113] [TRACKER] ITERATION 0 - Status: FAIL

[2025-10-05T05:51:47.698018] [TRACKER]   Sweep Value: 0.04

[2025-10-05T05:51:47.748630] [TRACKER]   Config: {'voltage_cfc': 0.04}

[2025-10-05T05:51:58.875794] [TRACKER] ITERATION 0 - Status: FAIL

[2025-10-05T05:51:58.943667] [TRACKER]   Sweep Value: 0.06

[2025-10-05T05:51:58.997752] [TRACKER]   Config: {'voltage_cfc': 0.06}

[2025-10-05T05:52:09.746223] [TRACKER] ITERATION 0 - Status: PASS

[2025-10-05T05:52:09.817959] [TRACKER]   Sweep Value: 0.08

[2025-10-05T05:52:09.875953] [TRACKER]   Config: {'voltage_cfc': 0.08}

[2025-10-05T05:52:20.154140] [TRACKER] ITERATION 0 - Status: FAIL

[2025-10-05T05:52:20.215202] [TRACKER]   Sweep Value: 0.1

[2025-10-05T05:52:20.268694] [TRACKER]   Config: {'voltage_cfc': 0.1}

[2025-10-05T05:52:21.705333] [SUCCESS] EXPERIMENT COMPLETE - Result: MOSTLY_FAILING, Port: 0

[2025-10-05T05:52:21.754406] [INFO] Test Folder: C:\SystemDebug\Logs\20251005_055056_T11_CFCVoltage

[2025-10-05T05:52:21.803667] [ANALYSIS] SWEEP ANALYSIS COMPLETE

[2025-10-05T05:52:21.865811] [ANALYSIS] Sweep Summary: {'sweep_type': 'voltage', 'sweep_domain': 'cfc', 'total_points': 8, 'failure_points': 7, 'pattern': 'mixed_sensitivity'}
    Data: {
  "sweep_type": "voltage",
  "sweep_domain": "cfc",
  "voltage_type": "vbump",
  "total_points": 8,
  "failure_points": 7,
  "pass_points": 1,
  "failure_values": [
    -0.04,
    -0.02,
    0.0,
    0.02,
    0.04,
    0.06,
    0.1
  ],
  "pass_values": [
    0.08
  ],
  "sensitivity_analysis": {
    "pattern": "mixed_sensitivity",
    "description": "Unit has mixed sensitivity pattern for voltage cfc (vbump)",
    "failure_range": [
      -0.04,
      0.1
    ],
    "pass_range": [
      0.08,
      0.08
    ],
    "safe_values": [
      0.08
    ],
    "voltage_type_context": "vbump",
    "recommendation": "Avoid failure values, use passing values for recovery (vbump specific to tested domain)"
  }
}

[2025-10-05T05:52:22.125931] [INFO] Experiment data persisted to test section: CFCVoltage

[2025-10-05T05:52:22.178910] [INFO] Node name: VoltageCFC

[2025-10-05T05:52:22.232469] [TRACKER] TRACKER STATE SNAPSHOT

[2025-10-05T05:52:22.291800] [TRACKER] Tracker State: {'experiments_count': 3, 'current_experiment': {'node_name': 'VoltageCFC', 'node_type': 'CharacterizationFlowInstance', 'iterations_count': 8}, 'flow_summary': {'total_nodes': 3, 'recovery_conditions': 0, 'failure_conditions': 1}}
    Data: {
  "experiments_count": 3,
  "current_experiment": {
    "node_name": "VoltageCFC",
    "node_type": "CharacterizationFlowInstance",
    "iterations_count": 8
  },
  "flow_summary": {
    "total_nodes": 3,
    "recovery_conditions": 0,
    "failure_conditions": 1
  }
}

[2025-10-05T05:52:23.821535] [EXPERIMENT] EXPERIMENT START - Node: FreqCFC (ID: NODE_007)

[2025-10-05T05:52:23.982141] [CONFIG] Experiment config saved to: debug_logs\experiment_config_NODE_007_20251005_055004.json

[2025-10-05T05:52:24.041887] [CONFIG] Key Config Parameters: {'Test Type': 'Sweep', 'Content': <ContentType.DRAGON: 'Dragon'>}
    Data: {
  "Test Type": "Sweep",
  "Content": "ContentType.DRAGON"
}

[2025-10-05T05:52:24.097591] [EXPERIMENT] Flow experiment started: FreqCFC

[2025-10-05T05:52:33.044402] [TRACKER] ITERATION 0 - Status: FAIL

[2025-10-05T05:52:33.102835] [TRACKER]   Sweep Value: 8

[2025-10-05T05:52:33.157181] [TRACKER]   Config: {'voltage_cfc': 0.1, 'frequency_cfc': 8}

[2025-10-05T05:52:44.801952] [TRACKER] ITERATION 0 - Status: FAIL

[2025-10-05T05:52:44.863712] [TRACKER]   Sweep Value: 12

[2025-10-05T05:52:44.922558] [TRACKER]   Config: {'voltage_cfc': 0.1, 'frequency_cfc': 12}

[2025-10-05T05:52:55.759078] [TRACKER] ITERATION 0 - Status: FAIL

[2025-10-05T05:52:55.820767] [TRACKER]   Sweep Value: 16

[2025-10-05T05:52:55.876117] [TRACKER]   Config: {'voltage_cfc': 0.1, 'frequency_cfc': 16}

[2025-10-05T05:53:06.592541] [TRACKER] ITERATION 0 - Status: FAIL

[2025-10-05T05:53:06.651693] [TRACKER]   Sweep Value: 20

[2025-10-05T05:53:06.713492] [TRACKER]   Config: {'voltage_cfc': 0.1, 'frequency_cfc': 20}

[2025-10-05T05:53:08.111339] [SUCCESS] EXPERIMENT COMPLETE - Result: SOLID_REPRO, Port: 0

[2025-10-05T05:53:08.165645] [INFO] Test Folder: C:\SystemDebug\Logs\20251005_055224_T11_CFCFrequency

[2025-10-05T05:53:08.225313] [ANALYSIS] SWEEP ANALYSIS COMPLETE

[2025-10-05T05:53:08.281639] [ANALYSIS] Sweep Summary: {'sweep_type': 'frequency', 'sweep_domain': 'cfc', 'total_points': 4, 'failure_points': 4, 'pattern': 'no_sensitivity'}
    Data: {
  "sweep_type": "frequency",
  "sweep_domain": "cfc",
  "voltage_type": "vbump",
  "total_points": 4,
  "failure_points": 4,
  "pass_points": 0,
  "failure_values": [
    8,
    12,
    16,
    20
  ],
  "pass_values": [],
  "sensitivity_analysis": {
    "pattern": "no_sensitivity",
    "description": "Unit not sensitive to frequency cfc (vbump) - fails across entire range (no recovery condition)",
    "recommendation": "Unit fails across entire tested frequency range - no sensitivity threshold found",
    "voltage_type_context": "vbump",
    "failure_mode": "complete_failure_no_recovery"
  }
}

[2025-10-05T05:53:08.475185] [INFO] Experiment data persisted to test section: CFCFrequency

[2025-10-05T05:53:08.525846] [INFO] Node name: FreqCFC

[2025-10-05T05:53:08.584386] [TRACKER] TRACKER STATE SNAPSHOT

[2025-10-05T05:53:08.645165] [TRACKER] Tracker State: {'experiments_count': 4, 'current_experiment': {'node_name': 'FreqCFC', 'node_type': 'CharacterizationFlowInstance', 'iterations_count': 4}, 'flow_summary': {'total_nodes': 4, 'recovery_conditions': 0, 'failure_conditions': 1}}
    Data: {
  "experiments_count": 4,
  "current_experiment": {
    "node_name": "FreqCFC",
    "node_type": "CharacterizationFlowInstance",
    "iterations_count": 4
  },
  "flow_summary": {
    "total_nodes": 4,
    "recovery_conditions": 0,
    "failure_conditions": 1
  }
}

[2025-10-05T05:53:10.176244] [EXPERIMENT] EXPERIMENT START - Node: VoltageIA (ID: NODE_008)

[2025-10-05T05:53:10.285752] [CONFIG] Experiment config saved to: debug_logs\experiment_config_NODE_008_20251005_055004.json

[2025-10-05T05:53:10.352373] [CONFIG] Key Config Parameters: {'Test Type': 'Sweep', 'Content': <ContentType.DRAGON: 'Dragon'>}
    Data: {
  "Test Type": "Sweep",
  "Content": "ContentType.DRAGON"
}

[2025-10-05T05:53:10.424853] [EXPERIMENT] Flow experiment started: VoltageIA

[2025-10-05T05:53:18.921673] [TRACKER] ITERATION 0 - Status: FAIL

[2025-10-05T05:53:18.995309] [TRACKER]   Sweep Value: 0.0

[2025-10-05T05:53:19.054239] [TRACKER]   Config: {'voltage_ia': 0.0, 'voltage_cfc': 0.1, 'frequency_cfc': 20}

[2025-10-05T05:53:30.706190] [TRACKER] ITERATION 0 - Status: FAIL

[2025-10-05T05:53:30.779023] [TRACKER]   Sweep Value: 0.02

[2025-10-05T05:53:30.835935] [TRACKER]   Config: {'voltage_ia': 0.02, 'voltage_cfc': 0.1, 'frequency_cfc': 20}

[2025-10-05T05:53:42.075023] [TRACKER] ITERATION 0 - Status: FAIL

[2025-10-05T05:53:42.152785] [TRACKER]   Sweep Value: 0.04

[2025-10-05T05:53:42.205550] [TRACKER]   Config: {'voltage_ia': 0.04, 'voltage_cfc': 0.1, 'frequency_cfc': 20}

[2025-10-05T05:53:53.216463] [TRACKER] ITERATION 0 - Status: FAIL

[2025-10-05T05:53:53.278837] [TRACKER]   Sweep Value: 0.06

[2025-10-05T05:53:53.332457] [TRACKER]   Config: {'voltage_ia': 0.06, 'voltage_cfc': 0.1, 'frequency_cfc': 20}

[2025-10-05T05:54:04.607115] [TRACKER] ITERATION 0 - Status: FAIL

[2025-10-05T05:54:04.659696] [TRACKER]   Sweep Value: 0.08

[2025-10-05T05:54:04.709581] [TRACKER]   Config: {'voltage_ia': 0.08, 'voltage_cfc': 0.1, 'frequency_cfc': 20}

[2025-10-05T05:54:15.308283] [TRACKER] ITERATION 0 - Status: FAIL

[2025-10-05T05:54:15.584281] [TRACKER]   Sweep Value: 0.1

[2025-10-05T05:54:15.905996] [TRACKER]   Config: {'voltage_ia': 0.1, 'voltage_cfc': 0.1, 'frequency_cfc': 20}

[2025-10-05T05:54:17.444455] [SUCCESS] EXPERIMENT COMPLETE - Result: SOLID_REPRO, Port: 0

[2025-10-05T05:54:17.529398] [INFO] Test Folder: C:\SystemDebug\Logs\20251005_055310_T11_CoreVoltage

[2025-10-05T05:54:17.616480] [ANALYSIS] SWEEP ANALYSIS COMPLETE

[2025-10-05T05:54:17.752635] [ANALYSIS] Sweep Summary: {'sweep_type': 'voltage', 'sweep_domain': 'ia', 'total_points': 6, 'failure_points': 6, 'pattern': 'no_sensitivity'}
    Data: {
  "sweep_type": "voltage",
  "sweep_domain": "ia",
  "voltage_type": "vbump",
  "total_points": 6,
  "failure_points": 6,
  "pass_points": 0,
  "failure_values": [
    0.0,
    0.02,
    0.04,
    0.06,
    0.08,
    0.1
  ],
  "pass_values": [],
  "sensitivity_analysis": {
    "pattern": "no_sensitivity",
    "description": "Unit not sensitive to voltage ia (vbump) - fails across entire range (no recovery condition)",
    "recommendation": "Unit fails across entire tested voltage range - no sensitivity threshold found",
    "voltage_type_context": "vbump",
    "failure_mode": "complete_failure_no_recovery"
  }
}

[2025-10-05T05:54:17.966109] [INFO] Experiment data persisted to test section: CoreVoltage

[2025-10-05T05:54:18.012526] [INFO] Node name: VoltageIA

[2025-10-05T05:54:18.063817] [TRACKER] TRACKER STATE SNAPSHOT

[2025-10-05T05:54:18.129301] [TRACKER] Tracker State: {'experiments_count': 5, 'current_experiment': {'node_name': 'VoltageIA', 'node_type': 'CharacterizationFlowInstance', 'iterations_count': 6}, 'flow_summary': {'total_nodes': 5, 'recovery_conditions': 0, 'failure_conditions': 1}}
    Data: {
  "experiments_count": 5,
  "current_experiment": {
    "node_name": "VoltageIA",
    "node_type": "CharacterizationFlowInstance",
    "iterations_count": 6
  },
  "flow_summary": {
    "total_nodes": 5,
    "recovery_conditions": 0,
    "failure_conditions": 1
  }
}

[2025-10-05T05:54:19.750298] [EXPERIMENT] EXPERIMENT START - Node: FreqIA (ID: NODE_009)

[2025-10-05T05:54:19.832577] [CONFIG] Experiment config saved to: debug_logs\experiment_config_NODE_009_20251005_055004.json

[2025-10-05T05:54:19.913234] [CONFIG] Key Config Parameters: {'Test Type': 'Sweep', 'Content': <ContentType.DRAGON: 'Dragon'>}
    Data: {
  "Test Type": "Sweep",
  "Content": "ContentType.DRAGON"
}

[2025-10-05T05:54:19.959277] [EXPERIMENT] Flow experiment started: FreqIA

[2025-10-05T05:54:28.645025] [TRACKER] ITERATION 0 - Status: FAIL

[2025-10-05T05:54:28.693513] [TRACKER]   Sweep Value: 8

[2025-10-05T05:54:28.736248] [TRACKER]   Config: {'voltage_ia': 0.1, 'voltage_cfc': 0.1, 'frequency_ia': 8, 'frequency_cfc': 20}

[2025-10-05T05:54:39.210374] [TRACKER] ITERATION 0 - Status: FAIL

[2025-10-05T05:54:39.263486] [TRACKER]   Sweep Value: 12

[2025-10-05T05:54:39.328970] [TRACKER]   Config: {'voltage_ia': 0.1, 'voltage_cfc': 0.1, 'frequency_ia': 12, 'frequency_cfc': 20}

[2025-10-05T05:54:51.105197] [TRACKER] ITERATION 0 - Status: FAIL

[2025-10-05T05:54:51.162942] [TRACKER]   Sweep Value: 16

[2025-10-05T05:54:51.218410] [TRACKER]   Config: {'voltage_ia': 0.1, 'voltage_cfc': 0.1, 'frequency_ia': 16, 'frequency_cfc': 20}

[2025-10-05T05:55:01.878868] [TRACKER] ITERATION 0 - Status: FAIL

[2025-10-05T05:55:01.937080] [TRACKER]   Sweep Value: 20

[2025-10-05T05:55:01.981385] [TRACKER]   Config: {'voltage_ia': 0.1, 'voltage_cfc': 0.1, 'frequency_ia': 20, 'frequency_cfc': 20}

[2025-10-05T05:55:13.446028] [TRACKER] ITERATION 0 - Status: FAIL

[2025-10-05T05:55:13.505095] [TRACKER]   Sweep Value: 24

[2025-10-05T05:55:13.553822] [TRACKER]   Config: {'voltage_ia': 0.1, 'voltage_cfc': 0.1, 'frequency_ia': 24, 'frequency_cfc': 20}

[2025-10-05T05:55:23.582285] [TRACKER] ITERATION 0 - Status: FAIL

[2025-10-05T05:55:23.683802] [TRACKER]   Sweep Value: 28

[2025-10-05T05:55:23.739609] [TRACKER]   Config: {'voltage_ia': 0.1, 'voltage_cfc': 0.1, 'frequency_ia': 28, 'frequency_cfc': 20}

[2025-10-05T05:55:25.132364] [SUCCESS] EXPERIMENT COMPLETE - Result: SOLID_REPRO, Port: 0

[2025-10-05T05:55:25.184412] [INFO] Test Folder: C:\SystemDebug\Logs\20251005_055420_T11_CoreFrequency

[2025-10-05T05:55:25.245862] [ANALYSIS] SWEEP ANALYSIS COMPLETE

[2025-10-05T05:55:25.290532] [ANALYSIS] Sweep Summary: {'sweep_type': 'frequency', 'sweep_domain': 'ia', 'total_points': 6, 'failure_points': 6, 'pattern': 'no_sensitivity'}
    Data: {
  "sweep_type": "frequency",
  "sweep_domain": "ia",
  "voltage_type": "ppvc",
  "total_points": 6,
  "failure_points": 6,
  "pass_points": 0,
  "failure_values": [
    8,
    12,
    16,
    20,
    24,
    28
  ],
  "pass_values": [],
  "sensitivity_analysis": {
    "pattern": "no_sensitivity",
    "description": "Unit not sensitive to frequency ia (ppvc) - fails across entire range (no recovery condition)",
    "recommendation": "Unit fails across entire tested frequency range - no sensitivity threshold found",
    "voltage_type_context": "ppvc",
    "failure_mode": "complete_failure_no_recovery"
  }
}

[2025-10-05T05:55:25.470622] [INFO] Experiment data persisted to test section: CoreFrequency

[2025-10-05T05:55:25.528239] [INFO] Node name: FreqIA

[2025-10-05T05:55:25.575590] [TRACKER] TRACKER STATE SNAPSHOT

[2025-10-05T05:55:25.626069] [TRACKER] Tracker State: {'experiments_count': 6, 'current_experiment': {'node_name': 'FreqIA', 'node_type': 'CharacterizationFlowInstance', 'iterations_count': 6}, 'flow_summary': {'total_nodes': 6, 'recovery_conditions': 0, 'failure_conditions': 1}}
    Data: {
  "experiments_count": 6,
  "current_experiment": {
    "node_name": "FreqIA",
    "node_type": "CharacterizationFlowInstance",
    "iterations_count": 6
  },
  "flow_summary": {
    "total_nodes": 6,
    "recovery_conditions": 0,
    "failure_conditions": 1
  }
}

[2025-10-05T05:55:26.270990] [ANALYSIS] Starting comprehensive analysis

[2025-10-05T05:55:26.440908] [ANALYSIS] COMPREHENSIVE ANALYSIS COMPLETE

[2025-10-05T05:55:26.514377] [ANALYSIS] Analysis Summary: {'total_experiments': 6, 'valid_experiments': 6, 'voltage_experiments': 2, 'frequency_experiments': 2, 'recovery_conditions': 0, 'failure_conditions': 1}
    Data: {
  "total_experiments": 6,
  "valid_experiments": 6,
  "voltage_experiments": 2,
  "frequency_experiments": 2,
  "recovery_conditions": 0,
  "failure_conditions": 1
}

[2025-10-05T05:55:26.661700] [INFO] Comprehensive analysis saved to: debug_logs\comprehensive_analysis_20251005_055004.json

[2025-10-05T05:55:27.452965] [SUCCESS] EXPERIMENT COMPLETE - Result: ANALYSIS_COMPLETE, Port: 0

[2025-10-05T05:55:27.503376] [ANALYSIS] SWEEP ANALYSIS COMPLETE

[2025-10-05T05:55:27.556388] [ANALYSIS] Sweep Summary: {'sweep_type': 'frequency', 'sweep_domain': 'ia', 'total_points': 6, 'failure_points': 6, 'pattern': 'no_sensitivity'}
    Data: {
  "sweep_type": "frequency",
  "sweep_domain": "ia",
  "voltage_type": "ppvc",
  "total_points": 6,
  "failure_points": 6,
  "pass_points": 0,
  "failure_values": [
    8,
    12,
    16,
    20,
    24,
    28
  ],
  "pass_values": [],
  "sensitivity_analysis": {
    "pattern": "no_sensitivity",
    "description": "Unit not sensitive to frequency ia (ppvc) - fails across entire range (no recovery condition)",
    "recommendation": "Unit fails across entire tested frequency range - no sensitivity threshold found",
    "voltage_type_context": "ppvc",
    "failure_mode": "complete_failure_no_recovery"
  }
}

[2025-10-05T05:55:27.701789] [INFO] Experiment data persisted to test section: CoreFrequency

[2025-10-05T05:55:27.754672] [INFO] Node name: FreqIA

[2025-10-05T05:55:27.801854] [TRACKER] TRACKER STATE SNAPSHOT

[2025-10-05T05:55:27.845202] [TRACKER] Tracker State: {'experiments_count': 7, 'current_experiment': {'node_name': 'FreqIA', 'node_type': 'CharacterizationFlowInstance', 'iterations_count': 6}, 'flow_summary': {'total_nodes': 7, 'recovery_conditions': 0, 'failure_conditions': 1}}
    Data: {
  "experiments_count": 7,
  "current_experiment": {
    "node_name": "FreqIA",
    "node_type": "CharacterizationFlowInstance",
    "iterations_count": 6
  },
  "flow_summary": {
    "total_nodes": 7,
    "recovery_conditions": 0,
    "failure_conditions": 1
  }
}

