=== EXPERIMENT TRACKER DEBUG SESSION STARTED ===
Session ID: 20251005_034414
Start Time: 2025-10-05T03:44:14.509773
============================================================

[2025-10-05T03:44:14.567961] [TRACKER] ExperimentTracker initialized

[2025-10-05T03:44:17.589816] [EXPERIMENT] EXPERIMENT START - Node: Base (ID: NODE_002)

[2025-10-05T03:44:17.662959] [CONFIG] Experiment config saved to: debug_logs\experiment_config_NODE_002_20251005_034414.json

[2025-10-05T03:44:17.705796] [CONFIG] Key Config Parameters: {'Test Type': 'Loops', 'Content': 'Dragon'}
    Data: {
  "Test Type": "Loops",
  "Content": "Dragon"
}

[2025-10-05T03:44:17.753911] [EXPERIMENT] Flow experiment started: Base

[2025-10-05T03:44:26.207091] [TRACKER] ITERATION 0 - Status: FAIL

[2025-10-05T03:44:43.655664] [TRACKER] ITERATION 0 - Status: FAIL

[2025-10-05T03:45:01.790241] [TRACKER] ITERATION 0 - Status: FAIL

[2025-10-05T03:45:19.527475] [TRACKER] ITERATION 0 - Status: FAIL

[2025-10-05T03:45:21.015425] [SUCCESS] EXPERIMENT COMPLETE - Result: SOLID_REPRO, Port: 1

[2025-10-05T03:45:21.060841] [INFO] Test Folder: C:\SystemDebug\Logs\20251005_034418_T11_Baseline

[2025-10-05T03:45:21.202269] [INFO] Experiment data persisted to node section: Base

[2025-10-05T03:45:21.244263] [INFO] Execution status: COMPLETED_REPRO_FOUND

[2025-10-05T03:45:21.296372] [TRACKER] TRACKER STATE SNAPSHOT

[2025-10-05T03:45:21.340455] [TRACKER] Tracker State: {'experiments_count': 1, 'current_experiment': {'node_name': 'Base', 'node_type': 'AllFailFlowInstance', 'iterations_count': 4}, 'flow_summary': {'total_nodes': 1, 'recovery_conditions': 0, 'failure_conditions': 1}}
    Data: {
  "experiments_count": 1,
  "current_experiment": {
    "node_name": "Base",
    "node_type": "AllFailFlowInstance",
    "iterations_count": 4
  },
  "flow_summary": {
    "total_nodes": 1,
    "recovery_conditions": 0,
    "failure_conditions": 1
  }
}

