=== EXPERIMENT TRACKER DEBUG SESSION STARTED ===
Session ID: 20251005_203134
Start Time: 2025-10-05T20:31:34.155925
============================================================

[2025-10-05T20:31:34.178684] [TRACKER] ExperimentTracker initialized

[2025-10-05T20:31:37.082988] [EXPERIMENT] EXPERIMENT START - Node: Base (ID: NODE_002)

[2025-10-05T20:31:37.180326] [CONFIG] Experiment config saved to: debug_logs\experiment_config_NODE_002_20251005_203134.json

[2025-10-05T20:31:37.230580] [CONFIG] Key Config Parameters: {'Test Type': 'Loops', 'Content': 'Dragon'}
    Data: {
  "Test Type": "Loops",
  "Content": "Dragon"
}

[2025-10-05T20:31:37.281491] [EXPERIMENT] Flow experiment started: Base

[2025-10-05T20:31:45.653896] [TRACKER] ITERATION 0 - Status: FAIL

[2025-10-05T20:32:03.338358] [TRACKER] ITERATION 0 - Status: FAIL

[2025-10-05T20:32:21.062326] [TRACKER] ITERATION 0 - Status: FAIL

[2025-10-05T20:32:39.477186] [TRACKER] ITERATION 0 - Status: FAIL

[2025-10-05T20:32:41.037975] [SUCCESS] EXPERIMENT COMPLETE - Result: SOLID_REPRO, Port: 1

[2025-10-05T20:32:41.084699] [INFO] Test Folder: C:\SystemDebug\Logs\20251005_203137_T11_Baseline

[2025-10-05T20:32:41.271278] [INFO] Experiment data persisted to test section: Baseline

[2025-10-05T20:32:41.320087] [INFO] Node name: Base

[2025-10-05T20:32:41.368413] [TRACKER] TRACKER STATE SNAPSHOT

[2025-10-05T20:32:41.414768] [TRACKER] Tracker State: {'experiments_count': 1, 'current_experiment': {'node_name': 'Base', 'node_type': 'AllFailFlowInstance', 'iterations_count': 4}, 'flow_summary': {'total_nodes': 1, 'recovery_conditions': 0, 'failure_conditions': 1}}
    Data: {
  "experiments_count": 1,
  "current_experiment": {
    "node_name": "Base",
    "node_type": "AllFailFlowInstance",
    "iterations_count": 4
  },
  "flow_summary": {
    "total_nodes": 1,
    "recovery_conditions": 0,
    "failure_conditions": 1
  }
}

[2025-10-05T20:32:41.676159] [ANALYSIS] Getting adaptive analysis data for: AllFailFlowInstance

[2025-10-05T20:32:41.774140] [ANALYSIS] ADAPTIVE ANALYSIS

[2025-10-05T20:32:41.822596] [ANALYSIS] Source: Base (Port: 1)

[2025-10-05T20:32:41.870044] [ANALYSIS] Recovery Potential: low

[2025-10-05T20:32:41.916187] [ANALYSIS] Recommended Config: {'Experiment': 'Enabled', 'Test Name': 'Baseline', 'Test Mode': 'Mesh', 'Test Type': 'Loops', 'Visual ID': 'TestUnitData', 'Bucket': 'IDIPAR', 'COM Port': 11, 'IP Address': '192.168.0.2', 'TTL Folder': 'R:\\Templates\\GNR\\version_2_0\\TTL_DragonMesh', 'Scripts File': None, 'Post Process': None, 'Pass String': 'Test Complete', 'Fail String': 'Test Failed', 'Content': <ContentType.DRAGON: 'Dragon'>, 'Test Number': 11, 'Test Time': 30, 'Reset': True, 'Reset on PASS': True, 'FastBoot': True, 'Core License': '1: SSE/128', '600W Unit': False, 'Pseudo Config': True, 'Configuration (Mask)': 'FirstPass', 'Boot Breakpoint': None, 'Disable 2 Cores': None, 'Check Core': 7, 'Voltage Type': 'vbump', 'Voltage IA': None, 'Voltage CFC': None, 'Frequency IA': None, 'Frequency CFC': None, 'Loops': 5, 'Type': 'Voltage', 'Domain': 'IA', 'Start': -0.03, 'End': 0.06, 'Steps': 0.03, 'ShmooFile': 'C:\\SystemDebug\\Shmoos\\RVPShmooConfig.json', 'ShmooLabel': 'COREFIX', 'Linux Pre Command': None, 'Linux Post Command': None, 'Linux Pass String': None, 'Linux Fail String': None, 'Startup Linux': None, 'Linux Path': None, 'Linux Content Wait Time': None, 'Linux Content Line 0': None, 'Linux Content Line 1': None, 'Dragon Pre Command': None, 'Dragon Post Command': None, 'Startup Dragon': 'startup_efi.nsh', 'ULX Path': 'FS1:\\EFI\\ulx', 'ULX CPU': 'GNR_B0', 'Product Chop': 'GNR', 'VVAR0': '0x4C4B40', 'VVAR1': 80064000, 'VVAR2': '0x1000000', 'VVAR3': '0x4000000', 'VVAR_EXTRA': None, 'Dragon Content Path': 'FS1:\\content\\Dragon\\7410_0x0E_PPV_MM\\GNR128C_H_1UP\\', 'Dragon Content Line': None, 'Stop on Fail': True, 'Merlin Name': 'MerlinX.efi', 'Merlin Drive': 'FS1:', 'Merlin Path': 'FS1:\\EFI\\Version8.15\\BinFiles\\Release', 'Linux Content Line 2': None, 'Linux Content Line 3': None, 'Linux Content Line 4': None, 'Linux Content Line 5': None, 'executed': True, 'execution status': 'COMPLETED_UNKNOWN', 'node name': 'Base', 'node type': 'AllFailFlowInstance', 'node id': 'NODE_002', 'execution timestamp': '2025-10-05T08:49:31.558776', 'start time': '2025-10-05T08:48:43.277292', 'end time': '2025-10-05T08:49:31.493632', 'duration seconds': 48, 'final result': 'CONFIG_PASSED', 'output port': False, 'total iterations': 3, 'pass count': False, 'fail count': 3, 'other count': False, 'pass rate percent': 0.0, 'test folder': '', 'summary file': '', 'config test type': 'Loops', 'config content': 'Dragon', 'config voltage type': 'ppvc', 'config configuration mask': 'FirstPass', 'config check core': 7, 'config type': 'Voltage', 'config domain': 'IA', 'config start': -0.03, 'config end': 0.06, 'config steps': 0.03, 'config loops': 5, 'result summary': 'Failing: 3 failures, no passes'}
    Data: {
  "Experiment": "Enabled",
  "Test Name": "Baseline",
  "Test Mode": "Mesh",
  "Test Type": "Loops",
  "Visual ID": "TestUnitData",
  "Bucket": "IDIPAR",
  "COM Port": 11,
  "IP Address": "192.168.0.2",
  "TTL Folder": "R:\\Templates\\GNR\\version_2_0\\TTL_DragonMesh",
  "Scripts File": null,
  "Post Process": null,
  "Pass String": "Test Complete",
  "Fail String": "Test Failed",
  "Content": "ContentType.DRAGON",
  "Test Number": 11,
  "Test Time": 30,
  "Reset": true,
  "Reset on PASS": true,
  "FastBoot": true,
  "Core License": "1: SSE/128",
  "600W Unit": false,
  "Pseudo Config": true,
  "Configuration (Mask)": "FirstPass",
  "Boot Breakpoint": null,
  "Disable 2 Cores": null,
  "Check Core": 7,
  "Voltage Type": "vbump",
  "Voltage IA": null,
  "Voltage CFC": null,
  "Frequency IA": null,
  "Frequency CFC": null,
  "Loops": 5,
  "Type": "Voltage",
  "Domain": "IA",
  "Start": -0.03,
  "End": 0.06,
  "Steps": 0.03,
  "ShmooFile": "C:\\SystemDebug\\Shmoos\\RVPShmooConfig.json",
  "ShmooLabel": "COREFIX",
  "Linux Pre Command": null,
  "Linux Post Command": null,
  "Linux Pass String": null,
  "Linux Fail String": null,
  "Startup Linux": null,
  "Linux Path": null,
  "Linux Content Wait Time": null,
  "Linux Content Line 0": null,
  "Linux Content Line 1": null,
  "Dragon Pre Command": null,
  "Dragon Post Command": null,
  "Startup Dragon": "startup_efi.nsh",
  "ULX Path": "FS1:\\EFI\\ulx",
  "ULX CPU": "GNR_B0",
  "Product Chop": "GNR",
  "VVAR0": "0x4C4B40",
  "VVAR1": 80064000,
  "VVAR2": "0x1000000",
  "VVAR3": "0x4000000",
  "VVAR_EXTRA": null,
  "Dragon Content Path": "FS1:\\content\\Dragon\\7410_0x0E_PPV_MM\\GNR128C_H_1UP\\",
  "Dragon Content Line": null,
  "Stop on Fail": true,
  "Merlin Name": "MerlinX.efi",
  "Merlin Drive": "FS1:",
  "Merlin Path": "FS1:\\EFI\\Version8.15\\BinFiles\\Release",
  "Linux Content Line 2": null,
  "Linux Content Line 3": null,
  "Linux Content Line 4": null,
  "Linux Content Line 5": null,
  "executed": true,
  "execution status": "COMPLETED_UNKNOWN",
  "node name": "Base",
  "node type": "AllFailFlowInstance",
  "node id": "NODE_002",
  "execution timestamp": "2025-10-05T08:49:31.558776",
  "start time": "2025-10-05T08:48:43.277292",
  "end time": "2025-10-05T08:49:31.493632",
  "duration seconds": 48,
  "final result": "CONFIG_PASSED",
  "output port": false,
  "total iterations": 3,
  "pass count": false,
  "fail count": 3,
  "other count": false,
  "pass rate percent": 0.0,
  "test folder": "",
  "summary file": "",
  "config test type": "Loops",
  "config content": "Dragon",
  "config voltage type": "ppvc",
  "config configuration mask": "FirstPass",
  "config check core": 7,
  "config type": "Voltage",
  "config domain": "IA",
  "config start": -0.03,
  "config end": 0.06,
  "config steps": 0.03,
  "config loops": 5,
  "result summary": "Failing: 3 failures, no passes"
}

[2025-10-05T20:32:42.145594] [SUCCESS] EXPERIMENT COMPLETE - Result: CONFIG_PASSED, Port: 0

[2025-10-05T20:32:42.320092] [INFO] Experiment data persisted to test section: Baseline

[2025-10-05T20:32:42.377821] [INFO] Node name: Base

[2025-10-05T20:32:42.445636] [TRACKER] TRACKER STATE SNAPSHOT

[2025-10-05T20:32:42.498546] [TRACKER] Tracker State: {'experiments_count': 2, 'current_experiment': {'node_name': 'Base', 'node_type': 'AllFailFlowInstance', 'iterations_count': 4}, 'flow_summary': {'total_nodes': 2, 'recovery_conditions': 0, 'failure_conditions': 1}}
    Data: {
  "experiments_count": 2,
  "current_experiment": {
    "node_name": "Base",
    "node_type": "AllFailFlowInstance",
    "iterations_count": 4
  },
  "flow_summary": {
    "total_nodes": 2,
    "recovery_conditions": 0,
    "failure_conditions": 1
  }
}

[2025-10-05T20:32:43.453411] [EXPERIMENT] EXPERIMENT START - Node: VoltageCFC (ID: NODE_006)

[2025-10-05T20:32:43.558149] [CONFIG] Experiment config saved to: debug_logs\experiment_config_NODE_006_20251005_203134.json

[2025-10-05T20:32:43.627861] [CONFIG] Key Config Parameters: {'Test Type': 'Sweep', 'Content': 'Dragon'}
    Data: {
  "Test Type": "Sweep",
  "Content": "Dragon"
}

[2025-10-05T20:32:43.688705] [EXPERIMENT] Flow experiment started: VoltageCFC

[2025-10-05T20:32:51.101352] [TRACKER] ITERATION 0 - Status: FAIL

[2025-10-05T20:32:51.176524] [TRACKER]   Sweep Value: -0.04

[2025-10-05T20:32:51.232691] [TRACKER]   Config: {'voltage_cfc': -0.04}

[2025-10-05T20:33:01.289380] [TRACKER] ITERATION 0 - Status: FAIL

[2025-10-05T20:33:01.350525] [TRACKER]   Sweep Value: -0.02

[2025-10-05T20:33:01.404993] [TRACKER]   Config: {'voltage_cfc': -0.02}

[2025-10-05T20:33:12.461311] [TRACKER] ITERATION 0 - Status: FAIL

[2025-10-05T20:33:12.523189] [TRACKER]   Sweep Value: 0.0

[2025-10-05T20:33:12.577081] [TRACKER]   Config: {'voltage_cfc': 0.0}

[2025-10-05T20:33:23.407803] [TRACKER] ITERATION 0 - Status: FAIL

[2025-10-05T20:33:23.472831] [TRACKER]   Sweep Value: 0.02

[2025-10-05T20:33:23.530083] [TRACKER]   Config: {'voltage_cfc': 0.02}

[2025-10-05T20:33:34.561252] [TRACKER] ITERATION 0 - Status: FAIL

[2025-10-05T20:33:34.624689] [TRACKER]   Sweep Value: 0.04

[2025-10-05T20:33:34.675616] [TRACKER]   Config: {'voltage_cfc': 0.04}

[2025-10-05T20:33:45.577790] [TRACKER] ITERATION 0 - Status: FAIL

[2025-10-05T20:33:45.646095] [TRACKER]   Sweep Value: 0.06

[2025-10-05T20:33:45.703835] [TRACKER]   Config: {'voltage_cfc': 0.06}

[2025-10-05T20:33:56.299780] [TRACKER] ITERATION 0 - Status: FAIL

[2025-10-05T20:33:56.361236] [TRACKER]   Sweep Value: 0.08

[2025-10-05T20:33:56.411422] [TRACKER]   Config: {'voltage_cfc': 0.08}

[2025-10-05T20:34:07.678561] [TRACKER] ITERATION 0 - Status: FAIL

[2025-10-05T20:34:07.757093] [TRACKER]   Sweep Value: 0.1

[2025-10-05T20:34:07.811876] [TRACKER]   Config: {'voltage_cfc': 0.1}

[2025-10-05T20:34:09.248070] [SUCCESS] EXPERIMENT COMPLETE - Result: SOLID_REPRO, Port: 0

[2025-10-05T20:34:09.300616] [INFO] Test Folder: C:\SystemDebug\Logs\20251005_203244_T11_CFCVoltage

[2025-10-05T20:34:09.357865] [ANALYSIS] SWEEP ANALYSIS COMPLETE

[2025-10-05T20:34:09.414402] [ANALYSIS] Sweep Summary: {'sweep_type': 'voltage', 'sweep_domain': 'cfc', 'total_points': 8, 'failure_points': 8, 'pattern': 'no_sensitivity'}
    Data: {
  "sweep_type": "voltage",
  "sweep_domain": "cfc",
  "voltage_type": "vbump",
  "total_points": 8,
  "failure_points": 8,
  "pass_points": 0,
  "failure_values": [
    -0.04,
    -0.02,
    0.0,
    0.02,
    0.04,
    0.06,
    0.08,
    0.1
  ],
  "pass_values": [],
  "sensitivity_analysis": {
    "pattern": "no_sensitivity",
    "description": "Unit not sensitive to voltage cfc (vbump) - fails across entire range (no recovery condition)",
    "recommendation": "Unit fails across entire tested voltage range - no sensitivity threshold found",
    "voltage_type_context": "vbump",
    "failure_mode": "complete_failure_no_recovery"
  }
}

[2025-10-05T20:34:09.681505] [INFO] Experiment data persisted to test section: CFCVoltage

[2025-10-05T20:34:09.737466] [INFO] Node name: VoltageCFC

[2025-10-05T20:34:09.801195] [TRACKER] TRACKER STATE SNAPSHOT

[2025-10-05T20:34:09.864702] [TRACKER] Tracker State: {'experiments_count': 3, 'current_experiment': {'node_name': 'VoltageCFC', 'node_type': 'CharacterizationFlowInstance', 'iterations_count': 8}, 'flow_summary': {'total_nodes': 3, 'recovery_conditions': 0, 'failure_conditions': 1}}
    Data: {
  "experiments_count": 3,
  "current_experiment": {
    "node_name": "VoltageCFC",
    "node_type": "CharacterizationFlowInstance",
    "iterations_count": 8
  },
  "flow_summary": {
    "total_nodes": 3,
    "recovery_conditions": 0,
    "failure_conditions": 1
  }
}

[2025-10-05T20:34:11.505609] [EXPERIMENT] EXPERIMENT START - Node: FreqCFC (ID: NODE_007)

[2025-10-05T20:34:11.604037] [CONFIG] Experiment config saved to: debug_logs\experiment_config_NODE_007_20251005_203134.json

[2025-10-05T20:34:11.659012] [CONFIG] Key Config Parameters: {'Test Type': 'Sweep', 'Content': 'Dragon'}
    Data: {
  "Test Type": "Sweep",
  "Content": "Dragon"
}

[2025-10-05T20:34:11.711822] [EXPERIMENT] Flow experiment started: FreqCFC

[2025-10-05T20:34:20.918107] [TRACKER] ITERATION 0 - Status: FAIL

[2025-10-05T20:34:20.980522] [TRACKER]   Sweep Value: 8

[2025-10-05T20:34:21.035822] [TRACKER]   Config: {'frequency_cfc': 8}

[2025-10-05T20:34:31.349890] [TRACKER] ITERATION 0 - Status: FAIL

[2025-10-05T20:34:31.420398] [TRACKER]   Sweep Value: 12

[2025-10-05T20:34:31.471556] [TRACKER]   Config: {'frequency_cfc': 12}

[2025-10-05T20:34:41.929275] [TRACKER] ITERATION 0 - Status: FAIL

[2025-10-05T20:34:41.994799] [TRACKER]   Sweep Value: 16

[2025-10-05T20:34:42.046448] [TRACKER]   Config: {'frequency_cfc': 16}

[2025-10-05T20:34:53.852966] [TRACKER] ITERATION 0 - Status: FAIL

[2025-10-05T20:34:53.953418] [TRACKER]   Sweep Value: 20

[2025-10-05T20:34:54.035354] [TRACKER]   Config: {'frequency_cfc': 20}

[2025-10-05T20:35:05.214649] [TRACKER] ITERATION 0 - Status: FAIL

[2025-10-05T20:35:05.318880] [TRACKER]   Sweep Value: 24

[2025-10-05T20:35:05.373845] [TRACKER]   Config: {'frequency_cfc': 24}

[2025-10-05T20:35:07.072312] [SUCCESS] EXPERIMENT COMPLETE - Result: SOLID_REPRO, Port: 0

[2025-10-05T20:35:07.125792] [INFO] Test Folder: C:\SystemDebug\Logs\20251005_203412_T11_CFCFrequency

[2025-10-05T20:35:07.176837] [ANALYSIS] SWEEP ANALYSIS COMPLETE

[2025-10-05T20:35:07.288229] [ANALYSIS] Sweep Summary: {'sweep_type': 'frequency', 'sweep_domain': 'cfc', 'total_points': 5, 'failure_points': 5, 'pattern': 'no_sensitivity'}
    Data: {
  "sweep_type": "frequency",
  "sweep_domain": "cfc",
  "voltage_type": "vbump",
  "total_points": 5,
  "failure_points": 5,
  "pass_points": 0,
  "failure_values": [
    8,
    12,
    16,
    20,
    24
  ],
  "pass_values": [],
  "sensitivity_analysis": {
    "pattern": "no_sensitivity",
    "description": "Unit not sensitive to frequency cfc (vbump) - fails across entire range (no recovery condition)",
    "recommendation": "Unit fails across entire tested frequency range - no sensitivity threshold found",
    "voltage_type_context": "vbump",
    "failure_mode": "complete_failure_no_recovery"
  }
}

[2025-10-05T20:35:07.478739] [INFO] Experiment data persisted to test section: CFCFrequency

[2025-10-05T20:35:07.529012] [INFO] Node name: FreqCFC

[2025-10-05T20:35:07.578363] [TRACKER] TRACKER STATE SNAPSHOT

[2025-10-05T20:35:07.638550] [TRACKER] Tracker State: {'experiments_count': 4, 'current_experiment': {'node_name': 'FreqCFC', 'node_type': 'CharacterizationFlowInstance', 'iterations_count': 5}, 'flow_summary': {'total_nodes': 4, 'recovery_conditions': 0, 'failure_conditions': 1}}
    Data: {
  "experiments_count": 4,
  "current_experiment": {
    "node_name": "FreqCFC",
    "node_type": "CharacterizationFlowInstance",
    "iterations_count": 5
  },
  "flow_summary": {
    "total_nodes": 4,
    "recovery_conditions": 0,
    "failure_conditions": 1
  }
}

[2025-10-05T20:35:08.991009] [EXPERIMENT] EXPERIMENT START - Node: VoltageIA (ID: NODE_008)

[2025-10-05T20:35:09.079200] [CONFIG] Experiment config saved to: debug_logs\experiment_config_NODE_008_20251005_203134.json

[2025-10-05T20:35:09.128876] [CONFIG] Key Config Parameters: {'Test Type': 'Sweep', 'Content': 'Dragon'}
    Data: {
  "Test Type": "Sweep",
  "Content": "Dragon"
}

[2025-10-05T20:35:09.178751] [EXPERIMENT] Flow experiment started: VoltageIA

[2025-10-05T20:35:16.827789] [TRACKER] ITERATION 0 - Status: FAIL

[2025-10-05T20:35:16.884978] [TRACKER]   Sweep Value: 0.0

[2025-10-05T20:35:16.939789] [TRACKER]   Config: {'voltage_ia': 0.0}

[2025-10-05T20:35:27.462488] [TRACKER] ITERATION 0 - Status: FAIL

[2025-10-05T20:35:27.522129] [TRACKER]   Sweep Value: 0.02

[2025-10-05T20:35:27.574397] [TRACKER]   Config: {'voltage_ia': 0.02}

[2025-10-05T20:35:38.860133] [TRACKER] ITERATION 0 - Status: FAIL

[2025-10-05T20:35:38.931965] [TRACKER]   Sweep Value: 0.04

[2025-10-05T20:35:38.985112] [TRACKER]   Config: {'voltage_ia': 0.04}

[2025-10-05T20:35:50.083104] [TRACKER] ITERATION 0 - Status: FAIL

[2025-10-05T20:35:50.186592] [TRACKER]   Sweep Value: 0.06

[2025-10-05T20:35:50.275047] [TRACKER]   Config: {'voltage_ia': 0.06}

[2025-10-05T20:36:01.123261] [TRACKER] ITERATION 0 - Status: FAIL

[2025-10-05T20:36:01.182787] [TRACKER]   Sweep Value: 0.08

[2025-10-05T20:36:01.239652] [TRACKER]   Config: {'voltage_ia': 0.08}

[2025-10-05T20:36:11.264765] [TRACKER] ITERATION 0 - Status: FAIL

[2025-10-05T20:36:11.335634] [TRACKER]   Sweep Value: 0.1

[2025-10-05T20:36:11.390357] [TRACKER]   Config: {'voltage_ia': 0.1}

[2025-10-05T20:36:12.759872] [SUCCESS] EXPERIMENT COMPLETE - Result: SOLID_REPRO, Port: 0

[2025-10-05T20:36:12.819324] [INFO] Test Folder: C:\SystemDebug\Logs\20251005_203509_T11_CoreVoltage

[2025-10-05T20:36:12.893945] [ANALYSIS] SWEEP ANALYSIS COMPLETE

[2025-10-05T20:36:12.951806] [ANALYSIS] Sweep Summary: {'sweep_type': 'voltage', 'sweep_domain': 'ia', 'total_points': 6, 'failure_points': 6, 'pattern': 'no_sensitivity'}
    Data: {
  "sweep_type": "voltage",
  "sweep_domain": "ia",
  "voltage_type": "vbump",
  "total_points": 6,
  "failure_points": 6,
  "pass_points": 0,
  "failure_values": [
    0.0,
    0.02,
    0.04,
    0.06,
    0.08,
    0.1
  ],
  "pass_values": [],
  "sensitivity_analysis": {
    "pattern": "no_sensitivity",
    "description": "Unit not sensitive to voltage ia (vbump) - fails across entire range (no recovery condition)",
    "recommendation": "Unit fails across entire tested voltage range - no sensitivity threshold found",
    "voltage_type_context": "vbump",
    "failure_mode": "complete_failure_no_recovery"
  }
}

[2025-10-05T20:36:13.137653] [INFO] Experiment data persisted to test section: CoreVoltage

[2025-10-05T20:36:13.194648] [INFO] Node name: VoltageIA

[2025-10-05T20:36:13.250556] [TRACKER] TRACKER STATE SNAPSHOT

[2025-10-05T20:36:13.305754] [TRACKER] Tracker State: {'experiments_count': 5, 'current_experiment': {'node_name': 'VoltageIA', 'node_type': 'CharacterizationFlowInstance', 'iterations_count': 6}, 'flow_summary': {'total_nodes': 5, 'recovery_conditions': 0, 'failure_conditions': 1}}
    Data: {
  "experiments_count": 5,
  "current_experiment": {
    "node_name": "VoltageIA",
    "node_type": "CharacterizationFlowInstance",
    "iterations_count": 6
  },
  "flow_summary": {
    "total_nodes": 5,
    "recovery_conditions": 0,
    "failure_conditions": 1
  }
}

[2025-10-05T20:36:14.557714] [EXPERIMENT] EXPERIMENT START - Node: FreqIA (ID: NODE_009)

[2025-10-05T20:36:14.649095] [CONFIG] Experiment config saved to: debug_logs\experiment_config_NODE_009_20251005_203134.json

[2025-10-05T20:36:14.703530] [CONFIG] Key Config Parameters: {'Test Type': 'Sweep', 'Content': 'Dragon'}
    Data: {
  "Test Type": "Sweep",
  "Content": "Dragon"
}

[2025-10-05T20:36:14.764295] [EXPERIMENT] Flow experiment started: FreqIA

[2025-10-05T20:36:23.275512] [TRACKER] ITERATION 0 - Status: FAIL

[2025-10-05T20:36:23.339037] [TRACKER]   Sweep Value: 8

[2025-10-05T20:36:23.390869] [TRACKER]   Config: {'frequency_ia': 8}

[2025-10-05T20:36:34.303912] [TRACKER] ITERATION 0 - Status: FAIL

[2025-10-05T20:36:34.375776] [TRACKER]   Sweep Value: 12

[2025-10-05T20:36:34.429535] [TRACKER]   Config: {'frequency_ia': 12}

[2025-10-05T20:36:45.273314] [TRACKER] ITERATION 0 - Status: FAIL

[2025-10-05T20:36:45.338961] [TRACKER]   Sweep Value: 16

[2025-10-05T20:36:45.392231] [TRACKER]   Config: {'frequency_ia': 16}

[2025-10-05T20:36:55.997752] [TRACKER] ITERATION 0 - Status: FAIL

[2025-10-05T20:36:56.072617] [TRACKER]   Sweep Value: 20

[2025-10-05T20:36:56.127397] [TRACKER]   Config: {'frequency_ia': 20}

[2025-10-05T20:37:07.312677] [TRACKER] ITERATION 0 - Status: FAIL

[2025-10-05T20:37:07.380648] [TRACKER]   Sweep Value: 24

[2025-10-05T20:37:07.437145] [TRACKER]   Config: {'frequency_ia': 24}

[2025-10-05T20:37:18.207810] [TRACKER] ITERATION 0 - Status: FAIL

[2025-10-05T20:37:18.264744] [TRACKER]   Sweep Value: 28

[2025-10-05T20:37:18.314873] [TRACKER]   Config: {'frequency_ia': 28}

[2025-10-05T20:37:29.214502] [TRACKER] ITERATION 0 - Status: FAIL

[2025-10-05T20:37:29.273755] [TRACKER]   Sweep Value: 32

[2025-10-05T20:37:29.326717] [TRACKER]   Config: {'frequency_ia': 32}

[2025-10-05T20:37:30.685706] [SUCCESS] EXPERIMENT COMPLETE - Result: SOLID_REPRO, Port: 0

[2025-10-05T20:37:30.741891] [INFO] Test Folder: C:\SystemDebug\Logs\20251005_203615_T11_CoreFrequency

[2025-10-05T20:37:30.804701] [ANALYSIS] SWEEP ANALYSIS COMPLETE

[2025-10-05T20:37:30.863655] [ANALYSIS] Sweep Summary: {'sweep_type': 'frequency', 'sweep_domain': 'ia', 'total_points': 7, 'failure_points': 7, 'pattern': 'no_sensitivity'}
    Data: {
  "sweep_type": "frequency",
  "sweep_domain": "ia",
  "voltage_type": "ppvc",
  "total_points": 7,
  "failure_points": 7,
  "pass_points": 0,
  "failure_values": [
    8,
    12,
    16,
    20,
    24,
    28,
    32
  ],
  "pass_values": [],
  "sensitivity_analysis": {
    "pattern": "no_sensitivity",
    "description": "Unit not sensitive to frequency ia (ppvc) - fails across entire range (no recovery condition)",
    "recommendation": "Unit fails across entire tested frequency range - no sensitivity threshold found",
    "voltage_type_context": "ppvc",
    "failure_mode": "complete_failure_no_recovery"
  }
}

[2025-10-05T20:37:31.048447] [INFO] Experiment data persisted to test section: CoreFrequency

[2025-10-05T20:37:31.102716] [INFO] Node name: FreqIA

[2025-10-05T20:37:31.156677] [TRACKER] TRACKER STATE SNAPSHOT

[2025-10-05T20:37:31.207741] [TRACKER] Tracker State: {'experiments_count': 6, 'current_experiment': {'node_name': 'FreqIA', 'node_type': 'CharacterizationFlowInstance', 'iterations_count': 7}, 'flow_summary': {'total_nodes': 6, 'recovery_conditions': 0, 'failure_conditions': 1}}
    Data: {
  "experiments_count": 6,
  "current_experiment": {
    "node_name": "FreqIA",
    "node_type": "CharacterizationFlowInstance",
    "iterations_count": 7
  },
  "flow_summary": {
    "total_nodes": 6,
    "recovery_conditions": 0,
    "failure_conditions": 1
  }
}

[2025-10-05T20:37:31.654574] [ANALYSIS] Starting comprehensive analysis

[2025-10-05T20:37:31.719588] [ANALYSIS] COMPREHENSIVE ANALYSIS COMPLETE

[2025-10-05T20:37:31.773394] [ANALYSIS] Analysis Summary: {'total_experiments': 6, 'valid_experiments': 6, 'voltage_experiments': 2, 'frequency_experiments': 2, 'recovery_conditions': 0, 'failure_conditions': 1}
    Data: {
  "total_experiments": 6,
  "valid_experiments": 6,
  "voltage_experiments": 2,
  "frequency_experiments": 2,
  "recovery_conditions": 0,
  "failure_conditions": 1
}

[2025-10-05T20:37:32.190118] [INFO] Comprehensive analysis saved to: debug_logs\comprehensive_analysis_20251005_203134.json

[2025-10-05T20:37:32.652915] [SUCCESS] EXPERIMENT COMPLETE - Result: ANALYSIS_COMPLETE, Port: 0

[2025-10-05T20:37:32.702265] [ANALYSIS] SWEEP ANALYSIS COMPLETE

[2025-10-05T20:37:32.754677] [ANALYSIS] Sweep Summary: {'sweep_type': 'frequency', 'sweep_domain': 'ia', 'total_points': 7, 'failure_points': 7, 'pattern': 'no_sensitivity'}
    Data: {
  "sweep_type": "frequency",
  "sweep_domain": "ia",
  "voltage_type": "ppvc",
  "total_points": 7,
  "failure_points": 7,
  "pass_points": 0,
  "failure_values": [
    8,
    12,
    16,
    20,
    24,
    28,
    32
  ],
  "pass_values": [],
  "sensitivity_analysis": {
    "pattern": "no_sensitivity",
    "description": "Unit not sensitive to frequency ia (ppvc) - fails across entire range (no recovery condition)",
    "recommendation": "Unit fails across entire tested frequency range - no sensitivity threshold found",
    "voltage_type_context": "ppvc",
    "failure_mode": "complete_failure_no_recovery"
  }
}

[2025-10-05T20:37:32.915651] [INFO] Experiment data persisted to test section: CoreFrequency

[2025-10-05T20:37:32.968052] [INFO] Node name: FreqIA

[2025-10-05T20:37:33.020853] [TRACKER] TRACKER STATE SNAPSHOT

[2025-10-05T20:37:33.074900] [TRACKER] Tracker State: {'experiments_count': 7, 'current_experiment': {'node_name': 'FreqIA', 'node_type': 'CharacterizationFlowInstance', 'iterations_count': 7}, 'flow_summary': {'total_nodes': 7, 'recovery_conditions': 0, 'failure_conditions': 1}}
    Data: {
  "experiments_count": 7,
  "current_experiment": {
    "node_name": "FreqIA",
    "node_type": "CharacterizationFlowInstance",
    "iterations_count": 7
  },
  "flow_summary": {
    "total_nodes": 7,
    "recovery_conditions": 0,
    "failure_conditions": 1
  }
}

