=== EXPERIMENT TRACKER DEBUG SESSION STARTED ===
Session ID: 20251006_131843
Start Time: 2025-10-06T13:18:43.160178
============================================================

[2025-10-06T13:18:43.183507] [TRACKER] ExperimentTracker initialized

[2025-10-06T13:18:45.063010] [EXPERIMENT] EXPERIMENT START - Node: BaseRepro (ID: NODE_002)

[2025-10-06T13:18:45.147991] [CONFIG] Experiment config saved to: debug_logs\experiment_config_NODE_002_20251006_131843.json

[2025-10-06T13:18:45.196837] [CONFIG] Key Config Parameters: {'Test Type': 'Loops', 'Content': 'Dragon'}
    Data: {
  "Test Type": "Loops",
  "Content": "Dragon"
}

[2025-10-06T13:18:45.242194] [EXPERIMENT] Flow experiment started: BaseRepro

[2025-10-06T13:18:52.929306] [TRACKER] ITERATION 0 - Status: FAIL

[2025-10-06T13:19:10.669943] [TRACKER] ITERATION 0 - Status: FAIL

[2025-10-06T13:19:28.837922] [TRACKER] ITERATION 0 - Status: FAIL

[2025-10-06T13:19:46.483756] [TRACKER] ITERATION 0 - Status: FAIL

[2025-10-06T13:19:47.993152] [SUCCESS] EXPERIMENT COMPLETE - Result: SOLID_REPRO, Port: 1

[2025-10-06T13:19:48.044802] [INFO] Test Folder: C:\SystemDebug\Logs\20251006_131845_T1_DragonBaseline

[2025-10-06T13:19:48.260382] [INFO] Experiment data persisted to test section: DragonBaseline

[2025-10-06T13:19:48.309773] [INFO] Node name: BaseRepro

[2025-10-06T13:19:48.358480] [TRACKER] TRACKER STATE SNAPSHOT

[2025-10-06T13:19:48.420418] [TRACKER] Tracker State: {'experiments_count': 1, 'current_experiment': {'node_name': 'BaseRepro', 'node_type': 'AllFailFlowInstance', 'iterations_count': 4}, 'flow_summary': {'total_nodes': 1, 'recovery_conditions': 0, 'failure_conditions': 1}}
    Data: {
  "experiments_count": 1,
  "current_experiment": {
    "node_name": "BaseRepro",
    "node_type": "AllFailFlowInstance",
    "iterations_count": 4
  },
  "flow_summary": {
    "total_nodes": 1,
    "recovery_conditions": 0,
    "failure_conditions": 1
  }
}

[2025-10-06T13:19:48.743285] [ANALYSIS] Getting adaptive analysis data for: AllFailFlowInstance

[2025-10-06T13:19:48.799450] [ANALYSIS] ADAPTIVE ANALYSIS

[2025-10-06T13:19:48.841306] [ANALYSIS] Source: BaseRepro (Port: 1)

[2025-10-06T13:19:48.886713] [ANALYSIS] Recovery Potential: low

[2025-10-06T13:19:48.933912] [ANALYSIS] Recommended Config: {'Experiment': 'Enabled', 'Test Name': 'DragonBaseline', 'Test Mode': 'Mesh', 'Test Type': 'Loops', 'Visual ID': '75YB873100474', 'Bucket': 'IDIPAR', 'COM Port': 11, 'IP Address': '192.168.0.2', 'TTL Folder': 'Q:\\DPM_Debug\\GNR\\Logs\\LLC\\2509_75YB873100474\\TTL_DragonMesh', 'Scripts File': None, 'Pass String': 'Test Complete', 'Fail String': 'Test Failed', 'Content': <ContentType.DRAGON: 'Dragon'>, 'Test Number': 1, 'Test Time': 45, 'Reset': True, 'Reset on PASS': True, 'FastBoot': True, 'Core License': None, '600W Unit': True, 'Pseudo Config': False, 'Configuration (Mask)': '', 'Boot Breakpoint': None, 'Disable 2 Cores': None, 'Check Core': 141, 'Voltage Type': 'vbump', 'Voltage IA': None, 'Voltage CFC': None, 'Frequency IA': None, 'Frequency CFC': None, 'Loops': 5, 'Type': 'Voltage', 'Domain': 'IA', 'Start': -0.03, 'End': 0.06, 'Steps': 0.03, 'ShmooFile': 'C:\\SystemDebug\\Shmoos\\RVPShmooConfig.json', 'ShmooLabel': 'COREFIX', 'Linux Pre Command': None, 'Linux Post Command': None, 'Startup Linux': None, 'Linux Path': None, 'Linux Content Wait Time': None, 'Linux Content Line 0': None, 'Linux Content Line 1': None, 'Dragon Pre Command': None, 'Dragon Post Command': None, 'Startup Dragon': 'startup_efi.nsh', 'ULX Path': 'FS1:\\EFI\\ulx', 'ULX CPU': 'GNR_B0', 'Product Chop': 'GNR', 'VVAR0': '0x4C4B40', 'VVAR1': 80064000, 'VVAR2': '0x1000000', 'VVAR3': '0x4000000', 'VVAR_EXTRA': None, 'Dragon Content Path': 'FS1:\\content\\Dragon\\7410_0x0E_PPV_MegaMem\\GNR128C_H_1UP', 'Dragon Content Line': None, 'Stop on Fail': True, 'Merlin Name': 'MerlinX.efi', 'Merlin Drive': 'FS1:', 'Merlin Path': 'FS1:\\EFI\\Version8.15\\BinFiles\\Release'}
    Data: {
  "Experiment": "Enabled",
  "Test Name": "DragonBaseline",
  "Test Mode": "Mesh",
  "Test Type": "Loops",
  "Visual ID": "75YB873100474",
  "Bucket": "IDIPAR",
  "COM Port": 11,
  "IP Address": "192.168.0.2",
  "TTL Folder": "Q:\\DPM_Debug\\GNR\\Logs\\LLC\\2509_75YB873100474\\TTL_DragonMesh",
  "Scripts File": null,
  "Pass String": "Test Complete",
  "Fail String": "Test Failed",
  "Content": "ContentType.DRAGON",
  "Test Number": 1,
  "Test Time": 45,
  "Reset": true,
  "Reset on PASS": true,
  "FastBoot": true,
  "Core License": null,
  "600W Unit": true,
  "Pseudo Config": false,
  "Configuration (Mask)": "",
  "Boot Breakpoint": null,
  "Disable 2 Cores": null,
  "Check Core": 141,
  "Voltage Type": "vbump",
  "Voltage IA": null,
  "Voltage CFC": null,
  "Frequency IA": null,
  "Frequency CFC": null,
  "Loops": 5,
  "Type": "Voltage",
  "Domain": "IA",
  "Start": -0.03,
  "End": 0.06,
  "Steps": 0.03,
  "ShmooFile": "C:\\SystemDebug\\Shmoos\\RVPShmooConfig.json",
  "ShmooLabel": "COREFIX",
  "Linux Pre Command": null,
  "Linux Post Command": null,
  "Startup Linux": null,
  "Linux Path": null,
  "Linux Content Wait Time": null,
  "Linux Content Line 0": null,
  "Linux Content Line 1": null,
  "Dragon Pre Command": null,
  "Dragon Post Command": null,
  "Startup Dragon": "startup_efi.nsh",
  "ULX Path": "FS1:\\EFI\\ulx",
  "ULX CPU": "GNR_B0",
  "Product Chop": "GNR",
  "VVAR0": "0x4C4B40",
  "VVAR1": 80064000,
  "VVAR2": "0x1000000",
  "VVAR3": "0x4000000",
  "VVAR_EXTRA": null,
  "Dragon Content Path": "FS1:\\content\\Dragon\\7410_0x0E_PPV_MegaMem\\GNR128C_H_1UP",
  "Dragon Content Line": null,
  "Stop on Fail": true,
  "Merlin Name": "MerlinX.efi",
  "Merlin Drive": "FS1:",
  "Merlin Path": "FS1:\\EFI\\Version8.15\\BinFiles\\Release"
}

[2025-10-06T13:19:49.227853] [SUCCESS] EXPERIMENT COMPLETE - Result: CONFIG_PASSED, Port: 0

[2025-10-06T13:19:49.374733] [INFO] Experiment data persisted to test section: DragonBaseline

[2025-10-06T13:19:49.426633] [INFO] Node name: BaseRepro

[2025-10-06T13:19:49.481090] [TRACKER] TRACKER STATE SNAPSHOT

[2025-10-06T13:19:49.532385] [TRACKER] Tracker State: {'experiments_count': 2, 'current_experiment': {'node_name': 'BaseRepro', 'node_type': 'AllFailFlowInstance', 'iterations_count': 4}, 'flow_summary': {'total_nodes': 2, 'recovery_conditions': 0, 'failure_conditions': 1}}
    Data: {
  "experiments_count": 2,
  "current_experiment": {
    "node_name": "BaseRepro",
    "node_type": "AllFailFlowInstance",
    "iterations_count": 4
  },
  "flow_summary": {
    "total_nodes": 2,
    "recovery_conditions": 0,
    "failure_conditions": 1
  }
}

[2025-10-06T13:19:50.746883] [EXPERIMENT] EXPERIMENT START - Node: CFC_Voltage (ID: NODE_006)

[2025-10-06T13:19:50.878108] [CONFIG] Experiment config saved to: debug_logs\experiment_config_NODE_006_20251006_131843.json

[2025-10-06T13:19:50.943259] [CONFIG] Key Config Parameters: {'Test Type': 'Sweep', 'Content': 'Dragon'}
    Data: {
  "Test Type": "Sweep",
  "Content": "Dragon"
}

[2025-10-06T13:19:50.994078] [EXPERIMENT] Flow experiment started: CFC_Voltage

[2025-10-06T13:19:58.497710] [TRACKER] ITERATION 0 - Status: FAIL

[2025-10-06T13:19:58.551452] [TRACKER]   Sweep Value: 0.0

[2025-10-06T13:19:58.599638] [TRACKER]   Config: {'voltage_cfc': 0.0}

[2025-10-06T13:20:09.368281] [TRACKER] ITERATION 0 - Status: FAIL

[2025-10-06T13:20:09.457566] [TRACKER]   Sweep Value: 0.05

[2025-10-06T13:20:09.514235] [TRACKER]   Config: {'voltage_cfc': 0.05}

[2025-10-06T13:20:20.961527] [TRACKER] ITERATION 0 - Status: FAIL

[2025-10-06T13:20:21.016854] [TRACKER]   Sweep Value: 0.1

[2025-10-06T13:20:21.070065] [TRACKER]   Config: {'voltage_cfc': 0.1}

[2025-10-06T13:20:31.822649] [TRACKER] ITERATION 0 - Status: FAIL

[2025-10-06T13:20:31.881086] [TRACKER]   Sweep Value: 0.15

[2025-10-06T13:20:31.931677] [TRACKER]   Config: {'voltage_cfc': 0.15}

[2025-10-06T13:20:42.498337] [TRACKER] ITERATION 0 - Status: PASS

[2025-10-06T13:20:42.561254] [TRACKER]   Sweep Value: 0.2

[2025-10-06T13:20:42.636159] [TRACKER]   Config: {'voltage_cfc': 0.2}

[2025-10-06T13:20:44.585505] [SUCCESS] EXPERIMENT COMPLETE - Result: MOSTLY_FAILING, Port: 0

[2025-10-06T13:20:44.674248] [INFO] Test Folder: C:\SystemDebug\Logs\20251006_131951_T1_CFCVoltage

[2025-10-06T13:20:44.727371] [ANALYSIS] SWEEP ANALYSIS COMPLETE

[2025-10-06T13:20:44.790645] [ANALYSIS] Sweep Summary: {'sweep_type': 'voltage', 'sweep_domain': 'cfc', 'total_points': 5, 'failure_points': 4, 'pattern': 'threshold_sensitivity'}
    Data: {
  "sweep_type": "voltage",
  "sweep_domain": "cfc",
  "voltage_type": "vbump",
  "total_points": 5,
  "failure_points": 4,
  "pass_points": 1,
  "failure_values": [
    0.0,
    0.05,
    0.1,
    0.15
  ],
  "pass_values": [
    0.2
  ],
  "sensitivity_analysis": {
    "pattern": "threshold_sensitivity",
    "description": "Unit sensitive below 0.2 voltage (vbump) - recovers at higher values",
    "failure_range": [
      0.0,
      0.15
    ],
    "pass_range": [
      0.2,
      0.2
    ],
    "safe_values": [
      0.2
    ],
    "voltage_type_context": "vbump",
    "recommendation": "Use values >= 0.2 for recovery (vbump specific to tested domain)"
  }
}

[2025-10-06T13:20:44.992493] [INFO] Experiment data persisted to test section: CFCVoltage

[2025-10-06T13:20:45.050919] [INFO] Node name: CFC_Voltage

[2025-10-06T13:20:45.110741] [TRACKER] TRACKER STATE SNAPSHOT

[2025-10-06T13:20:45.172172] [TRACKER] Tracker State: {'experiments_count': 3, 'current_experiment': {'node_name': 'CFC_Voltage', 'node_type': 'CharacterizationFlowInstance', 'iterations_count': 5}, 'flow_summary': {'total_nodes': 3, 'recovery_conditions': 0, 'failure_conditions': 1}}
    Data: {
  "experiments_count": 3,
  "current_experiment": {
    "node_name": "CFC_Voltage",
    "node_type": "CharacterizationFlowInstance",
    "iterations_count": 5
  },
  "flow_summary": {
    "total_nodes": 3,
    "recovery_conditions": 0,
    "failure_conditions": 1
  }
}

[2025-10-06T13:20:48.405556] [EXPERIMENT] EXPERIMENT START - Node: CFC_Frequency (ID: NODE_007)

[2025-10-06T13:20:48.527263] [CONFIG] Experiment config saved to: debug_logs\experiment_config_NODE_007_20251006_131843.json

[2025-10-06T13:20:48.596548] [CONFIG] Key Config Parameters: {'Test Type': 'Sweep', 'Content': 'Dragon'}
    Data: {
  "Test Type": "Sweep",
  "Content": "Dragon"
}

[2025-10-06T13:20:48.655694] [EXPERIMENT] Flow experiment started: CFC_Frequency

[2025-10-06T13:20:57.046321] [TRACKER] ITERATION 0 - Status: PASS

[2025-10-06T13:20:57.111539] [TRACKER]   Sweep Value: 8

[2025-10-06T13:20:57.163160] [TRACKER]   Config: {'frequency_cfc': 8}

[2025-10-06T13:21:08.343555] [TRACKER] ITERATION 0 - Status: FAIL

[2025-10-06T13:21:08.404487] [TRACKER]   Sweep Value: 12

[2025-10-06T13:21:08.461548] [TRACKER]   Config: {'frequency_cfc': 12}

[2025-10-06T13:21:18.741202] [TRACKER] ITERATION 0 - Status: FAIL

[2025-10-06T13:21:18.828914] [TRACKER]   Sweep Value: 16

[2025-10-06T13:21:18.887051] [TRACKER]   Config: {'frequency_cfc': 16}

[2025-10-06T13:21:30.720987] [TRACKER] ITERATION 0 - Status: FAIL

[2025-10-06T13:21:30.813060] [TRACKER]   Sweep Value: 20

[2025-10-06T13:21:30.873891] [TRACKER]   Config: {'frequency_cfc': 20}

[2025-10-06T13:21:41.941940] [TRACKER] ITERATION 0 - Status: FAIL

[2025-10-06T13:21:42.008259] [TRACKER]   Sweep Value: 24

[2025-10-06T13:21:42.067552] [TRACKER]   Config: {'frequency_cfc': 24}

[2025-10-06T13:21:43.938961] [SUCCESS] EXPERIMENT COMPLETE - Result: MOSTLY_FAILING, Port: 0

[2025-10-06T13:21:43.995504] [INFO] Test Folder: C:\SystemDebug\Logs\20251006_132049_T1_CFCFrequency

[2025-10-06T13:21:44.057187] [ANALYSIS] SWEEP ANALYSIS COMPLETE

[2025-10-06T13:21:44.116588] [ANALYSIS] Sweep Summary: {'sweep_type': 'frequency', 'sweep_domain': 'cfc', 'total_points': 5, 'failure_points': 4, 'pattern': 'upper_threshold_sensitivity'}
    Data: {
  "sweep_type": "frequency",
  "sweep_domain": "cfc",
  "voltage_type": "vbump",
  "total_points": 5,
  "failure_points": 4,
  "pass_points": 1,
  "failure_values": [
    12,
    16,
    20,
    24
  ],
  "pass_values": [
    8
  ],
  "sensitivity_analysis": {
    "pattern": "upper_threshold_sensitivity",
    "description": "Unit sensitive above 8 frequency (vbump) - recovers at lower values",
    "failure_range": [
      12,
      24
    ],
    "pass_range": [
      8,
      8
    ],
    "safe_values": [
      8
    ],
    "voltage_type_context": "vbump",
    "recommendation": "Use values <= 8 for recovery (vbump specific to tested domain)"
  }
}

[2025-10-06T13:21:44.300045] [INFO] Experiment data persisted to test section: CFCFrequency

[2025-10-06T13:21:44.355435] [INFO] Node name: CFC_Frequency

[2025-10-06T13:21:44.407345] [TRACKER] TRACKER STATE SNAPSHOT

[2025-10-06T13:21:44.460800] [TRACKER] Tracker State: {'experiments_count': 4, 'current_experiment': {'node_name': 'CFC_Frequency', 'node_type': 'CharacterizationFlowInstance', 'iterations_count': 5}, 'flow_summary': {'total_nodes': 4, 'recovery_conditions': 0, 'failure_conditions': 1}}
    Data: {
  "experiments_count": 4,
  "current_experiment": {
    "node_name": "CFC_Frequency",
    "node_type": "CharacterizationFlowInstance",
    "iterations_count": 5
  },
  "flow_summary": {
    "total_nodes": 4,
    "recovery_conditions": 0,
    "failure_conditions": 1
  }
}

[2025-10-06T13:21:46.162255] [EXPERIMENT] EXPERIMENT START - Node: IA_Voltage (ID: NODE_008)

[2025-10-06T13:21:46.259791] [CONFIG] Experiment config saved to: debug_logs\experiment_config_NODE_008_20251006_131843.json

[2025-10-06T13:21:46.326132] [CONFIG] Key Config Parameters: {'Test Type': 'Sweep', 'Content': 'Dragon'}
    Data: {
  "Test Type": "Sweep",
  "Content": "Dragon"
}

[2025-10-06T13:21:46.380067] [EXPERIMENT] Flow experiment started: IA_Voltage

[2025-10-06T13:21:53.987144] [TRACKER] ITERATION 0 - Status: FAIL

[2025-10-06T13:21:54.064061] [TRACKER]   Sweep Value: 0.0

[2025-10-06T13:21:54.124802] [TRACKER]   Config: {'voltage_ia': 0.0}

[2025-10-06T13:22:04.467687] [TRACKER] ITERATION 0 - Status: FAIL

[2025-10-06T13:22:04.532644] [TRACKER]   Sweep Value: 0.05

[2025-10-06T13:22:04.586775] [TRACKER]   Config: {'voltage_ia': 0.05}

[2025-10-06T13:22:15.534470] [TRACKER] ITERATION 0 - Status: PASS

[2025-10-06T13:22:15.611340] [TRACKER]   Sweep Value: 0.1

[2025-10-06T13:22:15.664584] [TRACKER]   Config: {'voltage_ia': 0.1}

[2025-10-06T13:22:25.921386] [TRACKER] ITERATION 0 - Status: FAIL

[2025-10-06T13:22:25.982184] [TRACKER]   Sweep Value: 0.15

[2025-10-06T13:22:26.031172] [TRACKER]   Config: {'voltage_ia': 0.15}

[2025-10-06T13:22:37.083465] [TRACKER] ITERATION 0 - Status: FAIL

[2025-10-06T13:22:37.158737] [TRACKER]   Sweep Value: 0.2

[2025-10-06T13:22:37.235828] [TRACKER]   Config: {'voltage_ia': 0.2}

[2025-10-06T13:22:39.128600] [SUCCESS] EXPERIMENT COMPLETE - Result: MOSTLY_FAILING, Port: 0

[2025-10-06T13:22:39.188123] [INFO] Test Folder: C:\SystemDebug\Logs\20251006_132146_T1_IAVoltage

[2025-10-06T13:22:39.251239] [ANALYSIS] SWEEP ANALYSIS COMPLETE

[2025-10-06T13:22:39.326584] [ANALYSIS] Sweep Summary: {'sweep_type': 'voltage', 'sweep_domain': 'ia', 'total_points': 5, 'failure_points': 4, 'pattern': 'mixed_sensitivity'}
    Data: {
  "sweep_type": "voltage",
  "sweep_domain": "ia",
  "voltage_type": "vbump",
  "total_points": 5,
  "failure_points": 4,
  "pass_points": 1,
  "failure_values": [
    0.0,
    0.05,
    0.15,
    0.2
  ],
  "pass_values": [
    0.1
  ],
  "sensitivity_analysis": {
    "pattern": "mixed_sensitivity",
    "description": "Unit has mixed sensitivity pattern for voltage ia (vbump)",
    "failure_range": [
      0.0,
      0.2
    ],
    "pass_range": [
      0.1,
      0.1
    ],
    "safe_values": [
      0.1
    ],
    "voltage_type_context": "vbump",
    "recommendation": "Avoid failure values, use passing values for recovery (vbump specific to tested domain)"
  }
}

[2025-10-06T13:22:39.510952] [INFO] Experiment data persisted to test section: IAVoltage

[2025-10-06T13:22:39.562556] [INFO] Node name: IA_Voltage

[2025-10-06T13:22:39.619367] [TRACKER] TRACKER STATE SNAPSHOT

[2025-10-06T13:22:39.679151] [TRACKER] Tracker State: {'experiments_count': 5, 'current_experiment': {'node_name': 'IA_Voltage', 'node_type': 'CharacterizationFlowInstance', 'iterations_count': 5}, 'flow_summary': {'total_nodes': 5, 'recovery_conditions': 0, 'failure_conditions': 1}}
    Data: {
  "experiments_count": 5,
  "current_experiment": {
    "node_name": "IA_Voltage",
    "node_type": "CharacterizationFlowInstance",
    "iterations_count": 5
  },
  "flow_summary": {
    "total_nodes": 5,
    "recovery_conditions": 0,
    "failure_conditions": 1
  }
}

[2025-10-06T13:22:41.200969] [EXPERIMENT] EXPERIMENT START - Node: IA_Frequency (ID: NODE_009)

[2025-10-06T13:22:41.302764] [CONFIG] Experiment config saved to: debug_logs\experiment_config_NODE_009_20251006_131843.json

[2025-10-06T13:22:41.361362] [CONFIG] Key Config Parameters: {'Test Type': 'Sweep', 'Content': 'Dragon'}
    Data: {
  "Test Type": "Sweep",
  "Content": "Dragon"
}

[2025-10-06T13:22:41.414020] [EXPERIMENT] Flow experiment started: IA_Frequency

[2025-10-06T13:22:50.198716] [TRACKER] ITERATION 0 - Status: FAIL

[2025-10-06T13:22:50.270020] [TRACKER]   Sweep Value: 8

[2025-10-06T13:22:50.337227] [TRACKER]   Config: {'frequency_ia': 8}

[2025-10-06T13:23:01.117502] [TRACKER] ITERATION 0 - Status: FAIL

[2025-10-06T13:23:01.179260] [TRACKER]   Sweep Value: 12

[2025-10-06T13:23:01.231590] [TRACKER]   Config: {'frequency_ia': 12}

[2025-10-06T13:23:12.178910] [TRACKER] ITERATION 0 - Status: FAIL

[2025-10-06T13:23:12.275873] [TRACKER]   Sweep Value: 16

[2025-10-06T13:23:12.329764] [TRACKER]   Config: {'frequency_ia': 16}

[2025-10-06T13:23:23.191374] [TRACKER] ITERATION 0 - Status: FAIL

[2025-10-06T13:23:23.261868] [TRACKER]   Sweep Value: 20

[2025-10-06T13:23:23.318452] [TRACKER]   Config: {'frequency_ia': 20}

[2025-10-06T13:23:33.540594] [TRACKER] ITERATION 0 - Status: FAIL

[2025-10-06T13:23:33.598845] [TRACKER]   Sweep Value: 24

[2025-10-06T13:23:33.657320] [TRACKER]   Config: {'frequency_ia': 24}

[2025-10-06T13:23:44.037085] [TRACKER] ITERATION 0 - Status: FAIL

[2025-10-06T13:23:44.095939] [TRACKER]   Sweep Value: 28

[2025-10-06T13:23:44.153254] [TRACKER]   Config: {'frequency_ia': 28}

[2025-10-06T13:23:54.102943] [TRACKER] ITERATION 0 - Status: FAIL

[2025-10-06T13:23:54.167473] [TRACKER]   Sweep Value: 32

[2025-10-06T13:23:54.224746] [TRACKER]   Config: {'frequency_ia': 32}

[2025-10-06T13:23:55.580883] [SUCCESS] EXPERIMENT COMPLETE - Result: SOLID_REPRO, Port: 0

[2025-10-06T13:23:55.639044] [INFO] Test Folder: C:\SystemDebug\Logs\20251006_132241_T1_IAFrequency

[2025-10-06T13:23:55.698704] [ANALYSIS] SWEEP ANALYSIS COMPLETE

[2025-10-06T13:23:55.747256] [ANALYSIS] Sweep Summary: {'sweep_type': 'frequency', 'sweep_domain': 'ia', 'total_points': 7, 'failure_points': 7, 'pattern': 'no_sensitivity'}
    Data: {
  "sweep_type": "frequency",
  "sweep_domain": "ia",
  "voltage_type": "vbump",
  "total_points": 7,
  "failure_points": 7,
  "pass_points": 0,
  "failure_values": [
    8,
    12,
    16,
    20,
    24,
    28,
    32
  ],
  "pass_values": [],
  "sensitivity_analysis": {
    "pattern": "no_sensitivity",
    "description": "Unit not sensitive to frequency ia (vbump) - fails across entire range (no recovery condition)",
    "recommendation": "Unit fails across entire tested frequency range - no sensitivity threshold found",
    "voltage_type_context": "vbump",
    "failure_mode": "complete_failure_no_recovery"
  }
}

[2025-10-06T13:23:55.911018] [INFO] Experiment data persisted to test section: IAFrequency

[2025-10-06T13:23:55.992679] [INFO] Node name: IA_Frequency

[2025-10-06T13:23:56.089767] [TRACKER] TRACKER STATE SNAPSHOT

[2025-10-06T13:23:56.140722] [TRACKER] Tracker State: {'experiments_count': 6, 'current_experiment': {'node_name': 'IA_Frequency', 'node_type': 'CharacterizationFlowInstance', 'iterations_count': 7}, 'flow_summary': {'total_nodes': 6, 'recovery_conditions': 0, 'failure_conditions': 1}}
    Data: {
  "experiments_count": 6,
  "current_experiment": {
    "node_name": "IA_Frequency",
    "node_type": "CharacterizationFlowInstance",
    "iterations_count": 7
  },
  "flow_summary": {
    "total_nodes": 6,
    "recovery_conditions": 0,
    "failure_conditions": 1
  }
}

[2025-10-06T13:23:56.650731] [ANALYSIS] Starting comprehensive analysis

[2025-10-06T13:23:56.721817] [ANALYSIS] COMPREHENSIVE ANALYSIS COMPLETE

[2025-10-06T13:23:56.773749] [ANALYSIS] Analysis Summary: {'total_experiments': 6, 'valid_experiments': 6, 'voltage_experiments': 2, 'frequency_experiments': 2, 'recovery_conditions': 0, 'failure_conditions': 1}
    Data: {
  "total_experiments": 6,
  "valid_experiments": 6,
  "voltage_experiments": 2,
  "frequency_experiments": 2,
  "recovery_conditions": 0,
  "failure_conditions": 1
}

[2025-10-06T13:23:57.101338] [INFO] Comprehensive analysis saved to: debug_logs\comprehensive_analysis_20251006_131843.json

[2025-10-06T13:23:58.227732] [SUCCESS] EXPERIMENT COMPLETE - Result: ANALYSIS_COMPLETE, Port: 0

[2025-10-06T13:23:58.286305] [ANALYSIS] SWEEP ANALYSIS COMPLETE

[2025-10-06T13:23:58.346255] [ANALYSIS] Sweep Summary: {'sweep_type': 'frequency', 'sweep_domain': 'ia', 'total_points': 7, 'failure_points': 7, 'pattern': 'no_sensitivity'}
    Data: {
  "sweep_type": "frequency",
  "sweep_domain": "ia",
  "voltage_type": "vbump",
  "total_points": 7,
  "failure_points": 7,
  "pass_points": 0,
  "failure_values": [
    8,
    12,
    16,
    20,
    24,
    28,
    32
  ],
  "pass_values": [],
  "sensitivity_analysis": {
    "pattern": "no_sensitivity",
    "description": "Unit not sensitive to frequency ia (vbump) - fails across entire range (no recovery condition)",
    "recommendation": "Unit fails across entire tested frequency range - no sensitivity threshold found",
    "voltage_type_context": "vbump",
    "failure_mode": "complete_failure_no_recovery"
  }
}

[2025-10-06T13:23:58.506120] [INFO] Experiment data persisted to test section: IAFrequency

[2025-10-06T13:23:58.567522] [INFO] Node name: IA_Frequency

[2025-10-06T13:23:58.620487] [TRACKER] TRACKER STATE SNAPSHOT

[2025-10-06T13:23:58.677202] [TRACKER] Tracker State: {'experiments_count': 7, 'current_experiment': {'node_name': 'IA_Frequency', 'node_type': 'CharacterizationFlowInstance', 'iterations_count': 7}, 'flow_summary': {'total_nodes': 7, 'recovery_conditions': 0, 'failure_conditions': 1}}
    Data: {
  "experiments_count": 7,
  "current_experiment": {
    "node_name": "IA_Frequency",
    "node_type": "CharacterizationFlowInstance",
    "iterations_count": 7
  },
  "flow_summary": {
    "total_nodes": 7,
    "recovery_conditions": 0,
    "failure_conditions": 1
  }
}

