=== EXPERIMENT TRACKER DEBUG SESSION STARTED ===
Session ID: 20251005_035901
Start Time: 2025-10-05T03:59:01.700789
============================================================

[2025-10-05T03:59:01.756988] [TRACKER] ExperimentTracker initialized

[2025-10-05T03:59:05.417982] [EXPERIMENT] EXPERIMENT START - Node: Base (ID: NODE_002)

[2025-10-05T03:59:05.512257] [CONFIG] Experiment config saved to: debug_logs\experiment_config_NODE_002_20251005_035901.json

[2025-10-05T03:59:05.556928] [CONFIG] Key Config Parameters: {'Test Type': 'Loops', 'Content': 'Dragon'}
    Data: {
  "Test Type": "Loops",
  "Content": "Dragon"
}

[2025-10-05T03:59:05.608143] [EXPERIMENT] Flow experiment started: Base

[2025-10-05T03:59:13.851592] [TRACKER] ITERATION 0 - Status: FAIL

[2025-10-05T03:59:31.683722] [TRACKER] ITERATION 0 - Status: FAIL

[2025-10-05T03:59:50.649098] [TRACKER] ITERATION 0 - Status: FAIL

[2025-10-05T04:00:09.255751] [TRACKER] ITERATION 0 - Status: PASS

[2025-10-05T04:00:10.801509] [SUCCESS] EXPERIMENT COMPLETE - Result: MOSTLY_FAILING, Port: 1

[2025-10-05T04:00:10.863199] [INFO] Test Folder: C:\SystemDebug\Logs\20251005_035905_T11_Baseline

[2025-10-05T04:00:11.157647] [INFO] Experiment data persisted to node section: Base

[2025-10-05T04:00:11.224066] [INFO] Execution status: COMPLETED_UNKNOWN

[2025-10-05T04:00:11.283064] [TRACKER] TRACKER STATE SNAPSHOT

[2025-10-05T04:00:11.339325] [TRACKER] Tracker State: {'experiments_count': 1, 'current_experiment': {'node_name': 'Base', 'node_type': 'AllFailFlowInstance', 'iterations_count': 4}, 'flow_summary': {'total_nodes': 1, 'recovery_conditions': 0, 'failure_conditions': 1}}
    Data: {
  "experiments_count": 1,
  "current_experiment": {
    "node_name": "Base",
    "node_type": "AllFailFlowInstance",
    "iterations_count": 4
  },
  "flow_summary": {
    "total_nodes": 1,
    "recovery_conditions": 0,
    "failure_conditions": 1
  }
}

[2025-10-05T04:00:11.555614] [ANALYSIS] Getting adaptive analysis data for: AllFailFlowInstance

[2025-10-05T04:00:11.601778] [ANALYSIS] ADAPTIVE ANALYSIS

[2025-10-05T04:00:11.645353] [ANALYSIS] Source: Base (Port: 1)

[2025-10-05T04:00:11.689954] [ANALYSIS] Recovery Potential: medium

[2025-10-05T04:00:11.737020] [ANALYSIS] Recommended Config: {'Content': <ContentType.DRAGON: 'Dragon'>, 'Configuration (Mask)': 'FirstPass', 'Voltage Type': 'vbump'}
    Data: {
  "Content": "ContentType.DRAGON",
  "Configuration (Mask)": "FirstPass",
  "Voltage Type": "vbump"
}

[2025-10-05T04:00:11.923581] [SUCCESS] EXPERIMENT COMPLETE - Result: CONFIG_PASSED, Port: 0

[2025-10-05T04:00:12.069985] [INFO] Experiment data persisted to node section: Base

[2025-10-05T04:00:12.125813] [INFO] Execution status: COMPLETED_UNKNOWN

[2025-10-05T04:00:12.173696] [TRACKER] TRACKER STATE SNAPSHOT

[2025-10-05T04:00:12.241028] [TRACKER] Tracker State: {'experiments_count': 2, 'current_experiment': {'node_name': 'Base', 'node_type': 'AllFailFlowInstance', 'iterations_count': 4}, 'flow_summary': {'total_nodes': 2, 'recovery_conditions': 0, 'failure_conditions': 1}}
    Data: {
  "experiments_count": 2,
  "current_experiment": {
    "node_name": "Base",
    "node_type": "AllFailFlowInstance",
    "iterations_count": 4
  },
  "flow_summary": {
    "total_nodes": 2,
    "recovery_conditions": 0,
    "failure_conditions": 1
  }
}

[2025-10-05T04:00:13.104967] [EXPERIMENT] EXPERIMENT START - Node: VoltageCFC (ID: NODE_006)

[2025-10-05T04:00:13.203725] [CONFIG] Experiment config saved to: debug_logs\experiment_config_NODE_006_20251005_035901.json

[2025-10-05T04:00:13.253061] [CONFIG] Key Config Parameters: {'Test Type': 'Sweep', 'Content': <ContentType.DRAGON: 'Dragon'>}
    Data: {
  "Test Type": "Sweep",
  "Content": "ContentType.DRAGON"
}

[2025-10-05T04:00:13.303453] [EXPERIMENT] Flow experiment started: VoltageCFC

[2025-10-05T04:00:21.317129] [TRACKER] ITERATION 0 - Status: FAIL

[2025-10-05T04:00:21.420989] [TRACKER]   Config: {'voltage_cfc': -0.04}

[2025-10-05T04:00:33.878891] [TRACKER] ITERATION 0 - Status: FAIL

[2025-10-05T04:00:33.937651] [TRACKER]   Config: {'voltage_cfc': -0.02}

[2025-10-05T04:00:45.124623] [TRACKER] ITERATION 0 - Status: FAIL

[2025-10-05T04:00:45.181644] [TRACKER]   Config: {'voltage_cfc': 0.0}

[2025-10-05T04:00:56.620179] [TRACKER] ITERATION 0 - Status: FAIL

[2025-10-05T04:00:56.678336] [TRACKER]   Config: {'voltage_cfc': 0.02}

[2025-10-05T04:00:58.650919] [SUCCESS] EXPERIMENT COMPLETE - Result: SOLID_REPRO, Port: 0

[2025-10-05T04:00:58.705631] [INFO] Test Folder: C:\SystemDebug\Logs\20251005_040013_T11_Characterization_Baseline

[2025-10-05T04:00:58.759422] [ANALYSIS] SWEEP ANALYSIS COMPLETE

[2025-10-05T04:00:58.811032] [ANALYSIS] Sweep Summary: {'sweep_type': 'Voltage', 'sweep_domain': 'CFC', 'total_points': 4, 'failure_points': 4, 'pattern': 'complete_sensitivity'}
    Data: {
  "sweep_type": "Voltage",
  "sweep_domain": "CFC",
  "voltage_type": "vbump",
  "total_points": 4,
  "failure_points": 4,
  "pass_points": 0,
  "failure_values": [],
  "pass_values": [],
  "sensitivity_analysis": {
    "pattern": "complete_sensitivity",
    "description": "Unit completely sensitive to Voltage CFC (vbump)",
    "recommendation": "Unit fails across entire tested range",
    "voltage_type_context": "vbump"
  }
}

[2025-10-05T04:00:58.922338] [WARNING] Created new section for node: VoltageCFC

[2025-10-05T04:00:59.020898] [INFO] Experiment data persisted to node section: VoltageCFC

[2025-10-05T04:00:59.077875] [INFO] Execution status: COMPLETED_REPRO_FOUND

[2025-10-05T04:00:59.129753] [TRACKER] TRACKER STATE SNAPSHOT

[2025-10-05T04:00:59.182551] [TRACKER] Tracker State: {'experiments_count': 3, 'current_experiment': {'node_name': 'VoltageCFC', 'node_type': 'CharacterizationFlowInstance', 'iterations_count': 4}, 'flow_summary': {'total_nodes': 3, 'recovery_conditions': 0, 'failure_conditions': 1}}
    Data: {
  "experiments_count": 3,
  "current_experiment": {
    "node_name": "VoltageCFC",
    "node_type": "CharacterizationFlowInstance",
    "iterations_count": 4
  },
  "flow_summary": {
    "total_nodes": 3,
    "recovery_conditions": 0,
    "failure_conditions": 1
  }
}

[2025-10-05T04:01:00.865979] [EXPERIMENT] EXPERIMENT START - Node: FreqCFC (ID: NODE_007)

[2025-10-05T04:01:00.971452] [CONFIG] Experiment config saved to: debug_logs\experiment_config_NODE_007_20251005_035901.json

[2025-10-05T04:01:01.031216] [CONFIG] Key Config Parameters: {'Test Type': 'Sweep', 'Content': <ContentType.DRAGON: 'Dragon'>, 'Voltage CFC': -0.04}
    Data: {
  "Test Type": "Sweep",
  "Content": "ContentType.DRAGON",
  "Voltage CFC": -0.04
}

[2025-10-05T04:01:01.092546] [EXPERIMENT] Flow experiment started: FreqCFC

[2025-10-05T04:01:08.267164] [TRACKER] ITERATION 0 - Status: FAIL

[2025-10-05T04:01:08.327806] [TRACKER]   Config: {'voltage_cfc': -0.04, 'frequency_cfc': 8}

[2025-10-05T04:01:19.051126] [TRACKER] ITERATION 0 - Status: FAIL

[2025-10-05T04:01:19.109722] [TRACKER]   Config: {'voltage_cfc': -0.04, 'frequency_cfc': 12}

[2025-10-05T04:01:29.250481] [TRACKER] ITERATION 0 - Status: FAIL

[2025-10-05T04:01:29.312511] [TRACKER]   Config: {'voltage_cfc': -0.04, 'frequency_cfc': 16}

[2025-10-05T04:01:30.750445] [SUCCESS] EXPERIMENT COMPLETE - Result: SOLID_REPRO, Port: 0

[2025-10-05T04:01:30.799132] [INFO] Test Folder: C:\SystemDebug\Logs\20251005_040101_T11_Characterization_Characterization_Baseline

[2025-10-05T04:01:30.848901] [ANALYSIS] SWEEP ANALYSIS COMPLETE

[2025-10-05T04:01:30.903282] [ANALYSIS] Sweep Summary: {'sweep_type': 'Frequency', 'sweep_domain': 'CFC', 'total_points': 3, 'failure_points': 3, 'pattern': 'complete_sensitivity'}
    Data: {
  "sweep_type": "Frequency",
  "sweep_domain": "CFC",
  "voltage_type": "vbump",
  "total_points": 3,
  "failure_points": 3,
  "pass_points": 0,
  "failure_values": [],
  "pass_values": [],
  "sensitivity_analysis": {
    "pattern": "complete_sensitivity",
    "description": "Unit completely sensitive to Frequency CFC (vbump)",
    "recommendation": "Unit fails across entire tested range",
    "voltage_type_context": "vbump"
  }
}

[2025-10-05T04:01:31.007501] [WARNING] Created new section for node: FreqCFC

[2025-10-05T04:01:31.108275] [INFO] Experiment data persisted to node section: FreqCFC

[2025-10-05T04:01:31.164513] [INFO] Execution status: COMPLETED_REPRO_FOUND

[2025-10-05T04:01:31.225556] [TRACKER] TRACKER STATE SNAPSHOT

[2025-10-05T04:01:31.278615] [TRACKER] Tracker State: {'experiments_count': 4, 'current_experiment': {'node_name': 'FreqCFC', 'node_type': 'CharacterizationFlowInstance', 'iterations_count': 3}, 'flow_summary': {'total_nodes': 4, 'recovery_conditions': 0, 'failure_conditions': 1}}
    Data: {
  "experiments_count": 4,
  "current_experiment": {
    "node_name": "FreqCFC",
    "node_type": "CharacterizationFlowInstance",
    "iterations_count": 3
  },
  "flow_summary": {
    "total_nodes": 4,
    "recovery_conditions": 0,
    "failure_conditions": 1
  }
}

[2025-10-05T04:01:33.019778] [EXPERIMENT] EXPERIMENT START - Node: VoltageIA (ID: NODE_008)

[2025-10-05T04:01:33.111670] [CONFIG] Experiment config saved to: debug_logs\experiment_config_NODE_008_20251005_035901.json

[2025-10-05T04:01:33.170422] [CONFIG] Key Config Parameters: {'Test Type': 'Sweep', 'Content': <ContentType.DRAGON: 'Dragon'>, 'Voltage CFC': -0.04, 'Frequency CFC': 8}
    Data: {
  "Test Type": "Sweep",
  "Content": "ContentType.DRAGON",
  "Voltage CFC": -0.04,
  "Frequency CFC": 8
}

[2025-10-05T04:01:33.224581] [EXPERIMENT] Flow experiment started: VoltageIA

[2025-10-05T04:01:41.274776] [TRACKER] ITERATION 0 - Status: FAIL

[2025-10-05T04:01:41.335935] [TRACKER]   Config: {'voltage_ia': 0.0, 'voltage_cfc': -0.04, 'frequency_cfc': 8}

[2025-10-05T04:01:52.089238] [TRACKER] ITERATION 0 - Status: FAIL

[2025-10-05T04:01:52.149384] [TRACKER]   Config: {'voltage_ia': 0.02, 'voltage_cfc': -0.04, 'frequency_cfc': 8}

[2025-10-05T04:02:03.309703] [TRACKER] ITERATION 0 - Status: PASS

[2025-10-05T04:02:03.376879] [TRACKER]   Config: {'voltage_ia': 0.04, 'voltage_cfc': -0.04, 'frequency_cfc': 8}

[2025-10-05T04:02:14.859083] [TRACKER] ITERATION 0 - Status: FAIL

[2025-10-05T04:02:14.921432] [TRACKER]   Config: {'voltage_ia': 0.06, 'voltage_cfc': -0.04, 'frequency_cfc': 8}

[2025-10-05T04:02:27.160593] [TRACKER] ITERATION 0 - Status: FAIL

[2025-10-05T04:02:27.224762] [TRACKER]   Config: {'voltage_ia': 0.08, 'voltage_cfc': -0.04, 'frequency_cfc': 8}

[2025-10-05T04:02:38.056712] [TRACKER] ITERATION 0 - Status: FAIL

[2025-10-05T04:02:38.126420] [TRACKER]   Config: {'voltage_ia': 0.1, 'voltage_cfc': -0.04, 'frequency_cfc': 8}

[2025-10-05T04:02:39.558293] [SUCCESS] EXPERIMENT COMPLETE - Result: MOSTLY_FAILING, Port: 0

[2025-10-05T04:02:39.615323] [INFO] Test Folder: C:\SystemDebug\Logs\20251005_040133_T11_Characterization_Characterization_Characterization_Baseline

[2025-10-05T04:02:39.674245] [ANALYSIS] SWEEP ANALYSIS COMPLETE

[2025-10-05T04:02:39.731167] [ANALYSIS] Sweep Summary: {'sweep_type': 'Voltage', 'sweep_domain': 'IA', 'total_points': 6, 'failure_points': 5, 'pattern': 'unknown'}
    Data: {
  "sweep_type": "Voltage",
  "sweep_domain": "IA",
  "voltage_type": "vbump",
  "total_points": 6,
  "failure_points": 5,
  "pass_points": 1,
  "failure_values": [],
  "pass_values": [],
  "sensitivity_analysis": {
    "pattern": "unknown",
    "description": "Unable to determine sensitivity pattern",
    "recommendation": "More data needed for analysis",
    "voltage_type_context": "vbump"
  }
}

[2025-10-05T04:02:39.844553] [WARNING] Created new section for node: VoltageIA

[2025-10-05T04:02:39.980331] [INFO] Experiment data persisted to node section: VoltageIA

[2025-10-05T04:02:40.038155] [INFO] Execution status: COMPLETED_UNKNOWN

[2025-10-05T04:02:40.110065] [TRACKER] TRACKER STATE SNAPSHOT

[2025-10-05T04:02:40.184461] [TRACKER] Tracker State: {'experiments_count': 5, 'current_experiment': {'node_name': 'VoltageIA', 'node_type': 'CharacterizationFlowInstance', 'iterations_count': 6}, 'flow_summary': {'total_nodes': 5, 'recovery_conditions': 0, 'failure_conditions': 1}}
    Data: {
  "experiments_count": 5,
  "current_experiment": {
    "node_name": "VoltageIA",
    "node_type": "CharacterizationFlowInstance",
    "iterations_count": 6
  },
  "flow_summary": {
    "total_nodes": 5,
    "recovery_conditions": 0,
    "failure_conditions": 1
  }
}

[2025-10-05T04:02:42.010175] [EXPERIMENT] EXPERIMENT START - Node: FreqIA (ID: NODE_009)

[2025-10-05T04:02:42.107039] [CONFIG] Experiment config saved to: debug_logs\experiment_config_NODE_009_20251005_035901.json

[2025-10-05T04:02:42.166376] [CONFIG] Key Config Parameters: {'Test Type': 'Sweep', 'Content': <ContentType.DRAGON: 'Dragon'>, 'Voltage IA': 0.0, 'Voltage CFC': -0.04, 'Frequency CFC': 8}
    Data: {
  "Test Type": "Sweep",
  "Content": "ContentType.DRAGON",
  "Voltage IA": 0.0,
  "Voltage CFC": -0.04,
  "Frequency CFC": 8
}

[2025-10-05T04:02:42.223848] [EXPERIMENT] Flow experiment started: FreqIA

[2025-10-05T04:02:50.146000] [TRACKER] ITERATION 0 - Status: FAIL

[2025-10-05T04:02:50.208126] [TRACKER]   Config: {'voltage_ia': 0.0, 'voltage_cfc': -0.04, 'frequency_ia': 8, 'frequency_cfc': 8}

[2025-10-05T04:03:01.146298] [TRACKER] ITERATION 0 - Status: FAIL

[2025-10-05T04:03:01.206478] [TRACKER]   Config: {'voltage_ia': 0.0, 'voltage_cfc': -0.04, 'frequency_ia': 12, 'frequency_cfc': 8}

[2025-10-05T04:03:12.541721] [TRACKER] ITERATION 0 - Status: FAIL

[2025-10-05T04:03:12.619207] [TRACKER]   Config: {'voltage_ia': 0.0, 'voltage_cfc': -0.04, 'frequency_ia': 16, 'frequency_cfc': 8}

[2025-10-05T04:03:24.584176] [TRACKER] ITERATION 0 - Status: FAIL

[2025-10-05T04:03:24.656533] [TRACKER]   Config: {'voltage_ia': 0.0, 'voltage_cfc': -0.04, 'frequency_ia': 20, 'frequency_cfc': 8}

[2025-10-05T04:03:26.722987] [SUCCESS] EXPERIMENT COMPLETE - Result: SOLID_REPRO, Port: 0

[2025-10-05T04:03:26.781080] [INFO] Test Folder: C:\SystemDebug\Logs\20251005_040242_T11_Characterization_Characterization_Characterization_Characterization_Baseline

[2025-10-05T04:03:26.842199] [ANALYSIS] SWEEP ANALYSIS COMPLETE

[2025-10-05T04:03:26.909141] [ANALYSIS] Sweep Summary: {'sweep_type': 'Frequency', 'sweep_domain': 'IA', 'total_points': 4, 'failure_points': 4, 'pattern': 'complete_sensitivity'}
    Data: {
  "sweep_type": "Frequency",
  "sweep_domain": "IA",
  "voltage_type": "vbump",
  "total_points": 4,
  "failure_points": 4,
  "pass_points": 0,
  "failure_values": [],
  "pass_values": [],
  "sensitivity_analysis": {
    "pattern": "complete_sensitivity",
    "description": "Unit completely sensitive to Frequency IA (vbump)",
    "recommendation": "Unit fails across entire tested range",
    "voltage_type_context": "vbump"
  }
}

[2025-10-05T04:03:27.045879] [WARNING] Created new section for node: FreqIA

[2025-10-05T04:03:27.176395] [INFO] Experiment data persisted to node section: FreqIA

[2025-10-05T04:03:27.242850] [INFO] Execution status: COMPLETED_REPRO_FOUND

[2025-10-05T04:03:27.298995] [TRACKER] TRACKER STATE SNAPSHOT

[2025-10-05T04:03:27.355299] [TRACKER] Tracker State: {'experiments_count': 6, 'current_experiment': {'node_name': 'FreqIA', 'node_type': 'CharacterizationFlowInstance', 'iterations_count': 4}, 'flow_summary': {'total_nodes': 6, 'recovery_conditions': 0, 'failure_conditions': 1}}
    Data: {
  "experiments_count": 6,
  "current_experiment": {
    "node_name": "FreqIA",
    "node_type": "CharacterizationFlowInstance",
    "iterations_count": 4
  },
  "flow_summary": {
    "total_nodes": 6,
    "recovery_conditions": 0,
    "failure_conditions": 1
  }
}

[2025-10-05T04:03:27.868165] [ANALYSIS] Starting comprehensive analysis

[2025-10-05T04:03:27.935371] [ANALYSIS] COMPREHENSIVE ANALYSIS COMPLETE

[2025-10-05T04:03:27.993525] [ANALYSIS] Analysis Summary: {'total_experiments': 6, 'valid_experiments': 6, 'voltage_experiments': 0, 'frequency_experiments': 0, 'recovery_conditions': 0, 'failure_conditions': 1}
    Data: {
  "total_experiments": 6,
  "valid_experiments": 6,
  "voltage_experiments": 0,
  "frequency_experiments": 0,
  "recovery_conditions": 0,
  "failure_conditions": 1
}

[2025-10-05T04:03:28.182233] [INFO] Comprehensive analysis saved to: debug_logs\comprehensive_analysis_20251005_035901.json

[2025-10-05T04:03:28.490041] [SUCCESS] EXPERIMENT COMPLETE - Result: ANALYSIS_COMPLETE, Port: 0

[2025-10-05T04:03:28.555760] [ANALYSIS] SWEEP ANALYSIS COMPLETE

[2025-10-05T04:03:28.616857] [ANALYSIS] Sweep Summary: {'sweep_type': 'Frequency', 'sweep_domain': 'IA', 'total_points': 4, 'failure_points': 4, 'pattern': 'complete_sensitivity'}
    Data: {
  "sweep_type": "Frequency",
  "sweep_domain": "IA",
  "voltage_type": "vbump",
  "total_points": 4,
  "failure_points": 4,
  "pass_points": 0,
  "failure_values": [],
  "pass_values": [],
  "sensitivity_analysis": {
    "pattern": "complete_sensitivity",
    "description": "Unit completely sensitive to Frequency IA (vbump)",
    "recommendation": "Unit fails across entire tested range",
    "voltage_type_context": "vbump"
  }
}

[2025-10-05T04:03:28.806064] [INFO] Experiment data persisted to node section: FreqIA

[2025-10-05T04:03:28.874250] [INFO] Execution status: COMPLETED_UNKNOWN

[2025-10-05T04:03:28.931408] [TRACKER] TRACKER STATE SNAPSHOT

[2025-10-05T04:03:28.993416] [TRACKER] Tracker State: {'experiments_count': 7, 'current_experiment': {'node_name': 'FreqIA', 'node_type': 'CharacterizationFlowInstance', 'iterations_count': 4}, 'flow_summary': {'total_nodes': 7, 'recovery_conditions': 0, 'failure_conditions': 1}}
    Data: {
  "experiments_count": 7,
  "current_experiment": {
    "node_name": "FreqIA",
    "node_type": "CharacterizationFlowInstance",
    "iterations_count": 4
  },
  "flow_summary": {
    "total_nodes": 7,
    "recovery_conditions": 0,
    "failure_conditions": 1
  }
}

