=== EXPERIMENT TRACKER DEBUG SESSION STARTED ===
Session ID: 20251006_144647
Start Time: 2025-10-06T14:46:47.578671
============================================================

[2025-10-06T14:46:47.599797] [TRACKER] ExperimentTracker initialized

[2025-10-06T14:46:50.320859] [EXPERIMENT] EXPERIMENT START - Node: BaseRepro (ID: NODE_002)

[2025-10-06T14:46:50.424725] [CONFIG] Experiment config saved to: debug_logs\experiment_config_NODE_002_20251006_144647.json

[2025-10-06T14:46:50.471895] [CONFIG] Key Config Parameters: {'Test Type': 'Loops', 'Content': 'Dragon'}
    Data: {
  "Test Type": "Loops",
  "Content": "Dragon"
}

[2025-10-06T14:46:50.528662] [EXPERIMENT] Flow experiment started: BaseRepro

[2025-10-06T14:46:57.873268] [TRACKER] ITERATION 0 - Status: PASS

[2025-10-06T14:47:17.289706] [TRACKER] ITERATION 0 - Status: FAIL

[2025-10-06T14:47:35.110469] [TRACKER] ITERATION 0 - Status: FAIL

[2025-10-06T14:47:52.265036] [TRACKER] ITERATION 0 - Status: FAIL

[2025-10-06T14:48:10.671611] [TRACKER] ITERATION 0 - Status: FAIL

[2025-10-06T14:48:12.750412] [SUCCESS] EXPERIMENT COMPLETE - Result: MOSTLY_FAILING, Port: 2

[2025-10-06T14:48:12.826007] [INFO] Test Folder: C:\SystemDebug\Logs\20251006_144650_T1_DragonBaseline

[2025-10-06T14:48:13.111207] [INFO] Experiment data persisted to test section: DragonBaseline

[2025-10-06T14:48:13.209938] [INFO] Node name: BaseRepro

[2025-10-06T14:48:13.285330] [TRACKER] TRACKER STATE SNAPSHOT

[2025-10-06T14:48:13.356862] [TRACKER] Tracker State: {'experiments_count': 1, 'current_experiment': {'node_name': 'BaseRepro', 'node_type': 'AllFailFlowInstance', 'iterations_count': 5}, 'flow_summary': {'total_nodes': 1, 'recovery_conditions': 0, 'failure_conditions': 0}}
    Data: {
  "experiments_count": 1,
  "current_experiment": {
    "node_name": "BaseRepro",
    "node_type": "AllFailFlowInstance",
    "iterations_count": 5
  },
  "flow_summary": {
    "total_nodes": 1,
    "recovery_conditions": 0,
    "failure_conditions": 0
  }
}

[2025-10-06T14:48:13.536798] [EXPERIMENT] EXPERIMENT START - Node: PPVC (ID: NODE_003)

[2025-10-06T14:48:13.680423] [CONFIG] Experiment config saved to: debug_logs\experiment_config_NODE_003_20251006_144647.json

[2025-10-06T14:48:13.751040] [CONFIG] Key Config Parameters: {'Test Type': 'Loops', 'Content': 'Dragon'}
    Data: {
  "Test Type": "Loops",
  "Content": "Dragon"
}

[2025-10-06T14:48:13.830027] [EXPERIMENT] Flow experiment started: PPVC

[2025-10-06T14:48:21.652889] [TRACKER] ITERATION 0 - Status: FAIL

[2025-10-06T14:48:40.141959] [TRACKER] ITERATION 0 - Status: PASS

[2025-10-06T14:48:58.695294] [TRACKER] ITERATION 0 - Status: FAIL

[2025-10-06T14:49:00.966539] [SUCCESS] EXPERIMENT COMPLETE - Result: MOSTLY_FAILING, Port: 2

[2025-10-06T14:49:01.035069] [INFO] Test Folder: C:\SystemDebug\Logs\20251006_144814_T2_DragonPPVC

[2025-10-06T14:49:01.491612] [INFO] Experiment data persisted to test section: DragonPPVC

[2025-10-06T14:49:01.566851] [INFO] Node name: PPVC

[2025-10-06T14:49:01.680170] [TRACKER] TRACKER STATE SNAPSHOT

[2025-10-06T14:49:01.758468] [TRACKER] Tracker State: {'experiments_count': 2, 'current_experiment': {'node_name': 'PPVC', 'node_type': 'AllFailFlowInstance', 'iterations_count': 3}, 'flow_summary': {'total_nodes': 2, 'recovery_conditions': 0, 'failure_conditions': 0}}
    Data: {
  "experiments_count": 2,
  "current_experiment": {
    "node_name": "PPVC",
    "node_type": "AllFailFlowInstance",
    "iterations_count": 3
  },
  "flow_summary": {
    "total_nodes": 2,
    "recovery_conditions": 0,
    "failure_conditions": 0
  }
}

[2025-10-06T14:49:02.415493] [EXPERIMENT] EXPERIMENT START - Node: ExtendedDragon (ID: NODE_004)

[2025-10-06T14:49:02.542713] [CONFIG] Experiment config saved to: debug_logs\experiment_config_NODE_004_20251006_144647.json

[2025-10-06T14:49:02.593200] [CONFIG] Key Config Parameters: {'Test Type': 'Loops', 'Content': 'Dragon'}
    Data: {
  "Test Type": "Loops",
  "Content": "Dragon"
}

[2025-10-06T14:49:02.647735] [EXPERIMENT] Flow experiment started: ExtendedDragon

[2025-10-06T14:49:11.850949] [TRACKER] ITERATION 0 - Status: FAIL

[2025-10-06T14:49:29.442935] [TRACKER] ITERATION 0 - Status: FAIL

[2025-10-06T14:49:47.449360] [TRACKER] ITERATION 0 - Status: FAIL

[2025-10-06T14:49:49.487845] [SUCCESS] EXPERIMENT COMPLETE - Result: SOLID_REPRO, Port: 1

[2025-10-06T14:49:49.551890] [INFO] Test Folder: C:\SystemDebug\Logs\20251006_144902_T2_DragonPPVC

[2025-10-06T14:49:49.766529] [INFO] Experiment data persisted to test section: DragonPPVC

[2025-10-06T14:49:49.846232] [INFO] Node name: ExtendedDragon

[2025-10-06T14:49:49.913791] [TRACKER] TRACKER STATE SNAPSHOT

[2025-10-06T14:49:49.972246] [TRACKER] Tracker State: {'experiments_count': 3, 'current_experiment': {'node_name': 'ExtendedDragon', 'node_type': 'AllFailFlowInstance', 'iterations_count': 3}, 'flow_summary': {'total_nodes': 3, 'recovery_conditions': 0, 'failure_conditions': 1}}
    Data: {
  "experiments_count": 3,
  "current_experiment": {
    "node_name": "ExtendedDragon",
    "node_type": "AllFailFlowInstance",
    "iterations_count": 3
  },
  "flow_summary": {
    "total_nodes": 3,
    "recovery_conditions": 0,
    "failure_conditions": 1
  }
}

[2025-10-06T14:49:50.412051] [ANALYSIS] Getting adaptive analysis data for: AllFailFlowInstance

[2025-10-06T14:49:50.484979] [ANALYSIS] ADAPTIVE ANALYSIS

[2025-10-06T14:49:50.775945] [ANALYSIS] Source: ExtendedDragon (Port: 1)

[2025-10-06T14:49:50.914482] [ANALYSIS] Recovery Potential: low

[2025-10-06T14:49:50.972614] [ANALYSIS] Recommended Config: {'Experiment': 'Enabled', 'Test Name': 'DragonPPVC', 'Test Mode': 'Mesh', 'Test Type': 'Loops', 'Visual ID': '75YB873100474', 'Bucket': 'IDIPAR', 'COM Port': 11, 'IP Address': '192.168.0.2', 'TTL Folder': 'Q:\\DPM_Debug\\GNR\\Logs\\LLC\\2509_75YB873100474\\TTL_DragonMesh', 'Scripts File': None, 'Pass String': 'Test Complete', 'Fail String': 'Test Failed', 'Content': <ContentType.DRAGON: 'Dragon'>, 'Test Number': 2, 'Test Time': 45, 'Reset': True, 'Reset on PASS': True, 'FastBoot': True, 'Core License': None, '600W Unit': True, 'Pseudo Config': False, 'Configuration (Mask)': None, 'Boot Breakpoint': '0xa2000000', 'Disable 2 Cores': None, 'Check Core': 141, 'Voltage Type': 'vbump', 'Voltage IA': None, 'Voltage CFC': None, 'Frequency IA': None, 'Frequency CFC': None, 'Loops': 3, 'Type': 'Voltage', 'Domain': 'IA', 'Start': 0.0, 'End': 0.1, 'Steps': 0.02, 'ShmooFile': 'C:\\SystemDebug\\Shmoos\\RVPShmooConfig.json', 'ShmooLabel': 'COREFIX', 'Linux Pre Command': None, 'Linux Post Command': None, 'Startup Linux': None, 'Linux Path': None, 'Linux Content Wait Time': None, 'Linux Content Line 0': None, 'Linux Content Line 1': None, 'Dragon Pre Command': None, 'Dragon Post Command': None, 'Startup Dragon': 'startup_efi.nsh', 'ULX Path': 'FS1:\\EFI\\ulx', 'ULX CPU': 'GNR_B0', 'Product Chop': 'GNR', 'VVAR0': '0x4C4B40', 'VVAR1': 989680, 'VVAR2': '0x1000000', 'VVAR3': '0x4000000', 'VVAR_EXTRA': None, 'Dragon Content Path': 'FS1:\\content\\Dragon\\7410_0x0E_PPV_MegaMem\\GNR128C_H_1UP', 'Dragon Content Line': None, 'Stop on Fail': True, 'Merlin Name': 'MerlinX.efi', 'Merlin Drive': 'FS1:', 'Merlin Path': 'FS1:\\EFI\\Version8.15\\BinFiles\\Release', 'Post Process': None, 'Linux Pass String': None, 'Linux Fail String': None, 'Linux Content Line 2': None, 'Linux Content Line 3': None, 'Linux Content Line 4': None, 'Linux Content Line 5': None}
    Data: {
  "Experiment": "Enabled",
  "Test Name": "DragonPPVC",
  "Test Mode": "Mesh",
  "Test Type": "Loops",
  "Visual ID": "75YB873100474",
  "Bucket": "IDIPAR",
  "COM Port": 11,
  "IP Address": "192.168.0.2",
  "TTL Folder": "Q:\\DPM_Debug\\GNR\\Logs\\LLC\\2509_75YB873100474\\TTL_DragonMesh",
  "Scripts File": null,
  "Pass String": "Test Complete",
  "Fail String": "Test Failed",
  "Content": "ContentType.DRAGON",
  "Test Number": 2,
  "Test Time": 45,
  "Reset": true,
  "Reset on PASS": true,
  "FastBoot": true,
  "Core License": null,
  "600W Unit": true,
  "Pseudo Config": false,
  "Configuration (Mask)": null,
  "Boot Breakpoint": "0xa2000000",
  "Disable 2 Cores": null,
  "Check Core": 141,
  "Voltage Type": "vbump",
  "Voltage IA": null,
  "Voltage CFC": null,
  "Frequency IA": null,
  "Frequency CFC": null,
  "Loops": 3,
  "Type": "Voltage",
  "Domain": "IA",
  "Start": 0.0,
  "End": 0.1,
  "Steps": 0.02,
  "ShmooFile": "C:\\SystemDebug\\Shmoos\\RVPShmooConfig.json",
  "ShmooLabel": "COREFIX",
  "Linux Pre Command": null,
  "Linux Post Command": null,
  "Startup Linux": null,
  "Linux Path": null,
  "Linux Content Wait Time": null,
  "Linux Content Line 0": null,
  "Linux Content Line 1": null,
  "Dragon Pre Command": null,
  "Dragon Post Command": null,
  "Startup Dragon": "startup_efi.nsh",
  "ULX Path": "FS1:\\EFI\\ulx",
  "ULX CPU": "GNR_B0",
  "Product Chop": "GNR",
  "VVAR0": "0x4C4B40",
  "VVAR1": 989680,
  "VVAR2": "0x1000000",
  "VVAR3": "0x4000000",
  "VVAR_EXTRA": null,
  "Dragon Content Path": "FS1:\\content\\Dragon\\7410_0x0E_PPV_MegaMem\\GNR128C_H_1UP",
  "Dragon Content Line": null,
  "Stop on Fail": true,
  "Merlin Name": "MerlinX.efi",
  "Merlin Drive": "FS1:",
  "Merlin Path": "FS1:\\EFI\\Version8.15\\BinFiles\\Release",
  "Post Process": null,
  "Linux Pass String": null,
  "Linux Fail String": null,
  "Linux Content Line 2": null,
  "Linux Content Line 3": null,
  "Linux Content Line 4": null,
  "Linux Content Line 5": null
}

[2025-10-06T14:49:51.366524] [SUCCESS] EXPERIMENT COMPLETE - Result: CONFIG_PASSED, Port: 0

[2025-10-06T14:49:51.552543] [INFO] Experiment data persisted to test section: DragonPPVC

[2025-10-06T14:49:51.623659] [INFO] Node name: ExtendedDragon

[2025-10-06T14:49:51.696554] [TRACKER] TRACKER STATE SNAPSHOT

[2025-10-06T14:49:51.776040] [TRACKER] Tracker State: {'experiments_count': 4, 'current_experiment': {'node_name': 'ExtendedDragon', 'node_type': 'AllFailFlowInstance', 'iterations_count': 3}, 'flow_summary': {'total_nodes': 4, 'recovery_conditions': 0, 'failure_conditions': 1}}
    Data: {
  "experiments_count": 4,
  "current_experiment": {
    "node_name": "ExtendedDragon",
    "node_type": "AllFailFlowInstance",
    "iterations_count": 3
  },
  "flow_summary": {
    "total_nodes": 4,
    "recovery_conditions": 0,
    "failure_conditions": 1
  }
}

[2025-10-06T14:49:53.645878] [EXPERIMENT] EXPERIMENT START - Node: CFC_Voltage (ID: NODE_006)

[2025-10-06T14:49:53.810175] [CONFIG] Experiment config saved to: debug_logs\experiment_config_NODE_006_20251006_144647.json

[2025-10-06T14:49:53.903185] [CONFIG] Key Config Parameters: {'Test Type': 'Sweep', 'Content': 'Dragon'}
    Data: {
  "Test Type": "Sweep",
  "Content": "Dragon"
}

[2025-10-06T14:49:53.957426] [EXPERIMENT] Flow experiment started: CFC_Voltage

[2025-10-06T14:50:01.679270] [TRACKER] ITERATION 0 - Status: FAIL

[2025-10-06T14:50:01.778347] [TRACKER]   Sweep Value: 0.0

[2025-10-06T14:50:01.836841] [TRACKER]   Config: {'voltage_cfc': 0.0}

[2025-10-06T14:50:13.198172] [TRACKER] ITERATION 0 - Status: FAIL

[2025-10-06T14:50:13.278130] [TRACKER]   Sweep Value: 0.05

[2025-10-06T14:50:13.366659] [TRACKER]   Config: {'voltage_cfc': 0.05}

[2025-10-06T14:50:23.898759] [TRACKER] ITERATION 0 - Status: FAIL

[2025-10-06T14:50:23.962727] [TRACKER]   Sweep Value: 0.1

[2025-10-06T14:50:24.017721] [TRACKER]   Config: {'voltage_cfc': 0.1}

[2025-10-06T14:50:34.930220] [TRACKER] ITERATION 0 - Status: FAIL

[2025-10-06T14:50:35.026614] [TRACKER]   Sweep Value: 0.15

[2025-10-06T14:50:35.092876] [TRACKER]   Config: {'voltage_cfc': 0.15}

[2025-10-06T14:50:46.502944] [TRACKER] ITERATION 0 - Status: FAIL

[2025-10-06T14:50:46.570412] [TRACKER]   Sweep Value: 0.2

[2025-10-06T14:50:46.640757] [TRACKER]   Config: {'voltage_cfc': 0.2}

[2025-10-06T14:50:47.977318] [SUCCESS] EXPERIMENT COMPLETE - Result: SOLID_REPRO, Port: 0

[2025-10-06T14:50:48.041140] [INFO] Test Folder: C:\SystemDebug\Logs\20251006_144954_T2_CFCVoltage

[2025-10-06T14:50:48.103626] [ANALYSIS] SWEEP ANALYSIS COMPLETE

[2025-10-06T14:50:48.182090] [ANALYSIS] Sweep Summary: {'sweep_type': 'voltage', 'sweep_domain': 'cfc', 'total_points': 5, 'failure_points': 5, 'pattern': 'no_sensitivity'}
    Data: {
  "sweep_type": "voltage",
  "sweep_domain": "cfc",
  "voltage_type": "vbump",
  "total_points": 5,
  "failure_points": 5,
  "pass_points": 0,
  "failure_values": [
    0.0,
    0.05,
    0.1,
    0.15,
    0.2
  ],
  "pass_values": [],
  "sensitivity_analysis": {
    "pattern": "no_sensitivity",
    "description": "Unit not sensitive to voltage cfc (vbump) - fails across entire range (no recovery condition)",
    "recommendation": "Unit fails across entire tested voltage range - no sensitivity threshold found",
    "voltage_type_context": "vbump",
    "failure_mode": "complete_failure_no_recovery"
  }
}

[2025-10-06T14:50:48.341427] [INFO] Experiment data persisted to test section: CFCVoltage

[2025-10-06T14:50:48.393274] [INFO] Node name: CFC_Voltage

[2025-10-06T14:50:48.443736] [TRACKER] TRACKER STATE SNAPSHOT

[2025-10-06T14:50:48.495608] [TRACKER] Tracker State: {'experiments_count': 5, 'current_experiment': {'node_name': 'CFC_Voltage', 'node_type': 'CharacterizationFlowInstance', 'iterations_count': 5}, 'flow_summary': {'total_nodes': 5, 'recovery_conditions': 0, 'failure_conditions': 1}}
    Data: {
  "experiments_count": 5,
  "current_experiment": {
    "node_name": "CFC_Voltage",
    "node_type": "CharacterizationFlowInstance",
    "iterations_count": 5
  },
  "flow_summary": {
    "total_nodes": 5,
    "recovery_conditions": 0,
    "failure_conditions": 1
  }
}

[2025-10-06T14:50:50.187809] [EXPERIMENT] EXPERIMENT START - Node: CFC_Frequency (ID: NODE_007)

[2025-10-06T14:50:50.290587] [CONFIG] Experiment config saved to: debug_logs\experiment_config_NODE_007_20251006_144647.json

[2025-10-06T14:50:50.344449] [CONFIG] Key Config Parameters: {'Test Type': 'Sweep', 'Content': 'Dragon'}
    Data: {
  "Test Type": "Sweep",
  "Content": "Dragon"
}

[2025-10-06T14:50:50.415281] [EXPERIMENT] Flow experiment started: CFC_Frequency

[2025-10-06T14:50:58.913364] [TRACKER] ITERATION 0 - Status: FAIL

[2025-10-06T14:50:58.973718] [TRACKER]   Sweep Value: 8

[2025-10-06T14:50:59.026349] [TRACKER]   Config: {'frequency_cfc': 8}

[2025-10-06T14:51:09.406511] [TRACKER] ITERATION 0 - Status: FAIL

[2025-10-06T14:51:09.475765] [TRACKER]   Sweep Value: 12

[2025-10-06T14:51:09.588261] [TRACKER]   Config: {'frequency_cfc': 12}

[2025-10-06T14:51:21.178912] [TRACKER] ITERATION 0 - Status: FAIL

[2025-10-06T14:51:21.235052] [TRACKER]   Sweep Value: 16

[2025-10-06T14:51:21.288164] [TRACKER]   Config: {'frequency_cfc': 16}

[2025-10-06T14:51:32.617131] [TRACKER] ITERATION 0 - Status: FAIL

[2025-10-06T14:51:32.672827] [TRACKER]   Sweep Value: 20

[2025-10-06T14:51:32.728584] [TRACKER]   Config: {'frequency_cfc': 20}

[2025-10-06T14:51:44.114683] [TRACKER] ITERATION 0 - Status: FAIL

[2025-10-06T14:51:44.185541] [TRACKER]   Sweep Value: 24

[2025-10-06T14:51:44.238214] [TRACKER]   Config: {'frequency_cfc': 24}

[2025-10-06T14:51:45.658584] [SUCCESS] EXPERIMENT COMPLETE - Result: SOLID_REPRO, Port: 0

[2025-10-06T14:51:45.710838] [INFO] Test Folder: C:\SystemDebug\Logs\20251006_145050_T2_CFCFrequency

[2025-10-06T14:51:45.771548] [ANALYSIS] SWEEP ANALYSIS COMPLETE

[2025-10-06T14:51:45.823260] [ANALYSIS] Sweep Summary: {'sweep_type': 'frequency', 'sweep_domain': 'cfc', 'total_points': 5, 'failure_points': 5, 'pattern': 'no_sensitivity'}
    Data: {
  "sweep_type": "frequency",
  "sweep_domain": "cfc",
  "voltage_type": "vbump",
  "total_points": 5,
  "failure_points": 5,
  "pass_points": 0,
  "failure_values": [
    8,
    12,
    16,
    20,
    24
  ],
  "pass_values": [],
  "sensitivity_analysis": {
    "pattern": "no_sensitivity",
    "description": "Unit not sensitive to frequency cfc (vbump) - fails across entire range (no recovery condition)",
    "recommendation": "Unit fails across entire tested frequency range - no sensitivity threshold found",
    "voltage_type_context": "vbump",
    "failure_mode": "complete_failure_no_recovery"
  }
}

[2025-10-06T14:51:46.091639] [INFO] Experiment data persisted to test section: CFCFrequency

[2025-10-06T14:51:46.164980] [INFO] Node name: CFC_Frequency

[2025-10-06T14:51:46.258186] [TRACKER] TRACKER STATE SNAPSHOT

[2025-10-06T14:51:46.365565] [TRACKER] Tracker State: {'experiments_count': 6, 'current_experiment': {'node_name': 'CFC_Frequency', 'node_type': 'CharacterizationFlowInstance', 'iterations_count': 5}, 'flow_summary': {'total_nodes': 6, 'recovery_conditions': 0, 'failure_conditions': 1}}
    Data: {
  "experiments_count": 6,
  "current_experiment": {
    "node_name": "CFC_Frequency",
    "node_type": "CharacterizationFlowInstance",
    "iterations_count": 5
  },
  "flow_summary": {
    "total_nodes": 6,
    "recovery_conditions": 0,
    "failure_conditions": 1
  }
}

[2025-10-06T14:51:48.349490] [EXPERIMENT] EXPERIMENT START - Node: IA_Voltage (ID: NODE_008)

[2025-10-06T14:51:48.557837] [CONFIG] Experiment config saved to: debug_logs\experiment_config_NODE_008_20251006_144647.json

[2025-10-06T14:51:48.631019] [CONFIG] Key Config Parameters: {'Test Type': 'Sweep', 'Content': 'Dragon'}
    Data: {
  "Test Type": "Sweep",
  "Content": "Dragon"
}

[2025-10-06T14:51:48.730808] [EXPERIMENT] Flow experiment started: IA_Voltage

[2025-10-06T14:51:56.772561] [TRACKER] ITERATION 0 - Status: FAIL

[2025-10-06T14:51:56.829172] [TRACKER]   Sweep Value: 0.0

[2025-10-06T14:51:56.879795] [TRACKER]   Config: {'voltage_ia': 0.0}

[2025-10-06T14:52:07.819077] [TRACKER] ITERATION 0 - Status: FAIL

[2025-10-06T14:52:07.880313] [TRACKER]   Sweep Value: 0.05

[2025-10-06T14:52:07.946927] [TRACKER]   Config: {'voltage_ia': 0.05}

[2025-10-06T14:52:19.285137] [TRACKER] ITERATION 0 - Status: FAIL

[2025-10-06T14:52:19.369036] [TRACKER]   Sweep Value: 0.1

[2025-10-06T14:52:19.458549] [TRACKER]   Config: {'voltage_ia': 0.1}

[2025-10-06T14:52:31.271483] [TRACKER] ITERATION 0 - Status: FAIL

[2025-10-06T14:52:31.355228] [TRACKER]   Sweep Value: 0.15

[2025-10-06T14:52:31.418597] [TRACKER]   Config: {'voltage_ia': 0.15}

[2025-10-06T14:52:42.382332] [TRACKER] ITERATION 0 - Status: FAIL

[2025-10-06T14:52:42.461358] [TRACKER]   Sweep Value: 0.2

[2025-10-06T14:52:42.514013] [TRACKER]   Config: {'voltage_ia': 0.2}

[2025-10-06T14:52:43.887086] [SUCCESS] EXPERIMENT COMPLETE - Result: SOLID_REPRO, Port: 0

[2025-10-06T14:52:43.946282] [INFO] Test Folder: C:\SystemDebug\Logs\20251006_145149_T2_IAVoltage

[2025-10-06T14:52:44.006937] [ANALYSIS] SWEEP ANALYSIS COMPLETE

[2025-10-06T14:52:44.073559] [ANALYSIS] Sweep Summary: {'sweep_type': 'voltage', 'sweep_domain': 'ia', 'total_points': 5, 'failure_points': 5, 'pattern': 'no_sensitivity'}
    Data: {
  "sweep_type": "voltage",
  "sweep_domain": "ia",
  "voltage_type": "vbump",
  "total_points": 5,
  "failure_points": 5,
  "pass_points": 0,
  "failure_values": [
    0.0,
    0.05,
    0.1,
    0.15,
    0.2
  ],
  "pass_values": [],
  "sensitivity_analysis": {
    "pattern": "no_sensitivity",
    "description": "Unit not sensitive to voltage ia (vbump) - fails across entire range (no recovery condition)",
    "recommendation": "Unit fails across entire tested voltage range - no sensitivity threshold found",
    "voltage_type_context": "vbump",
    "failure_mode": "complete_failure_no_recovery"
  }
}

[2025-10-06T14:52:44.267853] [INFO] Experiment data persisted to test section: IAVoltage

[2025-10-06T14:52:44.335031] [INFO] Node name: IA_Voltage

[2025-10-06T14:52:44.393515] [TRACKER] TRACKER STATE SNAPSHOT

[2025-10-06T14:52:44.455297] [TRACKER] Tracker State: {'experiments_count': 7, 'current_experiment': {'node_name': 'IA_Voltage', 'node_type': 'CharacterizationFlowInstance', 'iterations_count': 5}, 'flow_summary': {'total_nodes': 7, 'recovery_conditions': 0, 'failure_conditions': 1}}
    Data: {
  "experiments_count": 7,
  "current_experiment": {
    "node_name": "IA_Voltage",
    "node_type": "CharacterizationFlowInstance",
    "iterations_count": 5
  },
  "flow_summary": {
    "total_nodes": 7,
    "recovery_conditions": 0,
    "failure_conditions": 1
  }
}

[2025-10-06T14:52:46.211060] [EXPERIMENT] EXPERIMENT START - Node: IA_Frequency (ID: NODE_009)

[2025-10-06T14:52:46.303916] [CONFIG] Experiment config saved to: debug_logs\experiment_config_NODE_009_20251006_144647.json

[2025-10-06T14:52:46.361852] [CONFIG] Key Config Parameters: {'Test Type': 'Sweep', 'Content': 'Dragon'}
    Data: {
  "Test Type": "Sweep",
  "Content": "Dragon"
}

[2025-10-06T14:52:46.416511] [EXPERIMENT] Flow experiment started: IA_Frequency

[2025-10-06T14:52:54.540631] [TRACKER] ITERATION 0 - Status: FAIL

[2025-10-06T14:52:54.606657] [TRACKER]   Sweep Value: 8

[2025-10-06T14:52:54.661305] [TRACKER]   Config: {'frequency_ia': 8}

[2025-10-06T14:53:06.475694] [TRACKER] ITERATION 0 - Status: FAIL

[2025-10-06T14:53:06.541498] [TRACKER]   Sweep Value: 12

[2025-10-06T14:53:06.594643] [TRACKER]   Config: {'frequency_ia': 12}

[2025-10-06T14:53:17.474912] [TRACKER] ITERATION 0 - Status: FAIL

[2025-10-06T14:53:17.533724] [TRACKER]   Sweep Value: 16

[2025-10-06T14:53:17.587208] [TRACKER]   Config: {'frequency_ia': 16}

[2025-10-06T14:53:28.012975] [TRACKER] ITERATION 0 - Status: FAIL

[2025-10-06T14:53:28.071557] [TRACKER]   Sweep Value: 20

[2025-10-06T14:53:28.123218] [TRACKER]   Config: {'frequency_ia': 20}

[2025-10-06T14:53:38.970644] [TRACKER] ITERATION 0 - Status: FAIL

[2025-10-06T14:53:39.027537] [TRACKER]   Sweep Value: 24

[2025-10-06T14:53:39.081862] [TRACKER]   Config: {'frequency_ia': 24}

[2025-10-06T14:53:49.197044] [TRACKER] ITERATION 0 - Status: PASS

[2025-10-06T14:53:49.264431] [TRACKER]   Sweep Value: 28

[2025-10-06T14:53:49.324023] [TRACKER]   Config: {'frequency_ia': 28}

[2025-10-06T14:54:00.080565] [TRACKER] ITERATION 0 - Status: FAIL

[2025-10-06T14:54:00.159697] [TRACKER]   Sweep Value: 32

[2025-10-06T14:54:00.217416] [TRACKER]   Config: {'frequency_ia': 32}

[2025-10-06T14:54:02.261538] [SUCCESS] EXPERIMENT COMPLETE - Result: MOSTLY_FAILING, Port: 0

[2025-10-06T14:54:02.319031] [INFO] Test Folder: C:\SystemDebug\Logs\20251006_145246_T2_IAFrequency

[2025-10-06T14:54:02.399765] [ANALYSIS] SWEEP ANALYSIS COMPLETE

[2025-10-06T14:54:02.455264] [ANALYSIS] Sweep Summary: {'sweep_type': 'frequency', 'sweep_domain': 'ia', 'total_points': 7, 'failure_points': 6, 'pattern': 'mixed_sensitivity'}
    Data: {
  "sweep_type": "frequency",
  "sweep_domain": "ia",
  "voltage_type": "vbump",
  "total_points": 7,
  "failure_points": 6,
  "pass_points": 1,
  "failure_values": [
    8,
    12,
    16,
    20,
    24,
    32
  ],
  "pass_values": [
    28
  ],
  "sensitivity_analysis": {
    "pattern": "mixed_sensitivity",
    "description": "Unit has mixed sensitivity pattern for frequency ia (vbump)",
    "failure_range": [
      8,
      32
    ],
    "pass_range": [
      28,
      28
    ],
    "safe_values": [
      28
    ],
    "voltage_type_context": "vbump",
    "recommendation": "Avoid failure values, use passing values for recovery (vbump specific to tested domain)"
  }
}

[2025-10-06T14:54:02.636110] [INFO] Experiment data persisted to test section: IAFrequency

[2025-10-06T14:54:02.692114] [INFO] Node name: IA_Frequency

[2025-10-06T14:54:02.744464] [TRACKER] TRACKER STATE SNAPSHOT

[2025-10-06T14:54:02.795507] [TRACKER] Tracker State: {'experiments_count': 8, 'current_experiment': {'node_name': 'IA_Frequency', 'node_type': 'CharacterizationFlowInstance', 'iterations_count': 7}, 'flow_summary': {'total_nodes': 8, 'recovery_conditions': 0, 'failure_conditions': 1}}
    Data: {
  "experiments_count": 8,
  "current_experiment": {
    "node_name": "IA_Frequency",
    "node_type": "CharacterizationFlowInstance",
    "iterations_count": 7
  },
  "flow_summary": {
    "total_nodes": 8,
    "recovery_conditions": 0,
    "failure_conditions": 1
  }
}

[2025-10-06T14:54:03.437302] [ANALYSIS] Starting comprehensive analysis

[2025-10-06T14:54:03.520836] [ANALYSIS] COMPREHENSIVE ANALYSIS COMPLETE

[2025-10-06T14:54:03.581100] [ANALYSIS] Analysis Summary: {'total_experiments': 8, 'valid_experiments': 8, 'voltage_experiments': 2, 'frequency_experiments': 2, 'recovery_conditions': 0, 'failure_conditions': 1}
    Data: {
  "total_experiments": 8,
  "valid_experiments": 8,
  "voltage_experiments": 2,
  "frequency_experiments": 2,
  "recovery_conditions": 0,
  "failure_conditions": 1
}

[2025-10-06T14:54:03.977218] [INFO] Comprehensive analysis saved to: debug_logs\comprehensive_analysis_20251006_144647.json

[2025-10-06T14:54:04.633151] [SUCCESS] EXPERIMENT COMPLETE - Result: ANALYSIS_COMPLETE, Port: 0

[2025-10-06T14:54:04.702088] [ANALYSIS] SWEEP ANALYSIS COMPLETE

[2025-10-06T14:54:04.762186] [ANALYSIS] Sweep Summary: {'sweep_type': 'frequency', 'sweep_domain': 'ia', 'total_points': 7, 'failure_points': 6, 'pattern': 'mixed_sensitivity'}
    Data: {
  "sweep_type": "frequency",
  "sweep_domain": "ia",
  "voltage_type": "vbump",
  "total_points": 7,
  "failure_points": 6,
  "pass_points": 1,
  "failure_values": [
    8,
    12,
    16,
    20,
    24,
    32
  ],
  "pass_values": [
    28
  ],
  "sensitivity_analysis": {
    "pattern": "mixed_sensitivity",
    "description": "Unit has mixed sensitivity pattern for frequency ia (vbump)",
    "failure_range": [
      8,
      32
    ],
    "pass_range": [
      28,
      28
    ],
    "safe_values": [
      28
    ],
    "voltage_type_context": "vbump",
    "recommendation": "Avoid failure values, use passing values for recovery (vbump specific to tested domain)"
  }
}

[2025-10-06T14:54:04.939775] [INFO] Experiment data persisted to test section: IAFrequency

[2025-10-06T14:54:04.993334] [INFO] Node name: IA_Frequency

[2025-10-06T14:54:05.046949] [TRACKER] TRACKER STATE SNAPSHOT

[2025-10-06T14:54:05.101889] [TRACKER] Tracker State: {'experiments_count': 9, 'current_experiment': {'node_name': 'IA_Frequency', 'node_type': 'CharacterizationFlowInstance', 'iterations_count': 7}, 'flow_summary': {'total_nodes': 9, 'recovery_conditions': 0, 'failure_conditions': 1}}
    Data: {
  "experiments_count": 9,
  "current_experiment": {
    "node_name": "IA_Frequency",
    "node_type": "CharacterizationFlowInstance",
    "iterations_count": 7
  },
  "flow_summary": {
    "total_nodes": 9,
    "recovery_conditions": 0,
    "failure_conditions": 1
  }
}

