=== EXPERIMENT TRACKER DEBUG SESSION STARTED ===
Session ID: 20251005_061230
Start Time: 2025-10-05T06:12:30.704805
============================================================

[2025-10-05T06:12:30.772126] [TRACKER] ExperimentTracker initialized

[2025-10-05T06:12:34.086873] [EXPERIMENT] EXPERIMENT START - Node: Base (ID: NODE_002)

[2025-10-05T06:12:34.190320] [CONFIG] Experiment config saved to: debug_logs\experiment_config_NODE_002_20251005_061230.json

[2025-10-05T06:12:34.250631] [CONFIG] Key Config Parameters: {'Test Type': 'Loops', 'Content': 'Dragon'}
    Data: {
  "Test Type": "Loops",
  "Content": "Dragon"
}

[2025-10-05T06:12:34.302702] [EXPERIMENT] Flow experiment started: Base

[2025-10-05T06:12:42.405569] [TRACKER] ITERATION 0 - Status: FAIL

[2025-10-05T06:12:59.501984] [TRACKER] ITERATION 0 - Status: PASS

[2025-10-05T06:13:17.864556] [TRACKER] ITERATION 0 - Status: FAIL

[2025-10-05T06:13:36.227622] [TRACKER] ITERATION 0 - Status: PASS

[2025-10-05T06:13:54.425127] [TRACKER] ITERATION 0 - Status: FAIL

[2025-10-05T06:13:55.985142] [SUCCESS] EXPERIMENT COMPLETE - Result: MOSTLY_FAILING, Port: 2

[2025-10-05T06:13:56.033979] [INFO] Test Folder: C:\SystemDebug\Logs\20251005_061234_T11_Baseline

[2025-10-05T06:13:56.239346] [INFO] Experiment data persisted to test section: Baseline

[2025-10-05T06:13:56.291031] [INFO] Node name: Base

[2025-10-05T06:13:56.343365] [TRACKER] TRACKER STATE SNAPSHOT

[2025-10-05T06:13:56.395699] [TRACKER] Tracker State: {'experiments_count': 1, 'current_experiment': {'node_name': 'Base', 'node_type': 'AllFailFlowInstance', 'iterations_count': 5}, 'flow_summary': {'total_nodes': 1, 'recovery_conditions': 0, 'failure_conditions': 0}}
    Data: {
  "experiments_count": 1,
  "current_experiment": {
    "node_name": "Base",
    "node_type": "AllFailFlowInstance",
    "iterations_count": 5
  },
  "flow_summary": {
    "total_nodes": 1,
    "recovery_conditions": 0,
    "failure_conditions": 0
  }
}

[2025-10-05T06:13:56.692421] [EXPERIMENT] EXPERIMENT START - Node: PPVC (ID: NODE_003)

[2025-10-05T06:13:56.777875] [CONFIG] Experiment config saved to: debug_logs\experiment_config_NODE_003_20251005_061230.json

[2025-10-05T06:13:56.825658] [CONFIG] Key Config Parameters: {'Test Type': 'Loops', 'Content': 'Dragon'}
    Data: {
  "Test Type": "Loops",
  "Content": "Dragon"
}

[2025-10-05T06:13:56.874236] [EXPERIMENT] Flow experiment started: PPVC

[2025-10-05T06:14:04.492435] [TRACKER] ITERATION 0 - Status: FAIL

[2025-10-05T06:14:22.270073] [TRACKER] ITERATION 0 - Status: PASS

[2025-10-05T06:14:39.991617] [TRACKER] ITERATION 0 - Status: FAIL

[2025-10-05T06:14:58.570352] [TRACKER] ITERATION 0 - Status: FAIL

[2025-10-05T06:15:16.552524] [TRACKER] ITERATION 0 - Status: FAIL

[2025-10-05T06:15:18.179508] [SUCCESS] EXPERIMENT COMPLETE - Result: MOSTLY_FAILING, Port: 2

[2025-10-05T06:15:18.232392] [INFO] Test Folder: C:\SystemDebug\Logs\20251005_061357_T99_PPVC

[2025-10-05T06:15:18.431814] [INFO] Experiment data persisted to test section: PPVC

[2025-10-05T06:15:18.483209] [INFO] Node name: PPVC

[2025-10-05T06:15:18.528303] [TRACKER] TRACKER STATE SNAPSHOT

[2025-10-05T06:15:18.575614] [TRACKER] Tracker State: {'experiments_count': 2, 'current_experiment': {'node_name': 'PPVC', 'node_type': 'AllFailFlowInstance', 'iterations_count': 5}, 'flow_summary': {'total_nodes': 2, 'recovery_conditions': 0, 'failure_conditions': 0}}
    Data: {
  "experiments_count": 2,
  "current_experiment": {
    "node_name": "PPVC",
    "node_type": "AllFailFlowInstance",
    "iterations_count": 5
  },
  "flow_summary": {
    "total_nodes": 2,
    "recovery_conditions": 0,
    "failure_conditions": 0
  }
}

[2025-10-05T06:15:18.895909] [EXPERIMENT] EXPERIMENT START - Node: ExtendedDragon (ID: NODE_010)

[2025-10-05T06:15:18.988864] [CONFIG] Experiment config saved to: debug_logs\experiment_config_NODE_010_20251005_061230.json

[2025-10-05T06:15:19.034294] [CONFIG] Key Config Parameters: {'Test Type': 'Loops', 'Content': 'Dragon'}
    Data: {
  "Test Type": "Loops",
  "Content": "Dragon"
}

[2025-10-05T06:15:19.099773] [EXPERIMENT] Flow experiment started: ExtendedDragon

[2025-10-05T06:15:27.331490] [TRACKER] ITERATION 0 - Status: FAIL

[2025-10-05T06:15:45.454358] [TRACKER] ITERATION 0 - Status: FAIL

[2025-10-05T06:16:03.644697] [TRACKER] ITERATION 0 - Status: FAIL

[2025-10-05T06:16:05.280821] [SUCCESS] EXPERIMENT COMPLETE - Result: SOLID_REPRO, Port: 1

[2025-10-05T06:16:05.334276] [INFO] Test Folder: C:\SystemDebug\Logs\20251005_061519_T11_Baseline

[2025-10-05T06:16:05.532223] [INFO] Experiment data persisted to test section: Baseline

[2025-10-05T06:16:05.586549] [INFO] Node name: ExtendedDragon

[2025-10-05T06:16:05.640031] [TRACKER] TRACKER STATE SNAPSHOT

[2025-10-05T06:16:05.693387] [TRACKER] Tracker State: {'experiments_count': 3, 'current_experiment': {'node_name': 'ExtendedDragon', 'node_type': 'AllFailFlowInstance', 'iterations_count': 3}, 'flow_summary': {'total_nodes': 3, 'recovery_conditions': 0, 'failure_conditions': 1}}
    Data: {
  "experiments_count": 3,
  "current_experiment": {
    "node_name": "ExtendedDragon",
    "node_type": "AllFailFlowInstance",
    "iterations_count": 3
  },
  "flow_summary": {
    "total_nodes": 3,
    "recovery_conditions": 0,
    "failure_conditions": 1
  }
}

[2025-10-05T06:16:06.073696] [ANALYSIS] Getting adaptive analysis data for: AllFailFlowInstance

[2025-10-05T06:16:06.154298] [ANALYSIS] ADAPTIVE ANALYSIS

[2025-10-05T06:16:06.210322] [ANALYSIS] Source: ExtendedDragon (Port: 1)

[2025-10-05T06:16:06.266301] [ANALYSIS] Recovery Potential: low

[2025-10-05T06:16:06.320728] [ANALYSIS] Recommended Config: {'Experiment': 'Enabled', 'Test Name': 'Baseline', 'Test Mode': 'Mesh', 'Test Type': 'Loops', 'Visual ID': 'TestUnitData', 'Bucket': 'IDIPAR', 'COM Port': 11, 'IP Address': '192.168.0.2', 'TTL Folder': 'R:\\Templates\\GNR\\version_2_0\\TTL_DragonMesh', 'Scripts File': None, 'Post Process': None, 'Pass String': 'Test Complete', 'Fail String': 'Test Failed', 'Content': <ContentType.DRAGON: 'Dragon'>, 'Test Number': 11, 'Test Time': 30, 'Reset': True, 'Reset on PASS': True, 'FastBoot': True, 'Core License': None, '600W Unit': False, 'Pseudo Config': False, 'Configuration (Mask)': 'RowPass1', 'Boot Breakpoint': None, 'Disable 2 Cores': None, 'Check Core': 7, 'Voltage Type': 'vbump', 'Voltage IA': None, 'Voltage CFC': None, 'Frequency IA': None, 'Frequency CFC': None, 'Loops': 5, 'Type': 'Voltage', 'Domain': 'IA', 'Start': -0.03, 'End': 0.06, 'Steps': 0.03, 'ShmooFile': 'C:\\SystemDebug\\Shmoos\\RVPShmooConfig.json', 'ShmooLabel': 'COREFIX', 'Linux Pre Command': None, 'Linux Post Command': None, 'Linux Pass String': None, 'Linux Fail String': None, 'Startup Linux': None, 'Linux Path': None, 'Linux Content Wait Time': None, 'Linux Content Line 0': None, 'Linux Content Line 1': None, 'Dragon Pre Command': None, 'Dragon Post Command': None, 'Startup Dragon': 'startup_efi.nsh', 'ULX Path': 'FS1:\\EFI\\ulx', 'ULX CPU': 'GNR_B0', 'Product Chop': 'GNR', 'VVAR0': '0x989680', 'VVAR1': 80064000, 'VVAR2': '0x1000000', 'VVAR3': '0x4000000', 'VVAR_EXTRA': None, 'Dragon Content Path': 'FS1:\\content\\Dragon\\7410_0x0E_PPV_MM\\GNR128C_H_1UP\\', 'Dragon Content Line': None, 'Stop on Fail': True, 'Merlin Name': 'MerlinX.efi', 'Merlin Drive': 'FS1:', 'Merlin Path': 'FS1:\\EFI\\Version8.15\\BinFiles\\Release', 'Linux Content Line 2': None, 'Linux Content Line 3': None, 'Linux Content Line 4': None, 'Linux Content Line 5': None}
    Data: {
  "Experiment": "Enabled",
  "Test Name": "Baseline",
  "Test Mode": "Mesh",
  "Test Type": "Loops",
  "Visual ID": "TestUnitData",
  "Bucket": "IDIPAR",
  "COM Port": 11,
  "IP Address": "192.168.0.2",
  "TTL Folder": "R:\\Templates\\GNR\\version_2_0\\TTL_DragonMesh",
  "Scripts File": null,
  "Post Process": null,
  "Pass String": "Test Complete",
  "Fail String": "Test Failed",
  "Content": "ContentType.DRAGON",
  "Test Number": 11,
  "Test Time": 30,
  "Reset": true,
  "Reset on PASS": true,
  "FastBoot": true,
  "Core License": null,
  "600W Unit": false,
  "Pseudo Config": false,
  "Configuration (Mask)": "RowPass1",
  "Boot Breakpoint": null,
  "Disable 2 Cores": null,
  "Check Core": 7,
  "Voltage Type": "vbump",
  "Voltage IA": null,
  "Voltage CFC": null,
  "Frequency IA": null,
  "Frequency CFC": null,
  "Loops": 5,
  "Type": "Voltage",
  "Domain": "IA",
  "Start": -0.03,
  "End": 0.06,
  "Steps": 0.03,
  "ShmooFile": "C:\\SystemDebug\\Shmoos\\RVPShmooConfig.json",
  "ShmooLabel": "COREFIX",
  "Linux Pre Command": null,
  "Linux Post Command": null,
  "Linux Pass String": null,
  "Linux Fail String": null,
  "Startup Linux": null,
  "Linux Path": null,
  "Linux Content Wait Time": null,
  "Linux Content Line 0": null,
  "Linux Content Line 1": null,
  "Dragon Pre Command": null,
  "Dragon Post Command": null,
  "Startup Dragon": "startup_efi.nsh",
  "ULX Path": "FS1:\\EFI\\ulx",
  "ULX CPU": "GNR_B0",
  "Product Chop": "GNR",
  "VVAR0": "0x989680",
  "VVAR1": 80064000,
  "VVAR2": "0x1000000",
  "VVAR3": "0x4000000",
  "VVAR_EXTRA": null,
  "Dragon Content Path": "FS1:\\content\\Dragon\\7410_0x0E_PPV_MM\\GNR128C_H_1UP\\",
  "Dragon Content Line": null,
  "Stop on Fail": true,
  "Merlin Name": "MerlinX.efi",
  "Merlin Drive": "FS1:",
  "Merlin Path": "FS1:\\EFI\\Version8.15\\BinFiles\\Release",
  "Linux Content Line 2": null,
  "Linux Content Line 3": null,
  "Linux Content Line 4": null,
  "Linux Content Line 5": null
}

[2025-10-05T06:16:06.662095] [SUCCESS] EXPERIMENT COMPLETE - Result: CONFIG_PASSED, Port: 0

[2025-10-05T06:16:06.849961] [INFO] Experiment data persisted to test section: Baseline

[2025-10-05T06:16:06.899015] [INFO] Node name: ExtendedDragon

[2025-10-05T06:16:06.950472] [TRACKER] TRACKER STATE SNAPSHOT

[2025-10-05T06:16:07.006431] [TRACKER] Tracker State: {'experiments_count': 4, 'current_experiment': {'node_name': 'ExtendedDragon', 'node_type': 'AllFailFlowInstance', 'iterations_count': 3}, 'flow_summary': {'total_nodes': 4, 'recovery_conditions': 0, 'failure_conditions': 1}}
    Data: {
  "experiments_count": 4,
  "current_experiment": {
    "node_name": "ExtendedDragon",
    "node_type": "AllFailFlowInstance",
    "iterations_count": 3
  },
  "flow_summary": {
    "total_nodes": 4,
    "recovery_conditions": 0,
    "failure_conditions": 1
  }
}

[2025-10-05T06:16:08.463428] [EXPERIMENT] EXPERIMENT START - Node: VoltageCFC (ID: NODE_006)

[2025-10-05T06:16:08.552229] [CONFIG] Experiment config saved to: debug_logs\experiment_config_NODE_006_20251005_061230.json

[2025-10-05T06:16:08.604088] [CONFIG] Key Config Parameters: {'Test Type': 'Sweep', 'Content': <ContentType.DRAGON: 'Dragon'>}
    Data: {
  "Test Type": "Sweep",
  "Content": "ContentType.DRAGON"
}

[2025-10-05T06:16:08.665556] [EXPERIMENT] Flow experiment started: VoltageCFC

[2025-10-05T06:16:15.849654] [TRACKER] ITERATION 0 - Status: FAIL

[2025-10-05T06:16:15.915201] [TRACKER]   Sweep Value: -0.04

[2025-10-05T06:16:15.969695] [TRACKER]   Config: {'voltage_cfc': -0.04}

[2025-10-05T06:16:26.569034] [TRACKER] ITERATION 0 - Status: FAIL

[2025-10-05T06:16:26.630143] [TRACKER]   Sweep Value: -0.02

[2025-10-05T06:16:26.685486] [TRACKER]   Config: {'voltage_cfc': -0.02}

[2025-10-05T06:16:37.435038] [TRACKER] ITERATION 0 - Status: PASS

[2025-10-05T06:16:37.523048] [TRACKER]   Sweep Value: 0.0

[2025-10-05T06:16:37.579357] [TRACKER]   Config: {'voltage_cfc': 0.0}

[2025-10-05T06:16:48.019200] [TRACKER] ITERATION 0 - Status: FAIL

[2025-10-05T06:16:48.082947] [TRACKER]   Sweep Value: 0.02

[2025-10-05T06:16:48.140264] [TRACKER]   Config: {'voltage_cfc': 0.02}

[2025-10-05T06:16:59.518206] [TRACKER] ITERATION 0 - Status: FAIL

[2025-10-05T06:16:59.580465] [TRACKER]   Sweep Value: 0.04

[2025-10-05T06:16:59.634853] [TRACKER]   Config: {'voltage_cfc': 0.04}

[2025-10-05T06:17:10.711859] [TRACKER] ITERATION 0 - Status: FAIL

[2025-10-05T06:17:10.772134] [TRACKER]   Sweep Value: 0.06

[2025-10-05T06:17:10.826312] [TRACKER]   Config: {'voltage_cfc': 0.06}

[2025-10-05T06:17:22.259436] [TRACKER] ITERATION 0 - Status: FAIL

[2025-10-05T06:17:22.317367] [TRACKER]   Sweep Value: 0.08

[2025-10-05T06:17:22.372390] [TRACKER]   Config: {'voltage_cfc': 0.08}

[2025-10-05T06:17:33.812712] [TRACKER] ITERATION 0 - Status: FAIL

[2025-10-05T06:17:33.926255] [TRACKER]   Sweep Value: 0.1

[2025-10-05T06:17:33.984481] [TRACKER]   Config: {'voltage_cfc': 0.1}

[2025-10-05T06:17:35.904383] [SUCCESS] EXPERIMENT COMPLETE - Result: MOSTLY_FAILING, Port: 0

[2025-10-05T06:17:35.959754] [INFO] Test Folder: C:\SystemDebug\Logs\20251005_061608_T11_CFCVoltage

[2025-10-05T06:17:36.072188] [ANALYSIS] SWEEP ANALYSIS COMPLETE

[2025-10-05T06:17:36.126602] [ANALYSIS] Sweep Summary: {'sweep_type': 'voltage', 'sweep_domain': 'cfc', 'total_points': 8, 'failure_points': 7, 'pattern': 'mixed_sensitivity'}
    Data: {
  "sweep_type": "voltage",
  "sweep_domain": "cfc",
  "voltage_type": "vbump",
  "total_points": 8,
  "failure_points": 7,
  "pass_points": 1,
  "failure_values": [
    -0.04,
    -0.02,
    0.02,
    0.04,
    0.06,
    0.08,
    0.1
  ],
  "pass_values": [
    0.0
  ],
  "sensitivity_analysis": {
    "pattern": "mixed_sensitivity",
    "description": "Unit has mixed sensitivity pattern for voltage cfc (vbump)",
    "failure_range": [
      -0.04,
      0.1
    ],
    "pass_range": [
      0.0,
      0.0
    ],
    "safe_values": [
      0.0
    ],
    "voltage_type_context": "vbump",
    "recommendation": "Avoid failure values, use passing values for recovery (vbump specific to tested domain)"
  }
}

[2025-10-05T06:17:36.414125] [INFO] Experiment data persisted to test section: CFCVoltage

[2025-10-05T06:17:36.499358] [INFO] Node name: VoltageCFC

[2025-10-05T06:17:36.556980] [TRACKER] TRACKER STATE SNAPSHOT

[2025-10-05T06:17:36.628714] [TRACKER] Tracker State: {'experiments_count': 5, 'current_experiment': {'node_name': 'VoltageCFC', 'node_type': 'CharacterizationFlowInstance', 'iterations_count': 8}, 'flow_summary': {'total_nodes': 5, 'recovery_conditions': 0, 'failure_conditions': 1}}
    Data: {
  "experiments_count": 5,
  "current_experiment": {
    "node_name": "VoltageCFC",
    "node_type": "CharacterizationFlowInstance",
    "iterations_count": 8
  },
  "flow_summary": {
    "total_nodes": 5,
    "recovery_conditions": 0,
    "failure_conditions": 1
  }
}

[2025-10-05T06:17:38.533931] [EXPERIMENT] EXPERIMENT START - Node: FreqCFC (ID: NODE_007)

[2025-10-05T06:17:38.628248] [CONFIG] Experiment config saved to: debug_logs\experiment_config_NODE_007_20251005_061230.json

[2025-10-05T06:17:38.686122] [CONFIG] Key Config Parameters: {'Test Type': 'Sweep', 'Content': <ContentType.DRAGON: 'Dragon'>}
    Data: {
  "Test Type": "Sweep",
  "Content": "ContentType.DRAGON"
}

[2025-10-05T06:17:38.741824] [EXPERIMENT] Flow experiment started: FreqCFC

[2025-10-05T06:17:46.692622] [TRACKER] ITERATION 0 - Status: FAIL

[2025-10-05T06:17:46.757053] [TRACKER]   Sweep Value: 8

[2025-10-05T06:17:46.809923] [TRACKER]   Config: {'voltage_cfc': 0.1, 'frequency_cfc': 8}

[2025-10-05T06:17:57.959709] [TRACKER] ITERATION 0 - Status: FAIL

[2025-10-05T06:17:58.016440] [TRACKER]   Sweep Value: 12

[2025-10-05T06:17:58.067013] [TRACKER]   Config: {'voltage_cfc': 0.1, 'frequency_cfc': 12}

[2025-10-05T06:18:08.494550] [TRACKER] ITERATION 0 - Status: FAIL

[2025-10-05T06:18:08.549426] [TRACKER]   Sweep Value: 16

[2025-10-05T06:18:08.597621] [TRACKER]   Config: {'voltage_cfc': 0.1, 'frequency_cfc': 16}

[2025-10-05T06:18:20.252878] [TRACKER] ITERATION 0 - Status: PASS

[2025-10-05T06:18:20.317261] [TRACKER]   Sweep Value: 20

[2025-10-05T06:18:20.374955] [TRACKER]   Config: {'voltage_cfc': 0.1, 'frequency_cfc': 20}

[2025-10-05T06:18:21.786344] [SUCCESS] EXPERIMENT COMPLETE - Result: MOSTLY_FAILING, Port: 0

[2025-10-05T06:18:21.843139] [INFO] Test Folder: C:\SystemDebug\Logs\20251005_061739_T11_CFCFrequency

[2025-10-05T06:18:21.898077] [ANALYSIS] SWEEP ANALYSIS COMPLETE

[2025-10-05T06:18:21.951640] [ANALYSIS] Sweep Summary: {'sweep_type': 'frequency', 'sweep_domain': 'cfc', 'total_points': 4, 'failure_points': 3, 'pattern': 'threshold_sensitivity'}
    Data: {
  "sweep_type": "frequency",
  "sweep_domain": "cfc",
  "voltage_type": "vbump",
  "total_points": 4,
  "failure_points": 3,
  "pass_points": 1,
  "failure_values": [
    8,
    12,
    16
  ],
  "pass_values": [
    20
  ],
  "sensitivity_analysis": {
    "pattern": "threshold_sensitivity",
    "description": "Unit sensitive below 20 frequency (vbump) - recovers at higher values",
    "failure_range": [
      8,
      16
    ],
    "pass_range": [
      20,
      20
    ],
    "safe_values": [
      20
    ],
    "voltage_type_context": "vbump",
    "recommendation": "Use values >= 20 for recovery (vbump specific to tested domain)"
  }
}

[2025-10-05T06:18:22.176249] [INFO] Experiment data persisted to test section: CFCFrequency

[2025-10-05T06:18:22.227206] [INFO] Node name: FreqCFC

[2025-10-05T06:18:22.289204] [TRACKER] TRACKER STATE SNAPSHOT

[2025-10-05T06:18:22.347848] [TRACKER] Tracker State: {'experiments_count': 6, 'current_experiment': {'node_name': 'FreqCFC', 'node_type': 'CharacterizationFlowInstance', 'iterations_count': 4}, 'flow_summary': {'total_nodes': 6, 'recovery_conditions': 0, 'failure_conditions': 1}}
    Data: {
  "experiments_count": 6,
  "current_experiment": {
    "node_name": "FreqCFC",
    "node_type": "CharacterizationFlowInstance",
    "iterations_count": 4
  },
  "flow_summary": {
    "total_nodes": 6,
    "recovery_conditions": 0,
    "failure_conditions": 1
  }
}

[2025-10-05T06:18:24.064618] [EXPERIMENT] EXPERIMENT START - Node: VoltageIA (ID: NODE_008)

[2025-10-05T06:18:24.159387] [CONFIG] Experiment config saved to: debug_logs\experiment_config_NODE_008_20251005_061230.json

[2025-10-05T06:18:24.214034] [CONFIG] Key Config Parameters: {'Test Type': 'Sweep', 'Content': <ContentType.DRAGON: 'Dragon'>}
    Data: {
  "Test Type": "Sweep",
  "Content": "ContentType.DRAGON"
}

[2025-10-05T06:18:24.271359] [EXPERIMENT] Flow experiment started: VoltageIA

[2025-10-05T06:18:32.305591] [TRACKER] ITERATION 0 - Status: FAIL

[2025-10-05T06:18:32.363202] [TRACKER]   Sweep Value: 0.0

[2025-10-05T06:18:32.415296] [TRACKER]   Config: {'voltage_ia': 0.0, 'voltage_cfc': 0.1, 'frequency_cfc': 20}

[2025-10-05T06:18:42.889583] [TRACKER] ITERATION 0 - Status: FAIL

[2025-10-05T06:18:42.949711] [TRACKER]   Sweep Value: 0.02

[2025-10-05T06:18:43.004566] [TRACKER]   Config: {'voltage_ia': 0.02, 'voltage_cfc': 0.1, 'frequency_cfc': 20}

[2025-10-05T06:18:53.219498] [TRACKER] ITERATION 0 - Status: FAIL

[2025-10-05T06:18:53.277347] [TRACKER]   Sweep Value: 0.04

[2025-10-05T06:18:53.336086] [TRACKER]   Config: {'voltage_ia': 0.04, 'voltage_cfc': 0.1, 'frequency_cfc': 20}

[2025-10-05T06:19:03.879211] [TRACKER] ITERATION 0 - Status: FAIL

[2025-10-05T06:19:03.939232] [TRACKER]   Sweep Value: 0.06

[2025-10-05T06:19:03.993183] [TRACKER]   Config: {'voltage_ia': 0.06, 'voltage_cfc': 0.1, 'frequency_cfc': 20}

[2025-10-05T06:19:15.262376] [TRACKER] ITERATION 0 - Status: FAIL

[2025-10-05T06:19:15.322183] [TRACKER]   Sweep Value: 0.08

[2025-10-05T06:19:15.378361] [TRACKER]   Config: {'voltage_ia': 0.08, 'voltage_cfc': 0.1, 'frequency_cfc': 20}

[2025-10-05T06:19:25.892992] [TRACKER] ITERATION 0 - Status: FAIL

[2025-10-05T06:19:25.950684] [TRACKER]   Sweep Value: 0.1

[2025-10-05T06:19:26.001381] [TRACKER]   Config: {'voltage_ia': 0.1, 'voltage_cfc': 0.1, 'frequency_cfc': 20}

[2025-10-05T06:19:27.898874] [SUCCESS] EXPERIMENT COMPLETE - Result: SOLID_REPRO, Port: 0

[2025-10-05T06:19:27.952889] [INFO] Test Folder: C:\SystemDebug\Logs\20251005_061824_T11_CoreVoltage

[2025-10-05T06:19:28.008722] [ANALYSIS] SWEEP ANALYSIS COMPLETE

[2025-10-05T06:19:28.064826] [ANALYSIS] Sweep Summary: {'sweep_type': 'voltage', 'sweep_domain': 'ia', 'total_points': 6, 'failure_points': 6, 'pattern': 'no_sensitivity'}
    Data: {
  "sweep_type": "voltage",
  "sweep_domain": "ia",
  "voltage_type": "vbump",
  "total_points": 6,
  "failure_points": 6,
  "pass_points": 0,
  "failure_values": [
    0.0,
    0.02,
    0.04,
    0.06,
    0.08,
    0.1
  ],
  "pass_values": [],
  "sensitivity_analysis": {
    "pattern": "no_sensitivity",
    "description": "Unit not sensitive to voltage ia (vbump) - fails across entire range (no recovery condition)",
    "recommendation": "Unit fails across entire tested voltage range - no sensitivity threshold found",
    "voltage_type_context": "vbump",
    "failure_mode": "complete_failure_no_recovery"
  }
}

[2025-10-05T06:19:28.269026] [INFO] Experiment data persisted to test section: CoreVoltage

[2025-10-05T06:19:28.324831] [INFO] Node name: VoltageIA

[2025-10-05T06:19:28.382368] [TRACKER] TRACKER STATE SNAPSHOT

[2025-10-05T06:19:28.432880] [TRACKER] Tracker State: {'experiments_count': 7, 'current_experiment': {'node_name': 'VoltageIA', 'node_type': 'CharacterizationFlowInstance', 'iterations_count': 6}, 'flow_summary': {'total_nodes': 7, 'recovery_conditions': 0, 'failure_conditions': 1}}
    Data: {
  "experiments_count": 7,
  "current_experiment": {
    "node_name": "VoltageIA",
    "node_type": "CharacterizationFlowInstance",
    "iterations_count": 6
  },
  "flow_summary": {
    "total_nodes": 7,
    "recovery_conditions": 0,
    "failure_conditions": 1
  }
}

[2025-10-05T06:19:30.123825] [EXPERIMENT] EXPERIMENT START - Node: FreqIA (ID: NODE_009)

[2025-10-05T06:19:30.211639] [CONFIG] Experiment config saved to: debug_logs\experiment_config_NODE_009_20251005_061230.json

[2025-10-05T06:19:30.260936] [CONFIG] Key Config Parameters: {'Test Type': 'Sweep', 'Content': <ContentType.DRAGON: 'Dragon'>}
    Data: {
  "Test Type": "Sweep",
  "Content": "ContentType.DRAGON"
}

[2025-10-05T06:19:30.313117] [EXPERIMENT] Flow experiment started: FreqIA

[2025-10-05T06:19:38.429187] [TRACKER] ITERATION 0 - Status: FAIL

[2025-10-05T06:19:38.485447] [TRACKER]   Sweep Value: 8

[2025-10-05T06:19:38.541993] [TRACKER]   Config: {'voltage_ia': 0.1, 'voltage_cfc': 0.1, 'frequency_ia': 8, 'frequency_cfc': 20}

[2025-10-05T06:19:49.120337] [TRACKER] ITERATION 0 - Status: FAIL

[2025-10-05T06:19:49.183985] [TRACKER]   Sweep Value: 12

[2025-10-05T06:19:49.240215] [TRACKER]   Config: {'voltage_ia': 0.1, 'voltage_cfc': 0.1, 'frequency_ia': 12, 'frequency_cfc': 20}

[2025-10-05T06:19:59.797810] [TRACKER] ITERATION 0 - Status: FAIL

[2025-10-05T06:19:59.860546] [TRACKER]   Sweep Value: 16

[2025-10-05T06:19:59.939697] [TRACKER]   Config: {'voltage_ia': 0.1, 'voltage_cfc': 0.1, 'frequency_ia': 16, 'frequency_cfc': 20}

[2025-10-05T06:20:10.774464] [TRACKER] ITERATION 0 - Status: FAIL

[2025-10-05T06:20:10.834820] [TRACKER]   Sweep Value: 20

[2025-10-05T06:20:10.890061] [TRACKER]   Config: {'voltage_ia': 0.1, 'voltage_cfc': 0.1, 'frequency_ia': 20, 'frequency_cfc': 20}

[2025-10-05T06:20:22.307899] [TRACKER] ITERATION 0 - Status: FAIL

[2025-10-05T06:20:22.366728] [TRACKER]   Sweep Value: 24

[2025-10-05T06:20:22.417237] [TRACKER]   Config: {'voltage_ia': 0.1, 'voltage_cfc': 0.1, 'frequency_ia': 24, 'frequency_cfc': 20}

[2025-10-05T06:20:32.930049] [TRACKER] ITERATION 0 - Status: FAIL

[2025-10-05T06:20:32.990046] [TRACKER]   Sweep Value: 28

[2025-10-05T06:20:33.042032] [TRACKER]   Config: {'voltage_ia': 0.1, 'voltage_cfc': 0.1, 'frequency_ia': 28, 'frequency_cfc': 20}

[2025-10-05T06:20:34.504005] [SUCCESS] EXPERIMENT COMPLETE - Result: SOLID_REPRO, Port: 0

[2025-10-05T06:20:34.556636] [INFO] Test Folder: C:\SystemDebug\Logs\20251005_061930_T11_CoreFrequency

[2025-10-05T06:20:34.613797] [ANALYSIS] SWEEP ANALYSIS COMPLETE

[2025-10-05T06:20:34.707645] [ANALYSIS] Sweep Summary: {'sweep_type': 'frequency', 'sweep_domain': 'ia', 'total_points': 6, 'failure_points': 6, 'pattern': 'no_sensitivity'}
    Data: {
  "sweep_type": "frequency",
  "sweep_domain": "ia",
  "voltage_type": "ppvc",
  "total_points": 6,
  "failure_points": 6,
  "pass_points": 0,
  "failure_values": [
    8,
    12,
    16,
    20,
    24,
    28
  ],
  "pass_values": [],
  "sensitivity_analysis": {
    "pattern": "no_sensitivity",
    "description": "Unit not sensitive to frequency ia (ppvc) - fails across entire range (no recovery condition)",
    "recommendation": "Unit fails across entire tested frequency range - no sensitivity threshold found",
    "voltage_type_context": "ppvc",
    "failure_mode": "complete_failure_no_recovery"
  }
}

[2025-10-05T06:20:34.901099] [INFO] Experiment data persisted to test section: CoreFrequency

[2025-10-05T06:20:34.959396] [INFO] Node name: FreqIA

[2025-10-05T06:20:35.016293] [TRACKER] TRACKER STATE SNAPSHOT

[2025-10-05T06:20:35.092136] [TRACKER] Tracker State: {'experiments_count': 8, 'current_experiment': {'node_name': 'FreqIA', 'node_type': 'CharacterizationFlowInstance', 'iterations_count': 6}, 'flow_summary': {'total_nodes': 8, 'recovery_conditions': 0, 'failure_conditions': 1}}
    Data: {
  "experiments_count": 8,
  "current_experiment": {
    "node_name": "FreqIA",
    "node_type": "CharacterizationFlowInstance",
    "iterations_count": 6
  },
  "flow_summary": {
    "total_nodes": 8,
    "recovery_conditions": 0,
    "failure_conditions": 1
  }
}

[2025-10-05T06:20:35.816391] [ANALYSIS] Starting comprehensive analysis

[2025-10-05T06:20:35.897137] [ANALYSIS] COMPREHENSIVE ANALYSIS COMPLETE

[2025-10-05T06:20:35.953680] [ANALYSIS] Analysis Summary: {'total_experiments': 8, 'valid_experiments': 8, 'voltage_experiments': 2, 'frequency_experiments': 2, 'recovery_conditions': 0, 'failure_conditions': 1}
    Data: {
  "total_experiments": 8,
  "valid_experiments": 8,
  "voltage_experiments": 2,
  "frequency_experiments": 2,
  "recovery_conditions": 0,
  "failure_conditions": 1
}

[2025-10-05T06:20:36.151012] [INFO] Comprehensive analysis saved to: debug_logs\comprehensive_analysis_20251005_061230.json

[2025-10-05T06:20:37.179003] [SUCCESS] EXPERIMENT COMPLETE - Result: ANALYSIS_COMPLETE, Port: 0

[2025-10-05T06:20:37.231392] [ANALYSIS] SWEEP ANALYSIS COMPLETE

[2025-10-05T06:20:37.292930] [ANALYSIS] Sweep Summary: {'sweep_type': 'frequency', 'sweep_domain': 'ia', 'total_points': 6, 'failure_points': 6, 'pattern': 'no_sensitivity'}
    Data: {
  "sweep_type": "frequency",
  "sweep_domain": "ia",
  "voltage_type": "ppvc",
  "total_points": 6,
  "failure_points": 6,
  "pass_points": 0,
  "failure_values": [
    8,
    12,
    16,
    20,
    24,
    28
  ],
  "pass_values": [],
  "sensitivity_analysis": {
    "pattern": "no_sensitivity",
    "description": "Unit not sensitive to frequency ia (ppvc) - fails across entire range (no recovery condition)",
    "recommendation": "Unit fails across entire tested frequency range - no sensitivity threshold found",
    "voltage_type_context": "ppvc",
    "failure_mode": "complete_failure_no_recovery"
  }
}

[2025-10-05T06:20:37.467053] [INFO] Experiment data persisted to test section: CoreFrequency

[2025-10-05T06:20:37.520090] [INFO] Node name: FreqIA

[2025-10-05T06:20:37.577138] [TRACKER] TRACKER STATE SNAPSHOT

[2025-10-05T06:20:37.633169] [TRACKER] Tracker State: {'experiments_count': 9, 'current_experiment': {'node_name': 'FreqIA', 'node_type': 'CharacterizationFlowInstance', 'iterations_count': 6}, 'flow_summary': {'total_nodes': 9, 'recovery_conditions': 0, 'failure_conditions': 1}}
    Data: {
  "experiments_count": 9,
  "current_experiment": {
    "node_name": "FreqIA",
    "node_type": "CharacterizationFlowInstance",
    "iterations_count": 6
  },
  "flow_summary": {
    "total_nodes": 9,
    "recovery_conditions": 0,
    "failure_conditions": 1
  }
}

