=== EXPERIMENT TRACKER DEBUG SESSION STARTED ===
Session ID: 20251006_145919
Start Time: 2025-10-06T14:59:19.389635
============================================================

[2025-10-06T14:59:19.413382] [TRACKER] ExperimentTracker initialized

[2025-10-06T14:59:22.595166] [EXPERIMENT] EXPERIMENT START - Node: BaseRepro (ID: NODE_002)

[2025-10-06T14:59:22.686132] [CONFIG] Experiment config saved to: debug_logs\experiment_config_NODE_002_20251006_145919.json

[2025-10-06T14:59:22.731594] [CONFIG] Key Config Parameters: {'Test Type': 'Loops', 'Content': 'Dragon'}
    Data: {
  "Test Type": "Loops",
  "Content": "Dragon"
}

[2025-10-06T14:59:22.784693] [EXPERIMENT] Flow experiment started: BaseRepro

[2025-10-06T14:59:30.912656] [TRACKER] ITERATION 0 - Status: FAIL

[2025-10-06T14:59:49.152416] [TRACKER] ITERATION 0 - Status: FAIL

[2025-10-06T15:00:07.543585] [TRACKER] ITERATION 0 - Status: FAIL

[2025-10-06T15:00:24.758451] [TRACKER] ITERATION 0 - Status: FAIL

[2025-10-06T15:00:26.828374] [SUCCESS] EXPERIMENT COMPLETE - Result: SOLID_REPRO, Port: 1

[2025-10-06T15:00:26.900270] [INFO] Test Folder: C:\SystemDebug\Logs\20251006_145923_T1_DragonBaseline

[2025-10-06T15:00:27.116700] [INFO] Experiment data persisted to test section: DragonBaseline

[2025-10-06T15:00:27.186390] [INFO] Node name: BaseRepro

[2025-10-06T15:00:27.252751] [TRACKER] TRACKER STATE SNAPSHOT

[2025-10-06T15:00:27.317113] [TRACKER] Tracker State: {'experiments_count': 1, 'current_experiment': {'node_name': 'BaseRepro', 'node_type': 'AllFailFlowInstance', 'iterations_count': 4}, 'flow_summary': {'total_nodes': 1, 'recovery_conditions': 0, 'failure_conditions': 1}}
    Data: {
  "experiments_count": 1,
  "current_experiment": {
    "node_name": "BaseRepro",
    "node_type": "AllFailFlowInstance",
    "iterations_count": 4
  },
  "flow_summary": {
    "total_nodes": 1,
    "recovery_conditions": 0,
    "failure_conditions": 1
  }
}

[2025-10-06T15:00:27.587764] [ANALYSIS] Getting adaptive analysis data for: AllFailFlowInstance

[2025-10-06T15:00:27.668344] [ANALYSIS] ADAPTIVE ANALYSIS

[2025-10-06T15:00:27.734655] [ANALYSIS] Source: BaseRepro (Port: 1)

[2025-10-06T15:00:27.800635] [ANALYSIS] Recovery Potential: low

[2025-10-06T15:00:27.858355] [ANALYSIS] Recommended Config: {'Experiment': 'Enabled', 'Test Name': 'DragonBaseline', 'Test Mode': 'Mesh', 'Test Type': 'Loops', 'Visual ID': '75YB873100474', 'Bucket': 'IDIPAR', 'COM Port': 11, 'IP Address': '192.168.0.2', 'TTL Folder': 'Q:\\DPM_Debug\\GNR\\Logs\\LLC\\2509_75YB873100474\\TTL_DragonMesh', 'Scripts File': None, 'Pass String': 'Test Complete', 'Fail String': 'Test Failed', 'Content': <ContentType.DRAGON: 'Dragon'>, 'Test Number': 1, 'Test Time': 45, 'Reset': True, 'Reset on PASS': True, 'FastBoot': True, 'Core License': None, '600W Unit': True, 'Pseudo Config': False, 'Configuration (Mask)': '', 'Boot Breakpoint': None, 'Disable 2 Cores': None, 'Check Core': 141, 'Voltage Type': 'vbump', 'Voltage IA': None, 'Voltage CFC': None, 'Frequency IA': None, 'Frequency CFC': None, 'Loops': 5, 'Type': 'Voltage', 'Domain': 'IA', 'Start': -0.03, 'End': 0.06, 'Steps': 0.03, 'ShmooFile': 'C:\\SystemDebug\\Shmoos\\RVPShmooConfig.json', 'ShmooLabel': 'COREFIX', 'Linux Pre Command': None, 'Linux Post Command': None, 'Startup Linux': None, 'Linux Path': None, 'Linux Content Wait Time': None, 'Linux Content Line 0': None, 'Linux Content Line 1': None, 'Dragon Pre Command': None, 'Dragon Post Command': None, 'Startup Dragon': 'startup_efi.nsh', 'ULX Path': 'FS1:\\EFI\\ulx', 'ULX CPU': 'GNR_B0', 'Product Chop': 'GNR', 'VVAR0': '0x4C4B40', 'VVAR1': 80064000, 'VVAR2': '0x1000000', 'VVAR3': '0x4000000', 'VVAR_EXTRA': None, 'Dragon Content Path': 'FS1:\\content\\Dragon\\7410_0x0E_PPV_MegaMem\\GNR128C_H_1UP', 'Dragon Content Line': None, 'Stop on Fail': True, 'Merlin Name': 'MerlinX.efi', 'Merlin Drive': 'FS1:', 'Merlin Path': 'FS1:\\EFI\\Version8.15\\BinFiles\\Release'}
    Data: {
  "Experiment": "Enabled",
  "Test Name": "DragonBaseline",
  "Test Mode": "Mesh",
  "Test Type": "Loops",
  "Visual ID": "75YB873100474",
  "Bucket": "IDIPAR",
  "COM Port": 11,
  "IP Address": "192.168.0.2",
  "TTL Folder": "Q:\\DPM_Debug\\GNR\\Logs\\LLC\\2509_75YB873100474\\TTL_DragonMesh",
  "Scripts File": null,
  "Pass String": "Test Complete",
  "Fail String": "Test Failed",
  "Content": "ContentType.DRAGON",
  "Test Number": 1,
  "Test Time": 45,
  "Reset": true,
  "Reset on PASS": true,
  "FastBoot": true,
  "Core License": null,
  "600W Unit": true,
  "Pseudo Config": false,
  "Configuration (Mask)": "",
  "Boot Breakpoint": null,
  "Disable 2 Cores": null,
  "Check Core": 141,
  "Voltage Type": "vbump",
  "Voltage IA": null,
  "Voltage CFC": null,
  "Frequency IA": null,
  "Frequency CFC": null,
  "Loops": 5,
  "Type": "Voltage",
  "Domain": "IA",
  "Start": -0.03,
  "End": 0.06,
  "Steps": 0.03,
  "ShmooFile": "C:\\SystemDebug\\Shmoos\\RVPShmooConfig.json",
  "ShmooLabel": "COREFIX",
  "Linux Pre Command": null,
  "Linux Post Command": null,
  "Startup Linux": null,
  "Linux Path": null,
  "Linux Content Wait Time": null,
  "Linux Content Line 0": null,
  "Linux Content Line 1": null,
  "Dragon Pre Command": null,
  "Dragon Post Command": null,
  "Startup Dragon": "startup_efi.nsh",
  "ULX Path": "FS1:\\EFI\\ulx",
  "ULX CPU": "GNR_B0",
  "Product Chop": "GNR",
  "VVAR0": "0x4C4B40",
  "VVAR1": 80064000,
  "VVAR2": "0x1000000",
  "VVAR3": "0x4000000",
  "VVAR_EXTRA": null,
  "Dragon Content Path": "FS1:\\content\\Dragon\\7410_0x0E_PPV_MegaMem\\GNR128C_H_1UP",
  "Dragon Content Line": null,
  "Stop on Fail": true,
  "Merlin Name": "MerlinX.efi",
  "Merlin Drive": "FS1:",
  "Merlin Path": "FS1:\\EFI\\Version8.15\\BinFiles\\Release"
}

[2025-10-06T15:00:28.460941] [SUCCESS] EXPERIMENT COMPLETE - Result: CONFIG_PASSED, Port: 0

[2025-10-06T15:00:28.709845] [INFO] Experiment data persisted to test section: DragonBaseline

[2025-10-06T15:00:28.794616] [INFO] Node name: BaseRepro

[2025-10-06T15:00:28.904869] [TRACKER] TRACKER STATE SNAPSHOT

[2025-10-06T15:00:28.971207] [TRACKER] Tracker State: {'experiments_count': 2, 'current_experiment': {'node_name': 'BaseRepro', 'node_type': 'AllFailFlowInstance', 'iterations_count': 4}, 'flow_summary': {'total_nodes': 2, 'recovery_conditions': 0, 'failure_conditions': 1}}
    Data: {
  "experiments_count": 2,
  "current_experiment": {
    "node_name": "BaseRepro",
    "node_type": "AllFailFlowInstance",
    "iterations_count": 4
  },
  "flow_summary": {
    "total_nodes": 2,
    "recovery_conditions": 0,
    "failure_conditions": 1
  }
}

[2025-10-06T15:00:31.470703] [EXPERIMENT] EXPERIMENT START - Node: CFC_Voltage (ID: NODE_006)

[2025-10-06T15:00:31.687747] [CONFIG] Experiment config saved to: debug_logs\experiment_config_NODE_006_20251006_145919.json

[2025-10-06T15:00:31.774737] [CONFIG] Key Config Parameters: {'Test Type': 'Sweep', 'Content': 'Dragon'}
    Data: {
  "Test Type": "Sweep",
  "Content": "Dragon"
}

[2025-10-06T15:00:31.876673] [EXPERIMENT] Flow experiment started: CFC_Voltage

[2025-10-06T15:00:39.826476] [TRACKER] ITERATION 0 - Status: FAIL

[2025-10-06T15:00:39.911403] [TRACKER]   Sweep Value: 0.0

[2025-10-06T15:00:39.965902] [TRACKER]   Config: {'voltage_cfc': 0.0}

[2025-10-06T15:00:51.319856] [TRACKER] ITERATION 0 - Status: FAIL

[2025-10-06T15:00:51.374671] [TRACKER]   Sweep Value: 0.05

[2025-10-06T15:00:51.430921] [TRACKER]   Config: {'voltage_cfc': 0.05}

[2025-10-06T15:01:02.381819] [TRACKER] ITERATION 0 - Status: PASS

[2025-10-06T15:01:02.469027] [TRACKER]   Sweep Value: 0.1

[2025-10-06T15:01:02.521599] [TRACKER]   Config: {'voltage_cfc': 0.1}

[2025-10-06T15:01:12.836139] [TRACKER] ITERATION 0 - Status: FAIL

[2025-10-06T15:01:12.892862] [TRACKER]   Sweep Value: 0.15

[2025-10-06T15:01:12.942922] [TRACKER]   Config: {'voltage_cfc': 0.15}

[2025-10-06T15:01:24.063446] [TRACKER] ITERATION 0 - Status: FAIL

[2025-10-06T15:01:24.124187] [TRACKER]   Sweep Value: 0.2

[2025-10-06T15:01:24.179125] [TRACKER]   Config: {'voltage_cfc': 0.2}

[2025-10-06T15:01:25.552681] [SUCCESS] EXPERIMENT COMPLETE - Result: MOSTLY_FAILING, Port: 0

[2025-10-06T15:01:25.608455] [INFO] Test Folder: C:\SystemDebug\Logs\20251006_150032_T1_CFCVoltage

[2025-10-06T15:01:25.667492] [ANALYSIS] SWEEP ANALYSIS COMPLETE

[2025-10-06T15:01:25.721189] [ANALYSIS] Sweep Summary: {'sweep_type': 'voltage', 'sweep_domain': 'cfc', 'total_points': 5, 'failure_points': 4, 'pattern': 'mixed_sensitivity'}
    Data: {
  "sweep_type": "voltage",
  "sweep_domain": "cfc",
  "voltage_type": "vbump",
  "total_points": 5,
  "failure_points": 4,
  "pass_points": 1,
  "failure_values": [
    0.0,
    0.05,
    0.15,
    0.2
  ],
  "pass_values": [
    0.1
  ],
  "sensitivity_analysis": {
    "pattern": "mixed_sensitivity",
    "description": "Unit has mixed sensitivity pattern for voltage cfc (vbump)",
    "failure_range": [
      0.0,
      0.2
    ],
    "pass_range": [
      0.1,
      0.1
    ],
    "safe_values": [
      0.1
    ],
    "voltage_type_context": "vbump",
    "recommendation": "Avoid failure values, use passing values for recovery (vbump specific to tested domain)"
  }
}

[2025-10-06T15:01:25.900160] [INFO] Experiment data persisted to test section: CFCVoltage

[2025-10-06T15:01:25.954222] [INFO] Node name: CFC_Voltage

[2025-10-06T15:01:26.006779] [TRACKER] TRACKER STATE SNAPSHOT

[2025-10-06T15:01:26.056028] [TRACKER] Tracker State: {'experiments_count': 3, 'current_experiment': {'node_name': 'CFC_Voltage', 'node_type': 'CharacterizationFlowInstance', 'iterations_count': 5}, 'flow_summary': {'total_nodes': 3, 'recovery_conditions': 0, 'failure_conditions': 1}}
    Data: {
  "experiments_count": 3,
  "current_experiment": {
    "node_name": "CFC_Voltage",
    "node_type": "CharacterizationFlowInstance",
    "iterations_count": 5
  },
  "flow_summary": {
    "total_nodes": 3,
    "recovery_conditions": 0,
    "failure_conditions": 1
  }
}

[2025-10-06T15:01:28.524290] [EXPERIMENT] EXPERIMENT START - Node: CFC_Frequency (ID: NODE_007)

[2025-10-06T15:01:28.622716] [CONFIG] Experiment config saved to: debug_logs\experiment_config_NODE_007_20251006_145919.json

[2025-10-06T15:01:28.704033] [CONFIG] Key Config Parameters: {'Test Type': 'Sweep', 'Content': 'Dragon'}
    Data: {
  "Test Type": "Sweep",
  "Content": "Dragon"
}

[2025-10-06T15:01:28.759721] [EXPERIMENT] Flow experiment started: CFC_Frequency

[2025-10-06T15:01:36.929435] [TRACKER] ITERATION 0 - Status: FAIL

[2025-10-06T15:01:37.000484] [TRACKER]   Sweep Value: 8

[2025-10-06T15:01:37.069556] [TRACKER]   Config: {'frequency_cfc': 8}

[2025-10-06T15:01:47.719836] [TRACKER] ITERATION 0 - Status: PASS

[2025-10-06T15:01:47.813420] [TRACKER]   Sweep Value: 12

[2025-10-06T15:01:47.886495] [TRACKER]   Config: {'frequency_cfc': 12}

[2025-10-06T15:02:00.447242] [TRACKER] ITERATION 0 - Status: FAIL

[2025-10-06T15:02:00.514036] [TRACKER]   Sweep Value: 16

[2025-10-06T15:02:00.567607] [TRACKER]   Config: {'frequency_cfc': 16}

[2025-10-06T15:02:11.443315] [TRACKER] ITERATION 0 - Status: FAIL

[2025-10-06T15:02:11.501836] [TRACKER]   Sweep Value: 20

[2025-10-06T15:02:11.561946] [TRACKER]   Config: {'frequency_cfc': 20}

[2025-10-06T15:02:23.505639] [TRACKER] ITERATION 0 - Status: FAIL

[2025-10-06T15:02:23.600614] [TRACKER]   Sweep Value: 24

[2025-10-06T15:02:23.765149] [TRACKER]   Config: {'frequency_cfc': 24}

[2025-10-06T15:02:26.271913] [SUCCESS] EXPERIMENT COMPLETE - Result: MOSTLY_FAILING, Port: 0

[2025-10-06T15:02:26.380189] [INFO] Test Folder: C:\SystemDebug\Logs\20251006_150129_T1_CFCFrequency

[2025-10-06T15:02:26.466011] [ANALYSIS] SWEEP ANALYSIS COMPLETE

[2025-10-06T15:02:26.662357] [ANALYSIS] Sweep Summary: {'sweep_type': 'frequency', 'sweep_domain': 'cfc', 'total_points': 5, 'failure_points': 4, 'pattern': 'mixed_sensitivity'}
    Data: {
  "sweep_type": "frequency",
  "sweep_domain": "cfc",
  "voltage_type": "vbump",
  "total_points": 5,
  "failure_points": 4,
  "pass_points": 1,
  "failure_values": [
    8,
    16,
    20,
    24
  ],
  "pass_values": [
    12
  ],
  "sensitivity_analysis": {
    "pattern": "mixed_sensitivity",
    "description": "Unit has mixed sensitivity pattern for frequency cfc (vbump)",
    "failure_range": [
      8,
      24
    ],
    "pass_range": [
      12,
      12
    ],
    "safe_values": [
      12
    ],
    "voltage_type_context": "vbump",
    "recommendation": "Avoid failure values, use passing values for recovery (vbump specific to tested domain)"
  }
}

[2025-10-06T15:02:27.344458] [INFO] Experiment data persisted to test section: CFCFrequency

[2025-10-06T15:02:27.485550] [INFO] Node name: CFC_Frequency

[2025-10-06T15:02:27.586682] [TRACKER] TRACKER STATE SNAPSHOT

[2025-10-06T15:02:27.704477] [TRACKER] Tracker State: {'experiments_count': 4, 'current_experiment': {'node_name': 'CFC_Frequency', 'node_type': 'CharacterizationFlowInstance', 'iterations_count': 5}, 'flow_summary': {'total_nodes': 4, 'recovery_conditions': 0, 'failure_conditions': 1}}
    Data: {
  "experiments_count": 4,
  "current_experiment": {
    "node_name": "CFC_Frequency",
    "node_type": "CharacterizationFlowInstance",
    "iterations_count": 5
  },
  "flow_summary": {
    "total_nodes": 4,
    "recovery_conditions": 0,
    "failure_conditions": 1
  }
}

[2025-10-06T15:02:30.586929] [EXPERIMENT] EXPERIMENT START - Node: IA_Voltage (ID: NODE_008)

[2025-10-06T15:02:30.702884] [CONFIG] Experiment config saved to: debug_logs\experiment_config_NODE_008_20251006_145919.json

[2025-10-06T15:02:30.766723] [CONFIG] Key Config Parameters: {'Test Type': 'Sweep', 'Content': 'Dragon'}
    Data: {
  "Test Type": "Sweep",
  "Content": "Dragon"
}

[2025-10-06T15:02:30.826483] [EXPERIMENT] Flow experiment started: IA_Voltage

[2025-10-06T15:02:38.616084] [TRACKER] ITERATION 0 - Status: FAIL

[2025-10-06T15:02:38.681137] [TRACKER]   Sweep Value: 0.0

[2025-10-06T15:02:38.768254] [TRACKER]   Config: {'voltage_ia': 0.0}

[2025-10-06T15:02:49.677679] [TRACKER] ITERATION 0 - Status: FAIL

[2025-10-06T15:02:49.761292] [TRACKER]   Sweep Value: 0.05

[2025-10-06T15:02:49.827880] [TRACKER]   Config: {'voltage_ia': 0.05}

[2025-10-06T15:03:01.460611] [TRACKER] ITERATION 0 - Status: FAIL

[2025-10-06T15:03:01.540761] [TRACKER]   Sweep Value: 0.1

[2025-10-06T15:03:01.602753] [TRACKER]   Config: {'voltage_ia': 0.1}

[2025-10-06T15:03:14.348211] [TRACKER] ITERATION 0 - Status: FAIL

[2025-10-06T15:03:14.419728] [TRACKER]   Sweep Value: 0.15

[2025-10-06T15:03:14.514791] [TRACKER]   Config: {'voltage_ia': 0.15}

[2025-10-06T15:03:25.718079] [TRACKER] ITERATION 0 - Status: FAIL

[2025-10-06T15:03:25.787256] [TRACKER]   Sweep Value: 0.2

[2025-10-06T15:03:25.852886] [TRACKER]   Config: {'voltage_ia': 0.2}

[2025-10-06T15:03:27.692828] [SUCCESS] EXPERIMENT COMPLETE - Result: SOLID_REPRO, Port: 0

[2025-10-06T15:03:27.767838] [INFO] Test Folder: C:\SystemDebug\Logs\20251006_150231_T1_IAVoltage

[2025-10-06T15:03:27.841870] [ANALYSIS] SWEEP ANALYSIS COMPLETE

[2025-10-06T15:03:27.921971] [ANALYSIS] Sweep Summary: {'sweep_type': 'voltage', 'sweep_domain': 'ia', 'total_points': 5, 'failure_points': 5, 'pattern': 'no_sensitivity'}
    Data: {
  "sweep_type": "voltage",
  "sweep_domain": "ia",
  "voltage_type": "vbump",
  "total_points": 5,
  "failure_points": 5,
  "pass_points": 0,
  "failure_values": [
    0.0,
    0.05,
    0.1,
    0.15,
    0.2
  ],
  "pass_values": [],
  "sensitivity_analysis": {
    "pattern": "no_sensitivity",
    "description": "Unit not sensitive to voltage ia (vbump) - fails across entire range (no recovery condition)",
    "recommendation": "Unit fails across entire tested voltage range - no sensitivity threshold found",
    "voltage_type_context": "vbump",
    "failure_mode": "complete_failure_no_recovery"
  }
}

[2025-10-06T15:03:28.152370] [INFO] Experiment data persisted to test section: IAVoltage

[2025-10-06T15:03:28.291336] [INFO] Node name: IA_Voltage

[2025-10-06T15:03:28.364385] [TRACKER] TRACKER STATE SNAPSHOT

[2025-10-06T15:03:28.423132] [TRACKER] Tracker State: {'experiments_count': 5, 'current_experiment': {'node_name': 'IA_Voltage', 'node_type': 'CharacterizationFlowInstance', 'iterations_count': 5}, 'flow_summary': {'total_nodes': 5, 'recovery_conditions': 0, 'failure_conditions': 1}}
    Data: {
  "experiments_count": 5,
  "current_experiment": {
    "node_name": "IA_Voltage",
    "node_type": "CharacterizationFlowInstance",
    "iterations_count": 5
  },
  "flow_summary": {
    "total_nodes": 5,
    "recovery_conditions": 0,
    "failure_conditions": 1
  }
}

[2025-10-06T15:03:31.317050] [EXPERIMENT] EXPERIMENT START - Node: IA_Frequency (ID: NODE_009)

[2025-10-06T15:03:31.419924] [CONFIG] Experiment config saved to: debug_logs\experiment_config_NODE_009_20251006_145919.json

[2025-10-06T15:03:31.473687] [CONFIG] Key Config Parameters: {'Test Type': 'Sweep', 'Content': 'Dragon'}
    Data: {
  "Test Type": "Sweep",
  "Content": "Dragon"
}

[2025-10-06T15:03:31.539316] [EXPERIMENT] Flow experiment started: IA_Frequency

[2025-10-06T15:03:39.438886] [TRACKER] ITERATION 0 - Status: FAIL

[2025-10-06T15:03:39.523502] [TRACKER]   Sweep Value: 8

[2025-10-06T15:03:39.611380] [TRACKER]   Config: {'frequency_ia': 8}

[2025-10-06T15:03:50.976829] [TRACKER] ITERATION 0 - Status: FAIL

[2025-10-06T15:03:51.045909] [TRACKER]   Sweep Value: 12

[2025-10-06T15:03:51.118723] [TRACKER]   Config: {'frequency_ia': 12}

[2025-10-06T15:04:03.774591] [TRACKER] ITERATION 0 - Status: PASS

[2025-10-06T15:04:04.000060] [TRACKER]   Sweep Value: 16

[2025-10-06T15:04:04.125117] [TRACKER]   Config: {'frequency_ia': 16}

[2025-10-06T15:04:14.750268] [TRACKER] ITERATION 0 - Status: FAIL

[2025-10-06T15:04:14.823565] [TRACKER]   Sweep Value: 20

[2025-10-06T15:04:14.893744] [TRACKER]   Config: {'frequency_ia': 20}

[2025-10-06T15:04:25.987377] [TRACKER] ITERATION 0 - Status: FAIL

[2025-10-06T15:04:26.059797] [TRACKER]   Sweep Value: 24

[2025-10-06T15:04:26.121684] [TRACKER]   Config: {'frequency_ia': 24}

[2025-10-06T15:04:37.633420] [TRACKER] ITERATION 0 - Status: FAIL

[2025-10-06T15:04:37.704850] [TRACKER]   Sweep Value: 28

[2025-10-06T15:04:37.782214] [TRACKER]   Config: {'frequency_ia': 28}

[2025-10-06T15:04:48.918150] [TRACKER] ITERATION 0 - Status: FAIL

[2025-10-06T15:04:49.013442] [TRACKER]   Sweep Value: 32

[2025-10-06T15:04:49.076742] [TRACKER]   Config: {'frequency_ia': 32}

[2025-10-06T15:04:51.019526] [SUCCESS] EXPERIMENT COMPLETE - Result: MOSTLY_FAILING, Port: 0

[2025-10-06T15:04:51.096236] [INFO] Test Folder: C:\SystemDebug\Logs\20251006_150331_T1_IAFrequency

[2025-10-06T15:04:51.161407] [ANALYSIS] SWEEP ANALYSIS COMPLETE

[2025-10-06T15:04:51.240785] [ANALYSIS] Sweep Summary: {'sweep_type': 'frequency', 'sweep_domain': 'ia', 'total_points': 7, 'failure_points': 6, 'pattern': 'mixed_sensitivity'}
    Data: {
  "sweep_type": "frequency",
  "sweep_domain": "ia",
  "voltage_type": "vbump",
  "total_points": 7,
  "failure_points": 6,
  "pass_points": 1,
  "failure_values": [
    8,
    12,
    20,
    24,
    28,
    32
  ],
  "pass_values": [
    16
  ],
  "sensitivity_analysis": {
    "pattern": "mixed_sensitivity",
    "description": "Unit has mixed sensitivity pattern for frequency ia (vbump)",
    "failure_range": [
      8,
      32
    ],
    "pass_range": [
      16,
      16
    ],
    "safe_values": [
      16
    ],
    "voltage_type_context": "vbump",
    "recommendation": "Avoid failure values, use passing values for recovery (vbump specific to tested domain)"
  }
}

[2025-10-06T15:04:51.441873] [INFO] Experiment data persisted to test section: IAFrequency

[2025-10-06T15:04:51.511000] [INFO] Node name: IA_Frequency

[2025-10-06T15:04:51.566207] [TRACKER] TRACKER STATE SNAPSHOT

[2025-10-06T15:04:51.626894] [TRACKER] Tracker State: {'experiments_count': 6, 'current_experiment': {'node_name': 'IA_Frequency', 'node_type': 'CharacterizationFlowInstance', 'iterations_count': 7}, 'flow_summary': {'total_nodes': 6, 'recovery_conditions': 0, 'failure_conditions': 1}}
    Data: {
  "experiments_count": 6,
  "current_experiment": {
    "node_name": "IA_Frequency",
    "node_type": "CharacterizationFlowInstance",
    "iterations_count": 7
  },
  "flow_summary": {
    "total_nodes": 6,
    "recovery_conditions": 0,
    "failure_conditions": 1
  }
}

[2025-10-06T15:04:52.268760] [ANALYSIS] Starting comprehensive analysis

[2025-10-06T15:04:52.339510] [ANALYSIS] COMPREHENSIVE ANALYSIS COMPLETE

[2025-10-06T15:04:52.426633] [ANALYSIS] Analysis Summary: {'total_experiments': 6, 'valid_experiments': 6, 'voltage_experiments': 2, 'frequency_experiments': 2, 'recovery_conditions': 0, 'failure_conditions': 1}
    Data: {
  "total_experiments": 6,
  "valid_experiments": 6,
  "voltage_experiments": 2,
  "frequency_experiments": 2,
  "recovery_conditions": 0,
  "failure_conditions": 1
}

[2025-10-06T15:04:52.860774] [INFO] Comprehensive analysis saved to: debug_logs\comprehensive_analysis_20251006_145919.json

[2025-10-06T15:04:53.475904] [SUCCESS] EXPERIMENT COMPLETE - Result: ANALYSIS_COMPLETE, Port: 0

[2025-10-06T15:04:53.539427] [ANALYSIS] SWEEP ANALYSIS COMPLETE

[2025-10-06T15:04:53.618382] [ANALYSIS] Sweep Summary: {'sweep_type': 'frequency', 'sweep_domain': 'ia', 'total_points': 7, 'failure_points': 6, 'pattern': 'mixed_sensitivity'}
    Data: {
  "sweep_type": "frequency",
  "sweep_domain": "ia",
  "voltage_type": "vbump",
  "total_points": 7,
  "failure_points": 6,
  "pass_points": 1,
  "failure_values": [
    8,
    12,
    20,
    24,
    28,
    32
  ],
  "pass_values": [
    16
  ],
  "sensitivity_analysis": {
    "pattern": "mixed_sensitivity",
    "description": "Unit has mixed sensitivity pattern for frequency ia (vbump)",
    "failure_range": [
      8,
      32
    ],
    "pass_range": [
      16,
      16
    ],
    "safe_values": [
      16
    ],
    "voltage_type_context": "vbump",
    "recommendation": "Avoid failure values, use passing values for recovery (vbump specific to tested domain)"
  }
}

[2025-10-06T15:04:53.826610] [INFO] Experiment data persisted to test section: IAFrequency

[2025-10-06T15:04:53.898837] [INFO] Node name: IA_Frequency

[2025-10-06T15:04:53.968178] [TRACKER] TRACKER STATE SNAPSHOT

[2025-10-06T15:04:54.027416] [TRACKER] Tracker State: {'experiments_count': 7, 'current_experiment': {'node_name': 'IA_Frequency', 'node_type': 'CharacterizationFlowInstance', 'iterations_count': 7}, 'flow_summary': {'total_nodes': 7, 'recovery_conditions': 0, 'failure_conditions': 1}}
    Data: {
  "experiments_count": 7,
  "current_experiment": {
    "node_name": "IA_Frequency",
    "node_type": "CharacterizationFlowInstance",
    "iterations_count": 7
  },
  "flow_summary": {
    "total_nodes": 7,
    "recovery_conditions": 0,
    "failure_conditions": 1
  }
}

