=== EXPERIMENT TRACKER DEBUG SESSION STARTED ===
Session ID: 20251005_025740
Start Time: 2025-10-05T02:57:40.929220
============================================================

[2025-10-05T02:57:40.949744] [TRACKER] ExperimentTracker initialized

[2025-10-05T02:57:45.026795] [EXPERIMENT] EXPERIMENT START - Node: Base (ID: NODE_002)

[2025-10-05T02:57:45.121841] [CONFIG] Experiment config saved to: debug_logs\experiment_config_NODE_002_20251005_025740.json

[2025-10-05T02:57:45.166589] [CONFIG] Key Config Parameters: {'Test Type': 'Loops', 'Content': 'Dragon'}
    Data: {
  "Test Type": "Loops",
  "Content": "Dragon"
}

[2025-10-05T02:57:45.213103] [EXPERIMENT] Flow experiment started: Base

[2025-10-05T02:57:53.613672] [TRACKER] ITERATION 0 - Status: FAIL

[2025-10-05T02:58:11.198904] [TRACKER] ITERATION 0 - Status: FAIL

[2025-10-05T02:58:29.031877] [TRACKER] ITERATION 0 - Status: FAIL

[2025-10-05T02:58:47.179807] [TRACKER] ITERATION 0 - Status: FAIL

[2025-10-05T02:58:48.655445] [SUCCESS] EXPERIMENT COMPLETE - Result: SOLID_REPRO, Port: 1

[2025-10-05T02:58:48.700836] [INFO] Test Folder: C:\SystemDebug\Logs\20251005_025745_T11_Baseline

[2025-10-05T02:58:48.894999] [INFO] Experiment data persisted to node section: Base

[2025-10-05T02:58:48.940182] [INFO] Execution status: COMPLETED_REPRO_FOUND

[2025-10-05T02:58:48.982151] [TRACKER] TRACKER STATE SNAPSHOT

[2025-10-05T02:58:49.024965] [TRACKER] Tracker State: {'experiments_count': 1, 'current_experiment': {'node_name': 'Base', 'node_type': 'FlowInstance', 'iterations_count': 4}, 'flow_summary': {'total_nodes': 1, 'recovery_conditions': 0, 'failure_conditions': 0}}
    Data: {
  "experiments_count": 1,
  "current_experiment": {
    "node_name": "Base",
    "node_type": "FlowInstance",
    "iterations_count": 4
  },
  "flow_summary": {
    "total_nodes": 1,
    "recovery_conditions": 0,
    "failure_conditions": 0
  }
}

[2025-10-05T02:58:49.209097] [ANALYSIS] Getting adaptive analysis data for: AllFailFlowInstance

[2025-10-05T02:58:49.249410] [ANALYSIS] ADAPTIVE ANALYSIS

[2025-10-05T02:58:49.289319] [WARNING] No adaptive data available: No AllFailFlowInstance data available for adaptive analysis

[2025-10-05T02:58:49.480966] [SUCCESS] EXPERIMENT COMPLETE - Result: CONFIG_PASSED, Port: 0

[2025-10-05T02:58:49.628250] [INFO] Experiment data persisted to node section: Base

[2025-10-05T02:58:49.670299] [INFO] Execution status: COMPLETED_UNKNOWN

[2025-10-05T02:58:49.713436] [TRACKER] TRACKER STATE SNAPSHOT

[2025-10-05T02:58:49.757817] [TRACKER] Tracker State: {'experiments_count': 2, 'current_experiment': {'node_name': 'Base', 'node_type': 'FlowInstance', 'iterations_count': 4}, 'flow_summary': {'total_nodes': 2, 'recovery_conditions': 0, 'failure_conditions': 0}}
    Data: {
  "experiments_count": 2,
  "current_experiment": {
    "node_name": "Base",
    "node_type": "FlowInstance",
    "iterations_count": 4
  },
  "flow_summary": {
    "total_nodes": 2,
    "recovery_conditions": 0,
    "failure_conditions": 0
  }
}

[2025-10-05T02:58:50.604515] [EXPERIMENT] EXPERIMENT START - Node: VoltageCFC (ID: NODE_006)

[2025-10-05T02:58:50.680802] [CONFIG] Experiment config saved to: debug_logs\experiment_config_NODE_006_20251005_025740.json

[2025-10-05T02:58:50.720283] [CONFIG] Key Config Parameters: {'Test Type': 'Sweep', 'Content': <ContentType.DRAGON: 'Dragon'>}
    Data: {
  "Test Type": "Sweep",
  "Content": "ContentType.DRAGON"
}

[2025-10-05T02:58:50.761284] [CONFIG] Sweep detected: {'sweep_type': 'Voltage', 'sweep_domain': 'CFC', 'start_value': -0.04, 'end_value': 0.1, 'step_value': 0.02, 'voltage_type': 'vbump', 'sweep_values': []}

[2025-10-05T02:58:50.806062] [EXPERIMENT] Flow experiment started: VoltageCFC

[2025-10-05T02:58:59.327419] [TRACKER] ITERATION 0 - Status: FAIL

[2025-10-05T02:58:59.376281] [TRACKER]   Config: {'voltage_cfc': -0.04}

[2025-10-05T02:59:10.074340] [TRACKER] ITERATION 0 - Status: FAIL

[2025-10-05T02:59:10.134745] [TRACKER]   Config: {'voltage_cfc': -0.02}

