=== EXPERIMENT TRACKER DEBUG SESSION STARTED ===
Session ID: 20251005_015852
Start Time: 2025-10-05T01:58:52.100545
============================================================

[2025-10-05T01:58:52.165449] [TRACKER] ExperimentTracker initialized

[2025-10-05T01:58:54.824083] [EXPERIMENT] EXPERIMENT START - Node: Base (ID: NODE_002)

[2025-10-05T01:58:54.916064] [CONFIG] Experiment config saved to: debug_logs\experiment_config_NODE_002_20251005_015852.json

[2025-10-05T01:58:54.964426] [CONFIG] Key Config Parameters: {'Test Type': 'Loops', 'Content': 'Dragon'}
    Data: {
  "Test Type": "Loops",
  "Content": "Dragon"
}

[2025-10-05T01:58:55.008520] [EXPERIMENT] Flow experiment started: Base

[2025-10-05T01:59:03.799067] [TRACKER] ITERATION 0 - Status: FAIL

[2025-10-05T01:59:22.162434] [TRACKER] ITERATION 0 - Status: FAIL

[2025-10-05T01:59:40.089747] [TRACKER] ITERATION 0 - Status: FAIL

[2025-10-05T01:59:41.697096] [SUCCESS] EXPERIMENT COMPLETE - Result: SOLID_REPRO, Port: 1

[2025-10-05T01:59:41.742563] [INFO] Test Folder: C:\SystemDebug\Logs\20251005_015855_T11_Baseline

[2025-10-05T01:59:41.891402] [INFO] Experiment data persisted to INI: EXPERIMENT_NODE_002_1759651181

[2025-10-05T01:59:41.939022] [INFO] INI file location: R:/Templates/GNR/version_2_0/DesignerMesh\FrameworkAutomationInit.ini

[2025-10-05T01:59:41.986602] [TRACKER] TRACKER STATE SNAPSHOT

[2025-10-05T01:59:42.040396] [TRACKER] Tracker State: {'experiments_count': 1, 'current_experiment': {'node_name': 'Base', 'node_type': 'FlowInstance', 'iterations_count': 3}, 'flow_summary': {'total_nodes': 1, 'recovery_conditions': 0, 'failure_conditions': 0}}
    Data: {
  "experiments_count": 1,
  "current_experiment": {
    "node_name": "Base",
    "node_type": "FlowInstance",
    "iterations_count": 3
  },
  "flow_summary": {
    "total_nodes": 1,
    "recovery_conditions": 0,
    "failure_conditions": 0
  }
}

[2025-10-05T01:59:42.299999] [ANALYSIS] Getting adaptive analysis data for: AllFailFlowInstance

[2025-10-05T01:59:42.342179] [ANALYSIS] ADAPTIVE ANALYSIS

[2025-10-05T01:59:42.390879] [WARNING] No adaptive data available: No AllFailFlowInstance data available for adaptive analysis

[2025-10-05T01:59:42.566126] [EXPERIMENT] EXPERIMENT START - Node: FailConditions (ID: NODE_005)

[2025-10-05T01:59:42.692121] [CONFIG] Experiment config saved to: debug_logs\experiment_config_NODE_005_20251005_015852.json

[2025-10-05T01:59:42.743650] [CONFIG] Key Config Parameters: {'Test Type': 'Loops', 'Content': 'Dragon'}
    Data: {
  "Test Type": "Loops",
  "Content": "Dragon"
}

[2025-10-05T01:59:42.792433] [EXPERIMENT] Flow experiment started: FailConditions

[2025-10-05T01:59:50.965070] [TRACKER] ITERATION 0 - Status: FAIL

[2025-10-05T02:00:08.595695] [TRACKER] ITERATION 0 - Status: FAIL

[2025-10-05T02:00:26.369665] [TRACKER] ITERATION 0 - Status: FAIL

[2025-10-05T02:00:44.656383] [TRACKER] ITERATION 0 - Status: FAIL

[2025-10-05T02:00:46.306286] [SUCCESS] EXPERIMENT COMPLETE - Result: SOLID_REPRO, Port: 0

[2025-10-05T02:00:46.353112] [INFO] Test Folder: C:\SystemDebug\Logs\20251005_015943_T11_Baseline

[2025-10-05T02:00:46.506701] [INFO] Experiment data persisted to INI: EXPERIMENT_NODE_005_1759651246

[2025-10-05T02:00:46.550994] [INFO] INI file location: R:/Templates/GNR/version_2_0/DesignerMesh\FrameworkAutomationInit.ini

[2025-10-05T02:00:46.596067] [TRACKER] TRACKER STATE SNAPSHOT

[2025-10-05T02:00:46.642987] [TRACKER] Tracker State: {'experiments_count': 2, 'current_experiment': {'node_name': 'FailConditions', 'node_type': 'FlowInstance', 'iterations_count': 4}, 'flow_summary': {'total_nodes': 2, 'recovery_conditions': 0, 'failure_conditions': 0}}
    Data: {
  "experiments_count": 2,
  "current_experiment": {
    "node_name": "FailConditions",
    "node_type": "FlowInstance",
    "iterations_count": 4
  },
  "flow_summary": {
    "total_nodes": 2,
    "recovery_conditions": 0,
    "failure_conditions": 0
  }
}

[2025-10-05T02:00:47.928662] [EXPERIMENT] EXPERIMENT START - Node: VoltageCFC (ID: NODE_006)

[2025-10-05T02:00:48.017680] [CONFIG] Experiment config saved to: debug_logs\experiment_config_NODE_006_20251005_015852.json

[2025-10-05T02:00:48.069829] [CONFIG] Key Config Parameters: {'Test Type': 'Sweep', 'Content': <ContentType.DRAGON: 'Dragon'>}
    Data: {
  "Test Type": "Sweep",
  "Content": "ContentType.DRAGON"
}

[2025-10-05T02:00:48.117688] [CONFIG] Sweep detected: {'sweep_type': 'Voltage', 'sweep_domain': 'CFC', 'start_value': -0.04, 'end_value': 0.1, 'step_value': 0.02, 'voltage_type': 'vbump', 'sweep_values': []}

[2025-10-05T02:00:48.164836] [EXPERIMENT] Flow experiment started: VoltageCFC

[2025-10-05T02:00:55.904664] [TRACKER] ITERATION 0 - Status: FAIL

[2025-10-05T02:00:55.959752] [TRACKER]   Config: {'voltage_cfc': -0.04}

[2025-10-05T02:01:06.559326] [TRACKER] ITERATION 0 - Status: FAIL

[2025-10-05T02:01:06.614614] [TRACKER]   Config: {'voltage_cfc': -0.02}

[2025-10-05T02:01:17.458306] [TRACKER] ITERATION 0 - Status: FAIL

[2025-10-05T02:01:17.517065] [TRACKER]   Config: {'voltage_cfc': 0.0}

[2025-10-05T02:01:19.461768] [SUCCESS] EXPERIMENT COMPLETE - Result: SOLID_REPRO, Port: 0

[2025-10-05T02:01:19.510851] [INFO] Test Folder: C:\SystemDebug\Logs\20251005_020048_T11_Characterization_Baseline

[2025-10-05T02:01:19.557298] [ANALYSIS] SWEEP ANALYSIS COMPLETE

[2025-10-05T02:01:19.605897] [ANALYSIS] Sweep Summary: {'sweep_type': 'Voltage', 'sweep_domain': 'CFC', 'total_points': 3, 'failure_points': 3, 'pattern': 'complete_sensitivity'}
    Data: {
  "sweep_type": "Voltage",
  "sweep_domain": "CFC",
  "voltage_type": "vbump",
  "total_points": 3,
  "failure_points": 3,
  "pass_points": 0,
  "failure_values": [],
  "pass_values": [],
  "sensitivity_analysis": {
    "pattern": "complete_sensitivity",
    "description": "Unit completely sensitive to Voltage CFC (vbump)",
    "recommendation": "Unit fails across entire tested range",
    "voltage_type_context": "vbump"
  }
}

[2025-10-05T02:01:19.778565] [INFO] Experiment data persisted to INI: EXPERIMENT_NODE_006_1759651279

[2025-10-05T02:01:19.827713] [INFO] INI file location: R:/Templates/GNR/version_2_0/DesignerMesh\FrameworkAutomationInit.ini

[2025-10-05T02:01:19.879392] [TRACKER] TRACKER STATE SNAPSHOT

[2025-10-05T02:01:19.934069] [TRACKER] Tracker State: {'experiments_count': 3, 'current_experiment': {'node_name': 'VoltageCFC', 'node_type': 'FlowInstance', 'iterations_count': 3}, 'flow_summary': {'total_nodes': 3, 'recovery_conditions': 0, 'failure_conditions': 0}}
    Data: {
  "experiments_count": 3,
  "current_experiment": {
    "node_name": "VoltageCFC",
    "node_type": "FlowInstance",
    "iterations_count": 3
  },
  "flow_summary": {
    "total_nodes": 3,
    "recovery_conditions": 0,
    "failure_conditions": 0
  }
}

[2025-10-05T02:01:20.732208] [EXPERIMENT] EXPERIMENT START - Node: FreqCFC (ID: NODE_007)

[2025-10-05T02:01:20.817201] [CONFIG] Experiment config saved to: debug_logs\experiment_config_NODE_007_20251005_015852.json

[2025-10-05T02:01:20.865916] [CONFIG] Key Config Parameters: {'Test Type': 'Sweep', 'Content': <ContentType.DRAGON: 'Dragon'>, 'Voltage CFC': -0.04}
    Data: {
  "Test Type": "Sweep",
  "Content": "ContentType.DRAGON",
  "Voltage CFC": -0.04
}

[2025-10-05T02:01:20.916494] [CONFIG] Sweep detected: {'sweep_type': 'Frequency', 'sweep_domain': 'CFC', 'start_value': 8.0, 'end_value': 22.0, 'step_value': 4.0, 'voltage_type': 'vbump', 'sweep_values': []}

[2025-10-05T02:01:20.963959] [EXPERIMENT] Flow experiment started: FreqCFC

[2025-10-05T02:01:29.800746] [TRACKER] ITERATION 0 - Status: FAIL

[2025-10-05T02:01:29.858816] [TRACKER]   Config: {'voltage_cfc': -0.04, 'frequency_cfc': 8}

[2025-10-05T02:01:41.257890] [TRACKER] ITERATION 0 - Status: FAIL

[2025-10-05T02:01:41.319357] [TRACKER]   Config: {'voltage_cfc': -0.04, 'frequency_cfc': 12}

[2025-10-05T02:01:52.602860] [TRACKER] ITERATION 0 - Status: FAIL

[2025-10-05T02:01:52.674637] [TRACKER]   Config: {'voltage_cfc': -0.04, 'frequency_cfc': 16}

[2025-10-05T02:01:54.584059] [SUCCESS] EXPERIMENT COMPLETE - Result: SOLID_REPRO, Port: 0

[2025-10-05T02:01:54.636649] [INFO] Test Folder: C:\SystemDebug\Logs\20251005_020121_T11_Characterization_Characterization_Baseline

[2025-10-05T02:01:54.703940] [ANALYSIS] SWEEP ANALYSIS COMPLETE

[2025-10-05T02:01:54.760729] [ANALYSIS] Sweep Summary: {'sweep_type': 'Frequency', 'sweep_domain': 'CFC', 'total_points': 3, 'failure_points': 3, 'pattern': 'complete_sensitivity'}
    Data: {
  "sweep_type": "Frequency",
  "sweep_domain": "CFC",
  "voltage_type": "vbump",
  "total_points": 3,
  "failure_points": 3,
  "pass_points": 0,
  "failure_values": [],
  "pass_values": [],
  "sensitivity_analysis": {
    "pattern": "complete_sensitivity",
    "description": "Unit completely sensitive to Frequency CFC (vbump)",
    "recommendation": "Unit fails across entire tested range",
    "voltage_type_context": "vbump"
  }
}

[2025-10-05T02:01:54.940355] [INFO] Experiment data persisted to INI: EXPERIMENT_NODE_007_1759651314

[2025-10-05T02:01:54.994282] [INFO] INI file location: R:/Templates/GNR/version_2_0/DesignerMesh\FrameworkAutomationInit.ini

[2025-10-05T02:01:55.042752] [TRACKER] TRACKER STATE SNAPSHOT

[2025-10-05T02:01:55.088917] [TRACKER] Tracker State: {'experiments_count': 4, 'current_experiment': {'node_name': 'FreqCFC', 'node_type': 'FlowInstance', 'iterations_count': 3}, 'flow_summary': {'total_nodes': 4, 'recovery_conditions': 0, 'failure_conditions': 0}}
    Data: {
  "experiments_count": 4,
  "current_experiment": {
    "node_name": "FreqCFC",
    "node_type": "FlowInstance",
    "iterations_count": 3
  },
  "flow_summary": {
    "total_nodes": 4,
    "recovery_conditions": 0,
    "failure_conditions": 0
  }
}

[2025-10-05T02:01:58.210776] [EXPERIMENT] EXPERIMENT START - Node: VoltageIA (ID: NODE_008)

[2025-10-05T02:01:58.297572] [CONFIG] Experiment config saved to: debug_logs\experiment_config_NODE_008_20251005_015852.json

[2025-10-05T02:01:58.359721] [CONFIG] Key Config Parameters: {'Test Type': 'Sweep', 'Content': <ContentType.DRAGON: 'Dragon'>, 'Voltage CFC': -0.04, 'Frequency CFC': 8}
    Data: {
  "Test Type": "Sweep",
  "Content": "ContentType.DRAGON",
  "Voltage CFC": -0.04,
  "Frequency CFC": 8
}

[2025-10-05T02:01:58.415828] [CONFIG] Sweep detected: {'sweep_type': 'Voltage', 'sweep_domain': 'IA', 'start_value': 0.0, 'end_value': 0.1, 'step_value': 0.02, 'voltage_type': 'vbump', 'sweep_values': []}

[2025-10-05T02:01:58.470214] [EXPERIMENT] Flow experiment started: VoltageIA

[2025-10-05T02:02:06.925347] [TRACKER] ITERATION 0 - Status: FAIL

[2025-10-05T02:02:06.981941] [TRACKER]   Config: {'voltage_ia': 0.0, 'voltage_cfc': -0.04, 'frequency_cfc': 8}

[2025-10-05T02:02:17.768232] [TRACKER] ITERATION 0 - Status: FAIL

[2025-10-05T02:02:17.822661] [TRACKER]   Config: {'voltage_ia': 0.02, 'voltage_cfc': -0.04, 'frequency_cfc': 8}

[2025-10-05T02:02:29.437784] [TRACKER] ITERATION 0 - Status: FAIL

[2025-10-05T02:02:29.513437] [TRACKER]   Config: {'voltage_ia': 0.04, 'voltage_cfc': -0.04, 'frequency_cfc': 8}

[2025-10-05T02:02:31.538618] [SUCCESS] EXPERIMENT COMPLETE - Result: SOLID_REPRO, Port: 0

[2025-10-05T02:02:31.625003] [INFO] Test Folder: C:\SystemDebug\Logs\20251005_020158_T11_Characterization_Characterization_Characterization_Baseline

[2025-10-05T02:02:31.738336] [ANALYSIS] SWEEP ANALYSIS COMPLETE

[2025-10-05T02:02:31.790521] [ANALYSIS] Sweep Summary: {'sweep_type': 'Voltage', 'sweep_domain': 'IA', 'total_points': 3, 'failure_points': 3, 'pattern': 'complete_sensitivity'}
    Data: {
  "sweep_type": "Voltage",
  "sweep_domain": "IA",
  "voltage_type": "vbump",
  "total_points": 3,
  "failure_points": 3,
  "pass_points": 0,
  "failure_values": [],
  "pass_values": [],
  "sensitivity_analysis": {
    "pattern": "complete_sensitivity",
    "description": "Unit completely sensitive to Voltage IA (vbump)",
    "recommendation": "Unit fails across entire tested range",
    "voltage_type_context": "vbump"
  }
}

[2025-10-05T02:02:32.015189] [INFO] Experiment data persisted to INI: EXPERIMENT_NODE_008_1759651351

[2025-10-05T02:02:32.065695] [INFO] INI file location: R:/Templates/GNR/version_2_0/DesignerMesh\FrameworkAutomationInit.ini

[2025-10-05T02:02:32.144261] [TRACKER] TRACKER STATE SNAPSHOT

[2025-10-05T02:02:32.210729] [TRACKER] Tracker State: {'experiments_count': 5, 'current_experiment': {'node_name': 'VoltageIA', 'node_type': 'FlowInstance', 'iterations_count': 3}, 'flow_summary': {'total_nodes': 5, 'recovery_conditions': 0, 'failure_conditions': 0}}
    Data: {
  "experiments_count": 5,
  "current_experiment": {
    "node_name": "VoltageIA",
    "node_type": "FlowInstance",
    "iterations_count": 3
  },
  "flow_summary": {
    "total_nodes": 5,
    "recovery_conditions": 0,
    "failure_conditions": 0
  }
}

[2025-10-05T02:02:34.428769] [EXPERIMENT] EXPERIMENT START - Node: FreqIA (ID: NODE_009)

[2025-10-05T02:02:34.516026] [CONFIG] Experiment config saved to: debug_logs\experiment_config_NODE_009_20251005_015852.json

[2025-10-05T02:02:34.569935] [CONFIG] Key Config Parameters: {'Test Type': 'Sweep', 'Content': <ContentType.DRAGON: 'Dragon'>, 'Voltage IA': 0.0, 'Voltage CFC': -0.04, 'Frequency CFC': 8}
    Data: {
  "Test Type": "Sweep",
  "Content": "ContentType.DRAGON",
  "Voltage IA": 0.0,
  "Voltage CFC": -0.04,
  "Frequency CFC": 8
}

[2025-10-05T02:02:34.621278] [CONFIG] Sweep detected: {'sweep_type': 'Frequency', 'sweep_domain': 'IA', 'start_value': 8, 'end_value': 30, 'step_value': 4, 'voltage_type': 'vbump', 'sweep_values': []}

[2025-10-05T02:02:34.709686] [EXPERIMENT] Flow experiment started: FreqIA

[2025-10-05T02:02:43.702690] [TRACKER] ITERATION 0 - Status: FAIL

[2025-10-05T02:02:43.765298] [TRACKER]   Config: {'voltage_ia': 0.0, 'voltage_cfc': -0.04, 'frequency_ia': 8, 'frequency_cfc': 8}

[2025-10-05T02:02:55.630273] [TRACKER] ITERATION 0 - Status: FAIL

[2025-10-05T02:02:55.680199] [TRACKER]   Config: {'voltage_ia': 0.0, 'voltage_cfc': -0.04, 'frequency_ia': 12, 'frequency_cfc': 8}

[2025-10-05T02:03:06.776225] [TRACKER] ITERATION 0 - Status: FAIL

[2025-10-05T02:03:06.841649] [TRACKER]   Config: {'voltage_ia': 0.0, 'voltage_cfc': -0.04, 'frequency_ia': 16, 'frequency_cfc': 8}

[2025-10-05T02:03:08.947062] [SUCCESS] EXPERIMENT COMPLETE - Result: SOLID_REPRO, Port: 0

[2025-10-05T02:03:09.018910] [INFO] Test Folder: C:\SystemDebug\Logs\20251005_020235_T11_Characterization_Characterization_Characterization_Characterization_Baseline

[2025-10-05T02:03:09.065059] [ANALYSIS] SWEEP ANALYSIS COMPLETE

[2025-10-05T02:03:09.112230] [ANALYSIS] Sweep Summary: {'sweep_type': 'Frequency', 'sweep_domain': 'IA', 'total_points': 3, 'failure_points': 3, 'pattern': 'complete_sensitivity'}
    Data: {
  "sweep_type": "Frequency",
  "sweep_domain": "IA",
  "voltage_type": "vbump",
  "total_points": 3,
  "failure_points": 3,
  "pass_points": 0,
  "failure_values": [],
  "pass_values": [],
  "sensitivity_analysis": {
    "pattern": "complete_sensitivity",
    "description": "Unit completely sensitive to Frequency IA (vbump)",
    "recommendation": "Unit fails across entire tested range",
    "voltage_type_context": "vbump"
  }
}

[2025-10-05T02:03:09.322840] [INFO] Experiment data persisted to INI: EXPERIMENT_NODE_009_1759651389

[2025-10-05T02:03:09.396947] [INFO] INI file location: R:/Templates/GNR/version_2_0/DesignerMesh\FrameworkAutomationInit.ini

[2025-10-05T02:03:09.444142] [TRACKER] TRACKER STATE SNAPSHOT

[2025-10-05T02:03:09.515421] [TRACKER] Tracker State: {'experiments_count': 6, 'current_experiment': {'node_name': 'FreqIA', 'node_type': 'FlowInstance', 'iterations_count': 3}, 'flow_summary': {'total_nodes': 6, 'recovery_conditions': 0, 'failure_conditions': 0}}
    Data: {
  "experiments_count": 6,
  "current_experiment": {
    "node_name": "FreqIA",
    "node_type": "FlowInstance",
    "iterations_count": 3
  },
  "flow_summary": {
    "total_nodes": 6,
    "recovery_conditions": 0,
    "failure_conditions": 0
  }
}

[2025-10-05T02:03:10.390944] [ANALYSIS] Starting comprehensive analysis

[2025-10-05T02:03:10.446612] [ANALYSIS] COMPREHENSIVE ANALYSIS COMPLETE

[2025-10-05T02:03:10.520602] [ERROR] ERROR: Error in comprehensive analysis

[2025-10-05T02:03:10.982031] [ERROR] Exception Details: {'exception_type': 'AttributeError', 'exception_message': "'NoneType' object has no attribute 'get'", 'traceback': 'Traceback (most recent call last):\n  File "Q:\\Gaespino\\scripts\\s2t\\BASELINE\\DebugFramework\\Automation_Flow\\AutomationTracker.py", line 829, in get_comprehensive_analysis_data\n    self.debugger.log_comprehensive_analysis(comprehensive_data)\n    ~~~~~~~~~~~~~~~~~~~~~~~~~~~~~~~~~~~~~~~~^^^^^^^^^^^^^^^^^^^^\n  File "Q:\\Gaespino\\scripts\\s2t\\BASELINE\\DebugFramework\\Automation_Flow\\AutomationTracker.py", line 165, in log_comprehensive_analysis\n    if e.get(\'sweep_data\', {}).get(\'sweep_type\') == \'voltage\']),\n       ^^^^^^^^^^^^^^^^^^^^^^^^^^^\nAttributeError: \'NoneType\' object has no attribute \'get\'\n'}
    Data: {
  "exception_type": "AttributeError",
  "exception_message": "'NoneType' object has no attribute 'get'",
  "traceback": "Traceback (most recent call last):\n  File \"Q:\\Gaespino\\scripts\\s2t\\BASELINE\\DebugFramework\\Automation_Flow\\AutomationTracker.py\", line 829, in get_comprehensive_analysis_data\n    self.debugger.log_comprehensive_analysis(comprehensive_data)\n    ~~~~~~~~~~~~~~~~~~~~~~~~~~~~~~~~~~~~~~~~^^^^^^^^^^^^^^^^^^^^\n  File \"Q:\\Gaespino\\scripts\\s2t\\BASELINE\\DebugFramework\\Automation_Flow\\AutomationTracker.py\", line 165, in log_comprehensive_analysis\n    if e.get('sweep_data', {}).get('sweep_type') == 'voltage']),\n       ^^^^^^^^^^^^^^^^^^^^^^^^^^^\nAttributeError: 'NoneType' object has no attribute 'get'\n"
}

