=== EXPERIMENT TRACKER DEBUG SESSION STARTED ===
Session ID: 20251005_073716
Start Time: 2025-10-05T07:37:16.758422
============================================================

[2025-10-05T07:37:16.821257] [TRACKER] ExperimentTracker initialized

[2025-10-05T07:37:18.805773] [EXPERIMENT] EXPERIMENT START - Node: Base (ID: NODE_002)

[2025-10-05T07:37:18.893818] [CONFIG] Experiment config saved to: debug_logs\experiment_config_NODE_002_20251005_073716.json

[2025-10-05T07:37:18.939724] [CONFIG] Key Config Parameters: {'Test Type': 'Loops', 'Content': 'Dragon'}
    Data: {
  "Test Type": "Loops",
  "Content": "Dragon"
}

[2025-10-05T07:37:18.989301] [EXPERIMENT] Flow experiment started: Base

[2025-10-05T07:37:26.846870] [TRACKER] ITERATION 0 - Status: PASS

[2025-10-05T07:37:44.064327] [TRACKER] ITERATION 0 - Status: FAIL

[2025-10-05T07:38:01.766073] [TRACKER] ITERATION 0 - Status: FAIL

[2025-10-05T07:38:19.383133] [TRACKER] ITERATION 0 - Status: PASS

[2025-10-05T07:38:37.192045] [TRACKER] ITERATION 0 - Status: FAIL

[2025-10-05T07:38:38.716892] [SUCCESS] EXPERIMENT COMPLETE - Result: MOSTLY_FAILING, Port: 2

[2025-10-05T07:38:38.785997] [INFO] Test Folder: C:\SystemDebug\Logs\20251005_073719_T11_Baseline

[2025-10-05T07:38:38.969602] [INFO] Experiment data persisted to test section: Baseline

[2025-10-05T07:38:39.023056] [INFO] Node name: Base

[2025-10-05T07:38:39.077812] [TRACKER] TRACKER STATE SNAPSHOT

[2025-10-05T07:38:39.136802] [TRACKER] Tracker State: {'experiments_count': 1, 'current_experiment': {'node_name': 'Base', 'node_type': 'AllFailFlowInstance', 'iterations_count': 5}, 'flow_summary': {'total_nodes': 1, 'recovery_conditions': 0, 'failure_conditions': 0}}
    Data: {
  "experiments_count": 1,
  "current_experiment": {
    "node_name": "Base",
    "node_type": "AllFailFlowInstance",
    "iterations_count": 5
  },
  "flow_summary": {
    "total_nodes": 1,
    "recovery_conditions": 0,
    "failure_conditions": 0
  }
}

[2025-10-05T07:38:39.423471] [EXPERIMENT] EXPERIMENT START - Node: PPVC (ID: NODE_003)

[2025-10-05T07:38:39.513409] [CONFIG] Experiment config saved to: debug_logs\experiment_config_NODE_003_20251005_073716.json

[2025-10-05T07:38:39.562343] [CONFIG] Key Config Parameters: {'Test Type': 'Loops', 'Content': 'Dragon'}
    Data: {
  "Test Type": "Loops",
  "Content": "Dragon"
}

[2025-10-05T07:38:39.608532] [EXPERIMENT] Flow experiment started: PPVC

[2025-10-05T07:38:47.948769] [TRACKER] ITERATION 0 - Status: FAIL

[2025-10-05T07:39:05.890055] [TRACKER] ITERATION 0 - Status: FAIL

[2025-10-05T07:39:24.206705] [TRACKER] ITERATION 0 - Status: PASS

[2025-10-05T07:39:42.501651] [TRACKER] ITERATION 0 - Status: FAIL

[2025-10-05T07:40:02.049771] [TRACKER] ITERATION 0 - Status: PASS

[2025-10-05T07:40:03.602578] [SUCCESS] EXPERIMENT COMPLETE - Result: MOSTLY_FAILING, Port: 2

[2025-10-05T07:40:03.651193] [INFO] Test Folder: C:\SystemDebug\Logs\20251005_073839_T99_PPVC

[2025-10-05T07:40:03.880098] [INFO] Experiment data persisted to test section: PPVC

[2025-10-05T07:40:03.934643] [INFO] Node name: PPVC

[2025-10-05T07:40:03.982536] [TRACKER] TRACKER STATE SNAPSHOT

[2025-10-05T07:40:04.030862] [TRACKER] Tracker State: {'experiments_count': 2, 'current_experiment': {'node_name': 'PPVC', 'node_type': 'AllFailFlowInstance', 'iterations_count': 5}, 'flow_summary': {'total_nodes': 2, 'recovery_conditions': 0, 'failure_conditions': 0}}
    Data: {
  "experiments_count": 2,
  "current_experiment": {
    "node_name": "PPVC",
    "node_type": "AllFailFlowInstance",
    "iterations_count": 5
  },
  "flow_summary": {
    "total_nodes": 2,
    "recovery_conditions": 0,
    "failure_conditions": 0
  }
}

[2025-10-05T07:40:04.284547] [EXPERIMENT] EXPERIMENT START - Node: ExtendedDragon (ID: NODE_010)

[2025-10-05T07:40:04.376490] [CONFIG] Experiment config saved to: debug_logs\experiment_config_NODE_010_20251005_073716.json

[2025-10-05T07:40:04.430357] [CONFIG] Key Config Parameters: {'Test Type': 'Loops', 'Content': 'Dragon'}
    Data: {
  "Test Type": "Loops",
  "Content": "Dragon"
}

[2025-10-05T07:40:04.483798] [EXPERIMENT] Flow experiment started: ExtendedDragon

[2025-10-05T07:40:12.392743] [TRACKER] ITERATION 0 - Status: FAIL

[2025-10-05T07:40:30.011589] [TRACKER] ITERATION 0 - Status: FAIL

[2025-10-05T07:40:47.400441] [TRACKER] ITERATION 0 - Status: FAIL

[2025-10-05T07:40:49.491145] [SUCCESS] EXPERIMENT COMPLETE - Result: SOLID_REPRO, Port: 1

[2025-10-05T07:40:49.544593] [INFO] Test Folder: C:\SystemDebug\Logs\20251005_074004_T11_Baseline

[2025-10-05T07:40:49.734217] [INFO] Experiment data persisted to test section: Baseline

[2025-10-05T07:40:49.790465] [INFO] Node name: ExtendedDragon

[2025-10-05T07:40:49.841154] [TRACKER] TRACKER STATE SNAPSHOT

[2025-10-05T07:40:49.954455] [TRACKER] Tracker State: {'experiments_count': 3, 'current_experiment': {'node_name': 'ExtendedDragon', 'node_type': 'AllFailFlowInstance', 'iterations_count': 3}, 'flow_summary': {'total_nodes': 3, 'recovery_conditions': 0, 'failure_conditions': 1}}
    Data: {
  "experiments_count": 3,
  "current_experiment": {
    "node_name": "ExtendedDragon",
    "node_type": "AllFailFlowInstance",
    "iterations_count": 3
  },
  "flow_summary": {
    "total_nodes": 3,
    "recovery_conditions": 0,
    "failure_conditions": 1
  }
}

[2025-10-05T07:40:50.196925] [ANALYSIS] Getting adaptive analysis data for: AllFailFlowInstance

[2025-10-05T07:40:50.265324] [ANALYSIS] ADAPTIVE ANALYSIS

[2025-10-05T07:40:50.314302] [ANALYSIS] Source: ExtendedDragon (Port: 1)

[2025-10-05T07:40:50.362825] [ANALYSIS] Recovery Potential: low

[2025-10-05T07:40:50.411999] [ANALYSIS] Recommended Config: {'Experiment': 'Enabled', 'Test Name': 'Baseline', 'Test Mode': 'Mesh', 'Test Type': 'Loops', 'Visual ID': 'TestUnitData', 'Bucket': 'IDIPAR', 'COM Port': 11, 'IP Address': '192.168.0.2', 'TTL Folder': 'R:\\Templates\\GNR\\version_2_0\\TTL_DragonMesh', 'Scripts File': None, 'Post Process': None, 'Pass String': 'Test Complete', 'Fail String': 'Test Failed', 'Content': <ContentType.DRAGON: 'Dragon'>, 'Test Number': 11, 'Test Time': 30, 'Reset': True, 'Reset on PASS': True, 'FastBoot': True, 'Core License': None, '600W Unit': False, 'Pseudo Config': False, 'Configuration (Mask)': 'RowPass1', 'Boot Breakpoint': None, 'Disable 2 Cores': None, 'Check Core': 7, 'Voltage Type': 'vbump', 'Voltage IA': None, 'Voltage CFC': None, 'Frequency IA': None, 'Frequency CFC': None, 'Loops': 5, 'Type': 'Voltage', 'Domain': 'IA', 'Start': -0.03, 'End': 0.06, 'Steps': 0.03, 'ShmooFile': 'C:\\SystemDebug\\Shmoos\\RVPShmooConfig.json', 'ShmooLabel': 'COREFIX', 'Linux Pre Command': None, 'Linux Post Command': None, 'Linux Pass String': None, 'Linux Fail String': None, 'Startup Linux': None, 'Linux Path': None, 'Linux Content Wait Time': None, 'Linux Content Line 0': None, 'Linux Content Line 1': None, 'Dragon Pre Command': None, 'Dragon Post Command': None, 'Startup Dragon': 'startup_efi.nsh', 'ULX Path': 'FS1:\\EFI\\ulx', 'ULX CPU': 'GNR_B0', 'Product Chop': 'GNR', 'VVAR0': '0x989680', 'VVAR1': 80064000, 'VVAR2': '0x1000000', 'VVAR3': '0x4000000', 'VVAR_EXTRA': None, 'Dragon Content Path': 'FS1:\\content\\Dragon\\7410_0x0E_PPV_MM\\GNR128C_H_1UP\\', 'Dragon Content Line': None, 'Stop on Fail': True, 'Merlin Name': 'MerlinX.efi', 'Merlin Drive': 'FS1:', 'Merlin Path': 'FS1:\\EFI\\Version8.15\\BinFiles\\Release', 'Linux Content Line 2': None, 'Linux Content Line 3': None, 'Linux Content Line 4': None, 'Linux Content Line 5': None}
    Data: {
  "Experiment": "Enabled",
  "Test Name": "Baseline",
  "Test Mode": "Mesh",
  "Test Type": "Loops",
  "Visual ID": "TestUnitData",
  "Bucket": "IDIPAR",
  "COM Port": 11,
  "IP Address": "192.168.0.2",
  "TTL Folder": "R:\\Templates\\GNR\\version_2_0\\TTL_DragonMesh",
  "Scripts File": null,
  "Post Process": null,
  "Pass String": "Test Complete",
  "Fail String": "Test Failed",
  "Content": "ContentType.DRAGON",
  "Test Number": 11,
  "Test Time": 30,
  "Reset": true,
  "Reset on PASS": true,
  "FastBoot": true,
  "Core License": null,
  "600W Unit": false,
  "Pseudo Config": false,
  "Configuration (Mask)": "RowPass1",
  "Boot Breakpoint": null,
  "Disable 2 Cores": null,
  "Check Core": 7,
  "Voltage Type": "vbump",
  "Voltage IA": null,
  "Voltage CFC": null,
  "Frequency IA": null,
  "Frequency CFC": null,
  "Loops": 5,
  "Type": "Voltage",
  "Domain": "IA",
  "Start": -0.03,
  "End": 0.06,
  "Steps": 0.03,
  "ShmooFile": "C:\\SystemDebug\\Shmoos\\RVPShmooConfig.json",
  "ShmooLabel": "COREFIX",
  "Linux Pre Command": null,
  "Linux Post Command": null,
  "Linux Pass String": null,
  "Linux Fail String": null,
  "Startup Linux": null,
  "Linux Path": null,
  "Linux Content Wait Time": null,
  "Linux Content Line 0": null,
  "Linux Content Line 1": null,
  "Dragon Pre Command": null,
  "Dragon Post Command": null,
  "Startup Dragon": "startup_efi.nsh",
  "ULX Path": "FS1:\\EFI\\ulx",
  "ULX CPU": "GNR_B0",
  "Product Chop": "GNR",
  "VVAR0": "0x989680",
  "VVAR1": 80064000,
  "VVAR2": "0x1000000",
  "VVAR3": "0x4000000",
  "VVAR_EXTRA": null,
  "Dragon Content Path": "FS1:\\content\\Dragon\\7410_0x0E_PPV_MM\\GNR128C_H_1UP\\",
  "Dragon Content Line": null,
  "Stop on Fail": true,
  "Merlin Name": "MerlinX.efi",
  "Merlin Drive": "FS1:",
  "Merlin Path": "FS1:\\EFI\\Version8.15\\BinFiles\\Release",
  "Linux Content Line 2": null,
  "Linux Content Line 3": null,
  "Linux Content Line 4": null,
  "Linux Content Line 5": null
}

[2025-10-05T07:40:50.640995] [SUCCESS] EXPERIMENT COMPLETE - Result: CONFIG_PASSED, Port: 0

[2025-10-05T07:40:50.839998] [INFO] Experiment data persisted to test section: Baseline

[2025-10-05T07:40:50.890800] [INFO] Node name: ExtendedDragon

[2025-10-05T07:40:50.944537] [TRACKER] TRACKER STATE SNAPSHOT

[2025-10-05T07:40:51.002698] [TRACKER] Tracker State: {'experiments_count': 4, 'current_experiment': {'node_name': 'ExtendedDragon', 'node_type': 'AllFailFlowInstance', 'iterations_count': 3}, 'flow_summary': {'total_nodes': 4, 'recovery_conditions': 0, 'failure_conditions': 1}}
    Data: {
  "experiments_count": 4,
  "current_experiment": {
    "node_name": "ExtendedDragon",
    "node_type": "AllFailFlowInstance",
    "iterations_count": 3
  },
  "flow_summary": {
    "total_nodes": 4,
    "recovery_conditions": 0,
    "failure_conditions": 1
  }
}

[2025-10-05T07:40:52.552135] [EXPERIMENT] EXPERIMENT START - Node: VoltageCFC (ID: NODE_006)

[2025-10-05T07:40:52.648218] [CONFIG] Experiment config saved to: debug_logs\experiment_config_NODE_006_20251005_073716.json

[2025-10-05T07:40:52.702596] [CONFIG] Key Config Parameters: {'Test Type': 'Sweep', 'Content': 'Dragon'}
    Data: {
  "Test Type": "Sweep",
  "Content": "Dragon"
}

[2025-10-05T07:40:52.756940] [EXPERIMENT] Flow experiment started: VoltageCFC

[2025-10-05T07:41:01.656145] [TRACKER] ITERATION 0 - Status: FAIL

[2025-10-05T07:41:01.738699] [TRACKER]   Sweep Value: -0.04

[2025-10-05T07:41:01.828825] [TRACKER]   Config: {'voltage_cfc': -0.04}

[2025-10-05T07:41:12.893057] [TRACKER] ITERATION 0 - Status: FAIL

[2025-10-05T07:41:12.950257] [TRACKER]   Sweep Value: -0.02

[2025-10-05T07:41:13.005951] [TRACKER]   Config: {'voltage_cfc': -0.02}

[2025-10-05T07:41:23.328423] [TRACKER] ITERATION 0 - Status: FAIL

[2025-10-05T07:41:23.437273] [TRACKER]   Sweep Value: 0.0

[2025-10-05T07:41:23.490587] [TRACKER]   Config: {'voltage_cfc': 0.0}

[2025-10-05T07:41:34.265350] [TRACKER] ITERATION 0 - Status: FAIL

[2025-10-05T07:41:34.325982] [TRACKER]   Sweep Value: 0.02

[2025-10-05T07:41:34.386074] [TRACKER]   Config: {'voltage_cfc': 0.02}

[2025-10-05T07:41:45.120697] [TRACKER] ITERATION 0 - Status: FAIL

[2025-10-05T07:41:45.176658] [TRACKER]   Sweep Value: 0.04

[2025-10-05T07:41:45.233332] [TRACKER]   Config: {'voltage_cfc': 0.04}

[2025-10-05T07:41:55.485089] [TRACKER] ITERATION 0 - Status: FAIL

[2025-10-05T07:41:55.554984] [TRACKER]   Sweep Value: 0.06

[2025-10-05T07:41:55.616119] [TRACKER]   Config: {'voltage_cfc': 0.06}

[2025-10-05T07:42:06.215765] [TRACKER] ITERATION 0 - Status: FAIL

[2025-10-05T07:42:06.278771] [TRACKER]   Sweep Value: 0.08

[2025-10-05T07:42:06.344176] [TRACKER]   Config: {'voltage_cfc': 0.08}

[2025-10-05T07:42:16.866310] [TRACKER] ITERATION 0 - Status: FAIL

[2025-10-05T07:42:16.925204] [TRACKER]   Sweep Value: 0.1

[2025-10-05T07:42:16.989849] [TRACKER]   Config: {'voltage_cfc': 0.1}

[2025-10-05T07:42:18.997531] [SUCCESS] EXPERIMENT COMPLETE - Result: SOLID_REPRO, Port: 0

[2025-10-05T07:42:19.046932] [INFO] Test Folder: C:\SystemDebug\Logs\20251005_074053_T11_CFCVoltage

[2025-10-05T07:42:19.097261] [ANALYSIS] SWEEP ANALYSIS COMPLETE

[2025-10-05T07:42:19.147722] [ANALYSIS] Sweep Summary: {'sweep_type': 'voltage', 'sweep_domain': 'cfc', 'total_points': 8, 'failure_points': 8, 'pattern': 'no_sensitivity'}
    Data: {
  "sweep_type": "voltage",
  "sweep_domain": "cfc",
  "voltage_type": "vbump",
  "total_points": 8,
  "failure_points": 8,
  "pass_points": 0,
  "failure_values": [
    -0.04,
    -0.02,
    0.0,
    0.02,
    0.04,
    0.06,
    0.08,
    0.1
  ],
  "pass_values": [],
  "sensitivity_analysis": {
    "pattern": "no_sensitivity",
    "description": "Unit not sensitive to voltage cfc (vbump) - fails across entire range (no recovery condition)",
    "recommendation": "Unit fails across entire tested voltage range - no sensitivity threshold found",
    "voltage_type_context": "vbump",
    "failure_mode": "complete_failure_no_recovery"
  }
}

[2025-10-05T07:42:19.334333] [INFO] Experiment data persisted to test section: CFCVoltage

[2025-10-05T07:42:19.393005] [INFO] Node name: VoltageCFC

[2025-10-05T07:42:19.442913] [TRACKER] TRACKER STATE SNAPSHOT

[2025-10-05T07:42:19.511926] [TRACKER] Tracker State: {'experiments_count': 5, 'current_experiment': {'node_name': 'VoltageCFC', 'node_type': 'CharacterizationFlowInstance', 'iterations_count': 8}, 'flow_summary': {'total_nodes': 5, 'recovery_conditions': 0, 'failure_conditions': 1}}
    Data: {
  "experiments_count": 5,
  "current_experiment": {
    "node_name": "VoltageCFC",
    "node_type": "CharacterizationFlowInstance",
    "iterations_count": 8
  },
  "flow_summary": {
    "total_nodes": 5,
    "recovery_conditions": 0,
    "failure_conditions": 1
  }
}

[2025-10-05T07:42:22.223311] [EXPERIMENT] EXPERIMENT START - Node: FreqCFC (ID: NODE_007)

[2025-10-05T07:42:22.332188] [CONFIG] Experiment config saved to: debug_logs\experiment_config_NODE_007_20251005_073716.json

[2025-10-05T07:42:22.385723] [CONFIG] Key Config Parameters: {'Test Type': 'Sweep', 'Content': 'Dragon'}
    Data: {
  "Test Type": "Sweep",
  "Content": "Dragon"
}

[2025-10-05T07:42:22.441976] [EXPERIMENT] Flow experiment started: FreqCFC

[2025-10-05T07:42:30.846582] [TRACKER] ITERATION 0 - Status: FAIL

[2025-10-05T07:42:30.925001] [TRACKER]   Sweep Value: 8

[2025-10-05T07:42:30.997439] [TRACKER]   Config: {'voltage_cfc': 0.1, 'frequency_cfc': 8}

[2025-10-05T07:42:41.895029] [TRACKER] ITERATION 0 - Status: FAIL

[2025-10-05T07:42:41.957298] [TRACKER]   Sweep Value: 12

[2025-10-05T07:42:42.014798] [TRACKER]   Config: {'voltage_cfc': 0.1, 'frequency_cfc': 12}

[2025-10-05T07:42:52.363176] [TRACKER] ITERATION 0 - Status: FAIL

[2025-10-05T07:42:52.425062] [TRACKER]   Sweep Value: 16

[2025-10-05T07:42:52.476890] [TRACKER]   Config: {'voltage_cfc': 0.1, 'frequency_cfc': 16}

[2025-10-05T07:43:03.543504] [TRACKER] ITERATION 0 - Status: FAIL

[2025-10-05T07:43:03.608825] [TRACKER]   Sweep Value: 20

[2025-10-05T07:43:03.663183] [TRACKER]   Config: {'voltage_cfc': 0.1, 'frequency_cfc': 20}

[2025-10-05T07:43:15.053118] [TRACKER] ITERATION 0 - Status: FAIL

[2025-10-05T07:43:15.114992] [TRACKER]   Sweep Value: 24

[2025-10-05T07:43:15.168784] [TRACKER]   Config: {'voltage_cfc': 0.1, 'frequency_cfc': 24}

[2025-10-05T07:43:16.505201] [SUCCESS] EXPERIMENT COMPLETE - Result: SOLID_REPRO, Port: 0

[2025-10-05T07:43:16.558100] [INFO] Test Folder: C:\SystemDebug\Logs\20251005_074222_T11_CFCFrequency

[2025-10-05T07:43:16.612244] [ANALYSIS] SWEEP ANALYSIS COMPLETE

[2025-10-05T07:43:16.666557] [ANALYSIS] Sweep Summary: {'sweep_type': 'frequency', 'sweep_domain': 'cfc', 'total_points': 5, 'failure_points': 5, 'pattern': 'no_sensitivity'}
    Data: {
  "sweep_type": "frequency",
  "sweep_domain": "cfc",
  "voltage_type": "vbump",
  "total_points": 5,
  "failure_points": 5,
  "pass_points": 0,
  "failure_values": [
    8,
    12,
    16,
    20,
    24
  ],
  "pass_values": [],
  "sensitivity_analysis": {
    "pattern": "no_sensitivity",
    "description": "Unit not sensitive to frequency cfc (vbump) - fails across entire range (no recovery condition)",
    "recommendation": "Unit fails across entire tested frequency range - no sensitivity threshold found",
    "voltage_type_context": "vbump",
    "failure_mode": "complete_failure_no_recovery"
  }
}

[2025-10-05T07:43:16.867821] [INFO] Experiment data persisted to test section: CFCFrequency

[2025-10-05T07:43:16.926166] [INFO] Node name: FreqCFC

[2025-10-05T07:43:16.980996] [TRACKER] TRACKER STATE SNAPSHOT

[2025-10-05T07:43:17.037568] [TRACKER] Tracker State: {'experiments_count': 6, 'current_experiment': {'node_name': 'FreqCFC', 'node_type': 'CharacterizationFlowInstance', 'iterations_count': 5}, 'flow_summary': {'total_nodes': 6, 'recovery_conditions': 0, 'failure_conditions': 1}}
    Data: {
  "experiments_count": 6,
  "current_experiment": {
    "node_name": "FreqCFC",
    "node_type": "CharacterizationFlowInstance",
    "iterations_count": 5
  },
  "flow_summary": {
    "total_nodes": 6,
    "recovery_conditions": 0,
    "failure_conditions": 1
  }
}

[2025-10-05T07:43:18.719526] [EXPERIMENT] EXPERIMENT START - Node: VoltageIA (ID: NODE_008)

[2025-10-05T07:43:18.837130] [CONFIG] Experiment config saved to: debug_logs\experiment_config_NODE_008_20251005_073716.json

[2025-10-05T07:43:18.889344] [CONFIG] Key Config Parameters: {'Test Type': 'Sweep', 'Content': 'Dragon'}
    Data: {
  "Test Type": "Sweep",
  "Content": "Dragon"
}

[2025-10-05T07:43:18.949138] [EXPERIMENT] Flow experiment started: VoltageIA

[2025-10-05T07:43:26.320285] [TRACKER] ITERATION 0 - Status: FAIL

[2025-10-05T07:43:26.381868] [TRACKER]   Sweep Value: 0.0

[2025-10-05T07:43:26.434601] [TRACKER]   Config: {'voltage_ia': 0.0, 'voltage_cfc': 0.1, 'frequency_cfc': 24}

[2025-10-05T07:43:36.546136] [TRACKER] ITERATION 0 - Status: FAIL

[2025-10-05T07:43:36.608714] [TRACKER]   Sweep Value: 0.02

[2025-10-05T07:43:36.661693] [TRACKER]   Config: {'voltage_ia': 0.02, 'voltage_cfc': 0.1, 'frequency_cfc': 24}

[2025-10-05T07:43:47.965828] [TRACKER] ITERATION 0 - Status: FAIL

[2025-10-05T07:43:48.025272] [TRACKER]   Sweep Value: 0.04

[2025-10-05T07:43:48.075363] [TRACKER]   Config: {'voltage_ia': 0.04, 'voltage_cfc': 0.1, 'frequency_cfc': 24}

[2025-10-05T07:43:59.441985] [TRACKER] ITERATION 0 - Status: PASS

[2025-10-05T07:43:59.501986] [TRACKER]   Sweep Value: 0.06

[2025-10-05T07:43:59.555764] [TRACKER]   Config: {'voltage_ia': 0.06, 'voltage_cfc': 0.1, 'frequency_cfc': 24}

[2025-10-05T07:44:10.887073] [TRACKER] ITERATION 0 - Status: FAIL

[2025-10-05T07:44:10.945009] [TRACKER]   Sweep Value: 0.08

[2025-10-05T07:44:11.000326] [TRACKER]   Config: {'voltage_ia': 0.08, 'voltage_cfc': 0.1, 'frequency_cfc': 24}

[2025-10-05T07:44:21.007283] [TRACKER] ITERATION 0 - Status: FAIL

[2025-10-05T07:44:21.069099] [TRACKER]   Sweep Value: 0.1

[2025-10-05T07:44:21.128143] [TRACKER]   Config: {'voltage_ia': 0.1, 'voltage_cfc': 0.1, 'frequency_cfc': 24}

[2025-10-05T07:44:22.456473] [SUCCESS] EXPERIMENT COMPLETE - Result: MOSTLY_FAILING, Port: 0

[2025-10-05T07:44:22.519197] [INFO] Test Folder: C:\SystemDebug\Logs\20251005_074319_T11_CoreVoltage

[2025-10-05T07:44:22.617985] [ANALYSIS] SWEEP ANALYSIS COMPLETE

[2025-10-05T07:44:22.674173] [ANALYSIS] Sweep Summary: {'sweep_type': 'voltage', 'sweep_domain': 'ia', 'total_points': 6, 'failure_points': 5, 'pattern': 'mixed_sensitivity'}
    Data: {
  "sweep_type": "voltage",
  "sweep_domain": "ia",
  "voltage_type": "vbump",
  "total_points": 6,
  "failure_points": 5,
  "pass_points": 1,
  "failure_values": [
    0.0,
    0.02,
    0.04,
    0.08,
    0.1
  ],
  "pass_values": [
    0.06
  ],
  "sensitivity_analysis": {
    "pattern": "mixed_sensitivity",
    "description": "Unit has mixed sensitivity pattern for voltage ia (vbump)",
    "failure_range": [
      0.0,
      0.1
    ],
    "pass_range": [
      0.06,
      0.06
    ],
    "safe_values": [
      0.06
    ],
    "voltage_type_context": "vbump",
    "recommendation": "Avoid failure values, use passing values for recovery (vbump specific to tested domain)"
  }
}

[2025-10-05T07:44:22.879319] [INFO] Experiment data persisted to test section: CoreVoltage

[2025-10-05T07:44:22.941733] [INFO] Node name: VoltageIA

[2025-10-05T07:44:23.004558] [TRACKER] TRACKER STATE SNAPSHOT

[2025-10-05T07:44:23.066370] [TRACKER] Tracker State: {'experiments_count': 7, 'current_experiment': {'node_name': 'VoltageIA', 'node_type': 'CharacterizationFlowInstance', 'iterations_count': 6}, 'flow_summary': {'total_nodes': 7, 'recovery_conditions': 0, 'failure_conditions': 1}}
    Data: {
  "experiments_count": 7,
  "current_experiment": {
    "node_name": "VoltageIA",
    "node_type": "CharacterizationFlowInstance",
    "iterations_count": 6
  },
  "flow_summary": {
    "total_nodes": 7,
    "recovery_conditions": 0,
    "failure_conditions": 1
  }
}

[2025-10-05T07:44:24.425241] [EXPERIMENT] EXPERIMENT START - Node: FreqIA (ID: NODE_009)

[2025-10-05T07:44:24.524614] [CONFIG] Experiment config saved to: debug_logs\experiment_config_NODE_009_20251005_073716.json

[2025-10-05T07:44:24.581185] [CONFIG] Key Config Parameters: {'Test Type': 'Sweep', 'Content': 'Dragon'}
    Data: {
  "Test Type": "Sweep",
  "Content": "Dragon"
}

[2025-10-05T07:44:24.705843] [EXPERIMENT] Flow experiment started: FreqIA

[2025-10-05T07:44:32.613483] [TRACKER] ITERATION 0 - Status: FAIL

[2025-10-05T07:44:32.678937] [TRACKER]   Sweep Value: 8

[2025-10-05T07:44:32.738081] [TRACKER]   Config: {'voltage_ia': 0.1, 'voltage_cfc': 0.1, 'frequency_ia': 8, 'frequency_cfc': 24}

[2025-10-05T07:44:43.260287] [TRACKER] ITERATION 0 - Status: FAIL

[2025-10-05T07:44:43.323304] [TRACKER]   Sweep Value: 12

[2025-10-05T07:44:43.378095] [TRACKER]   Config: {'voltage_ia': 0.1, 'voltage_cfc': 0.1, 'frequency_ia': 12, 'frequency_cfc': 24}

[2025-10-05T07:44:54.245668] [TRACKER] ITERATION 0 - Status: FAIL

[2025-10-05T07:44:54.321041] [TRACKER]   Sweep Value: 16

[2025-10-05T07:44:54.374011] [TRACKER]   Config: {'voltage_ia': 0.1, 'voltage_cfc': 0.1, 'frequency_ia': 16, 'frequency_cfc': 24}

[2025-10-05T07:45:05.537191] [TRACKER] ITERATION 0 - Status: FAIL

[2025-10-05T07:45:05.604944] [TRACKER]   Sweep Value: 20

[2025-10-05T07:45:05.661009] [TRACKER]   Config: {'voltage_ia': 0.1, 'voltage_cfc': 0.1, 'frequency_ia': 20, 'frequency_cfc': 24}

[2025-10-05T07:45:16.193753] [TRACKER] ITERATION 0 - Status: FAIL

[2025-10-05T07:45:16.251299] [TRACKER]   Sweep Value: 24

[2025-10-05T07:45:16.300458] [TRACKER]   Config: {'voltage_ia': 0.1, 'voltage_cfc': 0.1, 'frequency_ia': 24, 'frequency_cfc': 24}

[2025-10-05T07:45:27.520565] [TRACKER] ITERATION 0 - Status: FAIL

[2025-10-05T07:45:27.584698] [TRACKER]   Sweep Value: 28

[2025-10-05T07:45:27.636854] [TRACKER]   Config: {'voltage_ia': 0.1, 'voltage_cfc': 0.1, 'frequency_ia': 28, 'frequency_cfc': 24}

[2025-10-05T07:45:38.939935] [TRACKER] ITERATION 0 - Status: FAIL

[2025-10-05T07:45:38.998186] [TRACKER]   Sweep Value: 32

[2025-10-05T07:45:39.052800] [TRACKER]   Config: {'voltage_ia': 0.1, 'voltage_cfc': 0.1, 'frequency_ia': 32, 'frequency_cfc': 24}

[2025-10-05T07:45:40.537097] [SUCCESS] EXPERIMENT COMPLETE - Result: SOLID_REPRO, Port: 0

[2025-10-05T07:45:40.588446] [INFO] Test Folder: C:\SystemDebug\Logs\20251005_074425_T11_CoreFrequency

[2025-10-05T07:45:40.714940] [ANALYSIS] SWEEP ANALYSIS COMPLETE

[2025-10-05T07:45:40.772161] [ANALYSIS] Sweep Summary: {'sweep_type': 'frequency', 'sweep_domain': 'ia', 'total_points': 7, 'failure_points': 7, 'pattern': 'no_sensitivity'}
    Data: {
  "sweep_type": "frequency",
  "sweep_domain": "ia",
  "voltage_type": "ppvc",
  "total_points": 7,
  "failure_points": 7,
  "pass_points": 0,
  "failure_values": [
    8,
    12,
    16,
    20,
    24,
    28,
    32
  ],
  "pass_values": [],
  "sensitivity_analysis": {
    "pattern": "no_sensitivity",
    "description": "Unit not sensitive to frequency ia (ppvc) - fails across entire range (no recovery condition)",
    "recommendation": "Unit fails across entire tested frequency range - no sensitivity threshold found",
    "voltage_type_context": "ppvc",
    "failure_mode": "complete_failure_no_recovery"
  }
}

[2025-10-05T07:45:40.959225] [INFO] Experiment data persisted to test section: CoreFrequency

[2025-10-05T07:45:41.019557] [INFO] Node name: FreqIA

[2025-10-05T07:45:41.073772] [TRACKER] TRACKER STATE SNAPSHOT

[2025-10-05T07:45:41.133778] [TRACKER] Tracker State: {'experiments_count': 8, 'current_experiment': {'node_name': 'FreqIA', 'node_type': 'CharacterizationFlowInstance', 'iterations_count': 7}, 'flow_summary': {'total_nodes': 8, 'recovery_conditions': 0, 'failure_conditions': 1}}
    Data: {
  "experiments_count": 8,
  "current_experiment": {
    "node_name": "FreqIA",
    "node_type": "CharacterizationFlowInstance",
    "iterations_count": 7
  },
  "flow_summary": {
    "total_nodes": 8,
    "recovery_conditions": 0,
    "failure_conditions": 1
  }
}

[2025-10-05T07:45:41.795096] [ANALYSIS] Starting comprehensive analysis

[2025-10-05T07:45:41.876756] [ANALYSIS] COMPREHENSIVE ANALYSIS COMPLETE

[2025-10-05T07:45:41.927627] [ANALYSIS] Analysis Summary: {'total_experiments': 8, 'valid_experiments': 8, 'voltage_experiments': 2, 'frequency_experiments': 2, 'recovery_conditions': 0, 'failure_conditions': 1}
    Data: {
  "total_experiments": 8,
  "valid_experiments": 8,
  "voltage_experiments": 2,
  "frequency_experiments": 2,
  "recovery_conditions": 0,
  "failure_conditions": 1
}

[2025-10-05T07:45:42.133122] [INFO] Comprehensive analysis saved to: debug_logs\comprehensive_analysis_20251005_073716.json

[2025-10-05T07:45:42.894701] [SUCCESS] EXPERIMENT COMPLETE - Result: ANALYSIS_COMPLETE, Port: 0

[2025-10-05T07:45:42.947485] [ANALYSIS] SWEEP ANALYSIS COMPLETE

[2025-10-05T07:45:42.998816] [ANALYSIS] Sweep Summary: {'sweep_type': 'frequency', 'sweep_domain': 'ia', 'total_points': 7, 'failure_points': 7, 'pattern': 'no_sensitivity'}
    Data: {
  "sweep_type": "frequency",
  "sweep_domain": "ia",
  "voltage_type": "ppvc",
  "total_points": 7,
  "failure_points": 7,
  "pass_points": 0,
  "failure_values": [
    8,
    12,
    16,
    20,
    24,
    28,
    32
  ],
  "pass_values": [],
  "sensitivity_analysis": {
    "pattern": "no_sensitivity",
    "description": "Unit not sensitive to frequency ia (ppvc) - fails across entire range (no recovery condition)",
    "recommendation": "Unit fails across entire tested frequency range - no sensitivity threshold found",
    "voltage_type_context": "ppvc",
    "failure_mode": "complete_failure_no_recovery"
  }
}

[2025-10-05T07:45:43.163283] [INFO] Experiment data persisted to test section: CoreFrequency

[2025-10-05T07:45:43.215087] [INFO] Node name: FreqIA

[2025-10-05T07:45:43.271480] [TRACKER] TRACKER STATE SNAPSHOT

[2025-10-05T07:45:43.332516] [TRACKER] Tracker State: {'experiments_count': 9, 'current_experiment': {'node_name': 'FreqIA', 'node_type': 'CharacterizationFlowInstance', 'iterations_count': 7}, 'flow_summary': {'total_nodes': 9, 'recovery_conditions': 0, 'failure_conditions': 1}}
    Data: {
  "experiments_count": 9,
  "current_experiment": {
    "node_name": "FreqIA",
    "node_type": "CharacterizationFlowInstance",
    "iterations_count": 7
  },
  "flow_summary": {
    "total_nodes": 9,
    "recovery_conditions": 0,
    "failure_conditions": 1
  }
}

